2020-04-07 03:54:31,200:INFO:defend_ad:Start at    : 20200407035431
2020-04-07 03:54:31,201:INFO:defend_ad:RECEIVED PARAMETERS:
2020-04-07 03:54:31,201:INFO:defend_ad:model file  :./save/CifarResnet50_SVHN_e30.pt
2020-04-07 03:54:31,201:INFO:defend_ad:adv file    :./save/CifarResnet50_SVHN_DeepFool_adv.npy
2020-04-07 03:54:31,201:INFO:defend_ad:model       :CifarResnet50
2020-04-07 03:54:31,201:INFO:defend_ad:dataset     :SVHN
2020-04-07 03:54:31,201:INFO:defend_ad:param file  :./cmd/AdParamsLargeNoS2.json
2020-04-07 03:54:31,201:INFO:defend_ad:seed        :4096
2020-04-07 03:54:31,201:INFO:defend_ad:verbose     :True
2020-04-07 03:54:31,201:INFO:defend_ad:save_log    :True
2020-04-07 03:54:31,201:INFO:defend_ad:check_clean :True
2020-04-07 03:54:31,201:DEBUG:defend_ad:params     : {'k1': 9, 'reliability': 1.6, 'sample_ratio': 0.2, 'confidence': 0.9, 'kappa': 10, 'disable_s2': True}
2020-04-07 03:54:31,201:DEBUG:utils:Setting random seed for PyTorch.
2020-04-07 03:54:31,222:DEBUG:utils:/home/lukec/workspace/aad/aad/../data
2020-04-07 03:54:40,864:INFO:data_container:Train size: 73257 - Test size: 26032
2020-04-07 03:54:40,864:INFO:data_container:Successfully load data. Time to complete: 0m 9.642s
2020-04-07 03:54:41,219:INFO:defend_ad:Use CifarResnet50 model
2020-04-07 03:54:43,583:DEBUG:model_container_pt:Using device: cuda
2020-04-07 03:54:43,649:INFO:model_container_pt:Loaded model from ./save/CifarResnet50_SVHN_e30.pt
2020-04-07 03:54:46,400:INFO:defend_ad:Accuracy on test set: 0.927090
2020-04-07 03:54:46,400:DEBUG:applicability_domain:Before swap channel: x_np: (73257, 32, 32, 3)
2020-04-07 03:54:53,439:DEBUG:applicability_domain:Number of input attributes: 2048
2020-04-07 03:54:53,817:DEBUG:detector_container:Time to complete [AD Stage 1]: 0m 7.416s
2020-04-07 03:54:53,817:DEBUG:applicability_domain:k for Stage 3: 100
2020-04-07 03:55:20,129:DEBUG:applicability_domain:[AD Stage 3]: Size of train set: 14651
2020-04-07 04:05:22,945:DEBUG:applicability_domain:Train set likelihood = 0.999511
2020-04-07 04:05:22,957:DEBUG:detector_container:Time to complete [AD Stage 3]: 10m 29.140s
2020-04-07 04:05:22,991:DEBUG:applicability_domain:Stage 1: blocked 0 inputs
2020-04-07 04:05:27,220:DEBUG:applicability_domain:Mean likelihood on adv: 0.974900
2020-04-07 04:05:27,220:DEBUG:applicability_domain:Stage 3: blocked 7 inputs
2020-04-07 04:05:27,220:INFO:defend_ad:Blocked 7/100 samples on clean samples
2020-04-07 04:05:27,242:DEBUG:applicability_domain:Stage 1: blocked 0 inputs
2020-04-07 04:05:31,771:DEBUG:applicability_domain:Mean likelihood on adv: 0.847000
2020-04-07 04:05:31,771:DEBUG:applicability_domain:Stage 3: blocked 49 inputs
2020-04-07 04:05:31,771:INFO:defend_ad:Blocked 49/100 samples on adv. examples
2020-04-07 04:05:31,771:INFO:defend_ad:[result]./save/CifarResnet50_SVHN_e30.pt,./save/CifarResnet50_SVHN_DeepFool_adv.npy,9,1.6,0.2,0.9,10,True,clean,0,0,7
2020-04-07 04:05:31,771:INFO:defend_ad:[result]./save/CifarResnet50_SVHN_e30.pt,./save/CifarResnet50_SVHN_DeepFool_adv.npy,9,1.6,0.2,0.9,10,True,adv,0,0,49
