2020-04-20 11:29:34,437:INFO:attack:Start at   : 20200420112934
2020-04-20 11:29:34,437:INFO:attack:RECEIVED PARAMETERS:
2020-04-20 11:29:34,437:INFO:attack:model file :./save/IrisNN_HTRU2_e200.pt
2020-04-20 11:29:34,437:INFO:attack:model      :IrisNN
2020-04-20 11:29:34,437:INFO:attack:dataset    :HTRU2
2020-04-20 11:29:34,437:INFO:attack:params     :./cmd/AttackParams.json
2020-04-20 11:29:34,437:INFO:attack:num_adv    :1000
2020-04-20 11:29:34,437:INFO:attack:seed       :4096
2020-04-20 11:29:34,437:INFO:attack:verbose    :True
2020-04-20 11:29:34,438:INFO:attack:save_log   :True
2020-04-20 11:29:34,438:INFO:attack:overwrite  :True
2020-04-20 11:29:34,438:INFO:attack:dirname    :'./save'
2020-04-20 11:29:34,438:INFO:attack:attacks    :FGSM, BIM, Carlini, DeepFool
2020-04-20 11:29:34,438:DEBUG:utils:Setting random seed for PyTorch.
2020-04-20 11:29:34,468:DEBUG:utils:/home/lukec/workspace/aad/aad/../data
2020-04-20 11:29:34,469:DEBUG:data_container:Reading file /home/lukec/workspace/aad/aad/../data/HTRU2/HTRU_2.arff
2020-04-20 11:29:34,536:INFO:data_container:Train size: 14318 - Test size: 3580
2020-04-20 11:29:34,536:INFO:data_container:Successfully load data. Time to complete: 0m 0.067s
2020-04-20 11:29:34,536:INFO:attack:Use IrisNN model
2020-04-20 11:29:36,858:DEBUG:model_container_pt:Using device: cuda
2020-04-20 11:29:36,865:INFO:model_container_pt:Loaded model from ./save/IrisNN_HTRU2_e200.pt
2020-04-20 11:29:36,907:INFO:attack:Accuracy on test set: 0.980726
2020-04-20 11:29:36,907:DEBUG:attack:FGSM params: {'eps': 0.3, 'eps_step': 0.1, 'minimal': True}
2020-04-20 11:29:36,908:INFO:pytorch:Inferred 1 hidden layers on PyTorch classifier.
2020-04-20 11:29:36,908:INFO:fast_gradient:Using model predictions as correct labels for FGM.
2020-04-20 11:29:36,911:INFO:fast_gradient:Performing minimal perturbation FGM.
2020-04-20 11:29:36,940:INFO:fast_gradient:Success rate of FGM attack: 96.80%
2020-04-20 11:29:36,951:INFO:fgsm_attack:Time to complete training 1000 adv. examples: 0m 0.043s
2020-04-20 11:29:36,951:INFO:attack:# of adv created from IrisNN_HTRU2: 1000
2020-04-20 11:29:36,955:INFO:attack:Success rate of FGSM: 0.968000
2020-04-20 11:29:36,955:INFO:attack:Accuracy on FGSM: 0.032000
2020-04-20 11:29:36,955:DEBUG:attack:Save adv. attack results into: IrisNN_HTRU2_FGSM
2020-04-20 11:29:36,956:INFO:attack_container:Saved results to save/IrisNN_HTRU2_FGSM_adv.npy
2020-04-20 11:29:36,956:DEBUG:attack:BIM params: {'eps': 0.3, 'eps_step': 0.1, 'max_iter': 100, 'targeted': False}
2020-04-20 11:29:36,956:INFO:pytorch:Inferred 1 hidden layers on PyTorch classifier.
2020-04-20 11:29:38,507:INFO:projected_gradient_descent:Success rate of attack: 99.40%
2020-04-20 11:29:38,524:INFO:bim_attack:Time to complete training 1000 adv. examples: 0m 1.568s
2020-04-20 11:29:38,524:INFO:attack:# of adv created from IrisNN_HTRU2: 1000
2020-04-20 11:29:38,530:INFO:attack:Success rate of BIM: 0.994000
2020-04-20 11:29:38,530:INFO:attack:Accuracy on BIM: 0.006000
2020-04-20 11:29:38,530:DEBUG:attack:Save adv. attack results into: IrisNN_HTRU2_BIM
2020-04-20 11:29:38,531:INFO:attack_container:Saved results to save/IrisNN_HTRU2_BIM_adv.npy
2020-04-20 11:29:38,531:DEBUG:attack:Carlini params: {'targeted': False, 'learning_rate': 0.01, 'binary_search_steps': 9, 'max_iter': 1000, 'confidence': 0, 'initial_const': 0.001, 'c_range': [0, 10000000000.0], 'abort_early': False, 'batch_size': 64}
2020-04-20 11:30:02,041:DEBUG:carlini_l2_attack_v2:[   0/1000] -  0m 23.5s - L2 mean: 0.1031
2020-04-20 11:30:25,530:DEBUG:carlini_l2_attack_v2:[  64/1000] -  0m 23.5s - L2 mean: 0.1034
2020-04-20 11:30:49,211:DEBUG:carlini_l2_attack_v2:[ 128/1000] -  0m 23.7s - L2 mean: 0.1082
2020-04-20 11:31:13,148:DEBUG:carlini_l2_attack_v2:[ 192/1000] -  0m 23.9s - L2 mean: 0.0869
2020-04-20 11:31:37,365:DEBUG:carlini_l2_attack_v2:[ 256/1000] -  0m 24.2s - L2 mean: 0.1282
2020-04-20 11:32:01,581:DEBUG:carlini_l2_attack_v2:[ 320/1000] -  0m 24.2s - L2 mean: 0.1040
2020-04-20 11:32:25,682:DEBUG:carlini_l2_attack_v2:[ 384/1000] -  0m 24.1s - L2 mean: 0.0920
2020-04-20 11:32:49,755:DEBUG:carlini_l2_attack_v2:[ 448/1000] -  0m 24.1s - L2 mean: 0.0929
2020-04-20 11:33:13,792:DEBUG:carlini_l2_attack_v2:[ 512/1000] -  0m 24.0s - L2 mean: 0.0993
2020-04-20 11:33:37,929:DEBUG:carlini_l2_attack_v2:[ 576/1000] -  0m 24.1s - L2 mean: 0.1029
2020-04-20 11:34:02,197:DEBUG:carlini_l2_attack_v2:[ 640/1000] -  0m 24.3s - L2 mean: 0.1049
2020-04-20 11:34:26,622:DEBUG:carlini_l2_attack_v2:[ 704/1000] -  0m 24.4s - L2 mean: 0.0968
2020-04-20 11:34:50,768:DEBUG:carlini_l2_attack_v2:[ 768/1000] -  0m 24.1s - L2 mean: 0.1106
2020-04-20 11:35:14,953:DEBUG:carlini_l2_attack_v2:[ 832/1000] -  0m 24.2s - L2 mean: 0.0930
2020-04-20 11:35:39,116:DEBUG:carlini_l2_attack_v2:[ 896/1000] -  0m 24.2s - L2 mean: 0.1013
2020-04-20 11:36:00,046:DEBUG:carlini_l2_attack_v2:[ 960/1000] -  0m 20.9s - L2 mean: 0.0879
2020-04-20 11:36:00,046:DEBUG:attack_container:Time to complete [Carlini & Wagner Attack L2]: 6m 21.509s
2020-04-20 11:36:00,059:INFO:carlini_l2_attack_v2:Time to complete training 1000 adv. examples: 6m 21.528s
2020-04-20 11:36:00,059:INFO:attack:# of adv created from IrisNN_HTRU2: 1000
2020-04-20 11:36:00,064:INFO:attack:Success rate of Carlini: 0.830000
2020-04-20 11:36:00,065:INFO:attack:Accuracy on Carlini: 0.170000
2020-04-20 11:36:00,065:DEBUG:attack:Save adv. attack results into: IrisNN_HTRU2_Carlini
2020-04-20 11:36:00,065:INFO:attack_container:Saved results to save/IrisNN_HTRU2_Carlini_adv.npy
2020-04-20 11:36:00,065:DEBUG:attack:DeepFool params: {'max_iter': 100, 'epsilon': 1e-06, 'nb_grads': 10, 'batch_size': 16}
2020-04-20 11:36:00,065:INFO:pytorch:Inferred 1 hidden layers on PyTorch classifier.
2020-04-20 11:36:29,252:INFO:deepfool:Success rate of DeepFool attack: 78.40%
2020-04-20 11:36:29,264:INFO:deepfool_attack:Time to complete training 1000 adv. examples: 0m 29.198s
2020-04-20 11:36:29,264:INFO:attack:# of adv created from IrisNN_HTRU2: 1000
2020-04-20 11:36:29,269:INFO:attack:Success rate of DeepFool: 0.787000
2020-04-20 11:36:29,269:INFO:attack:Accuracy on DeepFool: 0.213000
2020-04-20 11:36:29,269:DEBUG:attack:Save adv. attack results into: IrisNN_HTRU2_DeepFool
2020-04-20 11:36:29,270:INFO:attack_container:Saved results to save/IrisNN_HTRU2_DeepFool_adv.npy
