2020-04-20 11:27:28,504:INFO:attack:Start at   : 20200420112728
2020-04-20 11:27:28,504:INFO:attack:RECEIVED PARAMETERS:
2020-04-20 11:27:28,504:INFO:attack:model file :./save/IrisNN_BankNote_e200.pt
2020-04-20 11:27:28,504:INFO:attack:model      :IrisNN
2020-04-20 11:27:28,504:INFO:attack:dataset    :BankNote
2020-04-20 11:27:28,504:INFO:attack:params     :./cmd/AttackParams.json
2020-04-20 11:27:28,504:INFO:attack:num_adv    :1000
2020-04-20 11:27:28,504:INFO:attack:seed       :4096
2020-04-20 11:27:28,504:INFO:attack:verbose    :True
2020-04-20 11:27:28,504:INFO:attack:save_log   :True
2020-04-20 11:27:28,504:INFO:attack:overwrite  :True
2020-04-20 11:27:28,504:INFO:attack:dirname    :'./save'
2020-04-20 11:27:28,504:INFO:attack:attacks    :FGSM, BIM, Carlini, DeepFool
2020-04-20 11:27:28,504:DEBUG:utils:Setting random seed for PyTorch.
2020-04-20 11:27:28,537:DEBUG:utils:/home/lukec/workspace/aad/aad/../data
2020-04-20 11:27:28,537:DEBUG:data_container:Reading file /home/lukec/workspace/aad/aad/../data/data_banknote_authentication.txt
2020-04-20 11:27:28,550:INFO:data_container:Train size: 1098 - Test size: 274
2020-04-20 11:27:28,550:INFO:data_container:Successfully load data. Time to complete: 0m 0.012s
2020-04-20 11:27:28,550:INFO:attack:Use IrisNN model
2020-04-20 11:27:30,887:DEBUG:model_container_pt:Using device: cuda
2020-04-20 11:27:30,895:INFO:model_container_pt:Loaded model from ./save/IrisNN_BankNote_e200.pt
2020-04-20 11:27:30,915:INFO:attack:Accuracy on test set: 1.000000
2020-04-20 11:27:30,915:DEBUG:attack:FGSM params: {'eps': 0.3, 'eps_step': 0.1, 'minimal': True}
2020-04-20 11:27:30,915:INFO:pytorch:Inferred 1 hidden layers on PyTorch classifier.
2020-04-20 11:27:30,915:INFO:fast_gradient:Using model predictions as correct labels for FGM.
2020-04-20 11:27:30,916:INFO:fast_gradient:Performing minimal perturbation FGM.
2020-04-20 11:27:30,927:INFO:fast_gradient:Success rate of FGM attack: 99.27%
2020-04-20 11:27:30,930:INFO:fgsm_attack:Time to complete training 274 adv. examples: 0m 0.015s
2020-04-20 11:27:30,930:INFO:attack:# of adv created from IrisNN_BankNote: 274
2020-04-20 11:27:30,932:INFO:attack:Success rate of FGSM: 0.992701
2020-04-20 11:27:30,932:INFO:attack:Accuracy on FGSM: 0.007299
2020-04-20 11:27:30,932:DEBUG:attack:Save adv. attack results into: IrisNN_BankNote_FGSM
2020-04-20 11:27:30,932:INFO:attack_container:Saved results to save/IrisNN_BankNote_FGSM_adv.npy
2020-04-20 11:27:30,932:DEBUG:attack:BIM params: {'eps': 0.3, 'eps_step': 0.1, 'max_iter': 100, 'targeted': False}
2020-04-20 11:27:30,933:INFO:pytorch:Inferred 1 hidden layers on PyTorch classifier.
2020-04-20 11:27:31,496:INFO:projected_gradient_descent:Success rate of attack: 100.00%
2020-04-20 11:27:31,503:INFO:bim_attack:Time to complete training 274 adv. examples: 0m 0.570s
2020-04-20 11:27:31,503:INFO:attack:# of adv created from IrisNN_BankNote: 274
2020-04-20 11:27:31,507:INFO:attack:Success rate of BIM: 1.000000
2020-04-20 11:27:31,507:INFO:attack:Accuracy on BIM: 0.000000
2020-04-20 11:27:31,507:DEBUG:attack:Save adv. attack results into: IrisNN_BankNote_BIM
2020-04-20 11:27:31,508:INFO:attack_container:Saved results to save/IrisNN_BankNote_BIM_adv.npy
2020-04-20 11:27:31,508:DEBUG:attack:Carlini params: {'targeted': False, 'learning_rate': 0.01, 'binary_search_steps': 9, 'max_iter': 1000, 'confidence': 0, 'initial_const': 0.001, 'c_range': [0, 10000000000.0], 'abort_early': False, 'batch_size': 64}
2020-04-20 11:27:55,702:DEBUG:carlini_l2_attack_v2:[   0/ 274] -  0m 24.2s - L2 mean: 156250000.0000
2020-04-20 11:28:19,680:DEBUG:carlini_l2_attack_v2:[  64/ 274] -  0m 24.0s - L2 mean: 156250000.0000
2020-04-20 11:28:43,680:DEBUG:carlini_l2_attack_v2:[ 128/ 274] -  0m 24.0s - L2 mean: 0.1301
2020-04-20 11:29:07,721:DEBUG:carlini_l2_attack_v2:[ 192/ 274] -  0m 24.0s - L2 mean: 0.1143
2020-04-20 11:29:25,342:DEBUG:carlini_l2_attack_v2:[ 256/ 274] -  0m 17.6s - L2 mean: 555555584.0000
2020-04-20 11:29:25,342:DEBUG:attack_container:Time to complete [Carlini & Wagner Attack L2]: 1m 53.829s
2020-04-20 11:29:25,346:INFO:carlini_l2_attack_v2:Time to complete training 274 adv. examples: 1m 53.837s
2020-04-20 11:29:25,346:INFO:attack:# of adv created from IrisNN_BankNote: 274
2020-04-20 11:29:25,348:INFO:attack:Success rate of Carlini: 0.543796
2020-04-20 11:29:25,348:INFO:attack:Accuracy on Carlini: 0.456204
2020-04-20 11:29:25,348:DEBUG:attack:Save adv. attack results into: IrisNN_BankNote_Carlini
2020-04-20 11:29:25,349:INFO:attack_container:Saved results to save/IrisNN_BankNote_Carlini_adv.npy
2020-04-20 11:29:25,349:DEBUG:attack:DeepFool params: {'max_iter': 100, 'epsilon': 1e-06, 'nb_grads': 10, 'batch_size': 16}
2020-04-20 11:29:25,349:INFO:pytorch:Inferred 1 hidden layers on PyTorch classifier.
2020-04-20 11:29:33,621:INFO:deepfool:Success rate of DeepFool attack: 83.21%
2020-04-20 11:29:33,628:INFO:deepfool_attack:Time to complete training 274 adv. examples: 0m 8.278s
2020-04-20 11:29:33,628:INFO:attack:# of adv created from IrisNN_BankNote: 274
2020-04-20 11:29:33,630:INFO:attack:Success rate of DeepFool: 0.843066
2020-04-20 11:29:33,630:INFO:attack:Accuracy on DeepFool: 0.156934
2020-04-20 11:29:33,631:DEBUG:attack:Save adv. attack results into: IrisNN_BankNote_DeepFool
2020-04-20 11:29:33,632:INFO:attack_container:Saved results to save/IrisNN_BankNote_DeepFool_adv.npy
