2020-05-01 14:02:53,622:INFO:attack:Start at   : 20200501140253
2020-05-01 14:02:53,623:INFO:attack:RECEIVED PARAMETERS:
2020-05-01 14:02:53,623:INFO:attack:model file :./save/BCNN_BreastCancerWisconsin_e200.pt
2020-05-01 14:02:53,623:INFO:attack:model      :BCNN
2020-05-01 14:02:53,623:INFO:attack:dataset    :BreastCancerWisconsin
2020-05-01 14:02:53,623:INFO:attack:params     :./cmd/AttackParams.json
2020-05-01 14:02:53,623:INFO:attack:num_adv    :1000
2020-05-01 14:02:53,623:INFO:attack:seed       :4096
2020-05-01 14:02:53,623:INFO:attack:verbose    :True
2020-05-01 14:02:53,623:INFO:attack:save_log   :True
2020-05-01 14:02:53,623:INFO:attack:overwrite  :True
2020-05-01 14:02:53,623:INFO:attack:dirname    :'./save'
2020-05-01 14:02:53,623:INFO:attack:attacks    :FGSM
2020-05-01 14:02:53,623:DEBUG:utils:Setting random seed for PyTorch.
2020-05-01 14:02:53,651:DEBUG:utils:/home/lukec/workspace/aad/aad/../data
2020-05-01 14:02:53,651:DEBUG:data_container:Reading file /home/lukec/workspace/aad/aad/../data/BreastCancerWisconsin.csv
2020-05-01 14:02:53,668:INFO:data_container:Train size: 455 - Test size: 114
2020-05-01 14:02:53,668:INFO:data_container:Successfully load data. Time to complete: 0m 0.017s
2020-05-01 14:02:53,669:INFO:attack:Use BCNN model
2020-05-01 14:02:55,956:DEBUG:model_container_pt:Using device: cuda
2020-05-01 14:02:55,964:INFO:model_container_pt:Loaded model from ./save/BCNN_BreastCancerWisconsin_e200.pt
2020-05-01 14:02:55,989:INFO:attack:Accuracy on test set: 0.973684
2020-05-01 14:02:55,990:DEBUG:attack:FGSM params: {'eps': 0.3, 'eps_step': 0.1, 'minimal': True}
2020-05-01 14:02:55,990:INFO:pytorch:Inferred 1 hidden layers on PyTorch classifier.
2020-05-01 14:02:55,991:INFO:fgsm_attack:Accuracy on clean set: 0.973684
2020-05-01 14:02:55,991:INFO:fast_gradient:Using model predictions as correct labels for FGM.
2020-05-01 14:02:55,992:INFO:fast_gradient:Performing minimal perturbation FGM.
2020-05-01 14:02:55,996:INFO:fast_gradient:Success rate of FGM attack: 97.37%
2020-05-01 14:02:55,998:INFO:fgsm_attack:Time to complete training 114 adv. examples: 0m 0.008s
2020-05-01 14:02:55,998:INFO:attack:# of adv created from BCNN_BreastCancerWisconsin: 114
2020-05-01 14:02:55,998:INFO:attack:Success rate of FGSM: 0.973684
2020-05-01 14:02:55,998:INFO:attack:Accuracy on FGSM: 0.026316
2020-05-01 14:02:55,998:DEBUG:attack:Save adv. attack results into: BCNN_BreastCancerWisconsin_FGSM
2020-05-01 14:02:55,999:INFO:attack_container:Saved results to save/BCNN_BreastCancerWisconsin_FGSM_adv.npy
