2020-05-01 14:02:41,061:INFO:attack:Start at   : 20200501140241
2020-05-01 14:02:41,061:INFO:attack:RECEIVED PARAMETERS:
2020-05-01 14:02:41,061:INFO:attack:model file :./save/IrisNN_Iris_e200.pt
2020-05-01 14:02:41,061:INFO:attack:model      :IrisNN
2020-05-01 14:02:41,061:INFO:attack:dataset    :Iris
2020-05-01 14:02:41,061:INFO:attack:params     :./cmd/AttackParams.json
2020-05-01 14:02:41,061:INFO:attack:num_adv    :1000
2020-05-01 14:02:41,061:INFO:attack:seed       :4096
2020-05-01 14:02:41,061:INFO:attack:verbose    :True
2020-05-01 14:02:41,061:INFO:attack:save_log   :True
2020-05-01 14:02:41,061:INFO:attack:overwrite  :True
2020-05-01 14:02:41,062:INFO:attack:dirname    :'./save'
2020-05-01 14:02:41,062:INFO:attack:attacks    :FGSM
2020-05-01 14:02:41,062:DEBUG:utils:Setting random seed for PyTorch.
2020-05-01 14:02:41,089:DEBUG:utils:/home/lukec/workspace/aad/aad/../data
2020-05-01 14:02:41,090:DEBUG:data_container:Reading file /home/lukec/workspace/aad/aad/../data/iris.data
2020-05-01 14:02:41,106:INFO:data_container:Train size: 90 - Test size: 60
2020-05-01 14:02:41,106:INFO:data_container:Successfully load data. Time to complete: 0m 0.017s
2020-05-01 14:02:41,107:INFO:attack:Use IrisNN model
2020-05-01 14:02:43,381:DEBUG:model_container_pt:Using device: cuda
2020-05-01 14:02:43,389:INFO:model_container_pt:Loaded model from ./save/IrisNN_Iris_e200.pt
2020-05-01 14:02:43,409:INFO:attack:Accuracy on test set: 0.933333
2020-05-01 14:02:43,410:DEBUG:attack:FGSM params: {'eps': 0.3, 'eps_step': 0.1, 'minimal': True}
2020-05-01 14:02:43,410:INFO:pytorch:Inferred 1 hidden layers on PyTorch classifier.
2020-05-01 14:02:43,410:INFO:fgsm_attack:Accuracy on clean set: 0.933333
2020-05-01 14:02:43,411:INFO:fast_gradient:Using model predictions as correct labels for FGM.
2020-05-01 14:02:43,411:INFO:fast_gradient:Performing minimal perturbation FGM.
2020-05-01 14:02:43,413:INFO:fast_gradient:Success rate of FGM attack: 75.00%
2020-05-01 14:02:43,414:INFO:fgsm_attack:Time to complete training 60 adv. examples: 0m 0.004s
2020-05-01 14:02:43,414:INFO:attack:# of adv created from IrisNN_Iris: 60
2020-05-01 14:02:43,415:INFO:attack:Success rate of FGSM: 0.750000
2020-05-01 14:02:43,415:INFO:attack:Accuracy on FGSM: 0.250000
2020-05-01 14:02:43,415:DEBUG:attack:Save adv. attack results into: IrisNN_Iris_FGSM
2020-05-01 14:02:43,416:INFO:attack_container:Saved results to save/IrisNN_Iris_FGSM_adv.npy
