2020-05-01 14:01:45,438:INFO:attack:Start at   : 20200501140145
2020-05-01 14:01:45,439:INFO:attack:RECEIVED PARAMETERS:
2020-05-01 14:01:45,439:INFO:attack:model file :./save/MnistCnnV2_MNIST_e50.pt
2020-05-01 14:01:45,439:INFO:attack:model      :MnistCnnV2
2020-05-01 14:01:45,439:INFO:attack:dataset    :MNIST
2020-05-01 14:01:45,439:INFO:attack:params     :./cmd/AttackParams.json
2020-05-01 14:01:45,439:INFO:attack:num_adv    :1000
2020-05-01 14:01:45,439:INFO:attack:seed       :4096
2020-05-01 14:01:45,439:INFO:attack:verbose    :True
2020-05-01 14:01:45,439:INFO:attack:save_log   :True
2020-05-01 14:01:45,439:INFO:attack:overwrite  :True
2020-05-01 14:01:45,439:INFO:attack:dirname    :'./save'
2020-05-01 14:01:45,439:INFO:attack:attacks    :FGSM
2020-05-01 14:01:45,439:DEBUG:utils:Setting random seed for PyTorch.
2020-05-01 14:01:45,470:DEBUG:utils:/home/lukec/workspace/aad/aad/../data
2020-05-01 14:01:49,164:INFO:data_container:Train size: 60000 - Test size: 10000
2020-05-01 14:01:49,164:INFO:data_container:Successfully load data. Time to complete: 0m 3.693s
2020-05-01 14:01:49,166:INFO:attack:Use MnistCnnV2 model
2020-05-01 14:01:51,454:DEBUG:model_container_pt:Using device: cuda
2020-05-01 14:01:51,455:INFO:model_container_pt:Loaded model from ./save/MnistCnnV2_MNIST_e50.pt
2020-05-01 14:01:51,594:INFO:attack:Accuracy on test set: 0.994400
2020-05-01 14:01:51,594:DEBUG:attack:FGSM params: {'eps': 0.3, 'eps_step': 0.1, 'minimal': True}
2020-05-01 14:01:51,611:INFO:pytorch:Inferred 1 hidden layers on PyTorch classifier.
2020-05-01 14:01:51,627:INFO:fgsm_attack:Accuracy on clean set: 0.996000
2020-05-01 14:01:51,627:INFO:fast_gradient:Using model predictions as correct labels for FGM.
2020-05-01 14:01:51,641:INFO:fast_gradient:Performing minimal perturbation FGM.
2020-05-01 14:01:51,741:INFO:fast_gradient:Success rate of FGM attack: 29.50%
2020-05-01 14:01:51,769:INFO:fgsm_attack:Time to complete training 1000 adv. examples: 0m 0.158s
2020-05-01 14:01:51,769:INFO:attack:# of adv created from MnistCnnV2_MNIST: 1000
2020-05-01 14:01:51,783:INFO:attack:Success rate of FGSM: 0.295000
2020-05-01 14:01:51,783:INFO:attack:Accuracy on FGSM: 0.705000
2020-05-01 14:01:51,783:DEBUG:attack:Save adv. attack results into: MnistCnnV2_MNIST_FGSM
2020-05-01 14:01:51,817:INFO:attack_container:Saved results to save/MnistCnnV2_MNIST_FGSM_adv.npy
