2020-04-20 18:14:57,569:INFO:attack:Start at   : 20200420181457
2020-04-20 18:14:57,569:INFO:attack:RECEIVED PARAMETERS:
2020-04-20 18:14:57,569:INFO:attack:model file :./save/CifarCnn_CIFAR10_e50.pt
2020-04-20 18:14:57,569:INFO:attack:model      :CifarCnn
2020-04-20 18:14:57,569:INFO:attack:dataset    :CIFAR10
2020-04-20 18:14:57,569:INFO:attack:params     :./cmd/AttackParams.json
2020-04-20 18:14:57,569:INFO:attack:num_adv    :1000
2020-04-20 18:14:57,569:INFO:attack:seed       :4096
2020-04-20 18:14:57,569:INFO:attack:verbose    :True
2020-04-20 18:14:57,569:INFO:attack:save_log   :True
2020-04-20 18:14:57,569:INFO:attack:overwrite  :True
2020-04-20 18:14:57,569:INFO:attack:dirname    :'./save'
2020-04-20 18:14:57,569:INFO:attack:attacks    :FGSM, BIM, Carlini, DeepFool
2020-04-20 18:14:57,569:DEBUG:utils:Setting random seed for PyTorch.
2020-04-20 18:14:57,597:DEBUG:utils:/home/lukec/workspace/aad/aad/../data
2020-04-20 18:15:03,048:INFO:data_container:Train size: 50000 - Test size: 10000
2020-04-20 18:15:03,048:INFO:data_container:Successfully load data. Time to complete: 0m 5.451s
2020-04-20 18:15:03,057:INFO:attack:Use CifarCnn model
2020-04-20 18:15:05,360:DEBUG:model_container_pt:Using device: cuda
2020-04-20 18:15:05,364:INFO:model_container_pt:Loaded model from ./save/CifarCnn_CIFAR10_e50.pt
2020-04-20 18:15:05,740:INFO:attack:Accuracy on test set: 0.813400
2020-04-20 18:15:05,740:DEBUG:attack:FGSM params: {'eps': 0.3, 'eps_step': 0.1, 'minimal': True}
2020-04-20 18:15:05,794:INFO:pytorch:Inferred 1 hidden layers on PyTorch classifier.
2020-04-20 18:15:05,797:INFO:fast_gradient:Using model predictions as correct labels for FGM.
2020-04-20 18:15:05,843:INFO:fast_gradient:Performing minimal perturbation FGM.
2020-04-20 18:15:06,131:INFO:fast_gradient:Success rate of FGM attack: 96.10%
2020-04-20 18:15:06,215:INFO:fgsm_attack:Time to complete training 1000 adv. examples: 0m 0.421s
2020-04-20 18:15:06,215:INFO:attack:# of adv created from CifarCnn_CIFAR10: 1000
2020-04-20 18:15:06,257:INFO:attack:Success rate of FGSM: 0.961000
2020-04-20 18:15:06,257:INFO:attack:Accuracy on FGSM: 0.039000
2020-04-20 18:15:06,257:DEBUG:attack:Save adv. attack results into: CifarCnn_CIFAR10_FGSM
2020-04-20 18:15:06,384:INFO:attack_container:Saved results to save/CifarCnn_CIFAR10_FGSM_adv.npy
2020-04-20 18:15:06,384:DEBUG:attack:BIM params: {'eps': 0.3, 'eps_step': 0.1, 'max_iter': 100, 'targeted': False}
2020-04-20 18:15:06,441:INFO:pytorch:Inferred 1 hidden layers on PyTorch classifier.
2020-04-20 18:15:21,609:INFO:projected_gradient_descent:Success rate of attack: 100.00%
2020-04-20 18:15:21,686:INFO:bim_attack:Time to complete training 1000 adv. examples: 0m 15.245s
2020-04-20 18:15:21,686:INFO:attack:# of adv created from CifarCnn_CIFAR10: 1000
2020-04-20 18:15:21,724:INFO:attack:Success rate of BIM: 1.000000
2020-04-20 18:15:21,724:INFO:attack:Accuracy on BIM: 0.000000
2020-04-20 18:15:21,724:DEBUG:attack:Save adv. attack results into: CifarCnn_CIFAR10_BIM
2020-04-20 18:15:21,850:INFO:attack_container:Saved results to save/CifarCnn_CIFAR10_BIM_adv.npy
2020-04-20 18:15:21,850:DEBUG:attack:Carlini params: {'targeted': False, 'learning_rate': 0.01, 'binary_search_steps': 9, 'max_iter': 1000, 'confidence': 0, 'initial_const': 0.001, 'c_range': [0, 10000000000.0], 'abort_early': False, 'batch_size': 64}
2020-04-20 18:16:38,725:DEBUG:carlini_l2_attack_v2:[   0/1000] -  1m 16.7s - L2 mean: 0.1424
2020-04-20 18:17:54,226:DEBUG:carlini_l2_attack_v2:[  64/1000] -  1m 15.5s - L2 mean: 0.1153
2020-04-20 18:19:08,611:DEBUG:carlini_l2_attack_v2:[ 128/1000] -  1m 14.4s - L2 mean: 0.1437
2020-04-20 18:20:22,862:DEBUG:carlini_l2_attack_v2:[ 192/1000] -  1m 14.3s - L2 mean: 0.1256
2020-04-20 18:21:37,175:DEBUG:carlini_l2_attack_v2:[ 256/1000] -  1m 14.3s - L2 mean: 0.1397
2020-04-20 18:22:51,457:DEBUG:carlini_l2_attack_v2:[ 320/1000] -  1m 14.3s - L2 mean: 0.1501
2020-04-20 18:24:07,185:DEBUG:carlini_l2_attack_v2:[ 384/1000] -  1m 15.7s - L2 mean: 0.1173
2020-04-20 18:25:22,098:DEBUG:carlini_l2_attack_v2:[ 448/1000] -  1m 14.9s - L2 mean: 0.1517
2020-04-20 18:26:37,172:DEBUG:carlini_l2_attack_v2:[ 512/1000] -  1m 15.1s - L2 mean: 0.1370
2020-04-20 18:27:52,046:DEBUG:carlini_l2_attack_v2:[ 576/1000] -  1m 14.9s - L2 mean: 0.1227
2020-04-20 18:29:06,938:DEBUG:carlini_l2_attack_v2:[ 640/1000] -  1m 14.9s - L2 mean: 0.1314
2020-04-20 18:30:21,907:DEBUG:carlini_l2_attack_v2:[ 704/1000] -  1m 15.0s - L2 mean: 0.1500
2020-04-20 18:31:36,875:DEBUG:carlini_l2_attack_v2:[ 768/1000] -  1m 15.0s - L2 mean: 0.1382
2020-04-20 18:32:52,246:DEBUG:carlini_l2_attack_v2:[ 832/1000] -  1m 15.4s - L2 mean: 0.1513
2020-04-20 18:34:07,335:DEBUG:carlini_l2_attack_v2:[ 896/1000] -  1m 15.1s - L2 mean: 0.1250
2020-04-20 18:34:59,702:DEBUG:carlini_l2_attack_v2:[ 960/1000] -  0m 52.4s - L2 mean: 0.1451
2020-04-20 18:34:59,702:DEBUG:attack_container:Time to complete [Carlini & Wagner Attack L2]: 19m 37.706s
2020-04-20 18:34:59,778:INFO:carlini_l2_attack_v2:Time to complete training 1000 adv. examples: 19m 37.822s
2020-04-20 18:34:59,778:INFO:attack:# of adv created from CifarCnn_CIFAR10: 1000
2020-04-20 18:34:59,816:INFO:attack:Success rate of Carlini: 0.909000
2020-04-20 18:34:59,816:INFO:attack:Accuracy on Carlini: 0.091000
2020-04-20 18:34:59,816:DEBUG:attack:Save adv. attack results into: CifarCnn_CIFAR10_Carlini
2020-04-20 18:34:59,942:INFO:attack_container:Saved results to save/CifarCnn_CIFAR10_Carlini_adv.npy
2020-04-20 18:34:59,942:DEBUG:attack:DeepFool params: {'max_iter': 100, 'epsilon': 1e-06, 'nb_grads': 10, 'batch_size': 16}
2020-04-20 18:34:59,995:INFO:pytorch:Inferred 1 hidden layers on PyTorch classifier.
2020-04-20 18:37:00,846:INFO:deepfool:Success rate of DeepFool attack: 73.00%
2020-04-20 18:37:00,921:INFO:deepfool_attack:Time to complete training 1000 adv. examples: 2m 0.926s
2020-04-20 18:37:00,922:INFO:attack:# of adv created from CifarCnn_CIFAR10: 1000
2020-04-20 18:37:00,959:INFO:attack:Success rate of DeepFool: 0.579000
2020-04-20 18:37:00,959:INFO:attack:Accuracy on DeepFool: 0.421000
2020-04-20 18:37:00,959:DEBUG:attack:Save adv. attack results into: CifarCnn_CIFAR10_DeepFool
2020-04-20 18:37:01,085:INFO:attack_container:Saved results to save/CifarCnn_CIFAR10_DeepFool_adv.npy
