2020-04-20 17:36:05,763:INFO:attack:Start at   : 20200420173605
2020-04-20 17:36:05,763:INFO:attack:RECEIVED PARAMETERS:
2020-04-20 17:36:05,763:INFO:attack:model file :./save/CifarResnet50_SVHN_e30.pt
2020-04-20 17:36:05,763:INFO:attack:model      :CifarResnet50
2020-04-20 17:36:05,764:INFO:attack:dataset    :SVHN
2020-04-20 17:36:05,764:INFO:attack:params     :./cmd/AttackParams.json
2020-04-20 17:36:05,764:INFO:attack:num_adv    :1000
2020-04-20 17:36:05,764:INFO:attack:seed       :4096
2020-04-20 17:36:05,764:INFO:attack:verbose    :True
2020-04-20 17:36:05,764:INFO:attack:save_log   :True
2020-04-20 17:36:05,764:INFO:attack:overwrite  :True
2020-04-20 17:36:05,764:INFO:attack:dirname    :'./save'
2020-04-20 17:36:05,764:INFO:attack:attacks    :Saliency
2020-04-20 17:36:05,764:DEBUG:utils:Setting random seed for PyTorch.
2020-04-20 17:36:05,788:DEBUG:utils:/home/lukec/workspace/aad/aad/../data
2020-04-20 17:36:15,572:INFO:data_container:Train size: 73257 - Test size: 26032
2020-04-20 17:36:15,572:INFO:data_container:Successfully load data. Time to complete: 0m 9.785s
2020-04-20 17:36:15,946:INFO:attack:Use CifarResnet50 model
2020-04-20 17:36:18,376:DEBUG:model_container_pt:Using device: cuda
2020-04-20 17:36:18,435:INFO:model_container_pt:Loaded model from ./save/CifarResnet50_SVHN_e30.pt
2020-04-20 17:36:21,524:INFO:attack:Accuracy on test set: 0.927090
2020-04-20 17:36:21,524:DEBUG:attack:Saliency params: {'theta': 0.1, 'gamma': 1.0, 'batch_size': 16}
2020-04-20 17:36:21,605:DEBUG:saliency_map_attack:clip_values = (0.0, 1.0)
2020-04-20 17:36:21,605:INFO:pytorch:Inferred 1 hidden layers on PyTorch classifier.
2020-04-20 17:51:10,593:INFO:saliency_map:Success rate of JSMA attack: 100.00%
2020-04-20 17:51:10,837:INFO:saliency_map_attack:Time to complete training 1000 adv. examples: 14m 49.230s
2020-04-20 17:51:10,837:INFO:attack:# of adv created from CifarResnet50_SVHN: 1000
2020-04-20 17:51:10,957:INFO:attack:Success rate of Saliency: 1.000000
2020-04-20 17:51:10,957:INFO:attack:Accuracy on Saliency: 0.000000
2020-04-20 17:51:10,957:DEBUG:attack:Save adv. attack results into: CifarResnet50_SVHN_Saliency
2020-04-20 17:51:11,084:INFO:attack_container:Saved results to save/CifarResnet50_SVHN_Saliency_adv.npy
