2020-04-07 03:13:00,005:INFO:defend_ad:Start at    : 20200407031300
2020-04-07 03:13:00,005:INFO:defend_ad:RECEIVED PARAMETERS:
2020-04-07 03:13:00,005:INFO:defend_ad:model file  :./save/CifarResnet50_SVHN_e30.pt
2020-04-07 03:13:00,005:INFO:defend_ad:adv file    :./save/CifarResnet50_SVHN_Carlini_adv.npy
2020-04-07 03:13:00,005:INFO:defend_ad:model       :CifarResnet50
2020-04-07 03:13:00,005:INFO:defend_ad:dataset     :SVHN
2020-04-07 03:13:00,005:INFO:defend_ad:param file  :./cmd/AdParamsLargeNoS2.json
2020-04-07 03:13:00,005:INFO:defend_ad:seed        :4096
2020-04-07 03:13:00,005:INFO:defend_ad:verbose     :True
2020-04-07 03:13:00,005:INFO:defend_ad:save_log    :True
2020-04-07 03:13:00,006:INFO:defend_ad:check_clean :True
2020-04-07 03:13:00,006:DEBUG:defend_ad:params     : {'k1': 9, 'reliability': 1.6, 'sample_ratio': 0.2, 'confidence': 0.9, 'kappa': 10, 'disable_s2': True}
2020-04-07 03:13:00,006:DEBUG:utils:Setting random seed for PyTorch.
2020-04-07 03:13:00,028:DEBUG:utils:/home/lukec/workspace/aad/aad/../data
2020-04-07 03:13:09,798:INFO:data_container:Train size: 73257 - Test size: 26032
2020-04-07 03:13:09,798:INFO:data_container:Successfully load data. Time to complete: 0m 9.770s
2020-04-07 03:13:10,163:INFO:defend_ad:Use CifarResnet50 model
2020-04-07 03:13:12,489:DEBUG:model_container_pt:Using device: cuda
2020-04-07 03:13:12,569:INFO:model_container_pt:Loaded model from ./save/CifarResnet50_SVHN_e30.pt
2020-04-07 03:13:15,305:INFO:defend_ad:Accuracy on test set: 0.927090
2020-04-07 03:13:15,306:DEBUG:applicability_domain:Before swap channel: x_np: (73257, 32, 32, 3)
2020-04-07 03:13:22,329:DEBUG:applicability_domain:Number of input attributes: 2048
2020-04-07 03:13:22,695:DEBUG:detector_container:Time to complete [AD Stage 1]: 0m 7.389s
2020-04-07 03:13:22,695:DEBUG:applicability_domain:k for Stage 3: 100
2020-04-07 03:13:47,700:DEBUG:applicability_domain:[AD Stage 3]: Size of train set: 14651
2020-04-07 03:24:21,534:DEBUG:applicability_domain:Train set likelihood = 0.999511
2020-04-07 03:24:21,546:DEBUG:detector_container:Time to complete [AD Stage 3]: 10m 58.851s
2020-04-07 03:24:21,582:DEBUG:applicability_domain:Stage 1: blocked 0 inputs
2020-04-07 03:24:26,311:DEBUG:applicability_domain:Mean likelihood on adv: 0.974900
2020-04-07 03:24:26,311:DEBUG:applicability_domain:Stage 3: blocked 7 inputs
2020-04-07 03:24:26,312:INFO:defend_ad:Blocked 7/100 samples on clean samples
2020-04-07 03:24:26,356:DEBUG:applicability_domain:Stage 1: blocked 0 inputs
2020-04-07 03:24:30,985:DEBUG:applicability_domain:Mean likelihood on adv: 0.821000
2020-04-07 03:24:30,985:DEBUG:applicability_domain:Stage 3: blocked 51 inputs
2020-04-07 03:24:30,985:INFO:defend_ad:Blocked 51/100 samples on adv. examples
2020-04-07 03:24:30,985:INFO:defend_ad:[result]./save/CifarResnet50_SVHN_e30.pt,./save/CifarResnet50_SVHN_Carlini_adv.npy,9,1.6,0.2,0.9,10,True,clean,0,0,7
2020-04-07 03:24:30,985:INFO:defend_ad:[result]./save/CifarResnet50_SVHN_e30.pt,./save/CifarResnet50_SVHN_Carlini_adv.npy,9,1.6,0.2,0.9,10,True,adv,0,0,51
