2020-05-01 15:41:01,816:INFO:attack:Start at   : 20200501154101
2020-05-01 15:41:01,817:INFO:attack:RECEIVED PARAMETERS:
2020-05-01 15:41:01,817:INFO:attack:model file :./save/MnistCnnV2_MNIST_e50.pt
2020-05-01 15:41:01,817:INFO:attack:model      :MnistCnnV2
2020-05-01 15:41:01,817:INFO:attack:dataset    :MNIST
2020-05-01 15:41:01,817:INFO:attack:params     :./cmd/AttackParams.json
2020-05-01 15:41:01,817:INFO:attack:num_adv    :1000
2020-05-01 15:41:01,817:INFO:attack:seed       :4096
2020-05-01 15:41:01,817:INFO:attack:verbose    :True
2020-05-01 15:41:01,817:INFO:attack:save_log   :True
2020-05-01 15:41:01,817:INFO:attack:overwrite  :True
2020-05-01 15:41:01,817:INFO:attack:dirname    :'./save'
2020-05-01 15:41:01,817:INFO:attack:attacks    :FGSM, BIM, Carlini, DeepFool, Saliency
2020-05-01 15:41:01,817:DEBUG:utils:Setting random seed for PyTorch.
2020-05-01 15:41:01,843:DEBUG:utils:/home/lukec/workspace/aad/aad/../data
2020-05-01 15:41:05,509:INFO:data_container:Train size: 60000 - Test size: 10000
2020-05-01 15:41:05,509:INFO:data_container:Successfully load data. Time to complete: 0m 3.667s
2020-05-01 15:41:05,512:INFO:attack:Use MnistCnnV2 model
2020-05-01 15:41:07,776:DEBUG:model_container_pt:Using device: cuda
2020-05-01 15:41:07,777:INFO:model_container_pt:Loaded model from ./save/MnistCnnV2_MNIST_e50.pt
2020-05-01 15:41:07,917:INFO:attack:Accuracy on test set: 0.994400
2020-05-01 15:41:07,917:DEBUG:attack:FGSM params: {'eps': 0.3, 'eps_step': 0.1, 'minimal': True}
2020-05-01 15:41:07,935:INFO:pytorch:Inferred 1 hidden layers on PyTorch classifier.
2020-05-01 15:41:07,952:INFO:fgsm_attack:Accuracy on clean set: 0.996000
2020-05-01 15:41:07,953:INFO:fast_gradient:Using model predictions as correct labels for FGM.
2020-05-01 15:41:07,967:INFO:fast_gradient:Performing minimal perturbation FGM.
2020-05-01 15:41:08,077:INFO:fast_gradient:Success rate of FGM attack: 29.50%
2020-05-01 15:41:08,109:INFO:fgsm_attack:Time to complete training 1000 adv. examples: 0m 0.173s
2020-05-01 15:41:08,109:INFO:attack:# of adv created from MnistCnnV2_MNIST: 1000
2020-05-01 15:41:08,124:INFO:attack:Success rate of FGSM: 0.295000
2020-05-01 15:41:08,124:INFO:attack:Accuracy on FGSM: 0.705000
2020-05-01 15:41:08,124:DEBUG:attack:Save adv. attack results into: MnistCnnV2_MNIST_FGSM
2020-05-01 15:41:08,158:INFO:attack_container:Saved results to save/MnistCnnV2_MNIST_FGSM_adv.npy
2020-05-01 15:41:08,159:DEBUG:attack:BIM params: {'eps': 0.3, 'eps_step': 0.1, 'max_iter': 100, 'targeted': False}
2020-05-01 15:41:08,175:INFO:pytorch:Inferred 1 hidden layers on PyTorch classifier.
2020-05-01 15:41:08,190:INFO:bim_attack:Accuracy on clean set: 0.996000
2020-05-01 15:41:13,616:INFO:projected_gradient_descent:Success rate of attack: 100.00%
2020-05-01 15:41:13,644:INFO:bim_attack:Time to complete training 1000 adv. examples: 0m 5.469s
2020-05-01 15:41:13,645:INFO:attack:# of adv created from MnistCnnV2_MNIST: 1000
2020-05-01 15:41:13,658:INFO:attack:Success rate of BIM: 1.000000
2020-05-01 15:41:13,658:INFO:attack:Accuracy on BIM: 0.000000
2020-05-01 15:41:13,658:DEBUG:attack:Save adv. attack results into: MnistCnnV2_MNIST_BIM
2020-05-01 15:41:13,693:INFO:attack_container:Saved results to save/MnistCnnV2_MNIST_BIM_adv.npy
2020-05-01 15:41:13,693:DEBUG:attack:Carlini params: {'targeted': False, 'learning_rate': 0.01, 'binary_search_steps': 9, 'max_iter': 1000, 'confidence': 0, 'initial_const': 0.001, 'c_range': [0, 10000000000.0], 'abort_early': False, 'batch_size': 64}
2020-05-01 15:41:13,740:INFO:carlini_l2_attack_v2:Accuracy on clean set: 0.996000
2020-05-01 15:41:51,797:DEBUG:carlini_l2_attack_v2:[   0/1000] -  0m 38.0s - L2 mean: 1.1706
2020-05-01 15:42:29,963:DEBUG:carlini_l2_attack_v2:[  64/1000] -  0m 38.2s - L2 mean: 1.2478
2020-05-01 15:43:08,135:DEBUG:carlini_l2_attack_v2:[ 128/1000] -  0m 38.2s - L2 mean: 1.1476
2020-05-01 15:43:46,327:DEBUG:carlini_l2_attack_v2:[ 192/1000] -  0m 38.2s - L2 mean: 1.2078
2020-05-01 15:44:24,360:DEBUG:carlini_l2_attack_v2:[ 256/1000] -  0m 38.0s - L2 mean: 1.1756
2020-05-01 15:45:02,388:DEBUG:carlini_l2_attack_v2:[ 320/1000] -  0m 38.0s - L2 mean: 1.1737
2020-05-01 15:45:41,030:DEBUG:carlini_l2_attack_v2:[ 384/1000] -  0m 38.6s - L2 mean: 1.1615
2020-05-01 15:46:20,382:DEBUG:carlini_l2_attack_v2:[ 448/1000] -  0m 39.4s - L2 mean: 1.1905
2020-05-01 15:46:59,426:DEBUG:carlini_l2_attack_v2:[ 512/1000] -  0m 39.0s - L2 mean: 1.1551
2020-05-01 15:47:38,574:DEBUG:carlini_l2_attack_v2:[ 576/1000] -  0m 39.1s - L2 mean: 1.1439
2020-05-01 15:48:17,635:DEBUG:carlini_l2_attack_v2:[ 640/1000] -  0m 39.1s - L2 mean: 1.1293
2020-05-01 15:48:56,423:DEBUG:carlini_l2_attack_v2:[ 704/1000] -  0m 38.8s - L2 mean: 1.1114
2020-05-01 15:49:34,876:DEBUG:carlini_l2_attack_v2:[ 768/1000] -  0m 38.5s - L2 mean: 1.0957
2020-05-01 15:50:13,088:DEBUG:carlini_l2_attack_v2:[ 832/1000] -  0m 38.2s - L2 mean: 1.0879
2020-05-01 15:50:51,309:DEBUG:carlini_l2_attack_v2:[ 896/1000] -  0m 38.2s - L2 mean: 1.1614
2020-05-01 15:51:21,283:DEBUG:carlini_l2_attack_v2:[ 960/1000] -  0m 30.0s - L2 mean: 1.2634
2020-05-01 15:51:21,283:DEBUG:attack_container:Time to complete [Carlini & Wagner Attack L2]: 10m 7.529s
2020-05-01 15:51:21,321:INFO:carlini_l2_attack_v2:Time to complete training 1000 adv. examples: 10m 7.595s
2020-05-01 15:51:21,321:INFO:attack:# of adv created from MnistCnnV2_MNIST: 1000
2020-05-01 15:51:21,335:INFO:attack:Success rate of Carlini: 0.897000
2020-05-01 15:51:21,335:INFO:attack:Accuracy on Carlini: 0.103000
2020-05-01 15:51:21,335:DEBUG:attack:Save adv. attack results into: MnistCnnV2_MNIST_Carlini
2020-05-01 15:51:21,377:INFO:attack_container:Saved results to save/MnistCnnV2_MNIST_Carlini_adv.npy
2020-05-01 15:51:21,377:DEBUG:attack:DeepFool params: {'max_iter': 100, 'epsilon': 1e-06, 'nb_grads': 10, 'batch_size': 16}
2020-05-01 15:51:21,394:INFO:pytorch:Inferred 1 hidden layers on PyTorch classifier.
2020-05-01 15:51:21,409:INFO:deepfool_attack:Accuracy on clean set: 0.996000
2020-05-01 15:52:04,527:INFO:deepfool:Success rate of DeepFool attack: 94.80%
2020-05-01 15:52:04,555:INFO:deepfool_attack:Time to complete training 1000 adv. examples: 0m 43.161s
2020-05-01 15:52:04,555:INFO:attack:# of adv created from MnistCnnV2_MNIST: 1000
2020-05-01 15:52:04,569:INFO:attack:Success rate of DeepFool: 0.634000
2020-05-01 15:52:04,569:INFO:attack:Accuracy on DeepFool: 0.366000
2020-05-01 15:52:04,569:DEBUG:attack:Save adv. attack results into: MnistCnnV2_MNIST_DeepFool
2020-05-01 15:52:04,611:INFO:attack_container:Saved results to save/MnistCnnV2_MNIST_DeepFool_adv.npy
2020-05-01 15:52:04,611:DEBUG:attack:Saliency params: {'theta': 0.1, 'gamma': 1.0, 'batch_size': 16}
2020-05-01 15:52:04,628:DEBUG:saliency_map_attack:clip_values = (0.0, 1.0)
2020-05-01 15:52:04,628:INFO:pytorch:Inferred 1 hidden layers on PyTorch classifier.
2020-05-01 15:52:04,643:INFO:saliency_map_attack:Accuracy on clean set: 0.996000
2020-05-01 15:53:28,746:INFO:saliency_map:Success rate of JSMA attack: 100.00%
2020-05-01 15:53:28,774:INFO:saliency_map_attack:Time to complete training 1000 adv. examples: 1m 24.146s
2020-05-01 15:53:28,774:INFO:attack:# of adv created from MnistCnnV2_MNIST: 1000
2020-05-01 15:53:28,788:INFO:attack:Success rate of Saliency: 1.000000
2020-05-01 15:53:28,788:INFO:attack:Accuracy on Saliency: 0.000000
2020-05-01 15:53:28,788:DEBUG:attack:Save adv. attack results into: MnistCnnV2_MNIST_Saliency
2020-05-01 15:53:28,822:INFO:attack_container:Saved results to save/MnistCnnV2_MNIST_Saliency_adv.npy
