2020-05-01 14:01:52,590:INFO:attack:Start at   : 20200501140152
2020-05-01 14:01:52,591:INFO:attack:RECEIVED PARAMETERS:
2020-05-01 14:01:52,591:INFO:attack:model file :./save/CifarCnn_CIFAR10_e50.pt
2020-05-01 14:01:52,591:INFO:attack:model      :CifarCnn
2020-05-01 14:01:52,591:INFO:attack:dataset    :CIFAR10
2020-05-01 14:01:52,591:INFO:attack:params     :./cmd/AttackParams.json
2020-05-01 14:01:52,591:INFO:attack:num_adv    :1000
2020-05-01 14:01:52,591:INFO:attack:seed       :4096
2020-05-01 14:01:52,591:INFO:attack:verbose    :True
2020-05-01 14:01:52,591:INFO:attack:save_log   :True
2020-05-01 14:01:52,591:INFO:attack:overwrite  :True
2020-05-01 14:01:52,591:INFO:attack:dirname    :'./save'
2020-05-01 14:01:52,591:INFO:attack:attacks    :FGSM
2020-05-01 14:01:52,591:DEBUG:utils:Setting random seed for PyTorch.
2020-05-01 14:01:52,618:DEBUG:utils:/home/lukec/workspace/aad/aad/../data
2020-05-01 14:01:58,082:INFO:data_container:Train size: 50000 - Test size: 10000
2020-05-01 14:01:58,082:INFO:data_container:Successfully load data. Time to complete: 0m 5.464s
2020-05-01 14:01:58,099:INFO:attack:Use CifarCnn model
2020-05-01 14:02:00,334:DEBUG:model_container_pt:Using device: cuda
2020-05-01 14:02:00,343:INFO:model_container_pt:Loaded model from ./save/CifarCnn_CIFAR10_e50.pt
2020-05-01 14:02:00,710:INFO:attack:Accuracy on test set: 0.814800
2020-05-01 14:02:00,711:DEBUG:attack:FGSM params: {'eps': 0.3, 'eps_step': 0.1, 'minimal': True}
2020-05-01 14:02:00,763:INFO:pytorch:Inferred 1 hidden layers on PyTorch classifier.
2020-05-01 14:02:00,806:INFO:fgsm_attack:Accuracy on clean set: 0.836000
2020-05-01 14:02:00,806:INFO:fast_gradient:Using model predictions as correct labels for FGM.
2020-05-01 14:02:00,844:INFO:fast_gradient:Performing minimal perturbation FGM.
2020-05-01 14:02:01,117:INFO:fast_gradient:Success rate of FGM attack: 97.70%
2020-05-01 14:02:01,192:INFO:fgsm_attack:Time to complete training 1000 adv. examples: 0m 0.428s
2020-05-01 14:02:01,192:INFO:attack:# of adv created from CifarCnn_CIFAR10: 1000
2020-05-01 14:02:01,230:INFO:attack:Success rate of FGSM: 0.977000
2020-05-01 14:02:01,230:INFO:attack:Accuracy on FGSM: 0.023000
2020-05-01 14:02:01,230:DEBUG:attack:Save adv. attack results into: CifarCnn_CIFAR10_FGSM
2020-05-01 14:02:01,365:INFO:attack_container:Saved results to save/CifarCnn_CIFAR10_FGSM_adv.npy
