2020-05-01 16:32:57,085:INFO:attack:Start at   : 20200501163257
2020-05-01 16:32:57,085:INFO:attack:RECEIVED PARAMETERS:
2020-05-01 16:32:57,085:INFO:attack:model file :./save/CifarResnet50_SVHN_e50.pt
2020-05-01 16:32:57,085:INFO:attack:model      :CifarResnet50
2020-05-01 16:32:57,085:INFO:attack:dataset    :SVHN
2020-05-01 16:32:57,085:INFO:attack:params     :./cmd/AttackParams.json
2020-05-01 16:32:57,085:INFO:attack:num_adv    :1000
2020-05-01 16:32:57,085:INFO:attack:seed       :4096
2020-05-01 16:32:57,085:INFO:attack:verbose    :True
2020-05-01 16:32:57,085:INFO:attack:save_log   :True
2020-05-01 16:32:57,085:INFO:attack:overwrite  :True
2020-05-01 16:32:57,085:INFO:attack:dirname    :'./save'
2020-05-01 16:32:57,085:INFO:attack:attacks    :BIM, Carlini, DeepFool, Saliency
2020-05-01 16:32:57,085:DEBUG:utils:Setting random seed for PyTorch.
2020-05-01 16:32:57,112:DEBUG:utils:/home/lukec/workspace/aad/aad/../data
2020-05-01 16:33:06,690:INFO:data_container:Train size: 73257 - Test size: 26032
2020-05-01 16:33:06,690:INFO:data_container:Successfully load data. Time to complete: 0m 9.578s
2020-05-01 16:33:07,028:INFO:attack:Use CifarResnet50 model
2020-05-01 16:33:09,327:DEBUG:model_container_pt:Using device: cuda
2020-05-01 16:33:09,380:INFO:model_container_pt:Loaded model from ./save/CifarResnet50_SVHN_e50.pt
2020-05-01 16:33:12,158:INFO:attack:Accuracy on test set: 0.927359
2020-05-01 16:33:12,159:DEBUG:attack:BIM params: {'eps': 0.3, 'eps_step': 0.1, 'max_iter': 100, 'targeted': False}
2020-05-01 16:33:12,236:INFO:pytorch:Inferred 1 hidden layers on PyTorch classifier.
2020-05-01 16:33:12,347:INFO:bim_attack:Accuracy on clean set: 0.900000
2020-05-01 16:34:19,724:INFO:projected_gradient_descent:Success rate of attack: 100.00%
2020-05-01 16:34:19,941:INFO:bim_attack:Time to complete training 1000 adv. examples: 1m 7.703s
2020-05-01 16:34:19,941:INFO:attack:# of adv created from CifarResnet50_SVHN: 1000
2020-05-01 16:34:20,052:INFO:attack:Success rate of BIM: 1.000000
2020-05-01 16:34:20,052:INFO:attack:Accuracy on BIM: 0.000000
2020-05-01 16:34:20,052:DEBUG:attack:Save adv. attack results into: CifarResnet50_SVHN_BIM
2020-05-01 16:34:20,188:INFO:attack_container:Saved results to save/CifarResnet50_SVHN_BIM_adv.npy
2020-05-01 16:34:20,188:DEBUG:attack:Carlini params: {'targeted': False, 'learning_rate': 0.01, 'binary_search_steps': 9, 'max_iter': 1000, 'confidence': 0, 'initial_const': 0.001, 'c_range': [0, 10000000000.0], 'abort_early': False, 'batch_size': 64}
2020-05-01 16:34:20,453:INFO:carlini_l2_attack_v2:Accuracy on clean set: 0.900000
2020-05-01 16:40:31,065:DEBUG:carlini_l2_attack_v2:[   0/1000] -  6m 10.5s - L2 mean: 0.1396
2020-05-01 16:46:46,810:DEBUG:carlini_l2_attack_v2:[  64/1000] -  6m 15.7s - L2 mean: 0.1380
2020-05-01 16:53:00,929:DEBUG:carlini_l2_attack_v2:[ 128/1000] -  6m 14.1s - L2 mean: 0.1256
2020-05-01 16:59:07,798:DEBUG:carlini_l2_attack_v2:[ 192/1000] -  6m 6.9s - L2 mean: 0.1386
2020-05-01 17:05:13,635:DEBUG:carlini_l2_attack_v2:[ 256/1000] -  6m 5.8s - L2 mean: 0.1286
2020-05-01 17:11:18,618:DEBUG:carlini_l2_attack_v2:[ 320/1000] -  6m 5.0s - L2 mean: 0.1482
2020-05-01 17:17:23,440:DEBUG:carlini_l2_attack_v2:[ 384/1000] -  6m 4.8s - L2 mean: 0.1257
2020-05-01 17:23:28,427:DEBUG:carlini_l2_attack_v2:[ 448/1000] -  6m 5.0s - L2 mean: 0.1411
2020-05-01 17:29:33,459:DEBUG:carlini_l2_attack_v2:[ 512/1000] -  6m 5.0s - L2 mean: 0.1475
2020-05-01 17:35:38,450:DEBUG:carlini_l2_attack_v2:[ 576/1000] -  6m 5.0s - L2 mean: 0.1376
2020-05-01 17:41:51,015:DEBUG:carlini_l2_attack_v2:[ 640/1000] -  6m 12.6s - L2 mean: 0.1201
2020-05-01 17:48:09,677:DEBUG:carlini_l2_attack_v2:[ 704/1000] -  6m 18.7s - L2 mean: 0.1335
2020-05-01 17:54:26,599:DEBUG:carlini_l2_attack_v2:[ 768/1000] -  6m 16.9s - L2 mean: 0.1432
2020-05-01 18:00:40,369:DEBUG:carlini_l2_attack_v2:[ 832/1000] -  6m 13.8s - L2 mean: 0.1329
2020-05-01 18:06:57,511:DEBUG:carlini_l2_attack_v2:[ 896/1000] -  6m 17.1s - L2 mean: 0.1343
2020-05-01 18:11:38,513:DEBUG:carlini_l2_attack_v2:[ 960/1000] -  4m 41.0s - L2 mean: 0.1271
2020-05-01 18:11:38,513:DEBUG:attack_container:Time to complete [Carlini & Wagner Attack L2]: 97m 17.951s
2020-05-01 18:11:38,736:INFO:carlini_l2_attack_v2:Time to complete training 1000 adv. examples: 97m 18.390s
2020-05-01 18:11:38,736:INFO:attack:# of adv created from CifarResnet50_SVHN: 1000
2020-05-01 18:11:38,848:INFO:attack:Success rate of Carlini: 0.902000
2020-05-01 18:11:38,848:INFO:attack:Accuracy on Carlini: 0.098000
2020-05-01 18:11:38,848:DEBUG:attack:Save adv. attack results into: CifarResnet50_SVHN_Carlini
2020-05-01 18:11:38,990:INFO:attack_container:Saved results to save/CifarResnet50_SVHN_Carlini_adv.npy
2020-05-01 18:11:38,990:DEBUG:attack:DeepFool params: {'max_iter': 100, 'epsilon': 1e-06, 'nb_grads': 10, 'batch_size': 16}
2020-05-01 18:11:39,081:INFO:pytorch:Inferred 1 hidden layers on PyTorch classifier.
2020-05-01 18:11:39,195:INFO:deepfool_attack:Accuracy on clean set: 0.900000
2020-05-01 18:22:30,988:INFO:deepfool:Success rate of DeepFool attack: 93.70%
2020-05-01 18:22:31,217:INFO:deepfool_attack:Time to complete training 1000 adv. examples: 10m 52.133s
2020-05-01 18:22:31,217:INFO:attack:# of adv created from CifarResnet50_SVHN: 1000
2020-05-01 18:22:31,329:INFO:attack:Success rate of DeepFool: 0.810000
2020-05-01 18:22:31,329:INFO:attack:Accuracy on DeepFool: 0.190000
2020-05-01 18:22:31,329:DEBUG:attack:Save adv. attack results into: CifarResnet50_SVHN_DeepFool
2020-05-01 18:22:31,461:INFO:attack_container:Saved results to save/CifarResnet50_SVHN_DeepFool_adv.npy
2020-05-01 18:22:31,461:DEBUG:attack:Saliency params: {'theta': 0.1, 'gamma': 1.0, 'batch_size': 16}
2020-05-01 18:22:31,548:DEBUG:saliency_map_attack:clip_values = (0.0, 1.0)
2020-05-01 18:22:31,548:INFO:pytorch:Inferred 1 hidden layers on PyTorch classifier.
2020-05-01 18:22:31,663:INFO:saliency_map_attack:Accuracy on clean set: 0.900000
2020-05-01 18:33:55,454:INFO:saliency_map:Success rate of JSMA attack: 100.00%
2020-05-01 18:33:55,671:INFO:saliency_map_attack:Time to complete training 1000 adv. examples: 11m 24.120s
2020-05-01 18:33:55,671:INFO:attack:# of adv created from CifarResnet50_SVHN: 1000
2020-05-01 18:33:55,783:INFO:attack:Success rate of Saliency: 0.999000
2020-05-01 18:33:55,783:INFO:attack:Accuracy on Saliency: 0.001000
2020-05-01 18:33:55,783:DEBUG:attack:Save adv. attack results into: CifarResnet50_SVHN_Saliency
2020-05-01 18:33:55,920:INFO:attack_container:Saved results to save/CifarResnet50_SVHN_Saliency_adv.npy
