2020-04-07 04:05:32,636:INFO:defend_ad:Start at    : 20200407040532
2020-04-07 04:05:32,637:INFO:defend_ad:RECEIVED PARAMETERS:
2020-04-07 04:05:32,637:INFO:defend_ad:model file  :./save/CifarResnet50_SVHN_e30.pt
2020-04-07 04:05:32,637:INFO:defend_ad:adv file    :./save/CifarResnet50_SVHN_FGSM_adv.npy
2020-04-07 04:05:32,637:INFO:defend_ad:model       :CifarResnet50
2020-04-07 04:05:32,637:INFO:defend_ad:dataset     :SVHN
2020-04-07 04:05:32,637:INFO:defend_ad:param file  :./cmd/AdParamsLarge.json
2020-04-07 04:05:32,637:INFO:defend_ad:seed        :4096
2020-04-07 04:05:32,637:INFO:defend_ad:verbose     :True
2020-04-07 04:05:32,637:INFO:defend_ad:save_log    :True
2020-04-07 04:05:32,637:INFO:defend_ad:check_clean :True
2020-04-07 04:05:32,637:DEBUG:defend_ad:params     : {'k1': 9, 'reliability': 1.6, 'sample_ratio': 0.2, 'confidence': 0.9, 'kappa': 10, 'disable_s2': False}
2020-04-07 04:05:32,637:DEBUG:utils:Setting random seed for PyTorch.
2020-04-07 04:05:32,658:DEBUG:utils:/home/lukec/workspace/aad/aad/../data
2020-04-07 04:05:43,102:INFO:data_container:Train size: 73257 - Test size: 26032
2020-04-07 04:05:43,103:INFO:data_container:Successfully load data. Time to complete: 0m 10.444s
2020-04-07 04:05:43,454:INFO:defend_ad:Use CifarResnet50 model
2020-04-07 04:05:45,837:DEBUG:model_container_pt:Using device: cuda
2020-04-07 04:05:45,895:INFO:model_container_pt:Loaded model from ./save/CifarResnet50_SVHN_e30.pt
2020-04-07 04:05:48,720:INFO:defend_ad:Accuracy on test set: 0.927090
2020-04-07 04:05:48,720:DEBUG:applicability_domain:Before swap channel: x_np: (73257, 32, 32, 3)
2020-04-07 04:05:55,974:DEBUG:applicability_domain:Number of input attributes: 2048
2020-04-07 04:05:56,343:DEBUG:detector_container:Time to complete [AD Stage 1]: 0m 7.623s
2020-04-07 04:11:59,463:DEBUG:detector_container:Time to complete [AD Stage 2]: 6m 3.120s
2020-04-07 04:11:59,463:DEBUG:applicability_domain:k for Stage 3: 100
2020-04-07 04:12:24,901:DEBUG:applicability_domain:[AD Stage 3]: Size of train set: 14651
2020-04-07 04:22:41,220:DEBUG:applicability_domain:Train set likelihood = 0.999511
2020-04-07 04:22:41,236:DEBUG:detector_container:Time to complete [AD Stage 3]: 10m 41.773s
2020-04-07 04:22:41,271:DEBUG:applicability_domain:Stage 1: blocked 0 inputs
2020-04-07 04:22:42,493:DEBUG:applicability_domain:Stage 2: blocked 16 inputs
2020-04-07 04:22:46,266:DEBUG:applicability_domain:Mean likelihood on adv: 0.990833
2020-04-07 04:22:46,266:DEBUG:applicability_domain:Stage 3: blocked 3 inputs
2020-04-07 04:22:46,266:INFO:defend_ad:Blocked 19/100 samples on clean samples
2020-04-07 04:22:46,292:DEBUG:applicability_domain:Stage 1: blocked 0 inputs
2020-04-07 04:22:47,613:DEBUG:applicability_domain:Stage 2: blocked 96 inputs
2020-04-07 04:22:48,020:DEBUG:applicability_domain:Mean likelihood on adv: 1.000000
2020-04-07 04:22:48,020:DEBUG:applicability_domain:Stage 3: blocked 0 inputs
2020-04-07 04:22:48,020:INFO:defend_ad:Blocked 96/100 samples on adv. examples
2020-04-07 04:22:48,020:INFO:defend_ad:[result]./save/CifarResnet50_SVHN_e30.pt,./save/CifarResnet50_SVHN_FGSM_adv.npy,9,1.6,0.2,0.9,10,False,clean,0,16,3
2020-04-07 04:22:48,020:INFO:defend_ad:[result]./save/CifarResnet50_SVHN_e30.pt,./save/CifarResnet50_SVHN_FGSM_adv.npy,9,1.6,0.2,0.9,10,False,adv,0,96,0
