2020-05-01 14:02:14,247:INFO:attack:Start at   : 20200501140214
2020-05-01 14:02:14,247:INFO:attack:RECEIVED PARAMETERS:
2020-05-01 14:02:14,247:INFO:attack:model file :./save/CifarCnn_SVHN_e50.pt
2020-05-01 14:02:14,247:INFO:attack:model      :CifarCnn
2020-05-01 14:02:14,247:INFO:attack:dataset    :SVHN
2020-05-01 14:02:14,248:INFO:attack:params     :./cmd/AttackParams.json
2020-05-01 14:02:14,248:INFO:attack:num_adv    :1000
2020-05-01 14:02:14,248:INFO:attack:seed       :4096
2020-05-01 14:02:14,248:INFO:attack:verbose    :True
2020-05-01 14:02:14,248:INFO:attack:save_log   :True
2020-05-01 14:02:14,248:INFO:attack:overwrite  :True
2020-05-01 14:02:14,248:INFO:attack:dirname    :'./save'
2020-05-01 14:02:14,248:INFO:attack:attacks    :FGSM
2020-05-01 14:02:14,248:DEBUG:utils:Setting random seed for PyTorch.
2020-05-01 14:02:14,275:DEBUG:utils:/home/lukec/workspace/aad/aad/../data
2020-05-01 14:02:24,183:INFO:data_container:Train size: 73257 - Test size: 26032
2020-05-01 14:02:24,183:INFO:data_container:Successfully load data. Time to complete: 0m 9.908s
2020-05-01 14:02:24,193:INFO:attack:Use CifarCnn model
2020-05-01 14:02:26,500:DEBUG:model_container_pt:Using device: cuda
2020-05-01 14:02:26,514:INFO:model_container_pt:Loaded model from ./save/CifarCnn_SVHN_e50.pt
2020-05-01 14:02:27,506:INFO:attack:Accuracy on test set: 0.936501
2020-05-01 14:02:27,506:DEBUG:attack:FGSM params: {'eps': 0.3, 'eps_step': 0.1, 'minimal': True}
2020-05-01 14:02:27,584:INFO:pytorch:Inferred 1 hidden layers on PyTorch classifier.
2020-05-01 14:02:27,625:INFO:fgsm_attack:Accuracy on clean set: 0.922000
2020-05-01 14:02:27,625:INFO:fast_gradient:Using model predictions as correct labels for FGM.
2020-05-01 14:02:27,663:INFO:fast_gradient:Performing minimal perturbation FGM.
2020-05-01 14:02:27,934:INFO:fast_gradient:Success rate of FGM attack: 95.50%
2020-05-01 14:02:28,009:INFO:fgsm_attack:Time to complete training 1000 adv. examples: 0m 0.425s
2020-05-01 14:02:28,009:INFO:attack:# of adv created from CifarCnn_SVHN: 1000
2020-05-01 14:02:28,047:INFO:attack:Success rate of FGSM: 0.955000
2020-05-01 14:02:28,047:INFO:attack:Accuracy on FGSM: 0.045000
2020-05-01 14:02:28,047:DEBUG:attack:Save adv. attack results into: CifarCnn_SVHN_FGSM
2020-05-01 14:02:28,173:INFO:attack_container:Saved results to save/CifarCnn_SVHN_FGSM_adv.npy
