2020-04-20 11:36:55,159:INFO:attack:Start at   : 20200420113655
2020-04-20 11:36:55,160:INFO:attack:RECEIVED PARAMETERS:
2020-04-20 11:36:55,160:INFO:attack:model file :./save/MnistCnnV2_MNIST_e50.pt
2020-04-20 11:36:55,160:INFO:attack:model      :MnistCnnV2
2020-04-20 11:36:55,160:INFO:attack:dataset    :MNIST
2020-04-20 11:36:55,160:INFO:attack:params     :./cmd/AttackParams.json
2020-04-20 11:36:55,160:INFO:attack:num_adv    :1000
2020-04-20 11:36:55,160:INFO:attack:seed       :4096
2020-04-20 11:36:55,160:INFO:attack:verbose    :True
2020-04-20 11:36:55,160:INFO:attack:save_log   :True
2020-04-20 11:36:55,160:INFO:attack:overwrite  :True
2020-04-20 11:36:55,160:INFO:attack:dirname    :'./save'
2020-04-20 11:36:55,160:INFO:attack:attacks    :FGSM, BIM, Carlini, DeepFool, Saliency
2020-04-20 11:36:55,160:DEBUG:utils:Setting random seed for PyTorch.
2020-04-20 11:36:55,195:DEBUG:utils:/home/lukec/workspace/aad/aad/../data
2020-04-20 11:36:59,019:INFO:data_container:Train size: 60000 - Test size: 10000
2020-04-20 11:36:59,019:INFO:data_container:Successfully load data. Time to complete: 0m 3.823s
2020-04-20 11:36:59,028:INFO:attack:Use MnistCnnV2 model
2020-04-20 11:37:01,360:DEBUG:model_container_pt:Using device: cuda
2020-04-20 11:37:01,363:INFO:model_container_pt:Loaded model from ./save/MnistCnnV2_MNIST_e50.pt
2020-04-20 11:37:01,511:INFO:attack:Accuracy on test set: 0.990900
2020-04-20 11:37:01,511:DEBUG:attack:FGSM params: {'eps': 0.3, 'eps_step': 0.1, 'minimal': True}
2020-04-20 11:37:01,528:INFO:pytorch:Inferred 1 hidden layers on PyTorch classifier.
2020-04-20 11:37:01,529:INFO:fast_gradient:Using model predictions as correct labels for FGM.
2020-04-20 11:37:01,544:INFO:fast_gradient:Performing minimal perturbation FGM.
2020-04-20 11:37:01,655:INFO:fast_gradient:Success rate of FGM attack: 58.90%
2020-04-20 11:37:01,685:INFO:fgsm_attack:Time to complete training 1000 adv. examples: 0m 0.156s
2020-04-20 11:37:01,685:INFO:attack:# of adv created from MnistCnnV2_MNIST: 1000
2020-04-20 11:37:01,700:INFO:attack:Success rate of FGSM: 0.589000
2020-04-20 11:37:01,700:INFO:attack:Accuracy on FGSM: 0.411000
2020-04-20 11:37:01,700:DEBUG:attack:Save adv. attack results into: MnistCnnV2_MNIST_FGSM
2020-04-20 11:37:01,733:INFO:attack_container:Saved results to save/MnistCnnV2_MNIST_FGSM_adv.npy
2020-04-20 11:37:01,733:DEBUG:attack:BIM params: {'eps': 0.3, 'eps_step': 0.1, 'max_iter': 100, 'targeted': False}
2020-04-20 11:37:01,751:INFO:pytorch:Inferred 1 hidden layers on PyTorch classifier.
2020-04-20 11:37:07,425:INFO:projected_gradient_descent:Success rate of attack: 100.00%
2020-04-20 11:37:07,456:INFO:bim_attack:Time to complete training 1000 adv. examples: 0m 5.704s
2020-04-20 11:37:07,456:INFO:attack:# of adv created from MnistCnnV2_MNIST: 1000
2020-04-20 11:37:07,470:INFO:attack:Success rate of BIM: 1.000000
2020-04-20 11:37:07,470:INFO:attack:Accuracy on BIM: 0.000000
2020-04-20 11:37:07,470:DEBUG:attack:Save adv. attack results into: MnistCnnV2_MNIST_BIM
2020-04-20 11:37:07,504:INFO:attack_container:Saved results to save/MnistCnnV2_MNIST_BIM_adv.npy
2020-04-20 11:37:07,504:DEBUG:attack:Carlini params: {'targeted': False, 'learning_rate': 0.01, 'binary_search_steps': 9, 'max_iter': 1000, 'confidence': 0, 'initial_const': 0.001, 'c_range': [0, 10000000000.0], 'abort_early': False, 'batch_size': 64}
2020-04-20 11:37:50,045:DEBUG:carlini_l2_attack_v2:[   0/1000] -  0m 42.5s - L2 mean: 1.4371
2020-04-20 11:38:32,856:DEBUG:carlini_l2_attack_v2:[  64/1000] -  0m 42.8s - L2 mean: 1.4683
2020-04-20 11:39:15,581:DEBUG:carlini_l2_attack_v2:[ 128/1000] -  0m 42.7s - L2 mean: 1.2580
2020-04-20 11:39:57,710:DEBUG:carlini_l2_attack_v2:[ 192/1000] -  0m 42.1s - L2 mean: 1.3977
2020-04-20 11:40:40,209:DEBUG:carlini_l2_attack_v2:[ 256/1000] -  0m 42.5s - L2 mean: 1.4258
2020-04-20 11:41:22,707:DEBUG:carlini_l2_attack_v2:[ 320/1000] -  0m 42.5s - L2 mean: 1.2970
2020-04-20 11:42:05,270:DEBUG:carlini_l2_attack_v2:[ 384/1000] -  0m 42.6s - L2 mean: 1.4183
2020-04-20 11:42:48,089:DEBUG:carlini_l2_attack_v2:[ 448/1000] -  0m 42.8s - L2 mean: 1.4418
2020-04-20 11:43:30,891:DEBUG:carlini_l2_attack_v2:[ 512/1000] -  0m 42.8s - L2 mean: 1.3127
2020-04-20 11:44:13,999:DEBUG:carlini_l2_attack_v2:[ 576/1000] -  0m 43.1s - L2 mean: 1.3727
2020-04-20 11:44:57,212:DEBUG:carlini_l2_attack_v2:[ 640/1000] -  0m 43.2s - L2 mean: 1.3658
2020-04-20 11:45:39,944:DEBUG:carlini_l2_attack_v2:[ 704/1000] -  0m 42.7s - L2 mean: 1.3816
2020-04-20 11:46:22,771:DEBUG:carlini_l2_attack_v2:[ 768/1000] -  0m 42.8s - L2 mean: 1.4194
2020-04-20 11:47:05,475:DEBUG:carlini_l2_attack_v2:[ 832/1000] -  0m 42.7s - L2 mean: 1.4234
2020-04-20 11:47:48,120:DEBUG:carlini_l2_attack_v2:[ 896/1000] -  0m 42.6s - L2 mean: 1.4891
2020-04-20 11:48:22,904:DEBUG:carlini_l2_attack_v2:[ 960/1000] -  0m 34.8s - L2 mean: 1.2733
2020-04-20 11:48:22,904:DEBUG:attack_container:Time to complete [Carlini & Wagner Attack L2]: 11m 15.351s
2020-04-20 11:48:22,943:INFO:carlini_l2_attack_v2:Time to complete training 1000 adv. examples: 11m 15.406s
2020-04-20 11:48:22,943:INFO:attack:# of adv created from MnistCnnV2_MNIST: 1000
2020-04-20 11:48:22,960:INFO:attack:Success rate of Carlini: 0.903000
2020-04-20 11:48:22,960:INFO:attack:Accuracy on Carlini: 0.097000
2020-04-20 11:48:22,960:DEBUG:attack:Save adv. attack results into: MnistCnnV2_MNIST_Carlini
2020-04-20 11:48:22,995:INFO:attack_container:Saved results to save/MnistCnnV2_MNIST_Carlini_adv.npy
2020-04-20 11:48:22,995:DEBUG:attack:DeepFool params: {'max_iter': 100, 'epsilon': 1e-06, 'nb_grads': 10, 'batch_size': 16}
2020-04-20 11:48:23,015:INFO:pytorch:Inferred 1 hidden layers on PyTorch classifier.
2020-04-20 11:49:39,566:INFO:deepfool:Success rate of DeepFool attack: 90.60%
2020-04-20 11:49:39,596:INFO:deepfool_attack:Time to complete training 1000 adv. examples: 1m 16.580s
2020-04-20 11:49:39,596:INFO:attack:# of adv created from MnistCnnV2_MNIST: 1000
2020-04-20 11:49:39,611:INFO:attack:Success rate of DeepFool: 0.587000
2020-04-20 11:49:39,611:INFO:attack:Accuracy on DeepFool: 0.413000
2020-04-20 11:49:39,611:DEBUG:attack:Save adv. attack results into: MnistCnnV2_MNIST_DeepFool
2020-04-20 11:49:39,644:INFO:attack_container:Saved results to save/MnistCnnV2_MNIST_DeepFool_adv.npy
2020-04-20 11:49:39,645:DEBUG:attack:Saliency params: {'targeted': False, 'learning_rate': 0.01, 'max_iter': 15, 'binary_search_steps': 5, 'abort_early': True, 'use_resize': False, 'use_importance': False}
