2020-05-01 14:09:03,589:INFO:attack:Start at   : 20200501140903
2020-05-01 14:09:03,589:INFO:attack:RECEIVED PARAMETERS:
2020-05-01 14:09:03,589:INFO:attack:model file :./save/CifarResnet50_SVHN_e50.pt
2020-05-01 14:09:03,589:INFO:attack:model      :CifarResnet50
2020-05-01 14:09:03,589:INFO:attack:dataset    :SVHN
2020-05-01 14:09:03,589:INFO:attack:params     :./cmd/AttackParams.json
2020-05-01 14:09:03,589:INFO:attack:num_adv    :1000
2020-05-01 14:09:03,589:INFO:attack:seed       :4096
2020-05-01 14:09:03,589:INFO:attack:verbose    :True
2020-05-01 14:09:03,589:INFO:attack:save_log   :True
2020-05-01 14:09:03,589:INFO:attack:overwrite  :True
2020-05-01 14:09:03,589:INFO:attack:dirname    :'./save'
2020-05-01 14:09:03,589:INFO:attack:attacks    :FGSM
2020-05-01 14:09:03,589:DEBUG:utils:Setting random seed for PyTorch.
2020-05-01 14:09:03,619:DEBUG:utils:/home/lukec/workspace/aad/aad/../data
2020-05-01 14:09:13,305:INFO:data_container:Train size: 73257 - Test size: 26032
2020-05-01 14:09:13,305:INFO:data_container:Successfully load data. Time to complete: 0m 9.686s
2020-05-01 14:09:13,640:INFO:attack:Use CifarResnet50 model
2020-05-01 14:09:16,029:DEBUG:model_container_pt:Using device: cuda
2020-05-01 14:09:16,090:INFO:model_container_pt:Loaded model from ./save/CifarResnet50_SVHN_e50.pt
2020-05-01 14:09:18,974:INFO:attack:Accuracy on test set: 0.927359
2020-05-01 14:09:18,974:DEBUG:attack:FGSM params: {'eps': 0.3, 'eps_step': 0.1, 'minimal': True}
2020-05-01 14:09:19,053:INFO:pytorch:Inferred 1 hidden layers on PyTorch classifier.
2020-05-01 14:09:19,165:INFO:fgsm_attack:Accuracy on clean set: 0.900000
2020-05-01 14:09:19,165:INFO:fast_gradient:Using model predictions as correct labels for FGM.
2020-05-01 14:09:19,312:INFO:fast_gradient:Performing minimal perturbation FGM.
2020-05-01 14:09:20,538:INFO:fast_gradient:Success rate of FGM attack: 92.30%
2020-05-01 14:09:20,753:INFO:fgsm_attack:Time to complete training 1000 adv. examples: 0m 1.698s
2020-05-01 14:09:20,753:INFO:attack:# of adv created from CifarResnet50_SVHN: 1000
2020-05-01 14:09:20,859:INFO:attack:Success rate of FGSM: 0.923000
2020-05-01 14:09:20,859:INFO:attack:Accuracy on FGSM: 0.077000
2020-05-01 14:09:20,860:DEBUG:attack:Save adv. attack results into: CifarResnet50_SVHN_FGSM
2020-05-01 14:09:20,999:INFO:attack_container:Saved results to save/CifarResnet50_SVHN_FGSM_adv.npy
