2020-04-20 13:49:48,397:INFO:attack:Start at   : 20200420134948
2020-04-20 13:49:48,397:INFO:attack:RECEIVED PARAMETERS:
2020-04-20 13:49:48,397:INFO:attack:model file :./save/CifarResnet50_SVHN_e30.pt
2020-04-20 13:49:48,397:INFO:attack:model      :CifarResnet50
2020-04-20 13:49:48,397:INFO:attack:dataset    :SVHN
2020-04-20 13:49:48,397:INFO:attack:params     :./cmd/AttackParams.json
2020-04-20 13:49:48,397:INFO:attack:num_adv    :1000
2020-04-20 13:49:48,397:INFO:attack:seed       :4096
2020-04-20 13:49:48,397:INFO:attack:verbose    :True
2020-04-20 13:49:48,398:INFO:attack:save_log   :True
2020-04-20 13:49:48,398:INFO:attack:overwrite  :True
2020-04-20 13:49:48,398:INFO:attack:dirname    :'./save'
2020-04-20 13:49:48,398:INFO:attack:attacks    :FGSM, BIM, Carlini, DeepFool, Saliency
2020-04-20 13:49:48,398:DEBUG:utils:Setting random seed for PyTorch.
2020-04-20 13:49:48,428:DEBUG:utils:/home/lukec/workspace/aad/aad/../data
2020-04-20 13:49:58,201:INFO:data_container:Train size: 73257 - Test size: 26032
2020-04-20 13:49:58,201:INFO:data_container:Successfully load data. Time to complete: 0m 9.773s
2020-04-20 13:49:58,537:INFO:attack:Use CifarResnet50 model
2020-04-20 13:50:00,868:DEBUG:model_container_pt:Using device: cuda
2020-04-20 13:50:00,950:INFO:model_container_pt:Loaded model from ./save/CifarResnet50_SVHN_e30.pt
2020-04-20 13:50:03,923:INFO:attack:Accuracy on test set: 0.927090
2020-04-20 13:50:03,923:DEBUG:attack:FGSM params: {'eps': 0.3, 'eps_step': 0.1, 'minimal': True}
2020-04-20 13:50:04,002:INFO:pytorch:Inferred 1 hidden layers on PyTorch classifier.
2020-04-20 13:50:04,007:INFO:fast_gradient:Using model predictions as correct labels for FGM.
2020-04-20 13:50:04,168:INFO:fast_gradient:Performing minimal perturbation FGM.
2020-04-20 13:50:05,522:INFO:fast_gradient:Success rate of FGM attack: 91.30%
2020-04-20 13:50:05,758:INFO:fgsm_attack:Time to complete training 1000 adv. examples: 0m 1.753s
2020-04-20 13:50:05,758:INFO:attack:# of adv created from CifarResnet50_SVHN: 1000
2020-04-20 13:50:05,874:INFO:attack:Success rate of FGSM: 0.913000
2020-04-20 13:50:05,874:INFO:attack:Accuracy on FGSM: 0.087000
2020-04-20 13:50:05,874:DEBUG:attack:Save adv. attack results into: CifarResnet50_SVHN_FGSM
2020-04-20 13:50:06,023:INFO:attack_container:Saved results to save/CifarResnet50_SVHN_FGSM_adv.npy
2020-04-20 13:50:06,023:DEBUG:attack:BIM params: {'eps': 0.3, 'eps_step': 0.1, 'max_iter': 100, 'targeted': False}
2020-04-20 13:50:06,102:INFO:pytorch:Inferred 1 hidden layers on PyTorch classifier.
2020-04-20 13:51:21,078:INFO:projected_gradient_descent:Success rate of attack: 100.00%
2020-04-20 13:51:21,317:INFO:bim_attack:Time to complete training 1000 adv. examples: 1m 15.212s
2020-04-20 13:51:21,317:INFO:attack:# of adv created from CifarResnet50_SVHN: 1000
2020-04-20 13:51:21,435:INFO:attack:Success rate of BIM: 1.000000
2020-04-20 13:51:21,435:INFO:attack:Accuracy on BIM: 0.000000
2020-04-20 13:51:21,435:DEBUG:attack:Save adv. attack results into: CifarResnet50_SVHN_BIM
2020-04-20 13:51:21,561:INFO:attack_container:Saved results to save/CifarResnet50_SVHN_BIM_adv.npy
2020-04-20 13:51:21,561:DEBUG:attack:Carlini params: {'targeted': False, 'learning_rate': 0.01, 'binary_search_steps': 9, 'max_iter': 1000, 'confidence': 0, 'initial_const': 0.001, 'c_range': [0, 10000000000.0], 'abort_early': False, 'batch_size': 64}
2020-04-20 13:58:20,024:DEBUG:carlini_l2_attack_v2:[   0/1000] -  6m 58.2s - L2 mean: 0.1285
2020-04-20 14:05:17,857:DEBUG:carlini_l2_attack_v2:[  64/1000] -  6m 57.8s - L2 mean: 0.1445
2020-04-20 14:12:21,830:DEBUG:carlini_l2_attack_v2:[ 128/1000] -  7m 4.0s - L2 mean: 0.1281
2020-04-20 14:19:23,164:DEBUG:carlini_l2_attack_v2:[ 192/1000] -  7m 1.3s - L2 mean: 0.1178
2020-04-20 14:26:23,456:DEBUG:carlini_l2_attack_v2:[ 256/1000] -  7m 0.3s - L2 mean: 0.1235
2020-04-20 14:33:20,091:DEBUG:carlini_l2_attack_v2:[ 320/1000] -  6m 56.6s - L2 mean: 0.1249
2020-04-20 14:40:07,243:DEBUG:carlini_l2_attack_v2:[ 384/1000] -  6m 47.2s - L2 mean: 0.1282
2020-04-20 14:46:42,951:DEBUG:carlini_l2_attack_v2:[ 448/1000] -  6m 35.7s - L2 mean: 0.1183
2020-04-20 14:53:13,427:DEBUG:carlini_l2_attack_v2:[ 512/1000] -  6m 30.5s - L2 mean: 0.1486
2020-04-20 15:00:02,508:DEBUG:carlini_l2_attack_v2:[ 576/1000] -  6m 49.1s - L2 mean: 0.1323
2020-04-20 15:06:49,622:DEBUG:carlini_l2_attack_v2:[ 640/1000] -  6m 47.1s - L2 mean: 0.1166
2020-04-20 15:13:29,003:DEBUG:carlini_l2_attack_v2:[ 704/1000] -  6m 39.4s - L2 mean: 0.1314
2020-04-20 15:19:59,242:DEBUG:carlini_l2_attack_v2:[ 768/1000] -  6m 30.2s - L2 mean: 0.1374
2020-04-20 15:26:29,488:DEBUG:carlini_l2_attack_v2:[ 832/1000] -  6m 30.2s - L2 mean: 0.1387
2020-04-20 15:32:59,704:DEBUG:carlini_l2_attack_v2:[ 896/1000] -  6m 30.2s - L2 mean: 0.1245
2020-04-20 15:37:55,745:DEBUG:carlini_l2_attack_v2:[ 960/1000] -  4m 56.0s - L2 mean: 0.1585
2020-04-20 15:37:55,745:DEBUG:attack_container:Time to complete [Carlini & Wagner Attack L2]: 106m 33.900s
2020-04-20 15:37:55,976:INFO:carlini_l2_attack_v2:Time to complete training 1000 adv. examples: 106m 34.251s
2020-04-20 15:37:55,976:INFO:attack:# of adv created from CifarResnet50_SVHN: 1000
2020-04-20 15:37:56,089:INFO:attack:Success rate of Carlini: 0.904000
2020-04-20 15:37:56,089:INFO:attack:Accuracy on Carlini: 0.096000
2020-04-20 15:37:56,089:DEBUG:attack:Save adv. attack results into: CifarResnet50_SVHN_Carlini
2020-04-20 15:37:56,216:INFO:attack_container:Saved results to save/CifarResnet50_SVHN_Carlini_adv.npy
2020-04-20 15:37:56,216:DEBUG:attack:DeepFool params: {'max_iter': 100, 'epsilon': 1e-06, 'nb_grads': 10, 'batch_size': 16}
2020-04-20 15:37:56,294:INFO:pytorch:Inferred 1 hidden layers on PyTorch classifier.
2020-04-20 15:49:29,774:INFO:deepfool:Success rate of DeepFool attack: 94.20%
2020-04-20 15:49:30,003:INFO:deepfool_attack:Time to complete training 1000 adv. examples: 11m 33.705s
2020-04-20 15:49:30,003:INFO:attack:# of adv created from CifarResnet50_SVHN: 1000
2020-04-20 15:49:30,116:INFO:attack:Success rate of DeepFool: 0.781000
2020-04-20 15:49:30,116:INFO:attack:Accuracy on DeepFool: 0.219000
2020-04-20 15:49:30,116:DEBUG:attack:Save adv. attack results into: CifarResnet50_SVHN_DeepFool
2020-04-20 15:49:30,247:INFO:attack_container:Saved results to save/CifarResnet50_SVHN_DeepFool_adv.npy
2020-04-20 15:49:30,247:DEBUG:attack:Saliency params: {'learning_rate': 0.01, 'max_iter': 15, 'binary_search_steps': 5, 'abort_early': True, 'use_resize': False, 'use_importance': False}
