2020-04-20 17:18:11,670:INFO:attack:Start at   : 20200420171811
2020-04-20 17:18:11,671:INFO:attack:RECEIVED PARAMETERS:
2020-04-20 17:18:11,671:INFO:attack:model file :./save/CifarResnet50_CIFAR10_e30.pt
2020-04-20 17:18:11,671:INFO:attack:model      :CifarResnet50
2020-04-20 17:18:11,671:INFO:attack:dataset    :CIFAR10
2020-04-20 17:18:11,671:INFO:attack:params     :./cmd/AttackParams.json
2020-04-20 17:18:11,671:INFO:attack:num_adv    :1000
2020-04-20 17:18:11,671:INFO:attack:seed       :4096
2020-04-20 17:18:11,671:INFO:attack:verbose    :True
2020-04-20 17:18:11,671:INFO:attack:save_log   :True
2020-04-20 17:18:11,671:INFO:attack:overwrite  :True
2020-04-20 17:18:11,671:INFO:attack:dirname    :'./save'
2020-04-20 17:18:11,671:INFO:attack:attacks    :Saliency
2020-04-20 17:18:11,671:DEBUG:utils:Setting random seed for PyTorch.
2020-04-20 17:18:11,689:DEBUG:utils:/home/lukec/workspace/aad/aad/../data
2020-04-20 17:18:17,166:INFO:data_container:Train size: 50000 - Test size: 10000
2020-04-20 17:18:17,166:INFO:data_container:Successfully load data. Time to complete: 0m 5.477s
2020-04-20 17:18:17,521:INFO:attack:Use CifarResnet50 model
2020-04-20 17:18:19,837:DEBUG:model_container_pt:Using device: cuda
2020-04-20 17:18:19,920:INFO:model_container_pt:Loaded model from ./save/CifarResnet50_CIFAR10_e30.pt
2020-04-20 17:18:21,140:INFO:attack:Accuracy on test set: 0.819600
2020-04-20 17:18:21,141:DEBUG:attack:Saliency params: {'theta': 0.1, 'gamma': 1.0, 'batch_size': 16}
2020-04-20 17:18:21,195:DEBUG:saliency_map_attack:clip_values = (0.0, 1.0)
2020-04-20 17:18:21,195:INFO:pytorch:Inferred 1 hidden layers on PyTorch classifier.
2020-04-20 17:36:04,389:INFO:saliency_map:Success rate of JSMA attack: 100.00%
2020-04-20 17:36:04,632:INFO:saliency_map_attack:Time to complete training 1000 adv. examples: 17m 43.435s
2020-04-20 17:36:04,632:INFO:attack:# of adv created from CifarResnet50_CIFAR10: 1000
2020-04-20 17:36:04,753:INFO:attack:Success rate of Saliency: 1.000000
2020-04-20 17:36:04,753:INFO:attack:Accuracy on Saliency: 0.000000
2020-04-20 17:36:04,753:DEBUG:attack:Save adv. attack results into: CifarResnet50_CIFAR10_Saliency
2020-04-20 17:36:04,892:INFO:attack_container:Saved results to save/CifarResnet50_CIFAR10_Saliency_adv.npy
