2020-05-01 14:02:44,157:INFO:attack:Start at   : 20200501140244
2020-05-01 14:02:44,158:INFO:attack:RECEIVED PARAMETERS:
2020-05-01 14:02:44,158:INFO:attack:model file :./save/IrisNN_BankNote_e200.pt
2020-05-01 14:02:44,158:INFO:attack:model      :IrisNN
2020-05-01 14:02:44,158:INFO:attack:dataset    :BankNote
2020-05-01 14:02:44,158:INFO:attack:params     :./cmd/AttackParams.json
2020-05-01 14:02:44,158:INFO:attack:num_adv    :1000
2020-05-01 14:02:44,158:INFO:attack:seed       :4096
2020-05-01 14:02:44,158:INFO:attack:verbose    :True
2020-05-01 14:02:44,158:INFO:attack:save_log   :True
2020-05-01 14:02:44,158:INFO:attack:overwrite  :True
2020-05-01 14:02:44,158:INFO:attack:dirname    :'./save'
2020-05-01 14:02:44,158:INFO:attack:attacks    :FGSM
2020-05-01 14:02:44,158:DEBUG:utils:Setting random seed for PyTorch.
2020-05-01 14:02:44,185:DEBUG:utils:/home/lukec/workspace/aad/aad/../data
2020-05-01 14:02:44,186:DEBUG:data_container:Reading file /home/lukec/workspace/aad/aad/../data/data_banknote_authentication.txt
2020-05-01 14:02:44,191:INFO:data_container:Train size: 1098 - Test size: 274
2020-05-01 14:02:44,191:INFO:data_container:Successfully load data. Time to complete: 0m 0.006s
2020-05-01 14:02:44,192:INFO:attack:Use IrisNN model
2020-05-01 14:02:46,470:DEBUG:model_container_pt:Using device: cuda
2020-05-01 14:02:46,478:INFO:model_container_pt:Loaded model from ./save/IrisNN_BankNote_e200.pt
2020-05-01 14:02:46,498:INFO:attack:Accuracy on test set: 1.000000
2020-05-01 14:02:46,499:DEBUG:attack:FGSM params: {'eps': 0.3, 'eps_step': 0.1, 'minimal': True}
2020-05-01 14:02:46,499:INFO:pytorch:Inferred 1 hidden layers on PyTorch classifier.
2020-05-01 14:02:46,501:INFO:fgsm_attack:Accuracy on clean set: 1.000000
2020-05-01 14:02:46,501:INFO:fast_gradient:Using model predictions as correct labels for FGM.
2020-05-01 14:02:46,502:INFO:fast_gradient:Performing minimal perturbation FGM.
2020-05-01 14:02:46,510:INFO:fast_gradient:Success rate of FGM attack: 99.27%
2020-05-01 14:02:46,513:INFO:fgsm_attack:Time to complete training 274 adv. examples: 0m 0.014s
2020-05-01 14:02:46,513:INFO:attack:# of adv created from IrisNN_BankNote: 274
2020-05-01 14:02:46,515:INFO:attack:Success rate of FGSM: 0.992701
2020-05-01 14:02:46,515:INFO:attack:Accuracy on FGSM: 0.007299
2020-05-01 14:02:46,515:DEBUG:attack:Save adv. attack results into: IrisNN_BankNote_FGSM
2020-05-01 14:02:46,515:INFO:attack_container:Saved results to save/IrisNN_BankNote_FGSM_adv.npy
