2020-04-20 11:49:40,485:INFO:attack:Start at   : 20200420114940
2020-04-20 11:49:40,485:INFO:attack:RECEIVED PARAMETERS:
2020-04-20 11:49:40,485:INFO:attack:model file :./save/CifarResnet50_CIFAR10_e30.pt
2020-04-20 11:49:40,485:INFO:attack:model      :CifarResnet50
2020-04-20 11:49:40,485:INFO:attack:dataset    :CIFAR10
2020-04-20 11:49:40,485:INFO:attack:params     :./cmd/AttackParams.json
2020-04-20 11:49:40,485:INFO:attack:num_adv    :1000
2020-04-20 11:49:40,485:INFO:attack:seed       :4096
2020-04-20 11:49:40,485:INFO:attack:verbose    :True
2020-04-20 11:49:40,486:INFO:attack:save_log   :True
2020-04-20 11:49:40,486:INFO:attack:overwrite  :True
2020-04-20 11:49:40,486:INFO:attack:dirname    :'./save'
2020-04-20 11:49:40,486:INFO:attack:attacks    :FGSM, BIM, Carlini, DeepFool, Saliency
2020-04-20 11:49:40,486:DEBUG:utils:Setting random seed for PyTorch.
2020-04-20 11:49:40,514:DEBUG:utils:/home/lukec/workspace/aad/aad/../data
2020-04-20 11:49:46,107:INFO:data_container:Train size: 50000 - Test size: 10000
2020-04-20 11:49:46,107:INFO:data_container:Successfully load data. Time to complete: 0m 5.593s
2020-04-20 11:49:46,470:INFO:attack:Use CifarResnet50 model
2020-04-20 11:49:48,864:DEBUG:model_container_pt:Using device: cuda
2020-04-20 11:49:48,949:INFO:model_container_pt:Loaded model from ./save/CifarResnet50_CIFAR10_e30.pt
2020-04-20 11:49:50,199:INFO:attack:Accuracy on test set: 0.819600
2020-04-20 11:49:50,200:DEBUG:attack:FGSM params: {'eps': 0.3, 'eps_step': 0.1, 'minimal': True}
2020-04-20 11:49:50,254:INFO:pytorch:Inferred 1 hidden layers on PyTorch classifier.
2020-04-20 11:49:50,258:INFO:fast_gradient:Using model predictions as correct labels for FGM.
2020-04-20 11:49:50,422:INFO:fast_gradient:Performing minimal perturbation FGM.
2020-04-20 11:49:51,845:INFO:fast_gradient:Success rate of FGM attack: 91.10%
2020-04-20 11:49:52,092:INFO:fgsm_attack:Time to complete training 1000 adv. examples: 0m 1.836s
2020-04-20 11:49:52,093:INFO:attack:# of adv created from CifarResnet50_CIFAR10: 1000
2020-04-20 11:49:52,213:INFO:attack:Success rate of FGSM: 0.911000
2020-04-20 11:49:52,213:INFO:attack:Accuracy on FGSM: 0.089000
2020-04-20 11:49:52,213:DEBUG:attack:Save adv. attack results into: CifarResnet50_CIFAR10_FGSM
2020-04-20 11:49:52,340:INFO:attack_container:Saved results to save/CifarResnet50_CIFAR10_FGSM_adv.npy
2020-04-20 11:49:52,340:DEBUG:attack:BIM params: {'eps': 0.3, 'eps_step': 0.1, 'max_iter': 100, 'targeted': False}
2020-04-20 11:49:52,394:INFO:pytorch:Inferred 1 hidden layers on PyTorch classifier.
2020-04-20 11:51:09,051:INFO:projected_gradient_descent:Success rate of attack: 100.00%
2020-04-20 11:51:09,298:INFO:bim_attack:Time to complete training 1000 adv. examples: 1m 16.901s
2020-04-20 11:51:09,298:INFO:attack:# of adv created from CifarResnet50_CIFAR10: 1000
2020-04-20 11:51:09,419:INFO:attack:Success rate of BIM: 1.000000
2020-04-20 11:51:09,419:INFO:attack:Accuracy on BIM: 0.000000
2020-04-20 11:51:09,419:DEBUG:attack:Save adv. attack results into: CifarResnet50_CIFAR10_BIM
2020-04-20 11:51:09,545:INFO:attack_container:Saved results to save/CifarResnet50_CIFAR10_BIM_adv.npy
2020-04-20 11:51:09,545:DEBUG:attack:Carlini params: {'targeted': False, 'learning_rate': 0.01, 'binary_search_steps': 9, 'max_iter': 1000, 'confidence': 0, 'initial_const': 0.001, 'c_range': [0, 10000000000.0], 'abort_early': False, 'batch_size': 64}
2020-04-20 11:58:15,820:DEBUG:carlini_l2_attack_v2:[   0/1000] -  7m 6.0s - L2 mean: 0.1477
2020-04-20 12:05:18,533:DEBUG:carlini_l2_attack_v2:[  64/1000] -  7m 2.7s - L2 mean: 0.1633
2020-04-20 12:12:29,781:DEBUG:carlini_l2_attack_v2:[ 128/1000] -  7m 11.2s - L2 mean: 0.1682
2020-04-20 12:19:40,759:DEBUG:carlini_l2_attack_v2:[ 192/1000] -  7m 11.0s - L2 mean: 0.1453
2020-04-20 12:26:46,381:DEBUG:carlini_l2_attack_v2:[ 256/1000] -  7m 5.6s - L2 mean: 0.1439
2020-04-20 12:33:50,976:DEBUG:carlini_l2_attack_v2:[ 320/1000] -  7m 4.6s - L2 mean: 0.1492
2020-04-20 12:40:55,195:DEBUG:carlini_l2_attack_v2:[ 384/1000] -  7m 4.2s - L2 mean: 0.1596
2020-04-20 12:47:56,526:DEBUG:carlini_l2_attack_v2:[ 448/1000] -  7m 1.3s - L2 mean: 0.1488
2020-04-20 12:54:58,722:DEBUG:carlini_l2_attack_v2:[ 512/1000] -  7m 2.2s - L2 mean: 0.1336
2020-04-20 13:01:58,421:DEBUG:carlini_l2_attack_v2:[ 576/1000] -  6m 59.7s - L2 mean: 0.1631
2020-04-20 13:09:03,633:DEBUG:carlini_l2_attack_v2:[ 640/1000] -  7m 5.2s - L2 mean: 0.1411
2020-04-20 13:16:07,475:DEBUG:carlini_l2_attack_v2:[ 704/1000] -  7m 3.8s - L2 mean: 0.1393
2020-04-20 13:23:09,175:DEBUG:carlini_l2_attack_v2:[ 768/1000] -  7m 1.7s - L2 mean: 0.1436
2020-04-20 13:30:09,776:DEBUG:carlini_l2_attack_v2:[ 832/1000] -  7m 0.6s - L2 mean: 0.1364
2020-04-20 13:37:15,802:DEBUG:carlini_l2_attack_v2:[ 896/1000] -  7m 6.0s - L2 mean: 0.1340
2020-04-20 13:42:26,930:DEBUG:carlini_l2_attack_v2:[ 960/1000] -  5m 11.1s - L2 mean: 0.1502
2020-04-20 13:42:26,930:DEBUG:attack_container:Time to complete [Carlini & Wagner Attack L2]: 111m 17.151s
2020-04-20 13:42:27,184:INFO:carlini_l2_attack_v2:Time to complete training 1000 adv. examples: 111m 17.530s
2020-04-20 13:42:27,184:INFO:attack:# of adv created from CifarResnet50_CIFAR10: 1000
2020-04-20 13:42:27,317:INFO:attack:Success rate of Carlini: 0.880000
2020-04-20 13:42:27,317:INFO:attack:Accuracy on Carlini: 0.120000
2020-04-20 13:42:27,317:DEBUG:attack:Save adv. attack results into: CifarResnet50_CIFAR10_Carlini
2020-04-20 13:42:27,444:INFO:attack_container:Saved results to save/CifarResnet50_CIFAR10_Carlini_adv.npy
2020-04-20 13:42:27,444:DEBUG:attack:DeepFool params: {'max_iter': 100, 'epsilon': 1e-06, 'nb_grads': 10, 'batch_size': 16}
2020-04-20 13:42:27,498:INFO:pytorch:Inferred 1 hidden layers on PyTorch classifier.
2020-04-20 13:49:47,016:INFO:deepfool:Success rate of DeepFool attack: 97.30%
2020-04-20 13:49:47,251:INFO:deepfool_attack:Time to complete training 1000 adv. examples: 7m 19.750s
2020-04-20 13:49:47,251:INFO:attack:# of adv created from CifarResnet50_CIFAR10: 1000
2020-04-20 13:49:47,368:INFO:attack:Success rate of DeepFool: 0.798000
2020-04-20 13:49:47,368:INFO:attack:Accuracy on DeepFool: 0.202000
2020-04-20 13:49:47,368:DEBUG:attack:Save adv. attack results into: CifarResnet50_CIFAR10_DeepFool
2020-04-20 13:49:47,495:INFO:attack_container:Saved results to save/CifarResnet50_CIFAR10_DeepFool_adv.npy
2020-04-20 13:49:47,495:DEBUG:attack:Saliency params: {'targeted': False, 'learning_rate': 0.01, 'max_iter': 15, 'binary_search_steps': 5, 'abort_early': True, 'use_resize': False, 'use_importance': False}
