2020-04-20 17:17:09,099:INFO:attack:Start at   : 20200420171709
2020-04-20 17:17:09,100:INFO:attack:RECEIVED PARAMETERS:
2020-04-20 17:17:09,100:INFO:attack:model file :./save/CifarCnn_CIFAR10_e50.pt
2020-04-20 17:17:09,100:INFO:attack:model      :CifarCnn
2020-04-20 17:17:09,100:INFO:attack:dataset    :CIFAR10
2020-04-20 17:17:09,100:INFO:attack:params     :./cmd/AttackParams.json
2020-04-20 17:17:09,100:INFO:attack:num_adv    :1000
2020-04-20 17:17:09,100:INFO:attack:seed       :4096
2020-04-20 17:17:09,100:INFO:attack:verbose    :True
2020-04-20 17:17:09,100:INFO:attack:save_log   :True
2020-04-20 17:17:09,100:INFO:attack:overwrite  :True
2020-04-20 17:17:09,100:INFO:attack:dirname    :'./save'
2020-04-20 17:17:09,100:INFO:attack:attacks    :Saliency
2020-04-20 17:17:09,100:DEBUG:utils:Setting random seed for PyTorch.
2020-04-20 17:17:09,119:DEBUG:utils:/home/lukec/workspace/aad/aad/../data
2020-04-20 17:17:14,661:INFO:data_container:Train size: 50000 - Test size: 10000
2020-04-20 17:17:14,661:INFO:data_container:Successfully load data. Time to complete: 0m 5.541s
2020-04-20 17:17:14,670:INFO:attack:Use CifarCnn model
2020-04-20 17:17:16,982:DEBUG:model_container_pt:Using device: cuda
2020-04-20 17:17:16,995:INFO:model_container_pt:Loaded model from ./save/CifarCnn_CIFAR10_e50.pt
2020-04-20 17:17:17,411:INFO:attack:Accuracy on test set: 0.813400
2020-04-20 17:17:17,412:DEBUG:attack:Saliency params: {'theta': 0.1, 'gamma': 1.0, 'batch_size': 16}
2020-04-20 17:17:17,467:DEBUG:saliency_map_attack:clip_values = (0.0, 1.0)
2020-04-20 17:17:17,467:INFO:pytorch:Inferred 1 hidden layers on PyTorch classifier.
2020-04-20 17:18:10,516:INFO:saliency_map:Success rate of JSMA attack: 100.00%
2020-04-20 17:18:10,599:INFO:saliency_map_attack:Time to complete training 1000 adv. examples: 0m 53.131s
2020-04-20 17:18:10,599:INFO:attack:# of adv created from CifarCnn_CIFAR10: 1000
2020-04-20 17:18:10,642:INFO:attack:Success rate of Saliency: 1.000000
2020-04-20 17:18:10,642:INFO:attack:Accuracy on Saliency: 0.000000
2020-04-20 17:18:10,642:DEBUG:attack:Save adv. attack results into: CifarCnn_CIFAR10_Saliency
2020-04-20 17:18:10,775:INFO:attack_container:Saved results to save/CifarCnn_CIFAR10_Saliency_adv.npy
