2020-04-07 02:45:32,063:INFO:defend_ad:Start at    : 20200407024532
2020-04-07 02:45:32,063:INFO:defend_ad:RECEIVED PARAMETERS:
2020-04-07 02:45:32,063:INFO:defend_ad:model file  :./save/BCNN_BreastCancerWisconsin_e200.pt
2020-04-07 02:45:32,063:INFO:defend_ad:adv file    :./save/BCNN_BreastCancerWisconsin_DeepFool_adv.npy
2020-04-07 02:45:32,063:INFO:defend_ad:model       :BCNN
2020-04-07 02:45:32,063:INFO:defend_ad:dataset     :BreastCancerWisconsin
2020-04-07 02:45:32,063:INFO:defend_ad:param file  :./cmd/AdParamsNoS2.json
2020-04-07 02:45:32,063:INFO:defend_ad:seed        :4096
2020-04-07 02:45:32,064:INFO:defend_ad:verbose     :True
2020-04-07 02:45:32,064:INFO:defend_ad:save_log    :True
2020-04-07 02:45:32,064:INFO:defend_ad:check_clean :True
2020-04-07 02:45:32,064:DEBUG:defend_ad:params     : {'k1': 9, 'reliability': 1.6, 'sample_ratio': 1.0, 'confidence': 0.9, 'kappa': 10, 'disable_s2': True}
2020-04-07 02:45:32,064:DEBUG:utils:Setting random seed for PyTorch.
2020-04-07 02:45:32,088:DEBUG:utils:/home/lukec/workspace/aad/aad/../data
2020-04-07 02:45:32,088:DEBUG:data_container:Reading file /home/lukec/workspace/aad/aad/../data/BreastCancerWisconsin.csv
2020-04-07 02:45:32,098:INFO:data_container:Train size: 455 - Test size: 114
2020-04-07 02:45:32,098:INFO:data_container:Successfully load data. Time to complete: 0m 0.010s
2020-04-07 02:45:32,098:INFO:defend_ad:Use BCNN model
2020-04-07 02:45:34,380:DEBUG:model_container_pt:Using device: cuda
2020-04-07 02:45:34,381:INFO:model_container_pt:Loaded model from ./save/BCNN_BreastCancerWisconsin_e200.pt
2020-04-07 02:45:34,402:INFO:defend_ad:Accuracy on test set: 0.991228
2020-04-07 02:45:34,406:DEBUG:applicability_domain:Number of input attributes: 64
2020-04-07 02:45:34,406:DEBUG:detector_container:Time to complete [AD Stage 1]: 0m 0.003s
2020-04-07 02:45:34,406:DEBUG:applicability_domain:k for Stage 3: 20
2020-04-07 02:45:34,407:DEBUG:applicability_domain:[AD Stage 3]: Size of train set: 455
2020-04-07 02:45:34,592:DEBUG:applicability_domain:Train set likelihood = 0.980769
2020-04-07 02:45:34,592:DEBUG:detector_container:Time to complete [AD Stage 3]: 0m 0.186s
2020-04-07 02:45:34,594:DEBUG:applicability_domain:Stage 1: blocked 0 inputs
2020-04-07 02:45:34,709:DEBUG:applicability_domain:Mean likelihood on adv: 0.980500
2020-04-07 02:45:34,709:DEBUG:applicability_domain:Stage 3: blocked 4 inputs
2020-04-07 02:45:34,709:INFO:defend_ad:Blocked 4/100 samples on clean samples
2020-04-07 02:45:34,711:DEBUG:applicability_domain:Stage 1: blocked 0 inputs
2020-04-07 02:45:34,853:DEBUG:applicability_domain:Mean likelihood on adv: 1.000000
2020-04-07 02:45:34,853:DEBUG:applicability_domain:Stage 3: blocked 0 inputs
2020-04-07 02:45:34,854:INFO:defend_ad:Blocked 0/100 samples on adv. examples
2020-04-07 02:45:34,854:INFO:defend_ad:[result]./save/BCNN_BreastCancerWisconsin_e200.pt,./save/BCNN_BreastCancerWisconsin_DeepFool_adv.npy,9,1.6,1.0,0.9,10,True,clean,0,0,4
2020-04-07 02:45:34,854:INFO:defend_ad:[result]./save/BCNN_BreastCancerWisconsin_e200.pt,./save/BCNN_BreastCancerWisconsin_DeepFool_adv.npy,9,1.6,1.0,0.9,10,True,adv,0,0,0
