2020-05-01 16:09:13,552:INFO:attack:Start at   : 20200501160913
2020-05-01 16:09:13,552:INFO:attack:RECEIVED PARAMETERS:
2020-05-01 16:09:13,552:INFO:attack:model file :./save/CifarCnn_SVHN_e50.pt
2020-05-01 16:09:13,552:INFO:attack:model      :CifarCnn
2020-05-01 16:09:13,552:INFO:attack:dataset    :SVHN
2020-05-01 16:09:13,552:INFO:attack:params     :./cmd/AttackParams.json
2020-05-01 16:09:13,552:INFO:attack:num_adv    :1000
2020-05-01 16:09:13,553:INFO:attack:seed       :4096
2020-05-01 16:09:13,553:INFO:attack:verbose    :True
2020-05-01 16:09:13,553:INFO:attack:save_log   :True
2020-05-01 16:09:13,553:INFO:attack:overwrite  :True
2020-05-01 16:09:13,553:INFO:attack:dirname    :'./save'
2020-05-01 16:09:13,553:INFO:attack:attacks    :BIM, Carlini, DeepFool, Saliency
2020-05-01 16:09:13,553:DEBUG:utils:Setting random seed for PyTorch.
2020-05-01 16:09:13,582:DEBUG:utils:/home/lukec/workspace/aad/aad/../data
2020-05-01 16:09:23,226:INFO:data_container:Train size: 73257 - Test size: 26032
2020-05-01 16:09:23,226:INFO:data_container:Successfully load data. Time to complete: 0m 9.644s
2020-05-01 16:09:23,236:INFO:attack:Use CifarCnn model
2020-05-01 16:09:25,476:DEBUG:model_container_pt:Using device: cuda
2020-05-01 16:09:25,490:INFO:model_container_pt:Loaded model from ./save/CifarCnn_SVHN_e50.pt
2020-05-01 16:09:26,432:INFO:attack:Accuracy on test set: 0.936501
2020-05-01 16:09:26,432:DEBUG:attack:BIM params: {'eps': 0.3, 'eps_step': 0.1, 'max_iter': 100, 'targeted': False}
2020-05-01 16:09:26,509:INFO:pytorch:Inferred 1 hidden layers on PyTorch classifier.
2020-05-01 16:09:26,551:INFO:bim_attack:Accuracy on clean set: 0.922000
2020-05-01 16:09:41,063:INFO:projected_gradient_descent:Success rate of attack: 100.00%
2020-05-01 16:09:41,138:INFO:bim_attack:Time to complete training 1000 adv. examples: 0m 14.629s
2020-05-01 16:09:41,138:INFO:attack:# of adv created from CifarCnn_SVHN: 1000
2020-05-01 16:09:41,176:INFO:attack:Success rate of BIM: 1.000000
2020-05-01 16:09:41,176:INFO:attack:Accuracy on BIM: 0.000000
2020-05-01 16:09:41,176:DEBUG:attack:Save adv. attack results into: CifarCnn_SVHN_BIM
2020-05-01 16:09:41,305:INFO:attack_container:Saved results to save/CifarCnn_SVHN_BIM_adv.npy
2020-05-01 16:09:41,305:DEBUG:attack:Carlini params: {'targeted': False, 'learning_rate': 0.01, 'binary_search_steps': 9, 'max_iter': 1000, 'confidence': 0, 'initial_const': 0.001, 'c_range': [0, 10000000000.0], 'abort_early': False, 'batch_size': 64}
2020-05-01 16:09:41,500:INFO:carlini_l2_attack_v2:Accuracy on clean set: 0.922000
2020-05-01 16:10:56,604:DEBUG:carlini_l2_attack_v2:[   0/1000] -  1m 15.1s - L2 mean: 0.2091
2020-05-01 16:12:12,427:DEBUG:carlini_l2_attack_v2:[  64/1000] -  1m 15.8s - L2 mean: 0.2403
2020-05-01 16:13:28,039:DEBUG:carlini_l2_attack_v2:[ 128/1000] -  1m 15.6s - L2 mean: 0.2527
2020-05-01 16:14:44,059:DEBUG:carlini_l2_attack_v2:[ 192/1000] -  1m 16.0s - L2 mean: 0.2463
2020-05-01 16:15:59,984:DEBUG:carlini_l2_attack_v2:[ 256/1000] -  1m 15.9s - L2 mean: 0.2212
2020-05-01 16:17:16,400:DEBUG:carlini_l2_attack_v2:[ 320/1000] -  1m 16.4s - L2 mean: 0.2337
2020-05-01 16:18:32,904:DEBUG:carlini_l2_attack_v2:[ 384/1000] -  1m 16.5s - L2 mean: 0.2142
2020-05-01 16:19:49,338:DEBUG:carlini_l2_attack_v2:[ 448/1000] -  1m 16.4s - L2 mean: 0.2226
2020-05-01 16:21:06,353:DEBUG:carlini_l2_attack_v2:[ 512/1000] -  1m 17.0s - L2 mean: 0.2501
2020-05-01 16:22:21,585:DEBUG:carlini_l2_attack_v2:[ 576/1000] -  1m 15.2s - L2 mean: 0.2197
2020-05-01 16:23:36,598:DEBUG:carlini_l2_attack_v2:[ 640/1000] -  1m 15.0s - L2 mean: 0.2483
2020-05-01 16:24:52,749:DEBUG:carlini_l2_attack_v2:[ 704/1000] -  1m 16.1s - L2 mean: 0.2157
2020-05-01 16:26:08,328:DEBUG:carlini_l2_attack_v2:[ 768/1000] -  1m 15.6s - L2 mean: 0.2299
2020-05-01 16:27:23,776:DEBUG:carlini_l2_attack_v2:[ 832/1000] -  1m 15.4s - L2 mean: 0.2189
2020-05-01 16:28:39,020:DEBUG:carlini_l2_attack_v2:[ 896/1000] -  1m 15.2s - L2 mean: 0.2412
2020-05-01 16:29:34,144:DEBUG:carlini_l2_attack_v2:[ 960/1000] -  0m 55.1s - L2 mean: 0.2586
2020-05-01 16:29:34,144:DEBUG:attack_container:Time to complete [Carlini & Wagner Attack L2]: 19m 52.603s
2020-05-01 16:29:34,222:INFO:carlini_l2_attack_v2:Time to complete training 1000 adv. examples: 19m 52.760s
2020-05-01 16:29:34,222:INFO:attack:# of adv created from CifarCnn_SVHN: 1000
2020-05-01 16:29:34,260:INFO:attack:Success rate of Carlini: 0.883000
2020-05-01 16:29:34,260:INFO:attack:Accuracy on Carlini: 0.117000
2020-05-01 16:29:34,260:DEBUG:attack:Save adv. attack results into: CifarCnn_SVHN_Carlini
2020-05-01 16:29:34,387:INFO:attack_container:Saved results to save/CifarCnn_SVHN_Carlini_adv.npy
2020-05-01 16:29:34,388:DEBUG:attack:DeepFool params: {'max_iter': 100, 'epsilon': 1e-06, 'nb_grads': 10, 'batch_size': 16}
2020-05-01 16:29:34,467:INFO:pytorch:Inferred 1 hidden layers on PyTorch classifier.
2020-05-01 16:29:34,506:INFO:deepfool_attack:Accuracy on clean set: 0.922000
2020-05-01 16:31:36,842:INFO:deepfool:Success rate of DeepFool attack: 70.30%
2020-05-01 16:31:36,917:INFO:deepfool_attack:Time to complete training 1000 adv. examples: 2m 2.450s
2020-05-01 16:31:36,917:INFO:attack:# of adv created from CifarCnn_SVHN: 1000
2020-05-01 16:31:36,955:INFO:attack:Success rate of DeepFool: 0.660000
2020-05-01 16:31:36,955:INFO:attack:Accuracy on DeepFool: 0.340000
2020-05-01 16:31:36,955:DEBUG:attack:Save adv. attack results into: CifarCnn_SVHN_DeepFool
2020-05-01 16:31:37,089:INFO:attack_container:Saved results to save/CifarCnn_SVHN_DeepFool_adv.npy
2020-05-01 16:31:37,090:DEBUG:attack:Saliency params: {'theta': 0.1, 'gamma': 1.0, 'batch_size': 16}
2020-05-01 16:31:37,167:DEBUG:saliency_map_attack:clip_values = (0.0, 1.0)
2020-05-01 16:31:37,167:INFO:pytorch:Inferred 1 hidden layers on PyTorch classifier.
2020-05-01 16:31:37,206:INFO:saliency_map_attack:Accuracy on clean set: 0.922000
2020-05-01 16:32:56,030:INFO:saliency_map:Success rate of JSMA attack: 100.00%
2020-05-01 16:32:56,106:INFO:saliency_map_attack:Time to complete training 1000 adv. examples: 1m 18.938s
2020-05-01 16:32:56,106:INFO:attack:# of adv created from CifarCnn_SVHN: 1000
2020-05-01 16:32:56,144:INFO:attack:Success rate of Saliency: 1.000000
2020-05-01 16:32:56,144:INFO:attack:Accuracy on Saliency: 0.000000
2020-05-01 16:32:56,144:DEBUG:attack:Save adv. attack results into: CifarCnn_SVHN_Saliency
2020-05-01 16:32:56,270:INFO:attack_container:Saved results to save/CifarCnn_SVHN_Saliency_adv.npy
