2020-04-07 02:48:11,554:INFO:defend_ad:Start at    : 20200407024811
2020-04-07 02:48:11,554:INFO:defend_ad:RECEIVED PARAMETERS:
2020-04-07 02:48:11,554:INFO:defend_ad:model file  :./save/CifarResnet50_SVHN_e30.pt
2020-04-07 02:48:11,554:INFO:defend_ad:adv file    :./save/CifarResnet50_SVHN_Carlini_adv.npy
2020-04-07 02:48:11,554:INFO:defend_ad:model       :CifarResnet50
2020-04-07 02:48:11,554:INFO:defend_ad:dataset     :SVHN
2020-04-07 02:48:11,554:INFO:defend_ad:param file  :./cmd/AdParamsLarge.json
2020-04-07 02:48:11,554:INFO:defend_ad:seed        :4096
2020-04-07 02:48:11,554:INFO:defend_ad:verbose     :True
2020-04-07 02:48:11,555:INFO:defend_ad:save_log    :True
2020-04-07 02:48:11,555:INFO:defend_ad:check_clean :True
2020-04-07 02:48:11,555:DEBUG:defend_ad:params     : {'k1': 9, 'reliability': 1.6, 'sample_ratio': 0.2, 'confidence': 0.9, 'kappa': 10, 'disable_s2': False}
2020-04-07 02:48:11,555:DEBUG:utils:Setting random seed for PyTorch.
2020-04-07 02:48:11,581:DEBUG:utils:/home/lukec/workspace/aad/aad/../data
2020-04-07 02:48:21,126:INFO:data_container:Train size: 73257 - Test size: 26032
2020-04-07 02:48:21,126:INFO:data_container:Successfully load data. Time to complete: 0m 9.545s
2020-04-07 02:48:21,461:INFO:defend_ad:Use CifarResnet50 model
2020-04-07 02:48:23,741:DEBUG:model_container_pt:Using device: cuda
2020-04-07 02:48:23,795:INFO:model_container_pt:Loaded model from ./save/CifarResnet50_SVHN_e30.pt
2020-04-07 02:48:26,529:INFO:defend_ad:Accuracy on test set: 0.927090
2020-04-07 02:48:26,529:DEBUG:applicability_domain:Before swap channel: x_np: (73257, 32, 32, 3)
2020-04-07 02:48:33,508:DEBUG:applicability_domain:Number of input attributes: 2048
2020-04-07 02:48:33,894:DEBUG:detector_container:Time to complete [AD Stage 1]: 0m 7.364s
2020-04-07 02:54:15,637:DEBUG:detector_container:Time to complete [AD Stage 2]: 5m 41.744s
2020-04-07 02:54:15,637:DEBUG:applicability_domain:k for Stage 3: 100
2020-04-07 02:54:39,577:DEBUG:applicability_domain:[AD Stage 3]: Size of train set: 14651
2020-04-07 03:04:46,952:DEBUG:applicability_domain:Train set likelihood = 0.999511
2020-04-07 03:04:46,974:DEBUG:detector_container:Time to complete [AD Stage 3]: 10m 31.336s
2020-04-07 03:04:47,005:DEBUG:applicability_domain:Stage 1: blocked 0 inputs
2020-04-07 03:04:48,532:DEBUG:applicability_domain:Stage 2: blocked 16 inputs
2020-04-07 03:04:52,506:DEBUG:applicability_domain:Mean likelihood on adv: 0.990833
2020-04-07 03:04:52,506:DEBUG:applicability_domain:Stage 3: blocked 3 inputs
2020-04-07 03:04:52,506:INFO:defend_ad:Blocked 19/100 samples on clean samples
2020-04-07 03:04:52,531:DEBUG:applicability_domain:Stage 1: blocked 0 inputs
2020-04-07 03:04:54,169:DEBUG:applicability_domain:Stage 2: blocked 61 inputs
2020-04-07 03:04:56,121:DEBUG:applicability_domain:Mean likelihood on adv: 0.844103
2020-04-07 03:04:56,121:DEBUG:applicability_domain:Stage 3: blocked 7 inputs
2020-04-07 03:04:56,121:INFO:defend_ad:Blocked 68/100 samples on adv. examples
2020-04-07 03:04:56,121:INFO:defend_ad:[result]./save/CifarResnet50_SVHN_e30.pt,./save/CifarResnet50_SVHN_Carlini_adv.npy,9,1.6,0.2,0.9,10,False,clean,0,16,3
2020-04-07 03:04:56,121:INFO:defend_ad:[result]./save/CifarResnet50_SVHN_e30.pt,./save/CifarResnet50_SVHN_Carlini_adv.npy,9,1.6,0.2,0.9,10,False,adv,0,61,7
