2020-04-20 11:12:51,717:INFO:attack:Start at   : 20200420111251
2020-04-20 11:12:51,717:INFO:attack:RECEIVED PARAMETERS:
2020-04-20 11:12:51,717:INFO:attack:model file :./save/IrisNN_Iris_e200.pt
2020-04-20 11:12:51,718:INFO:attack:model      :IrisNN
2020-04-20 11:12:51,718:INFO:attack:dataset    :Iris
2020-04-20 11:12:51,718:INFO:attack:params     :./cmd/AttackParams.json
2020-04-20 11:12:51,718:INFO:attack:num_adv    :1000
2020-04-20 11:12:51,718:INFO:attack:seed       :4096
2020-04-20 11:12:51,718:INFO:attack:verbose    :True
2020-04-20 11:12:51,718:INFO:attack:save_log   :True
2020-04-20 11:12:51,718:INFO:attack:overwrite  :True
2020-04-20 11:12:51,718:INFO:attack:dirname    :'./save'
2020-04-20 11:12:51,718:INFO:attack:attacks    :FGSM, BIM, Carlini, DeepFool
2020-04-20 11:12:51,718:DEBUG:utils:Setting random seed for PyTorch.
2020-04-20 11:12:51,747:DEBUG:utils:/home/lukec/workspace/aad/aad/../data
2020-04-20 11:12:51,747:DEBUG:data_container:Reading file /home/lukec/workspace/aad/aad/../data/iris.data
2020-04-20 11:12:51,781:INFO:data_container:Train size: 90 - Test size: 60
2020-04-20 11:12:51,782:INFO:data_container:Successfully load data. Time to complete: 0m 0.035s
2020-04-20 11:12:51,783:INFO:attack:Use IrisNN model
2020-04-20 11:12:54,353:DEBUG:model_container_pt:Using device: cuda
2020-04-20 11:12:54,356:INFO:model_container_pt:Loaded model from ./save/IrisNN_Iris_e200.pt
2020-04-20 11:12:54,378:INFO:attack:Accuracy on test set: 0.966667
2020-04-20 11:12:54,378:DEBUG:attack:FGSM params: {'eps': 0.3, 'eps_step': 0.1, 'minimal': True}
2020-04-20 11:12:54,379:INFO:pytorch:Inferred 1 hidden layers on PyTorch classifier.
2020-04-20 11:12:54,379:INFO:fast_gradient:Using model predictions as correct labels for FGM.
2020-04-20 11:12:54,380:INFO:fast_gradient:Performing minimal perturbation FGM.
2020-04-20 11:12:54,382:INFO:fast_gradient:Success rate of FGM attack: 68.33%
2020-04-20 11:12:54,383:INFO:fgsm_attack:Time to complete training 60 adv. examples: 0m 0.004s
2020-04-20 11:12:54,383:INFO:attack:# of adv created from IrisNN_Iris: 60
2020-04-20 11:12:54,384:INFO:attack:Success rate of FGSM: 0.683333
2020-04-20 11:12:54,384:INFO:attack:Accuracy on FGSM: 0.316667
2020-04-20 11:12:54,384:DEBUG:attack:Save adv. attack results into: IrisNN_Iris_FGSM
2020-04-20 11:12:54,384:INFO:attack_container:Saved results to save/IrisNN_Iris_FGSM_adv.npy
2020-04-20 11:12:54,385:DEBUG:attack:BIM params: {'eps': 0.3, 'eps_step': 0.1, 'max_iter': 100, 'targeted': False}
2020-04-20 11:12:54,385:INFO:pytorch:Inferred 1 hidden layers on PyTorch classifier.
2020-04-20 11:12:54,475:INFO:projected_gradient_descent:Success rate of attack: 100.00%
2020-04-20 11:12:54,478:INFO:bim_attack:Time to complete training 60 adv. examples: 0m 0.093s
2020-04-20 11:12:54,478:INFO:attack:# of adv created from IrisNN_Iris: 60
2020-04-20 11:12:54,479:INFO:attack:Success rate of BIM: 1.000000
2020-04-20 11:12:54,479:INFO:attack:Accuracy on BIM: 0.000000
2020-04-20 11:12:54,479:DEBUG:attack:Save adv. attack results into: IrisNN_Iris_BIM
2020-04-20 11:12:54,480:INFO:attack_container:Saved results to save/IrisNN_Iris_BIM_adv.npy
2020-04-20 11:12:54,480:DEBUG:attack:Carlini params: {'targeted': False, 'learning_rate': 0.01, 'binary_search_steps': 9, 'max_iter': 1000, 'confidence': 0, 'initial_const': 0.001, 'c_range': [0, 10000000000.0], 'abort_early': False, 'batch_size': 64}
2020-04-20 11:13:17,759:DEBUG:carlini_l2_attack_v2:[   0/  60] -  0m 23.3s - L2 mean: 666666688.0000
2020-04-20 11:13:17,759:DEBUG:attack_container:Time to complete [Carlini & Wagner Attack L2]: 0m 23.278s
2020-04-20 11:13:17,761:INFO:carlini_l2_attack_v2:Time to complete training 60 adv. examples: 0m 23.282s
2020-04-20 11:13:17,762:INFO:attack:# of adv created from IrisNN_Iris: 60
2020-04-20 11:13:17,762:INFO:attack:Success rate of Carlini: 0.800000
2020-04-20 11:13:17,762:INFO:attack:Accuracy on Carlini: 0.200000
2020-04-20 11:13:17,762:DEBUG:attack:Save adv. attack results into: IrisNN_Iris_Carlini
2020-04-20 11:13:17,763:INFO:attack_container:Saved results to save/IrisNN_Iris_Carlini_adv.npy
2020-04-20 11:13:17,763:DEBUG:attack:DeepFool params: {'max_iter': 100, 'epsilon': 1e-06, 'nb_grads': 10, 'batch_size': 16}
2020-04-20 11:13:17,763:INFO:pytorch:Inferred 1 hidden layers on PyTorch classifier.
2020-04-20 11:13:18,591:INFO:deepfool:Success rate of DeepFool attack: 88.33%
2020-04-20 11:13:18,592:INFO:deepfool_attack:Time to complete training 60 adv. examples: 0m 0.829s
2020-04-20 11:13:18,592:INFO:attack:# of adv created from IrisNN_Iris: 60
2020-04-20 11:13:18,593:INFO:attack:Success rate of DeepFool: 0.866667
2020-04-20 11:13:18,593:INFO:attack:Accuracy on DeepFool: 0.133333
2020-04-20 11:13:18,593:DEBUG:attack:Save adv. attack results into: IrisNN_Iris_DeepFool
2020-04-20 11:13:18,593:INFO:attack_container:Saved results to save/IrisNN_Iris_DeepFool_adv.npy
