2020-04-21 11:52:22,520:INFO:defend_advtr:Start at    : 20200421115222
2020-04-21 11:52:22,520:INFO:defend_advtr:RECEIVED PARAMETERS:
2020-04-21 11:52:22,520:INFO:defend_advtr:model file  :./save/IrisNN_BankNote_e200.pt
2020-04-21 11:52:22,520:INFO:defend_advtr:model       :IrisNN
2020-04-21 11:52:22,520:INFO:defend_advtr:dataset     :BankNote
2020-04-21 11:52:22,520:INFO:defend_advtr:max_epochs  :200
2020-04-21 11:52:22,520:INFO:defend_advtr:ratio  :0
2020-04-21 11:52:22,521:INFO:defend_advtr:batch_size  :128
2020-04-21 11:52:22,521:INFO:defend_advtr:seed        :4096
2020-04-21 11:52:22,521:INFO:defend_advtr:verbose     :True
2020-04-21 11:52:22,521:INFO:defend_advtr:save_log    :True
2020-04-21 11:52:22,521:INFO:defend_advtr:need train  :True
2020-04-21 11:52:22,521:INFO:defend_advtr:attacks     :clean, BIM, Carlini, DeepFool, FGSM
2020-04-21 11:52:22,521:DEBUG:utils:Setting random seed for PyTorch.
2020-04-21 11:52:22,544:DEBUG:utils:/home/lukec/workspace/aad/aad/../data
2020-04-21 11:52:22,544:DEBUG:data_container:Reading file /home/lukec/workspace/aad/aad/../data/data_banknote_authentication.txt
2020-04-21 11:52:22,550:INFO:data_container:Train size: 1098 - Test size: 274
2020-04-21 11:52:22,550:INFO:data_container:Successfully load data. Time to complete: 0m 0.006s
2020-04-21 11:52:24,798:DEBUG:model_container_pt:Using device: cuda
2020-04-21 11:52:24,801:INFO:model_container_pt:Loaded model from ./save/IrisNN_BankNote_e200.pt
2020-04-21 11:52:24,822:INFO:defend_advtr:Accuracy on test set: 1.000000
2020-04-21 11:52:24,822:INFO:pytorch:Inferred 1 hidden layers on PyTorch classifier.
2020-04-21 11:52:24,823:DEBUG:adversarial_training:Generate 274 adv. examples using [BIMContainer]
2020-04-21 11:52:25,272:INFO:projected_gradient_descent:Success rate of attack: 100.00%
2020-04-21 11:52:25,275:INFO:bim_attack:Time to complete training 1000 adv. examples: 0m 0.452s
2020-04-21 11:52:25,275:DEBUG:detector_container:Time to complete [Train Adv. Examples]: 0m 0.452s
2020-04-21 11:52:25,292:DEBUG:adversarial_training:[1/200]0m 0.016s: Train loss: 3.962303 acc: 0.677596 - Test loss: 0.319487 acc: 0.912409
2020-04-21 11:52:25,308:DEBUG:adversarial_training:[2/200]0m 0.015s: Train loss: 1.964902 acc: 0.713115 - Test loss: 0.507932 acc: 0.733577
2020-04-21 11:52:25,323:DEBUG:adversarial_training:[3/200]0m 0.016s: Train loss: 0.907774 acc: 0.435337 - Test loss: 0.782008 acc: 0.437956
2020-04-21 11:52:25,339:DEBUG:adversarial_training:[4/200]0m 0.015s: Train loss: 0.750797 acc: 0.447177 - Test loss: 0.717472 acc: 0.445255
2020-04-21 11:52:25,354:DEBUG:adversarial_training:[5/200]0m 0.015s: Train loss: 0.689306 acc: 0.542805 - Test loss: 0.616866 acc: 0.755474
2020-04-21 11:52:25,369:DEBUG:adversarial_training:[6/200]0m 0.015s: Train loss: 0.627730 acc: 0.658470 - Test loss: 0.572750 acc: 0.576642
2020-04-21 11:52:25,384:DEBUG:adversarial_training:[7/200]0m 0.015s: Train loss: 0.616009 acc: 0.612022 - Test loss: 0.554134 acc: 0.671533
2020-04-21 11:52:25,400:DEBUG:adversarial_training:[8/200]0m 0.015s: Train loss: 0.590705 acc: 0.701275 - Test loss: 0.534576 acc: 0.773723
2020-04-21 11:52:25,416:DEBUG:adversarial_training:[9/200]0m 0.016s: Train loss: 0.572983 acc: 0.749545 - Test loss: 0.504124 acc: 0.784672
2020-04-21 11:52:25,432:DEBUG:adversarial_training:[10/200]0m 0.015s: Train loss: 0.554494 acc: 0.737705 - Test loss: 0.485275 acc: 0.788321
2020-04-21 11:52:25,447:DEBUG:adversarial_training:[11/200]0m 0.015s: Train loss: 0.537310 acc: 0.751366 - Test loss: 0.485057 acc: 0.788321
2020-04-21 11:52:25,462:DEBUG:adversarial_training:[12/200]0m 0.015s: Train loss: 0.518121 acc: 0.757741 - Test loss: 0.473888 acc: 0.784672
2020-04-21 11:52:25,477:DEBUG:adversarial_training:[13/200]0m 0.015s: Train loss: 0.501921 acc: 0.778689 - Test loss: 0.476490 acc: 0.777372
2020-04-21 11:52:25,492:DEBUG:adversarial_training:[14/200]0m 0.015s: Train loss: 0.486204 acc: 0.795993 - Test loss: 0.487180 acc: 0.762774
2020-04-21 11:52:25,507:DEBUG:adversarial_training:[15/200]0m 0.015s: Train loss: 0.473485 acc: 0.790528 - Test loss: 0.492116 acc: 0.740876
2020-04-21 11:52:25,522:DEBUG:adversarial_training:[16/200]0m 0.015s: Train loss: 0.462086 acc: 0.799636 - Test loss: 0.499360 acc: 0.751825
2020-04-21 11:52:25,537:DEBUG:adversarial_training:[17/200]0m 0.015s: Train loss: 0.455514 acc: 0.795082 - Test loss: 0.504394 acc: 0.737226
2020-04-21 11:52:25,552:DEBUG:adversarial_training:[18/200]0m 0.015s: Train loss: 0.449716 acc: 0.803279 - Test loss: 0.510763 acc: 0.737226
2020-04-21 11:52:25,567:DEBUG:adversarial_training:[19/200]0m 0.015s: Train loss: 0.445577 acc: 0.798725 - Test loss: 0.513055 acc: 0.733577
2020-04-21 11:52:25,583:DEBUG:adversarial_training:[20/200]0m 0.015s: Train loss: 0.442597 acc: 0.796903 - Test loss: 0.517406 acc: 0.733577
2020-04-21 11:52:25,598:DEBUG:adversarial_training:[21/200]0m 0.015s: Train loss: 0.440995 acc: 0.795993 - Test loss: 0.519569 acc: 0.729927
2020-04-21 11:52:25,613:DEBUG:adversarial_training:[22/200]0m 0.015s: Train loss: 0.440058 acc: 0.796903 - Test loss: 0.520141 acc: 0.726277
2020-04-21 11:52:25,628:DEBUG:adversarial_training:[23/200]0m 0.015s: Train loss: 0.438260 acc: 0.797814 - Test loss: 0.520600 acc: 0.729927
2020-04-21 11:52:25,644:DEBUG:adversarial_training:[24/200]0m 0.015s: Train loss: 0.437184 acc: 0.799636 - Test loss: 0.521969 acc: 0.737226
2020-04-21 11:52:25,659:DEBUG:adversarial_training:[25/200]0m 0.015s: Train loss: 0.435907 acc: 0.799636 - Test loss: 0.523399 acc: 0.733577
2020-04-21 11:52:25,674:DEBUG:adversarial_training:[26/200]0m 0.015s: Train loss: 0.434257 acc: 0.800546 - Test loss: 0.522682 acc: 0.733577
2020-04-21 11:52:25,689:DEBUG:adversarial_training:[27/200]0m 0.015s: Train loss: 0.434322 acc: 0.798725 - Test loss: 0.522921 acc: 0.729927
2020-04-21 11:52:25,705:DEBUG:adversarial_training:[28/200]0m 0.015s: Train loss: 0.434840 acc: 0.798725 - Test loss: 0.523778 acc: 0.748175
2020-04-21 11:52:25,721:DEBUG:adversarial_training:[29/200]0m 0.016s: Train loss: 0.431619 acc: 0.804189 - Test loss: 0.522324 acc: 0.737226
2020-04-21 11:52:25,736:DEBUG:adversarial_training:[30/200]0m 0.015s: Train loss: 0.431348 acc: 0.801457 - Test loss: 0.520679 acc: 0.729927
2020-04-21 11:52:25,751:DEBUG:adversarial_training:[31/200]0m 0.015s: Train loss: 0.430307 acc: 0.803279 - Test loss: 0.521438 acc: 0.748175
2020-04-21 11:52:25,767:DEBUG:adversarial_training:[32/200]0m 0.015s: Train loss: 0.431272 acc: 0.809654 - Test loss: 0.522219 acc: 0.733577
2020-04-21 11:52:25,782:DEBUG:adversarial_training:[33/200]0m 0.015s: Train loss: 0.428434 acc: 0.805100 - Test loss: 0.521748 acc: 0.740876
2020-04-21 11:52:25,797:DEBUG:adversarial_training:[34/200]0m 0.015s: Train loss: 0.426819 acc: 0.804189 - Test loss: 0.520708 acc: 0.737226
2020-04-21 11:52:25,813:DEBUG:adversarial_training:[35/200]0m 0.015s: Train loss: 0.426081 acc: 0.805100 - Test loss: 0.520821 acc: 0.737226
2020-04-21 11:52:25,828:DEBUG:adversarial_training:[36/200]0m 0.015s: Train loss: 0.426109 acc: 0.806922 - Test loss: 0.520008 acc: 0.744526
2020-04-21 11:52:25,844:DEBUG:adversarial_training:[37/200]0m 0.015s: Train loss: 0.423930 acc: 0.803279 - Test loss: 0.520361 acc: 0.733577
2020-04-21 11:52:25,859:DEBUG:adversarial_training:[38/200]0m 0.015s: Train loss: 0.425206 acc: 0.801457 - Test loss: 0.518886 acc: 0.737226
2020-04-21 11:52:25,874:DEBUG:adversarial_training:[39/200]0m 0.015s: Train loss: 0.424577 acc: 0.806011 - Test loss: 0.517168 acc: 0.748175
2020-04-21 11:52:25,890:DEBUG:adversarial_training:[40/200]0m 0.015s: Train loss: 0.421665 acc: 0.806011 - Test loss: 0.516374 acc: 0.744526
2020-04-21 11:52:25,905:DEBUG:adversarial_training:[41/200]0m 0.015s: Train loss: 0.425337 acc: 0.807832 - Test loss: 0.516716 acc: 0.744526
2020-04-21 11:52:25,921:DEBUG:adversarial_training:[42/200]0m 0.016s: Train loss: 0.427038 acc: 0.805100 - Test loss: 0.517932 acc: 0.744526
2020-04-21 11:52:25,937:DEBUG:adversarial_training:[43/200]0m 0.015s: Train loss: 0.422195 acc: 0.806011 - Test loss: 0.517721 acc: 0.748175
2020-04-21 11:52:25,952:DEBUG:adversarial_training:[44/200]0m 0.015s: Train loss: 0.426016 acc: 0.801457 - Test loss: 0.519556 acc: 0.733577
2020-04-21 11:52:25,967:DEBUG:adversarial_training:[45/200]0m 0.015s: Train loss: 0.419073 acc: 0.806011 - Test loss: 0.516610 acc: 0.737226
2020-04-21 11:52:25,983:DEBUG:adversarial_training:[46/200]0m 0.015s: Train loss: 0.417107 acc: 0.811475 - Test loss: 0.518789 acc: 0.729927
2020-04-21 11:52:25,998:DEBUG:adversarial_training:[47/200]0m 0.015s: Train loss: 0.421222 acc: 0.806922 - Test loss: 0.516239 acc: 0.733577
2020-04-21 11:52:26,013:DEBUG:adversarial_training:[48/200]0m 0.015s: Train loss: 0.414296 acc: 0.806011 - Test loss: 0.514104 acc: 0.737226
2020-04-21 11:52:26,028:DEBUG:adversarial_training:[49/200]0m 0.015s: Train loss: 0.413399 acc: 0.809654 - Test loss: 0.512715 acc: 0.740876
2020-04-21 11:52:26,043:DEBUG:adversarial_training:[50/200]0m 0.015s: Train loss: 0.414653 acc: 0.810565 - Test loss: 0.513931 acc: 0.733577
2020-04-21 11:52:26,059:DEBUG:adversarial_training:[51/200]0m 0.015s: Train loss: 0.414261 acc: 0.811475 - Test loss: 0.513509 acc: 0.733577
2020-04-21 11:52:26,074:DEBUG:adversarial_training:[52/200]0m 0.015s: Train loss: 0.413137 acc: 0.812386 - Test loss: 0.512953 acc: 0.733577
2020-04-21 11:52:26,089:DEBUG:adversarial_training:[53/200]0m 0.015s: Train loss: 0.410610 acc: 0.808743 - Test loss: 0.509527 acc: 0.737226
2020-04-21 11:52:26,104:DEBUG:adversarial_training:[54/200]0m 0.015s: Train loss: 0.410387 acc: 0.816029 - Test loss: 0.511468 acc: 0.733577
2020-04-21 11:52:26,119:DEBUG:adversarial_training:[55/200]0m 0.016s: Train loss: 0.416334 acc: 0.818761 - Test loss: 0.508192 acc: 0.744526
2020-04-21 11:52:26,135:DEBUG:adversarial_training:[56/200]0m 0.015s: Train loss: 0.411314 acc: 0.811475 - Test loss: 0.508719 acc: 0.729927
2020-04-21 11:52:26,150:DEBUG:adversarial_training:[57/200]0m 0.015s: Train loss: 0.416934 acc: 0.812386 - Test loss: 0.503235 acc: 0.744526
2020-04-21 11:52:26,165:DEBUG:adversarial_training:[58/200]0m 0.015s: Train loss: 0.404517 acc: 0.812386 - Test loss: 0.504886 acc: 0.737226
2020-04-21 11:52:26,180:DEBUG:adversarial_training:[59/200]0m 0.015s: Train loss: 0.403585 acc: 0.814208 - Test loss: 0.503821 acc: 0.737226
2020-04-21 11:52:26,195:DEBUG:adversarial_training:[60/200]0m 0.015s: Train loss: 0.402731 acc: 0.812386 - Test loss: 0.502535 acc: 0.740876
2020-04-21 11:52:26,210:DEBUG:adversarial_training:[61/200]0m 0.015s: Train loss: 0.401376 acc: 0.815118 - Test loss: 0.499070 acc: 0.751825
2020-04-21 11:52:26,225:DEBUG:adversarial_training:[62/200]0m 0.015s: Train loss: 0.402743 acc: 0.815118 - Test loss: 0.505368 acc: 0.744526
2020-04-21 11:52:26,240:DEBUG:adversarial_training:[63/200]0m 0.015s: Train loss: 0.399458 acc: 0.822404 - Test loss: 0.498474 acc: 0.751825
2020-04-21 11:52:26,255:DEBUG:adversarial_training:[64/200]0m 0.015s: Train loss: 0.401272 acc: 0.814208 - Test loss: 0.507126 acc: 0.744526
2020-04-21 11:52:26,270:DEBUG:adversarial_training:[65/200]0m 0.015s: Train loss: 0.400915 acc: 0.821494 - Test loss: 0.493286 acc: 0.755474
2020-04-21 11:52:26,286:DEBUG:adversarial_training:[66/200]0m 0.015s: Train loss: 0.398837 acc: 0.818761 - Test loss: 0.497895 acc: 0.740876
2020-04-21 11:52:26,301:DEBUG:adversarial_training:[67/200]0m 0.015s: Train loss: 0.393952 acc: 0.818761 - Test loss: 0.493058 acc: 0.751825
2020-04-21 11:52:26,316:DEBUG:adversarial_training:[68/200]0m 0.015s: Train loss: 0.393182 acc: 0.817851 - Test loss: 0.491279 acc: 0.744526
2020-04-21 11:52:26,331:DEBUG:adversarial_training:[69/200]0m 0.015s: Train loss: 0.393242 acc: 0.815118 - Test loss: 0.489138 acc: 0.751825
2020-04-21 11:52:26,346:DEBUG:adversarial_training:[70/200]0m 0.015s: Train loss: 0.390502 acc: 0.816029 - Test loss: 0.484391 acc: 0.755474
2020-04-21 11:52:26,362:DEBUG:adversarial_training:[71/200]0m 0.015s: Train loss: 0.388885 acc: 0.816029 - Test loss: 0.485740 acc: 0.744526
2020-04-21 11:52:26,377:DEBUG:adversarial_training:[72/200]0m 0.015s: Train loss: 0.388424 acc: 0.817851 - Test loss: 0.480094 acc: 0.755474
2020-04-21 11:52:26,392:DEBUG:adversarial_training:[73/200]0m 0.015s: Train loss: 0.387801 acc: 0.825137 - Test loss: 0.478785 acc: 0.751825
2020-04-21 11:52:26,407:DEBUG:adversarial_training:[74/200]0m 0.015s: Train loss: 0.386238 acc: 0.816029 - Test loss: 0.478862 acc: 0.755474
2020-04-21 11:52:26,422:DEBUG:adversarial_training:[75/200]0m 0.015s: Train loss: 0.384604 acc: 0.819672 - Test loss: 0.475512 acc: 0.755474
2020-04-21 11:52:26,437:DEBUG:adversarial_training:[76/200]0m 0.015s: Train loss: 0.384617 acc: 0.823315 - Test loss: 0.471761 acc: 0.755474
2020-04-21 11:52:26,452:DEBUG:adversarial_training:[77/200]0m 0.015s: Train loss: 0.381227 acc: 0.820583 - Test loss: 0.473474 acc: 0.755474
2020-04-21 11:52:26,467:DEBUG:adversarial_training:[78/200]0m 0.015s: Train loss: 0.380236 acc: 0.823315 - Test loss: 0.467051 acc: 0.755474
2020-04-21 11:52:26,482:DEBUG:adversarial_training:[79/200]0m 0.015s: Train loss: 0.378466 acc: 0.819672 - Test loss: 0.467591 acc: 0.766423
2020-04-21 11:52:26,498:DEBUG:adversarial_training:[80/200]0m 0.015s: Train loss: 0.376361 acc: 0.822404 - Test loss: 0.466681 acc: 0.766423
2020-04-21 11:52:26,513:DEBUG:adversarial_training:[81/200]0m 0.015s: Train loss: 0.377336 acc: 0.824226 - Test loss: 0.462789 acc: 0.762774
2020-04-21 11:52:26,529:DEBUG:adversarial_training:[82/200]0m 0.015s: Train loss: 0.373175 acc: 0.823315 - Test loss: 0.468976 acc: 0.759124
2020-04-21 11:52:26,544:DEBUG:adversarial_training:[83/200]0m 0.015s: Train loss: 0.372346 acc: 0.828780 - Test loss: 0.459834 acc: 0.762774
2020-04-21 11:52:26,559:DEBUG:adversarial_training:[84/200]0m 0.015s: Train loss: 0.371302 acc: 0.830601 - Test loss: 0.459460 acc: 0.766423
2020-04-21 11:52:26,575:DEBUG:adversarial_training:[85/200]0m 0.015s: Train loss: 0.374160 acc: 0.826958 - Test loss: 0.471234 acc: 0.748175
2020-04-21 11:52:26,590:DEBUG:adversarial_training:[86/200]0m 0.015s: Train loss: 0.368468 acc: 0.834244 - Test loss: 0.465160 acc: 0.773723
2020-04-21 11:52:26,605:DEBUG:adversarial_training:[87/200]0m 0.015s: Train loss: 0.368870 acc: 0.833333 - Test loss: 0.478735 acc: 0.748175
2020-04-21 11:52:26,620:DEBUG:adversarial_training:[88/200]0m 0.015s: Train loss: 0.367707 acc: 0.842441 - Test loss: 0.452037 acc: 0.762774
2020-04-21 11:52:26,636:DEBUG:adversarial_training:[89/200]0m 0.015s: Train loss: 0.364119 acc: 0.835155 - Test loss: 0.452256 acc: 0.773723
2020-04-21 11:52:26,651:DEBUG:adversarial_training:[90/200]0m 0.015s: Train loss: 0.359296 acc: 0.830601 - Test loss: 0.447196 acc: 0.766423
2020-04-21 11:52:26,666:DEBUG:adversarial_training:[91/200]0m 0.015s: Train loss: 0.361191 acc: 0.830601 - Test loss: 0.441922 acc: 0.770073
2020-04-21 11:52:26,681:DEBUG:adversarial_training:[92/200]0m 0.015s: Train loss: 0.357528 acc: 0.837887 - Test loss: 0.440203 acc: 0.770073
2020-04-21 11:52:26,696:DEBUG:adversarial_training:[93/200]0m 0.015s: Train loss: 0.355177 acc: 0.836976 - Test loss: 0.468572 acc: 0.759124
2020-04-21 11:52:26,712:DEBUG:adversarial_training:[94/200]0m 0.015s: Train loss: 0.355209 acc: 0.838798 - Test loss: 0.438013 acc: 0.766423
2020-04-21 11:52:26,728:DEBUG:adversarial_training:[95/200]0m 0.016s: Train loss: 0.360280 acc: 0.831512 - Test loss: 0.434637 acc: 0.773723
2020-04-21 11:52:26,743:DEBUG:adversarial_training:[96/200]0m 0.015s: Train loss: 0.351283 acc: 0.836066 - Test loss: 0.447253 acc: 0.770073
2020-04-21 11:52:26,758:DEBUG:adversarial_training:[97/200]0m 0.015s: Train loss: 0.347190 acc: 0.834244 - Test loss: 0.429096 acc: 0.773723
2020-04-21 11:52:26,773:DEBUG:adversarial_training:[98/200]0m 0.015s: Train loss: 0.344351 acc: 0.844262 - Test loss: 0.432352 acc: 0.777372
2020-04-21 11:52:26,789:DEBUG:adversarial_training:[99/200]0m 0.015s: Train loss: 0.343012 acc: 0.847905 - Test loss: 0.425296 acc: 0.788321
2020-04-21 11:52:26,804:DEBUG:adversarial_training:[100/200]0m 0.015s: Train loss: 0.349657 acc: 0.842441 - Test loss: 0.424340 acc: 0.781022
2020-04-21 11:52:26,819:DEBUG:adversarial_training:[101/200]0m 0.015s: Train loss: 0.339408 acc: 0.841530 - Test loss: 0.415344 acc: 0.784672
2020-04-21 11:52:26,834:DEBUG:adversarial_training:[102/200]0m 0.015s: Train loss: 0.334814 acc: 0.838798 - Test loss: 0.416977 acc: 0.788321
2020-04-21 11:52:26,850:DEBUG:adversarial_training:[103/200]0m 0.015s: Train loss: 0.331518 acc: 0.850638 - Test loss: 0.409973 acc: 0.791971
2020-04-21 11:52:26,865:DEBUG:adversarial_training:[104/200]0m 0.015s: Train loss: 0.329309 acc: 0.850638 - Test loss: 0.422755 acc: 0.777372
2020-04-21 11:52:26,880:DEBUG:adversarial_training:[105/200]0m 0.015s: Train loss: 0.326902 acc: 0.851548 - Test loss: 0.406309 acc: 0.788321
2020-04-21 11:52:26,896:DEBUG:adversarial_training:[106/200]0m 0.015s: Train loss: 0.323433 acc: 0.854281 - Test loss: 0.402327 acc: 0.791971
2020-04-21 11:52:26,911:DEBUG:adversarial_training:[107/200]0m 0.015s: Train loss: 0.322647 acc: 0.859745 - Test loss: 0.388833 acc: 0.788321
2020-04-21 11:52:26,927:DEBUG:adversarial_training:[108/200]0m 0.015s: Train loss: 0.320508 acc: 0.860656 - Test loss: 0.385199 acc: 0.784672
2020-04-21 11:52:26,942:DEBUG:adversarial_training:[109/200]0m 0.015s: Train loss: 0.315837 acc: 0.857923 - Test loss: 0.384502 acc: 0.795620
2020-04-21 11:52:26,957:DEBUG:adversarial_training:[110/200]0m 0.015s: Train loss: 0.312862 acc: 0.861566 - Test loss: 0.398551 acc: 0.791971
2020-04-21 11:52:26,973:DEBUG:adversarial_training:[111/200]0m 0.015s: Train loss: 0.308938 acc: 0.856102 - Test loss: 0.391372 acc: 0.795620
2020-04-21 11:52:26,988:DEBUG:adversarial_training:[112/200]0m 0.015s: Train loss: 0.308087 acc: 0.877960 - Test loss: 0.364635 acc: 0.824818
2020-04-21 11:52:27,003:DEBUG:adversarial_training:[113/200]0m 0.015s: Train loss: 0.322983 acc: 0.862477 - Test loss: 0.364050 acc: 0.813869
2020-04-21 11:52:27,020:DEBUG:adversarial_training:[114/200]0m 0.016s: Train loss: 0.307916 acc: 0.871585 - Test loss: 0.362592 acc: 0.810219
2020-04-21 11:52:27,036:DEBUG:adversarial_training:[115/200]0m 0.016s: Train loss: 0.299468 acc: 0.860656 - Test loss: 0.355343 acc: 0.810219
2020-04-21 11:52:27,053:DEBUG:adversarial_training:[116/200]0m 0.017s: Train loss: 0.294086 acc: 0.869763 - Test loss: 0.354902 acc: 0.813869
2020-04-21 11:52:27,069:DEBUG:adversarial_training:[117/200]0m 0.016s: Train loss: 0.292509 acc: 0.875228 - Test loss: 0.344854 acc: 0.810219
2020-04-21 11:52:27,086:DEBUG:adversarial_training:[118/200]0m 0.017s: Train loss: 0.290284 acc: 0.872495 - Test loss: 0.374578 acc: 0.791971
2020-04-21 11:52:27,102:DEBUG:adversarial_training:[119/200]0m 0.016s: Train loss: 0.295899 acc: 0.874317 - Test loss: 0.351192 acc: 0.821168
2020-04-21 11:52:27,119:DEBUG:adversarial_training:[120/200]0m 0.017s: Train loss: 0.284895 acc: 0.884335 - Test loss: 0.365753 acc: 0.828467
2020-04-21 11:52:27,135:DEBUG:adversarial_training:[121/200]0m 0.016s: Train loss: 0.289066 acc: 0.875228 - Test loss: 0.364883 acc: 0.817518
2020-04-21 11:52:27,152:DEBUG:adversarial_training:[122/200]0m 0.017s: Train loss: 0.286260 acc: 0.873406 - Test loss: 0.350899 acc: 0.821168
2020-04-21 11:52:27,168:DEBUG:adversarial_training:[123/200]0m 0.016s: Train loss: 0.277250 acc: 0.880692 - Test loss: 0.335669 acc: 0.828467
2020-04-21 11:52:27,184:DEBUG:adversarial_training:[124/200]0m 0.016s: Train loss: 0.281721 acc: 0.883424 - Test loss: 0.320035 acc: 0.835766
2020-04-21 11:52:27,201:DEBUG:adversarial_training:[125/200]0m 0.017s: Train loss: 0.276272 acc: 0.887067 - Test loss: 0.314656 acc: 0.835766
2020-04-21 11:52:27,217:DEBUG:adversarial_training:[126/200]0m 0.015s: Train loss: 0.293665 acc: 0.871585 - Test loss: 0.325877 acc: 0.846715
2020-04-21 11:52:27,232:DEBUG:adversarial_training:[127/200]0m 0.016s: Train loss: 0.293209 acc: 0.872495 - Test loss: 0.309151 acc: 0.861314
2020-04-21 11:52:27,248:DEBUG:adversarial_training:[128/200]0m 0.016s: Train loss: 0.281761 acc: 0.878871 - Test loss: 0.306582 acc: 0.854015
2020-04-21 11:52:27,265:DEBUG:adversarial_training:[129/200]0m 0.017s: Train loss: 0.274938 acc: 0.884335 - Test loss: 0.312012 acc: 0.843066
2020-04-21 11:52:27,281:DEBUG:adversarial_training:[130/200]0m 0.015s: Train loss: 0.269469 acc: 0.881603 - Test loss: 0.326919 acc: 0.839416
2020-04-21 11:52:27,297:DEBUG:adversarial_training:[131/200]0m 0.016s: Train loss: 0.262287 acc: 0.887978 - Test loss: 0.305299 acc: 0.850365
2020-04-21 11:52:27,314:DEBUG:adversarial_training:[132/200]0m 0.017s: Train loss: 0.267044 acc: 0.889800 - Test loss: 0.301687 acc: 0.850365
2020-04-21 11:52:27,329:DEBUG:adversarial_training:[133/200]0m 0.016s: Train loss: 0.263240 acc: 0.881603 - Test loss: 0.332423 acc: 0.846715
2020-04-21 11:52:27,347:DEBUG:adversarial_training:[134/200]0m 0.017s: Train loss: 0.269328 acc: 0.886157 - Test loss: 0.381889 acc: 0.810219
2020-04-21 11:52:27,362:DEBUG:adversarial_training:[135/200]0m 0.015s: Train loss: 0.292789 acc: 0.876138 - Test loss: 0.396443 acc: 0.795620
2020-04-21 11:52:27,378:DEBUG:adversarial_training:[136/200]0m 0.015s: Train loss: 0.272288 acc: 0.886157 - Test loss: 0.317725 acc: 0.843066
2020-04-21 11:52:27,393:DEBUG:adversarial_training:[137/200]0m 0.015s: Train loss: 0.276310 acc: 0.882514 - Test loss: 0.323918 acc: 0.861314
2020-04-21 11:52:27,408:DEBUG:adversarial_training:[138/200]0m 0.015s: Train loss: 0.257749 acc: 0.884335 - Test loss: 0.325366 acc: 0.846715
2020-04-21 11:52:27,424:DEBUG:adversarial_training:[139/200]0m 0.015s: Train loss: 0.257713 acc: 0.886157 - Test loss: 0.294445 acc: 0.864964
2020-04-21 11:52:27,439:DEBUG:adversarial_training:[140/200]0m 0.015s: Train loss: 0.255315 acc: 0.888889 - Test loss: 0.303282 acc: 0.857664
2020-04-21 11:52:27,455:DEBUG:adversarial_training:[141/200]0m 0.017s: Train loss: 0.260013 acc: 0.880692 - Test loss: 0.297223 acc: 0.861314
2020-04-21 11:52:27,472:DEBUG:adversarial_training:[142/200]0m 0.016s: Train loss: 0.257310 acc: 0.893443 - Test loss: 0.306769 acc: 0.861314
2020-04-21 11:52:27,488:DEBUG:adversarial_training:[143/200]0m 0.016s: Train loss: 0.283616 acc: 0.881603 - Test loss: 0.358228 acc: 0.821168
2020-04-21 11:52:27,504:DEBUG:adversarial_training:[144/200]0m 0.016s: Train loss: 0.334530 acc: 0.855191 - Test loss: 0.521662 acc: 0.773723
2020-04-21 11:52:27,520:DEBUG:adversarial_training:[145/200]0m 0.016s: Train loss: 0.306420 acc: 0.864299 - Test loss: 0.416872 acc: 0.799270
2020-04-21 11:52:27,535:DEBUG:adversarial_training:[146/200]0m 0.015s: Train loss: 0.265964 acc: 0.889800 - Test loss: 0.325263 acc: 0.835766
2020-04-21 11:52:27,551:DEBUG:adversarial_training:[147/200]0m 0.015s: Train loss: 0.252866 acc: 0.881603 - Test loss: 0.306586 acc: 0.850365
2020-04-21 11:52:27,566:DEBUG:adversarial_training:[148/200]0m 0.015s: Train loss: 0.256911 acc: 0.887978 - Test loss: 0.300132 acc: 0.850365
2020-04-21 11:52:27,581:DEBUG:adversarial_training:[149/200]0m 0.015s: Train loss: 0.256435 acc: 0.879781 - Test loss: 0.288172 acc: 0.861314
2020-04-21 11:52:27,597:DEBUG:adversarial_training:[150/200]0m 0.016s: Train loss: 0.259672 acc: 0.879781 - Test loss: 0.286170 acc: 0.861314
2020-04-21 11:52:27,614:DEBUG:adversarial_training:[151/200]0m 0.016s: Train loss: 0.247492 acc: 0.891621 - Test loss: 0.284750 acc: 0.864964
2020-04-21 11:52:27,629:DEBUG:adversarial_training:[152/200]0m 0.015s: Train loss: 0.248156 acc: 0.886157 - Test loss: 0.283105 acc: 0.864964
2020-04-21 11:52:27,645:DEBUG:adversarial_training:[153/200]0m 0.015s: Train loss: 0.245683 acc: 0.887978 - Test loss: 0.285487 acc: 0.872263
2020-04-21 11:52:27,660:DEBUG:adversarial_training:[154/200]0m 0.015s: Train loss: 0.270756 acc: 0.879781 - Test loss: 0.290945 acc: 0.857664
2020-04-21 11:52:27,675:DEBUG:adversarial_training:[155/200]0m 0.015s: Train loss: 0.250567 acc: 0.893443 - Test loss: 0.279222 acc: 0.875912
2020-04-21 11:52:27,690:DEBUG:adversarial_training:[156/200]0m 0.015s: Train loss: 0.256918 acc: 0.883424 - Test loss: 0.287473 acc: 0.864964
2020-04-21 11:52:27,705:DEBUG:adversarial_training:[157/200]0m 0.015s: Train loss: 0.260531 acc: 0.886157 - Test loss: 0.313431 acc: 0.857664
2020-04-21 11:52:27,720:DEBUG:adversarial_training:[158/200]0m 0.015s: Train loss: 0.260390 acc: 0.895264 - Test loss: 0.343034 acc: 0.832117
2020-04-21 11:52:27,735:DEBUG:adversarial_training:[159/200]0m 0.015s: Train loss: 0.251534 acc: 0.890710 - Test loss: 0.313279 acc: 0.857664
2020-04-21 11:52:27,751:DEBUG:adversarial_training:[160/200]0m 0.016s: Train loss: 0.244091 acc: 0.888889 - Test loss: 0.273647 acc: 0.879562
2020-04-21 11:52:27,768:DEBUG:adversarial_training:[161/200]0m 0.017s: Train loss: 0.241036 acc: 0.896175 - Test loss: 0.298310 acc: 0.868613
2020-04-21 11:52:27,784:DEBUG:adversarial_training:[162/200]0m 0.016s: Train loss: 0.244055 acc: 0.889800 - Test loss: 0.297854 acc: 0.864964
2020-04-21 11:52:27,800:DEBUG:adversarial_training:[163/200]0m 0.016s: Train loss: 0.242881 acc: 0.887067 - Test loss: 0.293212 acc: 0.872263
2020-04-21 11:52:27,817:DEBUG:adversarial_training:[164/200]0m 0.016s: Train loss: 0.237469 acc: 0.892532 - Test loss: 0.303513 acc: 0.864964
2020-04-21 11:52:27,832:DEBUG:adversarial_training:[165/200]0m 0.015s: Train loss: 0.237988 acc: 0.889800 - Test loss: 0.288188 acc: 0.879562
2020-04-21 11:52:27,847:DEBUG:adversarial_training:[166/200]0m 0.015s: Train loss: 0.238551 acc: 0.879781 - Test loss: 0.311569 acc: 0.857664
2020-04-21 11:52:27,863:DEBUG:adversarial_training:[167/200]0m 0.015s: Train loss: 0.237383 acc: 0.891621 - Test loss: 0.291588 acc: 0.879562
2020-04-21 11:52:27,878:DEBUG:adversarial_training:[168/200]0m 0.015s: Train loss: 0.241552 acc: 0.894353 - Test loss: 0.281428 acc: 0.875912
2020-04-21 11:52:27,893:DEBUG:adversarial_training:[169/200]0m 0.015s: Train loss: 0.246626 acc: 0.886157 - Test loss: 0.273035 acc: 0.879562
2020-04-21 11:52:27,908:DEBUG:adversarial_training:[170/200]0m 0.015s: Train loss: 0.243753 acc: 0.889800 - Test loss: 0.293481 acc: 0.868613
2020-04-21 11:52:27,924:DEBUG:adversarial_training:[171/200]0m 0.015s: Train loss: 0.235306 acc: 0.889800 - Test loss: 0.308894 acc: 0.861314
2020-04-21 11:52:27,939:DEBUG:adversarial_training:[172/200]0m 0.015s: Train loss: 0.235605 acc: 0.895264 - Test loss: 0.285629 acc: 0.864964
2020-04-21 11:52:27,954:DEBUG:adversarial_training:[173/200]0m 0.015s: Train loss: 0.243632 acc: 0.881603 - Test loss: 0.330218 acc: 0.832117
2020-04-21 11:52:27,969:DEBUG:adversarial_training:[174/200]0m 0.015s: Train loss: 0.244062 acc: 0.894353 - Test loss: 0.340709 acc: 0.828467
2020-04-21 11:52:27,984:DEBUG:adversarial_training:[175/200]0m 0.015s: Train loss: 0.283211 acc: 0.869763 - Test loss: 0.344784 acc: 0.817518
2020-04-21 11:52:27,999:DEBUG:adversarial_training:[176/200]0m 0.015s: Train loss: 0.271394 acc: 0.883424 - Test loss: 0.293978 acc: 0.868613
2020-04-21 11:52:28,015:DEBUG:adversarial_training:[177/200]0m 0.015s: Train loss: 0.241809 acc: 0.889800 - Test loss: 0.278416 acc: 0.872263
2020-04-21 11:52:28,030:DEBUG:adversarial_training:[178/200]0m 0.015s: Train loss: 0.239060 acc: 0.893443 - Test loss: 0.273694 acc: 0.886861
2020-04-21 11:52:28,045:DEBUG:adversarial_training:[179/200]0m 0.015s: Train loss: 0.251447 acc: 0.880692 - Test loss: 0.277597 acc: 0.872263
2020-04-21 11:52:28,060:DEBUG:adversarial_training:[180/200]0m 0.015s: Train loss: 0.260869 acc: 0.883424 - Test loss: 0.273276 acc: 0.879562
2020-04-21 11:52:28,076:DEBUG:adversarial_training:[181/200]0m 0.015s: Train loss: 0.247515 acc: 0.881603 - Test loss: 0.336350 acc: 0.817518
2020-04-21 11:52:28,091:DEBUG:adversarial_training:[182/200]0m 0.015s: Train loss: 0.244481 acc: 0.887978 - Test loss: 0.293837 acc: 0.868613
2020-04-21 11:52:28,106:DEBUG:adversarial_training:[183/200]0m 0.015s: Train loss: 0.244968 acc: 0.887067 - Test loss: 0.278693 acc: 0.879562
2020-04-21 11:52:28,122:DEBUG:adversarial_training:[184/200]0m 0.015s: Train loss: 0.238081 acc: 0.891621 - Test loss: 0.284622 acc: 0.868613
2020-04-21 11:52:28,140:DEBUG:adversarial_training:[185/200]0m 0.018s: Train loss: 0.238884 acc: 0.895264 - Test loss: 0.266154 acc: 0.890511
2020-04-21 11:52:28,155:DEBUG:adversarial_training:[186/200]0m 0.015s: Train loss: 0.240262 acc: 0.897996 - Test loss: 0.267429 acc: 0.879562
2020-04-21 11:52:28,170:DEBUG:adversarial_training:[187/200]0m 0.015s: Train loss: 0.249063 acc: 0.884335 - Test loss: 0.260904 acc: 0.883212
2020-04-21 11:52:28,186:DEBUG:adversarial_training:[188/200]0m 0.015s: Train loss: 0.250154 acc: 0.882514 - Test loss: 0.307946 acc: 0.843066
2020-04-21 11:52:28,201:DEBUG:adversarial_training:[189/200]0m 0.015s: Train loss: 0.303495 acc: 0.864299 - Test loss: 0.441581 acc: 0.791971
2020-04-21 11:52:28,217:DEBUG:adversarial_training:[190/200]0m 0.015s: Train loss: 0.287859 acc: 0.863388 - Test loss: 0.282007 acc: 0.868613
2020-04-21 11:52:28,232:DEBUG:adversarial_training:[191/200]0m 0.015s: Train loss: 0.258868 acc: 0.884335 - Test loss: 0.266777 acc: 0.883212
2020-04-21 11:52:28,247:DEBUG:adversarial_training:[192/200]0m 0.015s: Train loss: 0.242458 acc: 0.894353 - Test loss: 0.283790 acc: 0.872263
2020-04-21 11:52:28,263:DEBUG:adversarial_training:[193/200]0m 0.015s: Train loss: 0.262243 acc: 0.881603 - Test loss: 0.292433 acc: 0.857664
2020-04-21 11:52:28,278:DEBUG:adversarial_training:[194/200]0m 0.015s: Train loss: 0.258915 acc: 0.877960 - Test loss: 0.260764 acc: 0.879562
2020-04-21 11:52:28,293:DEBUG:adversarial_training:[195/200]0m 0.015s: Train loss: 0.260913 acc: 0.872495 - Test loss: 0.271254 acc: 0.879562
2020-04-21 11:52:28,308:DEBUG:adversarial_training:[196/200]0m 0.015s: Train loss: 0.239395 acc: 0.892532 - Test loss: 0.281654 acc: 0.875912
2020-04-21 11:52:28,323:DEBUG:adversarial_training:[197/200]0m 0.015s: Train loss: 0.235262 acc: 0.891621 - Test loss: 0.278021 acc: 0.875912
2020-04-21 11:52:28,338:DEBUG:adversarial_training:[198/200]0m 0.015s: Train loss: 0.234455 acc: 0.889800 - Test loss: 0.292469 acc: 0.854015
2020-04-21 11:52:28,354:DEBUG:adversarial_training:[199/200]0m 0.015s: Train loss: 0.236873 acc: 0.892532 - Test loss: 0.268012 acc: 0.883212
2020-04-21 11:52:28,369:DEBUG:adversarial_training:[200/200]0m 0.015s: Train loss: 0.230229 acc: 0.892532 - Test loss: 0.290452 acc: 0.854015
2020-04-21 11:52:28,369:INFO:model_container_pt:Saved model to save/AdvTrain_IrisNN_BankNote.pt
2020-04-21 11:52:28,369:DEBUG:defend_advtr:Load save/IrisNN_BankNote_BIM_x.npy...
2020-04-21 11:52:28,371:INFO:defend_advtr:Accuracy on clean set: 1.000000
2020-04-21 11:52:28,375:INFO:defend_advtr:Blocked 24/274 samples on clean
2020-04-21 11:52:28,375:DEBUG:defend_advtr:Load save/IrisNN_BankNote_BIM_adv.npy...
2020-04-21 11:52:28,377:INFO:defend_advtr:Accuracy on BIM set: 0.000000
2020-04-21 11:52:28,380:INFO:defend_advtr:Blocked 0/274 samples on BIM
2020-04-21 11:52:28,380:DEBUG:defend_advtr:Load save/IrisNN_BankNote_Carlini_adv.npy...
2020-04-21 11:52:28,382:INFO:defend_advtr:Accuracy on Carlini set: 0.456204
2020-04-21 11:52:28,385:INFO:defend_advtr:Blocked 119/274 samples on Carlini
2020-04-21 11:52:28,385:DEBUG:defend_advtr:Load save/IrisNN_BankNote_DeepFool_adv.npy...
2020-04-21 11:52:28,387:INFO:defend_advtr:Accuracy on DeepFool set: 0.156934
2020-04-21 11:52:28,390:INFO:defend_advtr:Blocked 89/274 samples on DeepFool
2020-04-21 11:52:28,390:DEBUG:defend_advtr:Load save/IrisNN_BankNote_FGSM_adv.npy...
2020-04-21 11:52:28,392:INFO:defend_advtr:Accuracy on FGSM set: 0.007299
2020-04-21 11:52:28,394:INFO:defend_advtr:Blocked 106/274 samples on FGSM
