2020-04-21 11:52:13,624:INFO:defend_advtr:Start at    : 20200421115213
2020-04-21 11:52:13,625:INFO:defend_advtr:RECEIVED PARAMETERS:
2020-04-21 11:52:13,625:INFO:defend_advtr:model file  :./save/IrisNN_Iris_e200.pt
2020-04-21 11:52:13,625:INFO:defend_advtr:model       :IrisNN
2020-04-21 11:52:13,625:INFO:defend_advtr:dataset     :Iris
2020-04-21 11:52:13,625:INFO:defend_advtr:max_epochs  :200
2020-04-21 11:52:13,625:INFO:defend_advtr:ratio  :0
2020-04-21 11:52:13,625:INFO:defend_advtr:batch_size  :128
2020-04-21 11:52:13,625:INFO:defend_advtr:seed        :4096
2020-04-21 11:52:13,625:INFO:defend_advtr:verbose     :True
2020-04-21 11:52:13,625:INFO:defend_advtr:save_log    :True
2020-04-21 11:52:13,625:INFO:defend_advtr:need train  :True
2020-04-21 11:52:13,625:INFO:defend_advtr:attacks     :clean, BIM, Carlini, DeepFool, FGSM
2020-04-21 11:52:13,625:DEBUG:utils:Setting random seed for PyTorch.
2020-04-21 11:52:13,651:DEBUG:utils:/home/lukec/workspace/aad/aad/../data
2020-04-21 11:52:13,651:DEBUG:data_container:Reading file /home/lukec/workspace/aad/aad/../data/iris.data
2020-04-21 11:52:13,657:INFO:data_container:Train size: 90 - Test size: 60
2020-04-21 11:52:13,657:INFO:data_container:Successfully load data. Time to complete: 0m 0.006s
2020-04-21 11:52:15,916:DEBUG:model_container_pt:Using device: cuda
2020-04-21 11:52:15,917:INFO:model_container_pt:Loaded model from ./save/IrisNN_Iris_e200.pt
2020-04-21 11:52:15,937:INFO:defend_advtr:Accuracy on test set: 0.966667
2020-04-21 11:52:15,937:INFO:pytorch:Inferred 1 hidden layers on PyTorch classifier.
2020-04-21 11:52:15,938:DEBUG:adversarial_training:Generate 45 adv. examples using [BIMContainer]
2020-04-21 11:52:16,028:INFO:projected_gradient_descent:Success rate of attack: 100.00%
2020-04-21 11:52:16,029:INFO:bim_attack:Time to complete training 1000 adv. examples: 0m 0.091s
2020-04-21 11:52:16,029:DEBUG:detector_container:Time to complete [Train Adv. Examples]: 0m 0.091s
2020-04-21 11:52:16,032:DEBUG:adversarial_training:[1/200]0m 0.002s: Train loss: 2.234023 acc: 0.477778 - Test loss: 0.096390 acc: 0.966667
2020-04-21 11:52:16,035:DEBUG:adversarial_training:[2/200]0m 0.002s: Train loss: 2.186044 acc: 0.477778 - Test loss: 0.096379 acc: 0.983333
2020-04-21 11:52:16,039:DEBUG:adversarial_training:[3/200]0m 0.004s: Train loss: 2.101679 acc: 0.488889 - Test loss: 0.103096 acc: 0.966667
2020-04-21 11:52:16,042:DEBUG:adversarial_training:[4/200]0m 0.002s: Train loss: 1.997202 acc: 0.488889 - Test loss: 0.121228 acc: 0.950000
2020-04-21 11:52:16,044:DEBUG:adversarial_training:[5/200]0m 0.002s: Train loss: 1.898157 acc: 0.500000 - Test loss: 0.150736 acc: 0.950000
2020-04-21 11:52:16,046:DEBUG:adversarial_training:[6/200]0m 0.002s: Train loss: 1.823651 acc: 0.611111 - Test loss: 0.184705 acc: 0.933333
2020-04-21 11:52:16,048:DEBUG:adversarial_training:[7/200]0m 0.002s: Train loss: 1.773006 acc: 0.622222 - Test loss: 0.211490 acc: 0.916667
2020-04-21 11:52:16,051:DEBUG:adversarial_training:[8/200]0m 0.002s: Train loss: 1.729261 acc: 0.633333 - Test loss: 0.221907 acc: 0.916667
2020-04-21 11:52:16,054:DEBUG:adversarial_training:[9/200]0m 0.003s: Train loss: 1.673616 acc: 0.655556 - Test loss: 0.214082 acc: 0.916667
2020-04-21 11:52:16,057:DEBUG:adversarial_training:[10/200]0m 0.003s: Train loss: 1.597478 acc: 0.655556 - Test loss: 0.195048 acc: 0.933333
2020-04-21 11:52:16,059:DEBUG:adversarial_training:[11/200]0m 0.002s: Train loss: 1.505411 acc: 0.677778 - Test loss: 0.175625 acc: 0.933333
2020-04-21 11:52:16,061:DEBUG:adversarial_training:[12/200]0m 0.002s: Train loss: 1.410180 acc: 0.655556 - Test loss: 0.164072 acc: 0.950000
2020-04-21 11:52:16,063:DEBUG:adversarial_training:[13/200]0m 0.002s: Train loss: 1.324572 acc: 0.677778 - Test loss: 0.162977 acc: 0.933333
2020-04-21 11:52:16,066:DEBUG:adversarial_training:[14/200]0m 0.002s: Train loss: 1.255401 acc: 0.655556 - Test loss: 0.169607 acc: 0.966667
2020-04-21 11:52:16,068:DEBUG:adversarial_training:[15/200]0m 0.002s: Train loss: 1.201394 acc: 0.655556 - Test loss: 0.179022 acc: 0.966667
2020-04-21 11:52:16,071:DEBUG:adversarial_training:[16/200]0m 0.003s: Train loss: 1.155350 acc: 0.655556 - Test loss: 0.187212 acc: 0.966667
2020-04-21 11:52:16,075:DEBUG:adversarial_training:[17/200]0m 0.003s: Train loss: 1.110413 acc: 0.633333 - Test loss: 0.192787 acc: 0.966667
2020-04-21 11:52:16,077:DEBUG:adversarial_training:[18/200]0m 0.002s: Train loss: 1.062372 acc: 0.622222 - Test loss: 0.197193 acc: 0.966667
2020-04-21 11:52:16,079:DEBUG:adversarial_training:[19/200]0m 0.002s: Train loss: 1.011370 acc: 0.633333 - Test loss: 0.203338 acc: 0.916667
2020-04-21 11:52:16,081:DEBUG:adversarial_training:[20/200]0m 0.002s: Train loss: 0.961231 acc: 0.644444 - Test loss: 0.213910 acc: 0.933333
2020-04-21 11:52:16,083:DEBUG:adversarial_training:[21/200]0m 0.002s: Train loss: 0.917081 acc: 0.644444 - Test loss: 0.229615 acc: 0.933333
2020-04-21 11:52:16,086:DEBUG:adversarial_training:[22/200]0m 0.003s: Train loss: 0.882751 acc: 0.666667 - Test loss: 0.248841 acc: 0.933333
2020-04-21 11:52:16,090:DEBUG:adversarial_training:[23/200]0m 0.003s: Train loss: 0.857880 acc: 0.633333 - Test loss: 0.268285 acc: 0.916667
2020-04-21 11:52:16,092:DEBUG:adversarial_training:[24/200]0m 0.002s: Train loss: 0.839363 acc: 0.633333 - Test loss: 0.284315 acc: 0.916667
2020-04-21 11:52:16,094:DEBUG:adversarial_training:[25/200]0m 0.002s: Train loss: 0.822990 acc: 0.655556 - Test loss: 0.294677 acc: 0.900000
2020-04-21 11:52:16,096:DEBUG:adversarial_training:[26/200]0m 0.002s: Train loss: 0.805845 acc: 0.655556 - Test loss: 0.299249 acc: 0.900000
2020-04-21 11:52:16,099:DEBUG:adversarial_training:[27/200]0m 0.002s: Train loss: 0.787141 acc: 0.655556 - Test loss: 0.299462 acc: 0.900000
2020-04-21 11:52:16,101:DEBUG:adversarial_training:[28/200]0m 0.002s: Train loss: 0.768052 acc: 0.644444 - Test loss: 0.297493 acc: 0.883333
2020-04-21 11:52:16,104:DEBUG:adversarial_training:[29/200]0m 0.003s: Train loss: 0.750495 acc: 0.644444 - Test loss: 0.295387 acc: 0.900000
2020-04-21 11:52:16,107:DEBUG:adversarial_training:[30/200]0m 0.003s: Train loss: 0.735978 acc: 0.655556 - Test loss: 0.294628 acc: 0.900000
2020-04-21 11:52:16,109:DEBUG:adversarial_training:[31/200]0m 0.002s: Train loss: 0.725245 acc: 0.666667 - Test loss: 0.295746 acc: 0.916667
2020-04-21 11:52:16,111:DEBUG:adversarial_training:[32/200]0m 0.002s: Train loss: 0.717358 acc: 0.644444 - Test loss: 0.298573 acc: 0.900000
2020-04-21 11:52:16,113:DEBUG:adversarial_training:[33/200]0m 0.002s: Train loss: 0.711286 acc: 0.644444 - Test loss: 0.302732 acc: 0.900000
2020-04-21 11:52:16,116:DEBUG:adversarial_training:[34/200]0m 0.002s: Train loss: 0.705828 acc: 0.644444 - Test loss: 0.307814 acc: 0.883333
2020-04-21 11:52:16,118:DEBUG:adversarial_training:[35/200]0m 0.002s: Train loss: 0.700094 acc: 0.644444 - Test loss: 0.313516 acc: 0.883333
2020-04-21 11:52:16,121:DEBUG:adversarial_training:[36/200]0m 0.003s: Train loss: 0.694028 acc: 0.644444 - Test loss: 0.319726 acc: 0.883333
2020-04-21 11:52:16,124:DEBUG:adversarial_training:[37/200]0m 0.003s: Train loss: 0.687994 acc: 0.666667 - Test loss: 0.326321 acc: 0.883333
2020-04-21 11:52:16,126:DEBUG:adversarial_training:[38/200]0m 0.002s: Train loss: 0.682602 acc: 0.666667 - Test loss: 0.333114 acc: 0.900000
2020-04-21 11:52:16,128:DEBUG:adversarial_training:[39/200]0m 0.002s: Train loss: 0.678233 acc: 0.666667 - Test loss: 0.339777 acc: 0.900000
2020-04-21 11:52:16,130:DEBUG:adversarial_training:[40/200]0m 0.002s: Train loss: 0.674980 acc: 0.677778 - Test loss: 0.345893 acc: 0.900000
2020-04-21 11:52:16,132:DEBUG:adversarial_training:[41/200]0m 0.002s: Train loss: 0.672524 acc: 0.677778 - Test loss: 0.351072 acc: 0.900000
2020-04-21 11:52:16,134:DEBUG:adversarial_training:[42/200]0m 0.002s: Train loss: 0.670401 acc: 0.677778 - Test loss: 0.354995 acc: 0.900000
2020-04-21 11:52:16,138:DEBUG:adversarial_training:[43/200]0m 0.003s: Train loss: 0.668196 acc: 0.677778 - Test loss: 0.357555 acc: 0.900000
2020-04-21 11:52:16,141:DEBUG:adversarial_training:[44/200]0m 0.003s: Train loss: 0.665709 acc: 0.677778 - Test loss: 0.358840 acc: 0.900000
2020-04-21 11:52:16,143:DEBUG:adversarial_training:[45/200]0m 0.002s: Train loss: 0.662964 acc: 0.677778 - Test loss: 0.359115 acc: 0.900000
2020-04-21 11:52:16,145:DEBUG:adversarial_training:[46/200]0m 0.002s: Train loss: 0.660186 acc: 0.677778 - Test loss: 0.358734 acc: 0.900000
2020-04-21 11:52:16,147:DEBUG:adversarial_training:[47/200]0m 0.002s: Train loss: 0.657615 acc: 0.677778 - Test loss: 0.358061 acc: 0.900000
2020-04-21 11:52:16,149:DEBUG:adversarial_training:[48/200]0m 0.002s: Train loss: 0.655404 acc: 0.677778 - Test loss: 0.357421 acc: 0.900000
2020-04-21 11:52:16,151:DEBUG:adversarial_training:[49/200]0m 0.002s: Train loss: 0.653553 acc: 0.666667 - Test loss: 0.356997 acc: 0.900000
2020-04-21 11:52:16,154:DEBUG:adversarial_training:[50/200]0m 0.003s: Train loss: 0.651954 acc: 0.666667 - Test loss: 0.356945 acc: 0.900000
2020-04-21 11:52:16,157:DEBUG:adversarial_training:[51/200]0m 0.003s: Train loss: 0.650455 acc: 0.666667 - Test loss: 0.357198 acc: 0.900000
2020-04-21 11:52:16,159:DEBUG:adversarial_training:[52/200]0m 0.002s: Train loss: 0.648925 acc: 0.666667 - Test loss: 0.357797 acc: 0.900000
2020-04-21 11:52:16,162:DEBUG:adversarial_training:[53/200]0m 0.002s: Train loss: 0.647325 acc: 0.666667 - Test loss: 0.358752 acc: 0.900000
2020-04-21 11:52:16,164:DEBUG:adversarial_training:[54/200]0m 0.002s: Train loss: 0.645633 acc: 0.666667 - Test loss: 0.360014 acc: 0.900000
2020-04-21 11:52:16,166:DEBUG:adversarial_training:[55/200]0m 0.002s: Train loss: 0.643915 acc: 0.666667 - Test loss: 0.361518 acc: 0.900000
2020-04-21 11:52:16,168:DEBUG:adversarial_training:[56/200]0m 0.002s: Train loss: 0.642184 acc: 0.666667 - Test loss: 0.363194 acc: 0.900000
2020-04-21 11:52:16,172:DEBUG:adversarial_training:[57/200]0m 0.004s: Train loss: 0.640471 acc: 0.666667 - Test loss: 0.364908 acc: 0.900000
2020-04-21 11:52:16,174:DEBUG:adversarial_training:[58/200]0m 0.002s: Train loss: 0.638866 acc: 0.666667 - Test loss: 0.366512 acc: 0.900000
2020-04-21 11:52:16,176:DEBUG:adversarial_training:[59/200]0m 0.002s: Train loss: 0.637336 acc: 0.677778 - Test loss: 0.367885 acc: 0.900000
2020-04-21 11:52:16,178:DEBUG:adversarial_training:[60/200]0m 0.002s: Train loss: 0.635901 acc: 0.688889 - Test loss: 0.368938 acc: 0.900000
2020-04-21 11:52:16,180:DEBUG:adversarial_training:[61/200]0m 0.002s: Train loss: 0.634507 acc: 0.688889 - Test loss: 0.369590 acc: 0.900000
2020-04-21 11:52:16,182:DEBUG:adversarial_training:[62/200]0m 0.002s: Train loss: 0.633039 acc: 0.688889 - Test loss: 0.369791 acc: 0.900000
2020-04-21 11:52:16,184:DEBUG:adversarial_training:[63/200]0m 0.002s: Train loss: 0.631513 acc: 0.688889 - Test loss: 0.369608 acc: 0.900000
2020-04-21 11:52:16,188:DEBUG:adversarial_training:[64/200]0m 0.003s: Train loss: 0.629972 acc: 0.688889 - Test loss: 0.369146 acc: 0.900000
2020-04-21 11:52:16,191:DEBUG:adversarial_training:[65/200]0m 0.003s: Train loss: 0.628446 acc: 0.688889 - Test loss: 0.368492 acc: 0.883333
2020-04-21 11:52:16,193:DEBUG:adversarial_training:[66/200]0m 0.002s: Train loss: 0.626913 acc: 0.688889 - Test loss: 0.367735 acc: 0.900000
2020-04-21 11:52:16,195:DEBUG:adversarial_training:[67/200]0m 0.002s: Train loss: 0.625393 acc: 0.688889 - Test loss: 0.366984 acc: 0.900000
2020-04-21 11:52:16,197:DEBUG:adversarial_training:[68/200]0m 0.002s: Train loss: 0.623922 acc: 0.688889 - Test loss: 0.366348 acc: 0.900000
2020-04-21 11:52:16,199:DEBUG:adversarial_training:[69/200]0m 0.002s: Train loss: 0.622492 acc: 0.688889 - Test loss: 0.365846 acc: 0.883333
2020-04-21 11:52:16,201:DEBUG:adversarial_training:[70/200]0m 0.002s: Train loss: 0.621072 acc: 0.688889 - Test loss: 0.365428 acc: 0.866667
2020-04-21 11:52:16,204:DEBUG:adversarial_training:[71/200]0m 0.003s: Train loss: 0.619644 acc: 0.688889 - Test loss: 0.365164 acc: 0.866667
2020-04-21 11:52:16,207:DEBUG:adversarial_training:[72/200]0m 0.003s: Train loss: 0.618197 acc: 0.688889 - Test loss: 0.365045 acc: 0.883333
2020-04-21 11:52:16,209:DEBUG:adversarial_training:[73/200]0m 0.002s: Train loss: 0.616732 acc: 0.688889 - Test loss: 0.365045 acc: 0.883333
2020-04-21 11:52:16,212:DEBUG:adversarial_training:[74/200]0m 0.002s: Train loss: 0.615257 acc: 0.688889 - Test loss: 0.365129 acc: 0.883333
2020-04-21 11:52:16,214:DEBUG:adversarial_training:[75/200]0m 0.002s: Train loss: 0.613787 acc: 0.688889 - Test loss: 0.365258 acc: 0.883333
2020-04-21 11:52:16,216:DEBUG:adversarial_training:[76/200]0m 0.002s: Train loss: 0.612335 acc: 0.688889 - Test loss: 0.365379 acc: 0.883333
2020-04-21 11:52:16,218:DEBUG:adversarial_training:[77/200]0m 0.002s: Train loss: 0.610904 acc: 0.700000 - Test loss: 0.365444 acc: 0.883333
2020-04-21 11:52:16,221:DEBUG:adversarial_training:[78/200]0m 0.003s: Train loss: 0.609503 acc: 0.700000 - Test loss: 0.365415 acc: 0.883333
2020-04-21 11:52:16,223:DEBUG:adversarial_training:[79/200]0m 0.002s: Train loss: 0.608114 acc: 0.711111 - Test loss: 0.365269 acc: 0.883333
2020-04-21 11:52:16,225:DEBUG:adversarial_training:[80/200]0m 0.002s: Train loss: 0.606726 acc: 0.711111 - Test loss: 0.364997 acc: 0.883333
2020-04-21 11:52:16,227:DEBUG:adversarial_training:[81/200]0m 0.002s: Train loss: 0.605341 acc: 0.711111 - Test loss: 0.364606 acc: 0.883333
2020-04-21 11:52:16,229:DEBUG:adversarial_training:[82/200]0m 0.002s: Train loss: 0.603956 acc: 0.711111 - Test loss: 0.364120 acc: 0.883333
2020-04-21 11:52:16,232:DEBUG:adversarial_training:[83/200]0m 0.002s: Train loss: 0.602568 acc: 0.711111 - Test loss: 0.363573 acc: 0.883333
2020-04-21 11:52:16,234:DEBUG:adversarial_training:[84/200]0m 0.002s: Train loss: 0.601182 acc: 0.711111 - Test loss: 0.363005 acc: 0.883333
2020-04-21 11:52:16,238:DEBUG:adversarial_training:[85/200]0m 0.004s: Train loss: 0.599803 acc: 0.711111 - Test loss: 0.362454 acc: 0.883333
2020-04-21 11:52:16,240:DEBUG:adversarial_training:[86/200]0m 0.002s: Train loss: 0.598448 acc: 0.711111 - Test loss: 0.361942 acc: 0.883333
2020-04-21 11:52:16,242:DEBUG:adversarial_training:[87/200]0m 0.002s: Train loss: 0.597104 acc: 0.733333 - Test loss: 0.361493 acc: 0.883333
2020-04-21 11:52:16,244:DEBUG:adversarial_training:[88/200]0m 0.002s: Train loss: 0.595771 acc: 0.733333 - Test loss: 0.361084 acc: 0.883333
2020-04-21 11:52:16,246:DEBUG:adversarial_training:[89/200]0m 0.002s: Train loss: 0.594457 acc: 0.733333 - Test loss: 0.360729 acc: 0.883333
2020-04-21 11:52:16,248:DEBUG:adversarial_training:[90/200]0m 0.002s: Train loss: 0.593144 acc: 0.733333 - Test loss: 0.360449 acc: 0.883333
2020-04-21 11:52:16,250:DEBUG:adversarial_training:[91/200]0m 0.002s: Train loss: 0.591842 acc: 0.733333 - Test loss: 0.360231 acc: 0.883333
2020-04-21 11:52:16,253:DEBUG:adversarial_training:[92/200]0m 0.003s: Train loss: 0.590552 acc: 0.733333 - Test loss: 0.360059 acc: 0.883333
2020-04-21 11:52:16,257:DEBUG:adversarial_training:[93/200]0m 0.003s: Train loss: 0.589265 acc: 0.733333 - Test loss: 0.359918 acc: 0.883333
2020-04-21 11:52:16,259:DEBUG:adversarial_training:[94/200]0m 0.002s: Train loss: 0.587990 acc: 0.733333 - Test loss: 0.359788 acc: 0.883333
2020-04-21 11:52:16,261:DEBUG:adversarial_training:[95/200]0m 0.002s: Train loss: 0.586695 acc: 0.744444 - Test loss: 0.359662 acc: 0.883333
2020-04-21 11:52:16,263:DEBUG:adversarial_training:[96/200]0m 0.002s: Train loss: 0.585394 acc: 0.744444 - Test loss: 0.359520 acc: 0.883333
2020-04-21 11:52:16,265:DEBUG:adversarial_training:[97/200]0m 0.002s: Train loss: 0.584094 acc: 0.744444 - Test loss: 0.359352 acc: 0.883333
2020-04-21 11:52:16,267:DEBUG:adversarial_training:[98/200]0m 0.002s: Train loss: 0.582794 acc: 0.744444 - Test loss: 0.359152 acc: 0.883333
2020-04-21 11:52:16,269:DEBUG:adversarial_training:[99/200]0m 0.002s: Train loss: 0.581499 acc: 0.744444 - Test loss: 0.358915 acc: 0.883333
2020-04-21 11:52:16,271:DEBUG:adversarial_training:[100/200]0m 0.002s: Train loss: 0.580214 acc: 0.744444 - Test loss: 0.358646 acc: 0.883333
2020-04-21 11:52:16,273:DEBUG:adversarial_training:[101/200]0m 0.002s: Train loss: 0.578928 acc: 0.755556 - Test loss: 0.358354 acc: 0.883333
2020-04-21 11:52:16,277:DEBUG:adversarial_training:[102/200]0m 0.003s: Train loss: 0.577636 acc: 0.755556 - Test loss: 0.358043 acc: 0.883333
2020-04-21 11:52:16,279:DEBUG:adversarial_training:[103/200]0m 0.002s: Train loss: 0.576335 acc: 0.755556 - Test loss: 0.357730 acc: 0.866667
2020-04-21 11:52:16,281:DEBUG:adversarial_training:[104/200]0m 0.002s: Train loss: 0.575033 acc: 0.755556 - Test loss: 0.357420 acc: 0.866667
2020-04-21 11:52:16,283:DEBUG:adversarial_training:[105/200]0m 0.002s: Train loss: 0.573733 acc: 0.755556 - Test loss: 0.357133 acc: 0.866667
2020-04-21 11:52:16,285:DEBUG:adversarial_training:[106/200]0m 0.002s: Train loss: 0.572434 acc: 0.755556 - Test loss: 0.356880 acc: 0.866667
2020-04-21 11:52:16,287:DEBUG:adversarial_training:[107/200]0m 0.002s: Train loss: 0.571134 acc: 0.755556 - Test loss: 0.356667 acc: 0.866667
2020-04-21 11:52:16,289:DEBUG:adversarial_training:[108/200]0m 0.002s: Train loss: 0.569835 acc: 0.755556 - Test loss: 0.356493 acc: 0.866667
2020-04-21 11:52:16,291:DEBUG:adversarial_training:[109/200]0m 0.002s: Train loss: 0.568540 acc: 0.755556 - Test loss: 0.356354 acc: 0.866667
2020-04-21 11:52:16,294:DEBUG:adversarial_training:[110/200]0m 0.003s: Train loss: 0.567244 acc: 0.755556 - Test loss: 0.356249 acc: 0.866667
2020-04-21 11:52:16,297:DEBUG:adversarial_training:[111/200]0m 0.002s: Train loss: 0.565933 acc: 0.755556 - Test loss: 0.356175 acc: 0.866667
2020-04-21 11:52:16,299:DEBUG:adversarial_training:[112/200]0m 0.002s: Train loss: 0.564604 acc: 0.755556 - Test loss: 0.356119 acc: 0.866667
2020-04-21 11:52:16,301:DEBUG:adversarial_training:[113/200]0m 0.002s: Train loss: 0.563294 acc: 0.755556 - Test loss: 0.356070 acc: 0.866667
2020-04-21 11:52:16,303:DEBUG:adversarial_training:[114/200]0m 0.002s: Train loss: 0.561984 acc: 0.755556 - Test loss: 0.356022 acc: 0.866667
2020-04-21 11:52:16,305:DEBUG:adversarial_training:[115/200]0m 0.002s: Train loss: 0.560660 acc: 0.755556 - Test loss: 0.355968 acc: 0.866667
2020-04-21 11:52:16,308:DEBUG:adversarial_training:[116/200]0m 0.003s: Train loss: 0.559344 acc: 0.755556 - Test loss: 0.355902 acc: 0.866667
2020-04-21 11:52:16,310:DEBUG:adversarial_training:[117/200]0m 0.002s: Train loss: 0.558048 acc: 0.755556 - Test loss: 0.355824 acc: 0.866667
2020-04-21 11:52:16,312:DEBUG:adversarial_training:[118/200]0m 0.002s: Train loss: 0.556751 acc: 0.755556 - Test loss: 0.355736 acc: 0.866667
2020-04-21 11:52:16,314:DEBUG:adversarial_training:[119/200]0m 0.002s: Train loss: 0.555450 acc: 0.755556 - Test loss: 0.355645 acc: 0.866667
2020-04-21 11:52:16,316:DEBUG:adversarial_training:[120/200]0m 0.002s: Train loss: 0.554147 acc: 0.744444 - Test loss: 0.355559 acc: 0.866667
2020-04-21 11:52:16,318:DEBUG:adversarial_training:[121/200]0m 0.002s: Train loss: 0.552842 acc: 0.733333 - Test loss: 0.355485 acc: 0.866667
2020-04-21 11:52:16,320:DEBUG:adversarial_training:[122/200]0m 0.002s: Train loss: 0.551535 acc: 0.733333 - Test loss: 0.355429 acc: 0.866667
2020-04-21 11:52:16,322:DEBUG:adversarial_training:[123/200]0m 0.002s: Train loss: 0.550229 acc: 0.733333 - Test loss: 0.355398 acc: 0.866667
2020-04-21 11:52:16,324:DEBUG:adversarial_training:[124/200]0m 0.002s: Train loss: 0.548932 acc: 0.733333 - Test loss: 0.355392 acc: 0.850000
2020-04-21 11:52:16,326:DEBUG:adversarial_training:[125/200]0m 0.002s: Train loss: 0.547629 acc: 0.733333 - Test loss: 0.355411 acc: 0.850000
2020-04-21 11:52:16,329:DEBUG:adversarial_training:[126/200]0m 0.002s: Train loss: 0.546323 acc: 0.744444 - Test loss: 0.355452 acc: 0.850000
2020-04-21 11:52:16,331:DEBUG:adversarial_training:[127/200]0m 0.002s: Train loss: 0.545015 acc: 0.744444 - Test loss: 0.355510 acc: 0.850000
2020-04-21 11:52:16,333:DEBUG:adversarial_training:[128/200]0m 0.002s: Train loss: 0.543703 acc: 0.744444 - Test loss: 0.355581 acc: 0.850000
2020-04-21 11:52:16,335:DEBUG:adversarial_training:[129/200]0m 0.002s: Train loss: 0.542389 acc: 0.744444 - Test loss: 0.355659 acc: 0.850000
2020-04-21 11:52:16,337:DEBUG:adversarial_training:[130/200]0m 0.002s: Train loss: 0.541073 acc: 0.744444 - Test loss: 0.355737 acc: 0.850000
2020-04-21 11:52:16,340:DEBUG:adversarial_training:[131/200]0m 0.003s: Train loss: 0.539756 acc: 0.744444 - Test loss: 0.355813 acc: 0.850000
2020-04-21 11:52:16,342:DEBUG:adversarial_training:[132/200]0m 0.002s: Train loss: 0.538438 acc: 0.744444 - Test loss: 0.355883 acc: 0.850000
2020-04-21 11:52:16,344:DEBUG:adversarial_training:[133/200]0m 0.002s: Train loss: 0.537116 acc: 0.744444 - Test loss: 0.355945 acc: 0.850000
2020-04-21 11:52:16,346:DEBUG:adversarial_training:[134/200]0m 0.002s: Train loss: 0.535792 acc: 0.744444 - Test loss: 0.355996 acc: 0.850000
2020-04-21 11:52:16,348:DEBUG:adversarial_training:[135/200]0m 0.002s: Train loss: 0.534462 acc: 0.766667 - Test loss: 0.356038 acc: 0.850000
2020-04-21 11:52:16,350:DEBUG:adversarial_training:[136/200]0m 0.002s: Train loss: 0.533128 acc: 0.777778 - Test loss: 0.356076 acc: 0.850000
2020-04-21 11:52:16,352:DEBUG:adversarial_training:[137/200]0m 0.002s: Train loss: 0.531792 acc: 0.777778 - Test loss: 0.356115 acc: 0.850000
2020-04-21 11:52:16,354:DEBUG:adversarial_training:[138/200]0m 0.002s: Train loss: 0.530455 acc: 0.777778 - Test loss: 0.356165 acc: 0.850000
2020-04-21 11:52:16,357:DEBUG:adversarial_training:[139/200]0m 0.002s: Train loss: 0.529123 acc: 0.788889 - Test loss: 0.356227 acc: 0.850000
2020-04-21 11:52:16,359:DEBUG:adversarial_training:[140/200]0m 0.002s: Train loss: 0.527789 acc: 0.788889 - Test loss: 0.356302 acc: 0.850000
2020-04-21 11:52:16,361:DEBUG:adversarial_training:[141/200]0m 0.002s: Train loss: 0.526452 acc: 0.800000 - Test loss: 0.356388 acc: 0.850000
2020-04-21 11:52:16,363:DEBUG:adversarial_training:[142/200]0m 0.002s: Train loss: 0.525111 acc: 0.800000 - Test loss: 0.356482 acc: 0.850000
2020-04-21 11:52:16,365:DEBUG:adversarial_training:[143/200]0m 0.002s: Train loss: 0.523767 acc: 0.800000 - Test loss: 0.356582 acc: 0.850000
2020-04-21 11:52:16,367:DEBUG:adversarial_training:[144/200]0m 0.002s: Train loss: 0.522420 acc: 0.800000 - Test loss: 0.356685 acc: 0.850000
2020-04-21 11:52:16,369:DEBUG:adversarial_training:[145/200]0m 0.002s: Train loss: 0.521070 acc: 0.800000 - Test loss: 0.356787 acc: 0.866667
2020-04-21 11:52:16,371:DEBUG:adversarial_training:[146/200]0m 0.002s: Train loss: 0.519716 acc: 0.800000 - Test loss: 0.356887 acc: 0.866667
2020-04-21 11:52:16,373:DEBUG:adversarial_training:[147/200]0m 0.002s: Train loss: 0.518359 acc: 0.800000 - Test loss: 0.356983 acc: 0.866667
2020-04-21 11:52:16,375:DEBUG:adversarial_training:[148/200]0m 0.002s: Train loss: 0.516998 acc: 0.800000 - Test loss: 0.357074 acc: 0.866667
2020-04-21 11:52:16,377:DEBUG:adversarial_training:[149/200]0m 0.002s: Train loss: 0.515633 acc: 0.800000 - Test loss: 0.357161 acc: 0.866667
2020-04-21 11:52:16,379:DEBUG:adversarial_training:[150/200]0m 0.002s: Train loss: 0.514264 acc: 0.800000 - Test loss: 0.357245 acc: 0.866667
2020-04-21 11:52:16,381:DEBUG:adversarial_training:[151/200]0m 0.002s: Train loss: 0.512891 acc: 0.800000 - Test loss: 0.357328 acc: 0.866667
2020-04-21 11:52:16,383:DEBUG:adversarial_training:[152/200]0m 0.002s: Train loss: 0.511515 acc: 0.800000 - Test loss: 0.357412 acc: 0.866667
2020-04-21 11:52:16,386:DEBUG:adversarial_training:[153/200]0m 0.002s: Train loss: 0.510135 acc: 0.811111 - Test loss: 0.357498 acc: 0.866667
2020-04-21 11:52:16,388:DEBUG:adversarial_training:[154/200]0m 0.002s: Train loss: 0.508751 acc: 0.811111 - Test loss: 0.357587 acc: 0.866667
2020-04-21 11:52:16,390:DEBUG:adversarial_training:[155/200]0m 0.002s: Train loss: 0.507363 acc: 0.811111 - Test loss: 0.357680 acc: 0.866667
2020-04-21 11:52:16,392:DEBUG:adversarial_training:[156/200]0m 0.002s: Train loss: 0.505971 acc: 0.822222 - Test loss: 0.357779 acc: 0.866667
2020-04-21 11:52:16,394:DEBUG:adversarial_training:[157/200]0m 0.002s: Train loss: 0.504574 acc: 0.822222 - Test loss: 0.357883 acc: 0.866667
2020-04-21 11:52:16,396:DEBUG:adversarial_training:[158/200]0m 0.002s: Train loss: 0.503173 acc: 0.822222 - Test loss: 0.357991 acc: 0.866667
2020-04-21 11:52:16,398:DEBUG:adversarial_training:[159/200]0m 0.002s: Train loss: 0.501769 acc: 0.822222 - Test loss: 0.358102 acc: 0.866667
2020-04-21 11:52:16,400:DEBUG:adversarial_training:[160/200]0m 0.002s: Train loss: 0.500362 acc: 0.822222 - Test loss: 0.358216 acc: 0.866667
2020-04-21 11:52:16,402:DEBUG:adversarial_training:[161/200]0m 0.002s: Train loss: 0.498954 acc: 0.822222 - Test loss: 0.358332 acc: 0.866667
2020-04-21 11:52:16,404:DEBUG:adversarial_training:[162/200]0m 0.002s: Train loss: 0.497542 acc: 0.822222 - Test loss: 0.358451 acc: 0.850000
2020-04-21 11:52:16,406:DEBUG:adversarial_training:[163/200]0m 0.002s: Train loss: 0.496126 acc: 0.822222 - Test loss: 0.358573 acc: 0.850000
2020-04-21 11:52:16,409:DEBUG:adversarial_training:[164/200]0m 0.002s: Train loss: 0.494706 acc: 0.822222 - Test loss: 0.358699 acc: 0.850000
2020-04-21 11:52:16,411:DEBUG:adversarial_training:[165/200]0m 0.003s: Train loss: 0.493282 acc: 0.822222 - Test loss: 0.358829 acc: 0.850000
2020-04-21 11:52:16,414:DEBUG:adversarial_training:[166/200]0m 0.002s: Train loss: 0.491854 acc: 0.822222 - Test loss: 0.358963 acc: 0.850000
2020-04-21 11:52:16,415:DEBUG:adversarial_training:[167/200]0m 0.002s: Train loss: 0.490421 acc: 0.822222 - Test loss: 0.359103 acc: 0.850000
2020-04-21 11:52:16,418:DEBUG:adversarial_training:[168/200]0m 0.002s: Train loss: 0.488985 acc: 0.822222 - Test loss: 0.359248 acc: 0.850000
2020-04-21 11:52:16,420:DEBUG:adversarial_training:[169/200]0m 0.002s: Train loss: 0.487544 acc: 0.822222 - Test loss: 0.359397 acc: 0.850000
2020-04-21 11:52:16,422:DEBUG:adversarial_training:[170/200]0m 0.002s: Train loss: 0.486099 acc: 0.822222 - Test loss: 0.359552 acc: 0.850000
2020-04-21 11:52:16,424:DEBUG:adversarial_training:[171/200]0m 0.002s: Train loss: 0.484651 acc: 0.822222 - Test loss: 0.359711 acc: 0.850000
2020-04-21 11:52:16,426:DEBUG:adversarial_training:[172/200]0m 0.002s: Train loss: 0.483198 acc: 0.822222 - Test loss: 0.359875 acc: 0.850000
2020-04-21 11:52:16,428:DEBUG:adversarial_training:[173/200]0m 0.002s: Train loss: 0.481743 acc: 0.822222 - Test loss: 0.360043 acc: 0.850000
2020-04-21 11:52:16,430:DEBUG:adversarial_training:[174/200]0m 0.002s: Train loss: 0.480249 acc: 0.822222 - Test loss: 0.360255 acc: 0.850000
2020-04-21 11:52:16,432:DEBUG:adversarial_training:[175/200]0m 0.002s: Train loss: 0.478673 acc: 0.822222 - Test loss: 0.360509 acc: 0.850000
2020-04-21 11:52:16,434:DEBUG:adversarial_training:[176/200]0m 0.002s: Train loss: 0.477070 acc: 0.822222 - Test loss: 0.360793 acc: 0.850000
2020-04-21 11:52:16,436:DEBUG:adversarial_training:[177/200]0m 0.002s: Train loss: 0.475443 acc: 0.822222 - Test loss: 0.361107 acc: 0.850000
2020-04-21 11:52:16,438:DEBUG:adversarial_training:[178/200]0m 0.002s: Train loss: 0.473792 acc: 0.811111 - Test loss: 0.361440 acc: 0.850000
2020-04-21 11:52:16,440:DEBUG:adversarial_training:[179/200]0m 0.002s: Train loss: 0.472126 acc: 0.811111 - Test loss: 0.361776 acc: 0.850000
2020-04-21 11:52:16,443:DEBUG:adversarial_training:[180/200]0m 0.002s: Train loss: 0.470447 acc: 0.822222 - Test loss: 0.362108 acc: 0.850000
2020-04-21 11:52:16,445:DEBUG:adversarial_training:[181/200]0m 0.002s: Train loss: 0.468753 acc: 0.822222 - Test loss: 0.362427 acc: 0.850000
2020-04-21 11:52:16,447:DEBUG:adversarial_training:[182/200]0m 0.002s: Train loss: 0.467044 acc: 0.822222 - Test loss: 0.362734 acc: 0.850000
2020-04-21 11:52:16,449:DEBUG:adversarial_training:[183/200]0m 0.002s: Train loss: 0.465364 acc: 0.822222 - Test loss: 0.363006 acc: 0.850000
2020-04-21 11:52:16,451:DEBUG:adversarial_training:[184/200]0m 0.002s: Train loss: 0.463728 acc: 0.822222 - Test loss: 0.363241 acc: 0.850000
2020-04-21 11:52:16,453:DEBUG:adversarial_training:[185/200]0m 0.002s: Train loss: 0.462092 acc: 0.844444 - Test loss: 0.363441 acc: 0.850000
2020-04-21 11:52:16,455:DEBUG:adversarial_training:[186/200]0m 0.002s: Train loss: 0.460471 acc: 0.844444 - Test loss: 0.363614 acc: 0.850000
2020-04-21 11:52:16,457:DEBUG:adversarial_training:[187/200]0m 0.002s: Train loss: 0.458851 acc: 0.844444 - Test loss: 0.363770 acc: 0.850000
2020-04-21 11:52:16,459:DEBUG:adversarial_training:[188/200]0m 0.002s: Train loss: 0.457231 acc: 0.844444 - Test loss: 0.363918 acc: 0.850000
2020-04-21 11:52:16,461:DEBUG:adversarial_training:[189/200]0m 0.002s: Train loss: 0.455612 acc: 0.844444 - Test loss: 0.364063 acc: 0.850000
2020-04-21 11:52:16,463:DEBUG:adversarial_training:[190/200]0m 0.002s: Train loss: 0.454001 acc: 0.844444 - Test loss: 0.364210 acc: 0.850000
2020-04-21 11:52:16,465:DEBUG:adversarial_training:[191/200]0m 0.002s: Train loss: 0.452392 acc: 0.844444 - Test loss: 0.364369 acc: 0.850000
2020-04-21 11:52:16,467:DEBUG:adversarial_training:[192/200]0m 0.002s: Train loss: 0.450785 acc: 0.844444 - Test loss: 0.364539 acc: 0.850000
2020-04-21 11:52:16,470:DEBUG:adversarial_training:[193/200]0m 0.002s: Train loss: 0.449179 acc: 0.844444 - Test loss: 0.364723 acc: 0.850000
2020-04-21 11:52:16,472:DEBUG:adversarial_training:[194/200]0m 0.002s: Train loss: 0.447574 acc: 0.844444 - Test loss: 0.364924 acc: 0.850000
2020-04-21 11:52:16,474:DEBUG:adversarial_training:[195/200]0m 0.002s: Train loss: 0.445973 acc: 0.844444 - Test loss: 0.365139 acc: 0.850000
2020-04-21 11:52:16,476:DEBUG:adversarial_training:[196/200]0m 0.002s: Train loss: 0.444376 acc: 0.844444 - Test loss: 0.365370 acc: 0.850000
2020-04-21 11:52:16,478:DEBUG:adversarial_training:[197/200]0m 0.002s: Train loss: 0.442780 acc: 0.844444 - Test loss: 0.365616 acc: 0.850000
2020-04-21 11:52:16,480:DEBUG:adversarial_training:[198/200]0m 0.002s: Train loss: 0.441186 acc: 0.844444 - Test loss: 0.365875 acc: 0.850000
2020-04-21 11:52:16,482:DEBUG:adversarial_training:[199/200]0m 0.002s: Train loss: 0.439597 acc: 0.844444 - Test loss: 0.366144 acc: 0.850000
2020-04-21 11:52:16,484:DEBUG:adversarial_training:[200/200]0m 0.002s: Train loss: 0.438028 acc: 0.844444 - Test loss: 0.366414 acc: 0.850000
2020-04-21 11:52:16,485:INFO:model_container_pt:Saved model to save/AdvTrain_IrisNN_Iris.pt
2020-04-21 11:52:16,485:DEBUG:defend_advtr:Load save/IrisNN_Iris_BIM_x.npy...
2020-04-21 11:52:16,486:INFO:defend_advtr:Accuracy on clean set: 1.000000
2020-04-21 11:52:16,487:INFO:defend_advtr:Blocked 1/60 samples on clean
2020-04-21 11:52:16,487:DEBUG:defend_advtr:Load save/IrisNN_Iris_BIM_adv.npy...
2020-04-21 11:52:16,488:INFO:defend_advtr:Accuracy on BIM set: 0.000000
2020-04-21 11:52:16,489:INFO:defend_advtr:Blocked 3/60 samples on BIM
2020-04-21 11:52:16,489:DEBUG:defend_advtr:Load save/IrisNN_Iris_Carlini_adv.npy...
2020-04-21 11:52:16,490:INFO:defend_advtr:Accuracy on Carlini set: 0.200000
2020-04-21 11:52:16,491:INFO:defend_advtr:Blocked 34/60 samples on Carlini
2020-04-21 11:52:16,491:DEBUG:defend_advtr:Load save/IrisNN_Iris_DeepFool_adv.npy...
2020-04-21 11:52:16,492:INFO:defend_advtr:Accuracy on DeepFool set: 0.133333
2020-04-21 11:52:16,493:INFO:defend_advtr:Blocked 19/60 samples on DeepFool
2020-04-21 11:52:16,493:DEBUG:defend_advtr:Load save/IrisNN_Iris_FGSM_adv.npy...
2020-04-21 11:52:16,493:INFO:defend_advtr:Accuracy on FGSM set: 0.316667
2020-04-21 11:52:16,494:INFO:defend_advtr:Blocked 3/60 samples on FGSM
