2020-05-02 14:03:28,829:INFO:defend_advtr:Start at    : 20200502140328
2020-05-02 14:03:28,829:INFO:defend_advtr:RECEIVED PARAMETERS:
2020-05-02 14:03:28,829:INFO:defend_advtr:model file  :./save/CifarResnet50_SVHN_e50.pt
2020-05-02 14:03:28,829:INFO:defend_advtr:model       :CifarResnet50
2020-05-02 14:03:28,829:INFO:defend_advtr:dataset     :SVHN
2020-05-02 14:03:28,829:INFO:defend_advtr:max_epochs  :30
2020-05-02 14:03:28,829:INFO:defend_advtr:ratio  :0
2020-05-02 14:03:28,829:INFO:defend_advtr:batch_size  :128
2020-05-02 14:03:28,829:INFO:defend_advtr:seed        :4096
2020-05-02 14:03:28,829:INFO:defend_advtr:verbose     :True
2020-05-02 14:03:28,829:INFO:defend_advtr:save_log    :True
2020-05-02 14:03:28,830:INFO:defend_advtr:need train  :True
2020-05-02 14:03:28,830:INFO:defend_advtr:attacks     :clean, BIM, Carlini, DeepFool, FGSM, Saliency
2020-05-02 14:03:28,830:DEBUG:utils:Setting random seed for PyTorch.
2020-05-02 14:03:28,848:DEBUG:utils:/home/lukec/workspace/aad/aad/../data
2020-05-02 14:03:38,532:INFO:data_container:Train size: 73257 - Test size: 26032
2020-05-02 14:03:38,532:INFO:data_container:Successfully load data. Time to complete: 0m 9.684s
2020-05-02 14:03:40,492:DEBUG:model_container_pt:Using device: cuda
2020-05-02 14:03:40,579:INFO:model_container_pt:Loaded model from ./save/CifarResnet50_SVHN_e50.pt
2020-05-02 14:03:43,379:INFO:defend_advtr:Accuracy on test set: 0.927359
2020-05-02 14:03:43,457:INFO:pytorch:Inferred 1 hidden layers on PyTorch classifier.
2020-05-02 14:03:44,114:DEBUG:adversarial_training:Generate 18314 adv. examples using [BIMContainer]
2020-05-02 14:24:17,378:INFO:projected_gradient_descent:Success rate of attack: 100.00%
2020-05-02 14:24:21,208:INFO:bim_attack:Time to complete training 1000 adv. examples: 20m 37.093s
2020-05-02 14:24:21,229:DEBUG:detector_container:Time to complete [Train Adv. Examples]: 20m 37.169s
2020-05-02 14:25:01,065:DEBUG:adversarial_training:[1/30]0m 39.820s: Train loss: 0.514079 acc: 0.842240 - Test loss: 0.334901 acc: 0.918447
2020-05-02 14:25:40,932:DEBUG:adversarial_training:[2/30]0m 39.852s: Train loss: 0.268728 acc: 0.909879 - Test loss: 0.360618 acc: 0.918639
2020-05-02 14:26:20,804:DEBUG:adversarial_training:[3/30]0m 39.858s: Train loss: 0.181230 acc: 0.939077 - Test loss: 0.355794 acc: 0.921366
2020-05-02 14:27:00,684:DEBUG:adversarial_training:[4/30]0m 39.866s: Train loss: 0.119534 acc: 0.960263 - Test loss: 0.383005 acc: 0.920444
2020-05-02 14:27:41,129:DEBUG:adversarial_training:[5/30]0m 40.445s: Train loss: 0.086376 acc: 0.971648 - Test loss: 0.381340 acc: 0.922979
2020-05-02 14:28:21,879:DEBUG:adversarial_training:[6/30]0m 40.736s: Train loss: 0.062634 acc: 0.979251 - Test loss: 0.394636 acc: 0.921020
2020-05-02 14:29:02,515:DEBUG:adversarial_training:[7/30]0m 40.635s: Train loss: 0.046774 acc: 0.984848 - Test loss: 0.388615 acc: 0.923364
2020-05-02 14:29:43,445:DEBUG:adversarial_training:[8/30]0m 40.916s: Train loss: 0.036755 acc: 0.988097 - Test loss: 0.403728 acc: 0.923210
2020-05-02 14:30:24,646:DEBUG:adversarial_training:[9/30]0m 41.201s: Train loss: 0.034381 acc: 0.989080 - Test loss: 0.427819 acc: 0.919484
2020-05-02 14:31:04,599:DEBUG:adversarial_training:[10/30]0m 39.953s: Train loss: 0.026688 acc: 0.991154 - Test loss: 0.400727 acc: 0.925131
2020-05-02 14:31:45,685:DEBUG:adversarial_training:[11/30]0m 41.071s: Train loss: 0.012882 acc: 0.996260 - Test loss: 0.408157 acc: 0.925937
2020-05-02 14:32:26,644:DEBUG:adversarial_training:[12/30]0m 40.945s: Train loss: 0.006710 acc: 0.998253 - Test loss: 0.409060 acc: 0.927359
2020-05-02 14:33:07,612:DEBUG:adversarial_training:[13/30]0m 40.954s: Train loss: 0.005204 acc: 0.998621 - Test loss: 0.415424 acc: 0.927474
2020-05-02 14:33:49,178:DEBUG:adversarial_training:[14/30]0m 41.552s: Train loss: 0.003951 acc: 0.998990 - Test loss: 0.408217 acc: 0.929433
2020-05-02 14:34:30,519:DEBUG:adversarial_training:[15/30]0m 41.327s: Train loss: 0.003166 acc: 0.999399 - Test loss: 0.405001 acc: 0.929702
2020-05-02 14:35:11,651:DEBUG:adversarial_training:[16/30]0m 41.118s: Train loss: 0.002623 acc: 0.999522 - Test loss: 0.414083 acc: 0.929740
2020-05-02 14:35:53,074:DEBUG:adversarial_training:[17/30]0m 41.409s: Train loss: 0.002394 acc: 0.999481 - Test loss: 0.418412 acc: 0.930201
2020-05-02 14:36:34,426:DEBUG:adversarial_training:[18/30]0m 41.337s: Train loss: 0.001747 acc: 0.999768 - Test loss: 0.414965 acc: 0.930585
2020-05-02 14:37:15,394:DEBUG:adversarial_training:[19/30]0m 40.954s: Train loss: 0.002464 acc: 0.999386 - Test loss: 0.422005 acc: 0.929356
2020-05-02 14:37:55,541:DEBUG:adversarial_training:[20/30]0m 40.147s: Train loss: 0.002594 acc: 0.999345 - Test loss: 0.421083 acc: 0.929318
2020-05-02 14:38:37,685:DEBUG:adversarial_training:[21/30]0m 42.144s: Train loss: 0.001785 acc: 0.999509 - Test loss: 0.421307 acc: 0.929932
2020-05-02 14:39:17,639:DEBUG:adversarial_training:[22/30]0m 39.953s: Train loss: 0.001585 acc: 0.999782 - Test loss: 0.421446 acc: 0.930009
2020-05-02 14:39:57,603:DEBUG:adversarial_training:[23/30]0m 39.965s: Train loss: 0.001151 acc: 0.999836 - Test loss: 0.428194 acc: 0.929126
2020-05-02 14:40:37,540:DEBUG:adversarial_training:[24/30]0m 39.937s: Train loss: 0.001129 acc: 0.999836 - Test loss: 0.424355 acc: 0.930547
2020-05-02 14:41:17,499:DEBUG:adversarial_training:[25/30]0m 39.959s: Train loss: 0.001278 acc: 0.999795 - Test loss: 0.424025 acc: 0.929395
2020-05-02 14:41:57,461:DEBUG:adversarial_training:[26/30]0m 39.962s: Train loss: 0.001206 acc: 0.999741 - Test loss: 0.430970 acc: 0.928895
2020-05-02 14:42:37,394:DEBUG:adversarial_training:[27/30]0m 39.933s: Train loss: 0.001213 acc: 0.999754 - Test loss: 0.433150 acc: 0.928780
2020-05-02 14:43:17,350:DEBUG:adversarial_training:[28/30]0m 39.955s: Train loss: 0.000926 acc: 0.999904 - Test loss: 0.433428 acc: 0.929548
2020-05-02 14:43:57,310:DEBUG:adversarial_training:[29/30]0m 39.960s: Train loss: 0.000955 acc: 0.999877 - Test loss: 0.428860 acc: 0.930124
2020-05-02 14:44:38,257:DEBUG:adversarial_training:[30/30]0m 40.947s: Train loss: 0.000799 acc: 0.999850 - Test loss: 0.429394 acc: 0.929817
2020-05-02 14:44:38,401:INFO:model_container_pt:Saved model to save/AdvTrain_CifarResnet50_SVHN.pt
2020-05-02 14:44:38,402:DEBUG:defend_advtr:Load save/CifarResnet50_SVHN_BIM_x.npy...
2020-05-02 14:44:38,525:INFO:defend_advtr:Accuracy on clean set: 1.000000
2020-05-02 14:44:38,750:INFO:defend_advtr:Blocked 54/1000 samples on clean
2020-05-02 14:44:38,750:DEBUG:defend_advtr:Load save/CifarResnet50_SVHN_BIM_adv.npy...
2020-05-02 14:44:38,877:INFO:defend_advtr:Accuracy on BIM set: 0.000000
2020-05-02 14:44:39,099:INFO:defend_advtr:Blocked 996/1000 samples on BIM
2020-05-02 14:44:39,099:DEBUG:defend_advtr:Load save/CifarResnet50_SVHN_Carlini_adv.npy...
2020-05-02 14:44:39,220:INFO:defend_advtr:Accuracy on Carlini set: 0.098000
2020-05-02 14:44:39,444:INFO:defend_advtr:Blocked 906/1000 samples on Carlini
2020-05-02 14:44:39,444:DEBUG:defend_advtr:Load save/CifarResnet50_SVHN_DeepFool_adv.npy...
2020-05-02 14:44:39,567:INFO:defend_advtr:Accuracy on DeepFool set: 0.190000
2020-05-02 14:44:39,793:INFO:defend_advtr:Blocked 743/1000 samples on DeepFool
2020-05-02 14:44:39,793:DEBUG:defend_advtr:Load save/CifarResnet50_SVHN_FGSM_adv.npy...
2020-05-02 14:44:39,912:INFO:defend_advtr:Accuracy on FGSM set: 0.077000
2020-05-02 14:44:40,138:INFO:defend_advtr:Blocked 875/1000 samples on FGSM
2020-05-02 14:44:40,138:DEBUG:defend_advtr:Load save/CifarResnet50_SVHN_Saliency_adv.npy...
2020-05-02 14:44:40,260:INFO:defend_advtr:Accuracy on Saliency set: 0.001000
2020-05-02 14:44:40,495:INFO:defend_advtr:Blocked 940/1000 samples on Saliency
