2020-05-02 13:19:55,994:INFO:defend_advtr:Start at    : 20200502131955
2020-05-02 13:19:55,994:INFO:defend_advtr:RECEIVED PARAMETERS:
2020-05-02 13:19:55,994:INFO:defend_advtr:model file  :./save/CifarCnn_CIFAR10_e50.pt
2020-05-02 13:19:55,994:INFO:defend_advtr:model       :CifarCnn
2020-05-02 13:19:55,994:INFO:defend_advtr:dataset     :CIFAR10
2020-05-02 13:19:55,994:INFO:defend_advtr:max_epochs  :30
2020-05-02 13:19:55,995:INFO:defend_advtr:ratio  :0
2020-05-02 13:19:55,995:INFO:defend_advtr:batch_size  :128
2020-05-02 13:19:55,995:INFO:defend_advtr:seed        :4096
2020-05-02 13:19:55,995:INFO:defend_advtr:verbose     :True
2020-05-02 13:19:55,995:INFO:defend_advtr:save_log    :True
2020-05-02 13:19:55,995:INFO:defend_advtr:need train  :True
2020-05-02 13:19:55,995:INFO:defend_advtr:attacks     :clean, BIM, Carlini, DeepFool, FGSM, Saliency
2020-05-02 13:19:55,995:DEBUG:utils:Setting random seed for PyTorch.
2020-05-02 13:19:56,009:DEBUG:utils:/home/lukec/workspace/aad/aad/../data
2020-05-02 13:20:01,519:INFO:data_container:Train size: 50000 - Test size: 10000
2020-05-02 13:20:01,519:INFO:data_container:Successfully load data. Time to complete: 0m 5.510s
2020-05-02 13:20:03,166:DEBUG:model_container_pt:Using device: cuda
2020-05-02 13:20:03,170:INFO:model_container_pt:Loaded model from ./save/CifarCnn_CIFAR10_e50.pt
2020-05-02 13:20:03,593:INFO:defend_advtr:Accuracy on test set: 0.814800
2020-05-02 13:20:03,648:INFO:pytorch:Inferred 1 hidden layers on PyTorch classifier.
2020-05-02 13:20:04,067:DEBUG:adversarial_training:Generate 12500 adv. examples using [BIMContainer]
2020-05-02 13:23:14,254:INFO:projected_gradient_descent:Success rate of attack: 100.00%
2020-05-02 13:23:15,141:INFO:bim_attack:Time to complete training 1000 adv. examples: 3m 11.074s
2020-05-02 13:23:15,156:DEBUG:detector_container:Time to complete [Train Adv. Examples]: 3m 11.127s
2020-05-02 13:23:20,986:DEBUG:adversarial_training:[1/30]0m 5.828s: Train loss: 0.718465 acc: 0.796560 - Test loss: 0.630517 acc: 0.799300
2020-05-02 13:23:26,807:DEBUG:adversarial_training:[2/30]0m 5.820s: Train loss: 0.304662 acc: 0.904600 - Test loss: 0.708054 acc: 0.786300
2020-05-02 13:23:32,629:DEBUG:adversarial_training:[3/30]0m 5.822s: Train loss: 0.271909 acc: 0.914400 - Test loss: 0.736737 acc: 0.784700
2020-05-02 13:23:38,456:DEBUG:adversarial_training:[4/30]0m 5.827s: Train loss: 0.239234 acc: 0.924800 - Test loss: 0.822186 acc: 0.756200
2020-05-02 13:23:44,283:DEBUG:adversarial_training:[5/30]0m 5.827s: Train loss: 0.226858 acc: 0.928380 - Test loss: 0.725517 acc: 0.789700
2020-05-02 13:23:50,111:DEBUG:adversarial_training:[6/30]0m 5.828s: Train loss: 0.212357 acc: 0.933160 - Test loss: 0.768230 acc: 0.761600
2020-05-02 13:23:55,937:DEBUG:adversarial_training:[7/30]0m 5.826s: Train loss: 0.198874 acc: 0.936380 - Test loss: 0.736607 acc: 0.778600
2020-05-02 13:24:01,765:DEBUG:adversarial_training:[8/30]0m 5.828s: Train loss: 0.188795 acc: 0.939900 - Test loss: 0.717451 acc: 0.792300
2020-05-02 13:24:07,592:DEBUG:adversarial_training:[9/30]0m 5.827s: Train loss: 0.171086 acc: 0.944960 - Test loss: 0.779748 acc: 0.784400
2020-05-02 13:24:13,417:DEBUG:adversarial_training:[10/30]0m 5.825s: Train loss: 0.171773 acc: 0.944560 - Test loss: 0.752873 acc: 0.782600
2020-05-02 13:24:19,238:DEBUG:adversarial_training:[11/30]0m 5.820s: Train loss: 0.167339 acc: 0.944460 - Test loss: 0.762813 acc: 0.784800
2020-05-02 13:24:25,058:DEBUG:adversarial_training:[12/30]0m 5.821s: Train loss: 0.162881 acc: 0.946680 - Test loss: 0.783898 acc: 0.781400
2020-05-02 13:24:30,877:DEBUG:adversarial_training:[13/30]0m 5.818s: Train loss: 0.148212 acc: 0.951500 - Test loss: 0.840066 acc: 0.774300
2020-05-02 13:24:36,700:DEBUG:adversarial_training:[14/30]0m 5.823s: Train loss: 0.144864 acc: 0.952700 - Test loss: 1.076847 acc: 0.728100
2020-05-02 13:24:42,521:DEBUG:adversarial_training:[15/30]0m 5.821s: Train loss: 0.144604 acc: 0.952400 - Test loss: 0.760924 acc: 0.786100
2020-05-02 13:24:48,341:DEBUG:adversarial_training:[16/30]0m 5.820s: Train loss: 0.139398 acc: 0.954440 - Test loss: 0.752459 acc: 0.794200
2020-05-02 13:24:54,158:DEBUG:adversarial_training:[17/30]0m 5.817s: Train loss: 0.138097 acc: 0.953360 - Test loss: 0.817122 acc: 0.774300
2020-05-02 13:24:59,978:DEBUG:adversarial_training:[18/30]0m 5.820s: Train loss: 0.138013 acc: 0.954040 - Test loss: 0.830537 acc: 0.765400
2020-05-02 13:25:05,803:DEBUG:adversarial_training:[19/30]0m 5.825s: Train loss: 0.129570 acc: 0.955420 - Test loss: 0.725779 acc: 0.789900
2020-05-02 13:25:11,624:DEBUG:adversarial_training:[20/30]0m 5.821s: Train loss: 0.125294 acc: 0.958640 - Test loss: 0.808560 acc: 0.780000
2020-05-02 13:25:17,706:DEBUG:adversarial_training:[21/30]0m 6.082s: Train loss: 0.128560 acc: 0.957960 - Test loss: 0.793258 acc: 0.780900
2020-05-02 13:25:23,843:DEBUG:adversarial_training:[22/30]0m 6.137s: Train loss: 0.126396 acc: 0.957520 - Test loss: 0.879978 acc: 0.769600
2020-05-02 13:25:29,687:DEBUG:adversarial_training:[23/30]0m 5.844s: Train loss: 0.123938 acc: 0.958700 - Test loss: 0.813048 acc: 0.768800
2020-05-02 13:25:35,536:DEBUG:adversarial_training:[24/30]0m 5.849s: Train loss: 0.130992 acc: 0.955280 - Test loss: 0.757116 acc: 0.783800
2020-05-02 13:25:41,371:DEBUG:adversarial_training:[25/30]0m 5.834s: Train loss: 0.113584 acc: 0.962100 - Test loss: 0.825135 acc: 0.771100
2020-05-02 13:25:47,206:DEBUG:adversarial_training:[26/30]0m 5.836s: Train loss: 0.120927 acc: 0.959620 - Test loss: 0.792782 acc: 0.779900
2020-05-02 13:25:53,042:DEBUG:adversarial_training:[27/30]0m 5.835s: Train loss: 0.121620 acc: 0.958760 - Test loss: 0.876144 acc: 0.764900
2020-05-02 13:25:58,879:DEBUG:adversarial_training:[28/30]0m 5.837s: Train loss: 0.120405 acc: 0.959920 - Test loss: 0.952365 acc: 0.768500
2020-05-02 13:26:04,709:DEBUG:adversarial_training:[29/30]0m 5.830s: Train loss: 0.119593 acc: 0.959760 - Test loss: 0.961226 acc: 0.742800
2020-05-02 13:26:10,539:DEBUG:adversarial_training:[30/30]0m 5.829s: Train loss: 0.116785 acc: 0.960540 - Test loss: 0.935920 acc: 0.745200
2020-05-02 13:26:10,573:INFO:model_container_pt:Saved model to save/AdvTrain_CifarCnn_CIFAR10.pt
2020-05-02 13:26:10,574:DEBUG:defend_advtr:Load save/CifarCnn_CIFAR10_BIM_x.npy...
2020-05-02 13:26:10,617:INFO:defend_advtr:Accuracy on clean set: 0.812000
2020-05-02 13:26:10,705:INFO:defend_advtr:Blocked 164/1000 samples on clean
2020-05-02 13:26:10,705:DEBUG:defend_advtr:Load save/CifarCnn_CIFAR10_BIM_adv.npy...
2020-05-02 13:26:10,751:INFO:defend_advtr:Accuracy on BIM set: 0.000000
2020-05-02 13:26:10,836:INFO:defend_advtr:Blocked 984/1000 samples on BIM
2020-05-02 13:26:10,836:DEBUG:defend_advtr:Load save/CifarCnn_CIFAR10_Carlini_adv.npy...
2020-05-02 13:26:10,878:INFO:defend_advtr:Accuracy on Carlini set: 0.089000
2020-05-02 13:26:10,962:INFO:defend_advtr:Blocked 183/1000 samples on Carlini
2020-05-02 13:26:10,962:DEBUG:defend_advtr:Load save/CifarCnn_CIFAR10_DeepFool_adv.npy...
2020-05-02 13:26:11,005:INFO:defend_advtr:Accuracy on DeepFool set: 0.785000
2020-05-02 13:26:11,088:INFO:defend_advtr:Blocked 185/1000 samples on DeepFool
2020-05-02 13:26:11,088:DEBUG:defend_advtr:Load save/CifarCnn_CIFAR10_FGSM_adv.npy...
2020-05-02 13:26:11,131:INFO:defend_advtr:Accuracy on FGSM set: 0.085000
2020-05-02 13:26:11,215:INFO:defend_advtr:Blocked 633/1000 samples on FGSM
2020-05-02 13:26:11,215:DEBUG:defend_advtr:Load save/CifarCnn_CIFAR10_Saliency_adv.npy...
2020-05-02 13:26:11,259:INFO:defend_advtr:Accuracy on Saliency set: 0.694000
2020-05-02 13:26:11,345:INFO:defend_advtr:Blocked 240/1000 samples on Saliency
