2020-04-21 11:53:21,095:INFO:defend_advtr:Start at    : 20200421115321
2020-04-21 11:53:21,095:INFO:defend_advtr:RECEIVED PARAMETERS:
2020-04-21 11:53:21,095:INFO:defend_advtr:model file  :./save/MnistCnnV2_MNIST_e50.pt
2020-04-21 11:53:21,095:INFO:defend_advtr:model       :MnistCnnV2
2020-04-21 11:53:21,095:INFO:defend_advtr:dataset     :MNIST
2020-04-21 11:53:21,095:INFO:defend_advtr:max_epochs  :30
2020-04-21 11:53:21,095:INFO:defend_advtr:ratio  :0
2020-04-21 11:53:21,095:INFO:defend_advtr:batch_size  :128
2020-04-21 11:53:21,095:INFO:defend_advtr:seed        :4096
2020-04-21 11:53:21,095:INFO:defend_advtr:verbose     :True
2020-04-21 11:53:21,095:INFO:defend_advtr:save_log    :True
2020-04-21 11:53:21,095:INFO:defend_advtr:need train  :True
2020-04-21 11:53:21,095:INFO:defend_advtr:attacks     :clean, BIM, Carlini, DeepFool, FGSM, Saliency
2020-04-21 11:53:21,095:DEBUG:utils:Setting random seed for PyTorch.
2020-04-21 11:53:21,118:DEBUG:utils:/home/lukec/workspace/aad/aad/../data
2020-04-21 11:53:24,890:INFO:data_container:Train size: 60000 - Test size: 10000
2020-04-21 11:53:24,890:INFO:data_container:Successfully load data. Time to complete: 0m 3.772s
2020-04-21 11:53:27,136:DEBUG:model_container_pt:Using device: cuda
2020-04-21 11:53:27,138:INFO:model_container_pt:Loaded model from ./save/MnistCnnV2_MNIST_e50.pt
2020-04-21 11:53:27,277:INFO:defend_advtr:Accuracy on test set: 0.990900
2020-04-21 11:53:27,294:INFO:pytorch:Inferred 1 hidden layers on PyTorch classifier.
2020-04-21 11:53:27,424:DEBUG:adversarial_training:Generate 15000 adv. examples using [BIMContainer]
2020-04-21 11:54:47,334:INFO:projected_gradient_descent:Success rate of attack: 99.99%
2020-04-21 11:54:47,708:INFO:bim_attack:Time to complete training 1000 adv. examples: 1m 20.284s
2020-04-21 11:54:47,714:DEBUG:detector_container:Time to complete [Train Adv. Examples]: 1m 20.302s
2020-04-21 11:54:50,182:DEBUG:adversarial_training:[1/30]0m 2.467s: Train loss: 0.284361 acc: 0.917400 - Test loss: 0.065121 acc: 0.976800
2020-04-21 11:54:52,649:DEBUG:adversarial_training:[2/30]0m 2.466s: Train loss: 0.091147 acc: 0.971017 - Test loss: 0.039532 acc: 0.987300
2020-04-21 11:54:55,127:DEBUG:adversarial_training:[3/30]0m 2.478s: Train loss: 0.057936 acc: 0.981850 - Test loss: 0.038298 acc: 0.988200
2020-04-21 11:54:57,736:DEBUG:adversarial_training:[4/30]0m 2.608s: Train loss: 0.041534 acc: 0.986617 - Test loss: 0.036705 acc: 0.988700
2020-04-21 11:55:00,308:DEBUG:adversarial_training:[5/30]0m 2.572s: Train loss: 0.032356 acc: 0.989600 - Test loss: 0.034877 acc: 0.988700
2020-04-21 11:55:02,791:DEBUG:adversarial_training:[6/30]0m 2.482s: Train loss: 0.026298 acc: 0.991283 - Test loss: 0.041115 acc: 0.988500
2020-04-21 11:55:05,263:DEBUG:adversarial_training:[7/30]0m 2.472s: Train loss: 0.024226 acc: 0.992167 - Test loss: 0.039624 acc: 0.987700
2020-04-21 11:55:07,752:DEBUG:adversarial_training:[8/30]0m 2.489s: Train loss: 0.018656 acc: 0.993867 - Test loss: 0.036151 acc: 0.989200
2020-04-21 11:55:10,238:DEBUG:adversarial_training:[9/30]0m 2.485s: Train loss: 0.016644 acc: 0.994400 - Test loss: 0.045907 acc: 0.987200
2020-04-21 11:55:12,705:DEBUG:adversarial_training:[10/30]0m 2.467s: Train loss: 0.015704 acc: 0.994800 - Test loss: 0.044446 acc: 0.990000
2020-04-21 11:55:15,242:DEBUG:adversarial_training:[11/30]0m 2.536s: Train loss: 0.015027 acc: 0.994900 - Test loss: 0.044921 acc: 0.988900
2020-04-21 11:55:17,777:DEBUG:adversarial_training:[12/30]0m 2.535s: Train loss: 0.013217 acc: 0.995583 - Test loss: 0.041805 acc: 0.988500
2020-04-21 11:55:20,245:DEBUG:adversarial_training:[13/30]0m 2.468s: Train loss: 0.014232 acc: 0.995200 - Test loss: 0.039964 acc: 0.989100
2020-04-21 11:55:22,709:DEBUG:adversarial_training:[14/30]0m 2.464s: Train loss: 0.009407 acc: 0.996700 - Test loss: 0.045635 acc: 0.989500
2020-04-21 11:55:25,173:DEBUG:adversarial_training:[15/30]0m 2.464s: Train loss: 0.014095 acc: 0.995167 - Test loss: 0.046470 acc: 0.987700
2020-04-21 11:55:27,640:DEBUG:adversarial_training:[16/30]0m 2.467s: Train loss: 0.008133 acc: 0.997167 - Test loss: 0.045845 acc: 0.987800
2020-04-21 11:55:30,105:DEBUG:adversarial_training:[17/30]0m 2.465s: Train loss: 0.010102 acc: 0.996567 - Test loss: 0.040657 acc: 0.990000
2020-04-21 11:55:32,675:DEBUG:adversarial_training:[18/30]0m 2.569s: Train loss: 0.010235 acc: 0.996500 - Test loss: 0.036517 acc: 0.989800
2020-04-21 11:55:35,186:DEBUG:adversarial_training:[19/30]0m 2.510s: Train loss: 0.007146 acc: 0.997717 - Test loss: 0.043292 acc: 0.989400
2020-04-21 11:55:37,657:DEBUG:adversarial_training:[20/30]0m 2.471s: Train loss: 0.008850 acc: 0.997017 - Test loss: 0.041029 acc: 0.989900
2020-04-21 11:55:40,155:DEBUG:adversarial_training:[21/30]0m 2.498s: Train loss: 0.007522 acc: 0.997633 - Test loss: 0.044852 acc: 0.989100
2020-04-21 11:55:42,638:DEBUG:adversarial_training:[22/30]0m 2.483s: Train loss: 0.007434 acc: 0.997400 - Test loss: 0.043979 acc: 0.988800
2020-04-21 11:55:45,110:DEBUG:adversarial_training:[23/30]0m 2.472s: Train loss: 0.006675 acc: 0.997983 - Test loss: 0.050601 acc: 0.988100
2020-04-21 11:55:47,577:DEBUG:adversarial_training:[24/30]0m 2.467s: Train loss: 0.006329 acc: 0.997917 - Test loss: 0.046382 acc: 0.989300
2020-04-21 11:55:50,046:DEBUG:adversarial_training:[25/30]0m 2.468s: Train loss: 0.009218 acc: 0.997183 - Test loss: 0.045575 acc: 0.990100
2020-04-21 11:55:52,521:DEBUG:adversarial_training:[26/30]0m 2.474s: Train loss: 0.006497 acc: 0.997883 - Test loss: 0.047202 acc: 0.991200
2020-04-21 11:55:54,984:DEBUG:adversarial_training:[27/30]0m 2.463s: Train loss: 0.006797 acc: 0.997850 - Test loss: 0.041038 acc: 0.989500
2020-04-21 11:55:57,458:DEBUG:adversarial_training:[28/30]0m 2.474s: Train loss: 0.005305 acc: 0.998283 - Test loss: 0.049039 acc: 0.989700
2020-04-21 11:55:59,933:DEBUG:adversarial_training:[29/30]0m 2.475s: Train loss: 0.004939 acc: 0.998417 - Test loss: 0.046958 acc: 0.989200
2020-04-21 11:56:02,410:DEBUG:adversarial_training:[30/30]0m 2.477s: Train loss: 0.007593 acc: 0.997467 - Test loss: 0.044357 acc: 0.990600
2020-04-21 11:56:02,418:INFO:model_container_pt:Saved model to save/AdvTrain_MnistCnnV2_MNIST.pt
2020-04-21 11:56:02,419:DEBUG:defend_advtr:Load save/MnistCnnV2_MNIST_BIM_x.npy...
2020-04-21 11:56:02,438:INFO:defend_advtr:Accuracy on clean set: 1.000000
2020-04-21 11:56:02,468:INFO:defend_advtr:Blocked 9/1000 samples on clean
2020-04-21 11:56:02,468:DEBUG:defend_advtr:Load save/MnistCnnV2_MNIST_BIM_adv.npy...
2020-04-21 11:56:02,484:INFO:defend_advtr:Accuracy on BIM set: 0.000000
2020-04-21 11:56:02,514:INFO:defend_advtr:Blocked 986/1000 samples on BIM
2020-04-21 11:56:02,514:DEBUG:defend_advtr:Load save/MnistCnnV2_MNIST_Carlini_adv.npy...
2020-04-21 11:56:02,530:INFO:defend_advtr:Accuracy on Carlini set: 0.097000
2020-04-21 11:56:02,560:INFO:defend_advtr:Blocked 980/1000 samples on Carlini
2020-04-21 11:56:02,560:DEBUG:defend_advtr:Load save/MnistCnnV2_MNIST_DeepFool_adv.npy...
2020-04-21 11:56:02,576:INFO:defend_advtr:Accuracy on DeepFool set: 0.413000
2020-04-21 11:56:02,606:INFO:defend_advtr:Blocked 579/1000 samples on DeepFool
2020-04-21 11:56:02,606:DEBUG:defend_advtr:Load save/MnistCnnV2_MNIST_FGSM_adv.npy...
2020-04-21 11:56:02,621:INFO:defend_advtr:Accuracy on FGSM set: 0.411000
2020-04-21 11:56:02,651:INFO:defend_advtr:Blocked 577/1000 samples on FGSM
2020-04-21 11:56:02,652:DEBUG:defend_advtr:Load save/MnistCnnV2_MNIST_Saliency_adv.npy...
2020-04-21 11:56:02,667:INFO:defend_advtr:Accuracy on Saliency set: 0.000000
2020-04-21 11:56:02,698:INFO:defend_advtr:Blocked 837/1000 samples on Saliency
