2020-05-02 13:26:12,070:INFO:defend_advtr:Start at    : 20200502132612
2020-05-02 13:26:12,070:INFO:defend_advtr:RECEIVED PARAMETERS:
2020-05-02 13:26:12,070:INFO:defend_advtr:model file  :./save/CifarCnn_SVHN_e50.pt
2020-05-02 13:26:12,070:INFO:defend_advtr:model       :CifarCnn
2020-05-02 13:26:12,070:INFO:defend_advtr:dataset     :SVHN
2020-05-02 13:26:12,071:INFO:defend_advtr:max_epochs  :30
2020-05-02 13:26:12,071:INFO:defend_advtr:ratio  :0
2020-05-02 13:26:12,071:INFO:defend_advtr:batch_size  :128
2020-05-02 13:26:12,071:INFO:defend_advtr:seed        :4096
2020-05-02 13:26:12,071:INFO:defend_advtr:verbose     :True
2020-05-02 13:26:12,071:INFO:defend_advtr:save_log    :True
2020-05-02 13:26:12,071:INFO:defend_advtr:need train  :True
2020-05-02 13:26:12,071:INFO:defend_advtr:attacks     :clean, BIM, Carlini, DeepFool, FGSM, Saliency
2020-05-02 13:26:12,071:DEBUG:utils:Setting random seed for PyTorch.
2020-05-02 13:26:12,087:DEBUG:utils:/home/lukec/workspace/aad/aad/../data
2020-05-02 13:26:21,778:INFO:data_container:Train size: 73257 - Test size: 26032
2020-05-02 13:26:21,779:INFO:data_container:Successfully load data. Time to complete: 0m 9.692s
2020-05-02 13:26:23,357:DEBUG:model_container_pt:Using device: cuda
2020-05-02 13:26:23,362:INFO:model_container_pt:Loaded model from ./save/CifarCnn_SVHN_e50.pt
2020-05-02 13:26:24,302:INFO:defend_advtr:Accuracy on test set: 0.936501
2020-05-02 13:26:24,379:INFO:pytorch:Inferred 1 hidden layers on PyTorch classifier.
2020-05-02 13:26:25,021:DEBUG:adversarial_training:Generate 18314 adv. examples using [BIMContainer]
2020-05-02 13:30:56,545:INFO:projected_gradient_descent:Success rate of attack: 100.00%
2020-05-02 13:30:57,843:INFO:bim_attack:Time to complete training 1000 adv. examples: 4m 32.822s
2020-05-02 13:30:57,865:DEBUG:detector_container:Time to complete [Train Adv. Examples]: 4m 32.898s
2020-05-02 13:31:06,807:DEBUG:adversarial_training:[1/30]0m 8.940s: Train loss: 0.540989 acc: 0.840766 - Test loss: 0.238876 acc: 0.930970
2020-05-02 13:31:15,756:DEBUG:adversarial_training:[2/30]0m 8.948s: Train loss: 0.297969 acc: 0.909510 - Test loss: 0.289313 acc: 0.912761
2020-05-02 13:31:24,847:DEBUG:adversarial_training:[3/30]0m 9.091s: Train loss: 0.258813 acc: 0.921905 - Test loss: 0.296551 acc: 0.913376
2020-05-02 13:31:34,185:DEBUG:adversarial_training:[4/30]0m 9.338s: Train loss: 0.233142 acc: 0.930641 - Test loss: 0.253521 acc: 0.925131
2020-05-02 13:31:43,464:DEBUG:adversarial_training:[5/30]0m 9.278s: Train loss: 0.214582 acc: 0.936771 - Test loss: 0.328390 acc: 0.905616
2020-05-02 13:31:52,800:DEBUG:adversarial_training:[6/30]0m 9.337s: Train loss: 0.202805 acc: 0.939787 - Test loss: 0.274136 acc: 0.920867
2020-05-02 13:32:02,046:DEBUG:adversarial_training:[7/30]0m 9.245s: Train loss: 0.191146 acc: 0.942872 - Test loss: 0.259580 acc: 0.926898
2020-05-02 13:32:11,208:DEBUG:adversarial_training:[8/30]0m 9.162s: Train loss: 0.180068 acc: 0.946899 - Test loss: 0.301206 acc: 0.910533
2020-05-02 13:32:20,459:DEBUG:adversarial_training:[9/30]0m 9.250s: Train loss: 0.175962 acc: 0.947554 - Test loss: 0.270137 acc: 0.923825
2020-05-02 13:32:29,449:DEBUG:adversarial_training:[10/30]0m 8.990s: Train loss: 0.167033 acc: 0.949780 - Test loss: 0.259706 acc: 0.923978
2020-05-02 13:32:38,394:DEBUG:adversarial_training:[11/30]0m 8.945s: Train loss: 0.159070 acc: 0.952605 - Test loss: 0.270787 acc: 0.922557
2020-05-02 13:32:47,437:DEBUG:adversarial_training:[12/30]0m 9.044s: Train loss: 0.153751 acc: 0.953998 - Test loss: 0.285083 acc: 0.919906
2020-05-02 13:32:56,417:DEBUG:adversarial_training:[13/30]0m 8.979s: Train loss: 0.155935 acc: 0.952933 - Test loss: 0.288677 acc: 0.915796
2020-05-02 13:33:05,622:DEBUG:adversarial_training:[14/30]0m 9.206s: Train loss: 0.152555 acc: 0.953438 - Test loss: 0.280132 acc: 0.919061
2020-05-02 13:33:14,792:DEBUG:adversarial_training:[15/30]0m 9.170s: Train loss: 0.146301 acc: 0.956059 - Test loss: 0.321011 acc: 0.908305
2020-05-02 13:33:23,684:DEBUG:adversarial_training:[16/30]0m 8.891s: Train loss: 0.140049 acc: 0.958693 - Test loss: 0.310990 acc: 0.908689
2020-05-02 13:33:32,573:DEBUG:adversarial_training:[17/30]0m 8.889s: Train loss: 0.141069 acc: 0.957670 - Test loss: 0.280382 acc: 0.919330
2020-05-02 13:33:41,471:DEBUG:adversarial_training:[18/30]0m 8.898s: Train loss: 0.135834 acc: 0.958762 - Test loss: 0.275246 acc: 0.921942
2020-05-02 13:33:50,363:DEBUG:adversarial_training:[19/30]0m 8.893s: Train loss: 0.140150 acc: 0.956823 - Test loss: 0.271698 acc: 0.922365
2020-05-02 13:33:59,253:DEBUG:adversarial_training:[20/30]0m 8.890s: Train loss: 0.134964 acc: 0.958775 - Test loss: 0.275454 acc: 0.920867
2020-05-02 13:34:08,143:DEBUG:adversarial_training:[21/30]0m 8.890s: Train loss: 0.129617 acc: 0.961587 - Test loss: 0.299467 acc: 0.915104
2020-05-02 13:34:17,032:DEBUG:adversarial_training:[22/30]0m 8.889s: Train loss: 0.128750 acc: 0.960263 - Test loss: 0.273777 acc: 0.923018
2020-05-02 13:34:25,918:DEBUG:adversarial_training:[23/30]0m 8.885s: Train loss: 0.130315 acc: 0.960236 - Test loss: 0.304762 acc: 0.914567
2020-05-02 13:34:34,841:DEBUG:adversarial_training:[24/30]0m 8.923s: Train loss: 0.122822 acc: 0.963130 - Test loss: 0.292388 acc: 0.918831
2020-05-02 13:34:43,733:DEBUG:adversarial_training:[25/30]0m 8.892s: Train loss: 0.124982 acc: 0.961451 - Test loss: 0.292411 acc: 0.914144
2020-05-02 13:34:52,620:DEBUG:adversarial_training:[26/30]0m 8.887s: Train loss: 0.124013 acc: 0.961765 - Test loss: 0.295027 acc: 0.914951
2020-05-02 13:35:01,508:DEBUG:adversarial_training:[27/30]0m 8.887s: Train loss: 0.122159 acc: 0.961929 - Test loss: 0.302111 acc: 0.911263
2020-05-02 13:35:10,399:DEBUG:adversarial_training:[28/30]0m 8.891s: Train loss: 0.121458 acc: 0.962720 - Test loss: 0.279126 acc: 0.920636
2020-05-02 13:35:19,294:DEBUG:adversarial_training:[29/30]0m 8.895s: Train loss: 0.119119 acc: 0.964099 - Test loss: 0.302148 acc: 0.919445
2020-05-02 13:35:28,191:DEBUG:adversarial_training:[30/30]0m 8.897s: Train loss: 0.119620 acc: 0.963485 - Test loss: 0.290599 acc: 0.917025
2020-05-02 13:35:28,226:INFO:model_container_pt:Saved model to save/AdvTrain_CifarCnn_SVHN.pt
2020-05-02 13:35:28,227:DEBUG:defend_advtr:Load save/CifarCnn_SVHN_BIM_x.npy...
2020-05-02 13:35:28,271:INFO:defend_advtr:Accuracy on clean set: 1.000000
2020-05-02 13:35:28,352:INFO:defend_advtr:Blocked 66/1000 samples on clean
2020-05-02 13:35:28,353:DEBUG:defend_advtr:Load save/CifarCnn_SVHN_BIM_adv.npy...
2020-05-02 13:35:28,397:INFO:defend_advtr:Accuracy on BIM set: 0.000000
2020-05-02 13:35:28,477:INFO:defend_advtr:Blocked 995/1000 samples on BIM
2020-05-02 13:35:28,477:DEBUG:defend_advtr:Load save/CifarCnn_SVHN_Carlini_adv.npy...
2020-05-02 13:35:28,520:INFO:defend_advtr:Accuracy on Carlini set: 0.117000
2020-05-02 13:35:28,601:INFO:defend_advtr:Blocked 895/1000 samples on Carlini
2020-05-02 13:35:28,601:DEBUG:defend_advtr:Load save/CifarCnn_SVHN_DeepFool_adv.npy...
2020-05-02 13:35:28,643:INFO:defend_advtr:Accuracy on DeepFool set: 0.340000
2020-05-02 13:35:28,724:INFO:defend_advtr:Blocked 603/1000 samples on DeepFool
2020-05-02 13:35:28,724:DEBUG:defend_advtr:Load save/CifarCnn_SVHN_FGSM_adv.npy...
2020-05-02 13:35:28,767:INFO:defend_advtr:Accuracy on FGSM set: 0.045000
2020-05-02 13:35:28,847:INFO:defend_advtr:Blocked 580/1000 samples on FGSM
2020-05-02 13:35:28,847:DEBUG:defend_advtr:Load save/CifarCnn_SVHN_Saliency_adv.npy...
2020-05-02 13:35:28,890:INFO:defend_advtr:Accuracy on Saliency set: 0.000000
2020-05-02 13:35:28,970:INFO:defend_advtr:Blocked 909/1000 samples on Saliency
