2020-04-21 11:52:17,248:INFO:defend_advtr:Start at    : 20200421115217
2020-04-21 11:52:17,249:INFO:defend_advtr:RECEIVED PARAMETERS:
2020-04-21 11:52:17,249:INFO:defend_advtr:model file  :./save/BCNN_BreastCancerWisconsin_e200.pt
2020-04-21 11:52:17,249:INFO:defend_advtr:model       :BCNN
2020-04-21 11:52:17,249:INFO:defend_advtr:dataset     :BreastCancerWisconsin
2020-04-21 11:52:17,249:INFO:defend_advtr:max_epochs  :200
2020-04-21 11:52:17,249:INFO:defend_advtr:ratio  :0
2020-04-21 11:52:17,249:INFO:defend_advtr:batch_size  :128
2020-04-21 11:52:17,249:INFO:defend_advtr:seed        :4096
2020-04-21 11:52:17,249:INFO:defend_advtr:verbose     :True
2020-04-21 11:52:17,249:INFO:defend_advtr:save_log    :True
2020-04-21 11:52:17,249:INFO:defend_advtr:need train  :True
2020-04-21 11:52:17,249:INFO:defend_advtr:attacks     :clean, BIM, Carlini, DeepFool, FGSM
2020-04-21 11:52:17,249:DEBUG:utils:Setting random seed for PyTorch.
2020-04-21 11:52:17,272:DEBUG:utils:/home/lukec/workspace/aad/aad/../data
2020-04-21 11:52:17,272:DEBUG:data_container:Reading file /home/lukec/workspace/aad/aad/../data/BreastCancerWisconsin.csv
2020-04-21 11:52:17,282:INFO:data_container:Train size: 455 - Test size: 114
2020-04-21 11:52:17,282:INFO:data_container:Successfully load data. Time to complete: 0m 0.010s
2020-04-21 11:52:19,596:DEBUG:model_container_pt:Using device: cuda
2020-04-21 11:52:19,597:INFO:model_container_pt:Loaded model from ./save/BCNN_BreastCancerWisconsin_e200.pt
2020-04-21 11:52:19,616:INFO:defend_advtr:Accuracy on test set: 0.973684
2020-04-21 11:52:19,617:INFO:pytorch:Inferred 1 hidden layers on PyTorch classifier.
2020-04-21 11:52:19,618:DEBUG:adversarial_training:Generate 113 adv. examples using [BIMContainer]
2020-04-21 11:52:19,825:INFO:projected_gradient_descent:Success rate of attack: 99.12%
2020-04-21 11:52:19,826:INFO:bim_attack:Time to complete training 1000 adv. examples: 0m 0.208s
2020-04-21 11:52:19,826:DEBUG:detector_container:Time to complete [Train Adv. Examples]: 0m 0.209s
2020-04-21 11:52:19,838:DEBUG:adversarial_training:[1/200]0m 0.011s: Train loss: 1.889261 acc: 0.747253 - Test loss: 0.078788 acc: 0.973684
2020-04-21 11:52:19,848:DEBUG:adversarial_training:[2/200]0m 0.010s: Train loss: 1.425535 acc: 0.745055 - Test loss: 0.111813 acc: 0.973684
2020-04-21 11:52:19,860:DEBUG:adversarial_training:[3/200]0m 0.012s: Train loss: 1.072809 acc: 0.742857 - Test loss: 0.184520 acc: 0.964912
2020-04-21 11:52:19,870:DEBUG:adversarial_training:[4/200]0m 0.010s: Train loss: 0.804471 acc: 0.725275 - Test loss: 0.324976 acc: 0.921053
2020-04-21 11:52:19,880:DEBUG:adversarial_training:[5/200]0m 0.010s: Train loss: 0.646821 acc: 0.687912 - Test loss: 0.474071 acc: 0.885965
2020-04-21 11:52:19,891:DEBUG:adversarial_training:[6/200]0m 0.010s: Train loss: 0.609925 acc: 0.712088 - Test loss: 0.541707 acc: 0.956140
2020-04-21 11:52:19,900:DEBUG:adversarial_training:[7/200]0m 0.010s: Train loss: 0.602513 acc: 0.725275 - Test loss: 0.514921 acc: 0.929825
2020-04-21 11:52:19,911:DEBUG:adversarial_training:[8/200]0m 0.011s: Train loss: 0.577079 acc: 0.692308 - Test loss: 0.475658 acc: 0.807018
2020-04-21 11:52:19,921:DEBUG:adversarial_training:[9/200]0m 0.010s: Train loss: 0.566319 acc: 0.606593 - Test loss: 0.466053 acc: 0.815789
2020-04-21 11:52:19,931:DEBUG:adversarial_training:[10/200]0m 0.009s: Train loss: 0.555756 acc: 0.626374 - Test loss: 0.464678 acc: 0.868421
2020-04-21 11:52:19,940:DEBUG:adversarial_training:[11/200]0m 0.009s: Train loss: 0.539569 acc: 0.694505 - Test loss: 0.473865 acc: 0.912281
2020-04-21 11:52:19,950:DEBUG:adversarial_training:[12/200]0m 0.009s: Train loss: 0.527096 acc: 0.747253 - Test loss: 0.456805 acc: 0.885965
2020-04-21 11:52:19,959:DEBUG:adversarial_training:[13/200]0m 0.009s: Train loss: 0.512401 acc: 0.725275 - Test loss: 0.437542 acc: 0.859649
2020-04-21 11:52:19,968:DEBUG:adversarial_training:[14/200]0m 0.009s: Train loss: 0.497933 acc: 0.714286 - Test loss: 0.423734 acc: 0.877193
2020-04-21 11:52:19,977:DEBUG:adversarial_training:[15/200]0m 0.009s: Train loss: 0.481166 acc: 0.756044 - Test loss: 0.407568 acc: 0.868421
2020-04-21 11:52:19,987:DEBUG:adversarial_training:[16/200]0m 0.009s: Train loss: 0.467024 acc: 0.762637 - Test loss: 0.389675 acc: 0.868421
2020-04-21 11:52:19,996:DEBUG:adversarial_training:[17/200]0m 0.009s: Train loss: 0.451266 acc: 0.771429 - Test loss: 0.370008 acc: 0.903509
2020-04-21 11:52:20,005:DEBUG:adversarial_training:[18/200]0m 0.009s: Train loss: 0.436758 acc: 0.797802 - Test loss: 0.351290 acc: 0.929825
2020-04-21 11:52:20,015:DEBUG:adversarial_training:[19/200]0m 0.009s: Train loss: 0.425049 acc: 0.819780 - Test loss: 0.333691 acc: 0.929825
2020-04-21 11:52:20,024:DEBUG:adversarial_training:[20/200]0m 0.009s: Train loss: 0.412809 acc: 0.815385 - Test loss: 0.321835 acc: 0.912281
2020-04-21 11:52:20,033:DEBUG:adversarial_training:[21/200]0m 0.009s: Train loss: 0.404372 acc: 0.810989 - Test loss: 0.308810 acc: 0.921053
2020-04-21 11:52:20,043:DEBUG:adversarial_training:[22/200]0m 0.009s: Train loss: 0.394752 acc: 0.817582 - Test loss: 0.296122 acc: 0.921053
2020-04-21 11:52:20,052:DEBUG:adversarial_training:[23/200]0m 0.009s: Train loss: 0.386352 acc: 0.819780 - Test loss: 0.285285 acc: 0.921053
2020-04-21 11:52:20,062:DEBUG:adversarial_training:[24/200]0m 0.010s: Train loss: 0.380036 acc: 0.821978 - Test loss: 0.274931 acc: 0.921053
2020-04-21 11:52:20,071:DEBUG:adversarial_training:[25/200]0m 0.010s: Train loss: 0.371243 acc: 0.819780 - Test loss: 0.271032 acc: 0.912281
2020-04-21 11:52:20,082:DEBUG:adversarial_training:[26/200]0m 0.010s: Train loss: 0.364424 acc: 0.821978 - Test loss: 0.257305 acc: 0.938596
2020-04-21 11:52:20,091:DEBUG:adversarial_training:[27/200]0m 0.009s: Train loss: 0.355020 acc: 0.824176 - Test loss: 0.256031 acc: 0.921053
2020-04-21 11:52:20,101:DEBUG:adversarial_training:[28/200]0m 0.009s: Train loss: 0.345236 acc: 0.819780 - Test loss: 0.246275 acc: 0.929825
2020-04-21 11:52:20,110:DEBUG:adversarial_training:[29/200]0m 0.009s: Train loss: 0.332257 acc: 0.824176 - Test loss: 0.243645 acc: 0.912281
2020-04-21 11:52:20,119:DEBUG:adversarial_training:[30/200]0m 0.009s: Train loss: 0.322652 acc: 0.817582 - Test loss: 0.234761 acc: 0.912281
2020-04-21 11:52:20,129:DEBUG:adversarial_training:[31/200]0m 0.009s: Train loss: 0.306072 acc: 0.819780 - Test loss: 0.223232 acc: 0.929825
2020-04-21 11:52:20,138:DEBUG:adversarial_training:[32/200]0m 0.009s: Train loss: 0.290447 acc: 0.819780 - Test loss: 0.216975 acc: 0.929825
2020-04-21 11:52:20,147:DEBUG:adversarial_training:[33/200]0m 0.009s: Train loss: 0.269960 acc: 0.839560 - Test loss: 0.217702 acc: 0.912281
2020-04-21 11:52:20,157:DEBUG:adversarial_training:[34/200]0m 0.009s: Train loss: 0.234118 acc: 0.929670 - Test loss: 0.206818 acc: 0.912281
2020-04-21 11:52:20,166:DEBUG:adversarial_training:[35/200]0m 0.009s: Train loss: 0.192382 acc: 0.956044 - Test loss: 0.193995 acc: 0.929825
2020-04-21 11:52:20,175:DEBUG:adversarial_training:[36/200]0m 0.009s: Train loss: 0.171081 acc: 0.953846 - Test loss: 0.181033 acc: 0.938596
2020-04-21 11:52:20,185:DEBUG:adversarial_training:[37/200]0m 0.009s: Train loss: 0.158438 acc: 0.956044 - Test loss: 0.171681 acc: 0.921053
2020-04-21 11:52:20,194:DEBUG:adversarial_training:[38/200]0m 0.009s: Train loss: 0.148900 acc: 0.947253 - Test loss: 0.151738 acc: 0.929825
2020-04-21 11:52:20,203:DEBUG:adversarial_training:[39/200]0m 0.009s: Train loss: 0.138174 acc: 0.964835 - Test loss: 0.139315 acc: 0.938596
2020-04-21 11:52:20,213:DEBUG:adversarial_training:[40/200]0m 0.009s: Train loss: 0.133026 acc: 0.956044 - Test loss: 0.137781 acc: 0.929825
2020-04-21 11:52:20,222:DEBUG:adversarial_training:[41/200]0m 0.009s: Train loss: 0.129178 acc: 0.962637 - Test loss: 0.124870 acc: 0.947368
2020-04-21 11:52:20,232:DEBUG:adversarial_training:[42/200]0m 0.010s: Train loss: 0.130343 acc: 0.964835 - Test loss: 0.127860 acc: 0.929825
2020-04-21 11:52:20,243:DEBUG:adversarial_training:[43/200]0m 0.010s: Train loss: 0.125103 acc: 0.960440 - Test loss: 0.124810 acc: 0.929825
2020-04-21 11:52:20,252:DEBUG:adversarial_training:[44/200]0m 0.009s: Train loss: 0.122837 acc: 0.962637 - Test loss: 0.122517 acc: 0.938596
2020-04-21 11:52:20,262:DEBUG:adversarial_training:[45/200]0m 0.010s: Train loss: 0.122064 acc: 0.967033 - Test loss: 0.124660 acc: 0.929825
2020-04-21 11:52:20,272:DEBUG:adversarial_training:[46/200]0m 0.010s: Train loss: 0.121729 acc: 0.960440 - Test loss: 0.123190 acc: 0.929825
2020-04-21 11:52:20,281:DEBUG:adversarial_training:[47/200]0m 0.009s: Train loss: 0.121090 acc: 0.964835 - Test loss: 0.120050 acc: 0.938596
2020-04-21 11:52:20,291:DEBUG:adversarial_training:[48/200]0m 0.009s: Train loss: 0.121294 acc: 0.964835 - Test loss: 0.120641 acc: 0.929825
2020-04-21 11:52:20,300:DEBUG:adversarial_training:[49/200]0m 0.009s: Train loss: 0.120887 acc: 0.967033 - Test loss: 0.118430 acc: 0.947368
2020-04-21 11:52:20,310:DEBUG:adversarial_training:[50/200]0m 0.010s: Train loss: 0.123960 acc: 0.967033 - Test loss: 0.122461 acc: 0.947368
2020-04-21 11:52:20,320:DEBUG:adversarial_training:[51/200]0m 0.010s: Train loss: 0.115293 acc: 0.969231 - Test loss: 0.112962 acc: 0.947368
2020-04-21 11:52:20,331:DEBUG:adversarial_training:[52/200]0m 0.010s: Train loss: 0.120192 acc: 0.969231 - Test loss: 0.112676 acc: 0.947368
2020-04-21 11:52:20,340:DEBUG:adversarial_training:[53/200]0m 0.010s: Train loss: 0.116086 acc: 0.969231 - Test loss: 0.113345 acc: 0.956140
2020-04-21 11:52:20,351:DEBUG:adversarial_training:[54/200]0m 0.010s: Train loss: 0.115086 acc: 0.969231 - Test loss: 0.110607 acc: 0.956140
2020-04-21 11:52:20,361:DEBUG:adversarial_training:[55/200]0m 0.010s: Train loss: 0.119139 acc: 0.964835 - Test loss: 0.112063 acc: 0.947368
2020-04-21 11:52:20,371:DEBUG:adversarial_training:[56/200]0m 0.009s: Train loss: 0.112458 acc: 0.973626 - Test loss: 0.112174 acc: 0.947368
2020-04-21 11:52:20,381:DEBUG:adversarial_training:[57/200]0m 0.010s: Train loss: 0.122062 acc: 0.958242 - Test loss: 0.120818 acc: 0.938596
2020-04-21 11:52:20,392:DEBUG:adversarial_training:[58/200]0m 0.011s: Train loss: 0.110314 acc: 0.971429 - Test loss: 0.115207 acc: 0.947368
2020-04-21 11:52:20,401:DEBUG:adversarial_training:[59/200]0m 0.009s: Train loss: 0.112761 acc: 0.971429 - Test loss: 0.125745 acc: 0.947368
2020-04-21 11:52:20,411:DEBUG:adversarial_training:[60/200]0m 0.009s: Train loss: 0.125211 acc: 0.967033 - Test loss: 0.113317 acc: 0.956140
2020-04-21 11:52:20,420:DEBUG:adversarial_training:[61/200]0m 0.009s: Train loss: 0.112379 acc: 0.969231 - Test loss: 0.111592 acc: 0.947368
2020-04-21 11:52:20,430:DEBUG:adversarial_training:[62/200]0m 0.009s: Train loss: 0.112084 acc: 0.969231 - Test loss: 0.118707 acc: 0.947368
2020-04-21 11:52:20,439:DEBUG:adversarial_training:[63/200]0m 0.009s: Train loss: 0.110968 acc: 0.971429 - Test loss: 0.108521 acc: 0.947368
2020-04-21 11:52:20,449:DEBUG:adversarial_training:[64/200]0m 0.009s: Train loss: 0.108939 acc: 0.975824 - Test loss: 0.106306 acc: 0.947368
2020-04-21 11:52:20,458:DEBUG:adversarial_training:[65/200]0m 0.009s: Train loss: 0.108174 acc: 0.973626 - Test loss: 0.110713 acc: 0.956140
2020-04-21 11:52:20,467:DEBUG:adversarial_training:[66/200]0m 0.009s: Train loss: 0.105949 acc: 0.975824 - Test loss: 0.107077 acc: 0.956140
2020-04-21 11:52:20,477:DEBUG:adversarial_training:[67/200]0m 0.009s: Train loss: 0.107811 acc: 0.973626 - Test loss: 0.110688 acc: 0.947368
2020-04-21 11:52:20,487:DEBUG:adversarial_training:[68/200]0m 0.010s: Train loss: 0.106405 acc: 0.971429 - Test loss: 0.116953 acc: 0.947368
2020-04-21 11:52:20,497:DEBUG:adversarial_training:[69/200]0m 0.010s: Train loss: 0.106368 acc: 0.971429 - Test loss: 0.105534 acc: 0.956140
2020-04-21 11:52:20,507:DEBUG:adversarial_training:[70/200]0m 0.010s: Train loss: 0.105875 acc: 0.978022 - Test loss: 0.108219 acc: 0.956140
2020-04-21 11:52:20,516:DEBUG:adversarial_training:[71/200]0m 0.009s: Train loss: 0.104176 acc: 0.978022 - Test loss: 0.105589 acc: 0.956140
2020-04-21 11:52:20,526:DEBUG:adversarial_training:[72/200]0m 0.010s: Train loss: 0.105193 acc: 0.978022 - Test loss: 0.103873 acc: 0.956140
2020-04-21 11:52:20,537:DEBUG:adversarial_training:[73/200]0m 0.010s: Train loss: 0.107355 acc: 0.975824 - Test loss: 0.105560 acc: 0.947368
2020-04-21 11:52:20,548:DEBUG:adversarial_training:[74/200]0m 0.011s: Train loss: 0.102633 acc: 0.980220 - Test loss: 0.112119 acc: 0.956140
2020-04-21 11:52:20,560:DEBUG:adversarial_training:[75/200]0m 0.012s: Train loss: 0.104572 acc: 0.975824 - Test loss: 0.105519 acc: 0.947368
2020-04-21 11:52:20,569:DEBUG:adversarial_training:[76/200]0m 0.009s: Train loss: 0.107493 acc: 0.973626 - Test loss: 0.107994 acc: 0.947368
2020-04-21 11:52:20,580:DEBUG:adversarial_training:[77/200]0m 0.011s: Train loss: 0.105474 acc: 0.973626 - Test loss: 0.104309 acc: 0.947368
2020-04-21 11:52:20,591:DEBUG:adversarial_training:[78/200]0m 0.011s: Train loss: 0.109527 acc: 0.967033 - Test loss: 0.108627 acc: 0.956140
2020-04-21 11:52:20,601:DEBUG:adversarial_training:[79/200]0m 0.009s: Train loss: 0.104464 acc: 0.975824 - Test loss: 0.104250 acc: 0.947368
2020-04-21 11:52:20,618:DEBUG:adversarial_training:[80/200]0m 0.017s: Train loss: 0.108467 acc: 0.964835 - Test loss: 0.115915 acc: 0.956140
2020-04-21 11:52:20,634:DEBUG:adversarial_training:[81/200]0m 0.016s: Train loss: 0.101062 acc: 0.975824 - Test loss: 0.105150 acc: 0.938596
2020-04-21 11:52:20,646:DEBUG:adversarial_training:[82/200]0m 0.012s: Train loss: 0.105043 acc: 0.973626 - Test loss: 0.106923 acc: 0.956140
2020-04-21 11:52:20,657:DEBUG:adversarial_training:[83/200]0m 0.011s: Train loss: 0.105128 acc: 0.971429 - Test loss: 0.112863 acc: 0.964912
2020-04-21 11:52:20,667:DEBUG:adversarial_training:[84/200]0m 0.010s: Train loss: 0.100245 acc: 0.975824 - Test loss: 0.102988 acc: 0.947368
2020-04-21 11:52:20,676:DEBUG:adversarial_training:[85/200]0m 0.009s: Train loss: 0.100292 acc: 0.978022 - Test loss: 0.105293 acc: 0.956140
2020-04-21 11:52:20,686:DEBUG:adversarial_training:[86/200]0m 0.009s: Train loss: 0.108566 acc: 0.971429 - Test loss: 0.105078 acc: 0.956140
2020-04-21 11:52:20,695:DEBUG:adversarial_training:[87/200]0m 0.009s: Train loss: 0.096719 acc: 0.975824 - Test loss: 0.101752 acc: 0.956140
2020-04-21 11:52:20,704:DEBUG:adversarial_training:[88/200]0m 0.009s: Train loss: 0.104177 acc: 0.971429 - Test loss: 0.104354 acc: 0.956140
2020-04-21 11:52:20,714:DEBUG:adversarial_training:[89/200]0m 0.009s: Train loss: 0.098576 acc: 0.978022 - Test loss: 0.100526 acc: 0.956140
2020-04-21 11:52:20,723:DEBUG:adversarial_training:[90/200]0m 0.009s: Train loss: 0.099623 acc: 0.975824 - Test loss: 0.100060 acc: 0.947368
2020-04-21 11:52:20,732:DEBUG:adversarial_training:[91/200]0m 0.009s: Train loss: 0.102243 acc: 0.969231 - Test loss: 0.105636 acc: 0.964912
2020-04-21 11:52:20,742:DEBUG:adversarial_training:[92/200]0m 0.009s: Train loss: 0.096980 acc: 0.978022 - Test loss: 0.101063 acc: 0.956140
2020-04-21 11:52:20,751:DEBUG:adversarial_training:[93/200]0m 0.009s: Train loss: 0.099757 acc: 0.975824 - Test loss: 0.103219 acc: 0.956140
2020-04-21 11:52:20,761:DEBUG:adversarial_training:[94/200]0m 0.010s: Train loss: 0.097667 acc: 0.975824 - Test loss: 0.101848 acc: 0.956140
2020-04-21 11:52:20,771:DEBUG:adversarial_training:[95/200]0m 0.010s: Train loss: 0.097184 acc: 0.978022 - Test loss: 0.099147 acc: 0.947368
2020-04-21 11:52:20,781:DEBUG:adversarial_training:[96/200]0m 0.010s: Train loss: 0.097158 acc: 0.978022 - Test loss: 0.101493 acc: 0.956140
2020-04-21 11:52:20,791:DEBUG:adversarial_training:[97/200]0m 0.009s: Train loss: 0.096322 acc: 0.982418 - Test loss: 0.098287 acc: 0.956140
2020-04-21 11:52:20,800:DEBUG:adversarial_training:[98/200]0m 0.009s: Train loss: 0.095806 acc: 0.975824 - Test loss: 0.099000 acc: 0.956140
2020-04-21 11:52:20,809:DEBUG:adversarial_training:[99/200]0m 0.009s: Train loss: 0.097700 acc: 0.980220 - Test loss: 0.102935 acc: 0.956140
2020-04-21 11:52:20,819:DEBUG:adversarial_training:[100/200]0m 0.009s: Train loss: 0.095115 acc: 0.982418 - Test loss: 0.098461 acc: 0.947368
2020-04-21 11:52:20,828:DEBUG:adversarial_training:[101/200]0m 0.009s: Train loss: 0.096282 acc: 0.975824 - Test loss: 0.103084 acc: 0.964912
2020-04-21 11:52:20,837:DEBUG:adversarial_training:[102/200]0m 0.009s: Train loss: 0.095118 acc: 0.982418 - Test loss: 0.097513 acc: 0.956140
2020-04-21 11:52:20,847:DEBUG:adversarial_training:[103/200]0m 0.009s: Train loss: 0.094524 acc: 0.984615 - Test loss: 0.100216 acc: 0.956140
2020-04-21 11:52:20,857:DEBUG:adversarial_training:[104/200]0m 0.010s: Train loss: 0.095067 acc: 0.982418 - Test loss: 0.099673 acc: 0.956140
2020-04-21 11:52:20,866:DEBUG:adversarial_training:[105/200]0m 0.009s: Train loss: 0.095329 acc: 0.980220 - Test loss: 0.094581 acc: 0.947368
2020-04-21 11:52:20,876:DEBUG:adversarial_training:[106/200]0m 0.010s: Train loss: 0.094288 acc: 0.980220 - Test loss: 0.103492 acc: 0.964912
2020-04-21 11:52:20,887:DEBUG:adversarial_training:[107/200]0m 0.010s: Train loss: 0.098315 acc: 0.975824 - Test loss: 0.095482 acc: 0.956140
2020-04-21 11:52:20,897:DEBUG:adversarial_training:[108/200]0m 0.010s: Train loss: 0.107916 acc: 0.962637 - Test loss: 0.095137 acc: 0.956140
2020-04-21 11:52:20,906:DEBUG:adversarial_training:[109/200]0m 0.009s: Train loss: 0.110885 acc: 0.971429 - Test loss: 0.111567 acc: 0.956140
2020-04-21 11:52:20,916:DEBUG:adversarial_training:[110/200]0m 0.009s: Train loss: 0.095245 acc: 0.984615 - Test loss: 0.102612 acc: 0.956140
2020-04-21 11:52:20,925:DEBUG:adversarial_training:[111/200]0m 0.009s: Train loss: 0.100066 acc: 0.975824 - Test loss: 0.102417 acc: 0.956140
2020-04-21 11:52:20,934:DEBUG:adversarial_training:[112/200]0m 0.009s: Train loss: 0.099185 acc: 0.971429 - Test loss: 0.109806 acc: 0.964912
2020-04-21 11:52:20,944:DEBUG:adversarial_training:[113/200]0m 0.009s: Train loss: 0.098566 acc: 0.978022 - Test loss: 0.094402 acc: 0.964912
2020-04-21 11:52:20,953:DEBUG:adversarial_training:[114/200]0m 0.009s: Train loss: 0.097378 acc: 0.978022 - Test loss: 0.097679 acc: 0.956140
2020-04-21 11:52:20,963:DEBUG:adversarial_training:[115/200]0m 0.009s: Train loss: 0.094788 acc: 0.984615 - Test loss: 0.094418 acc: 0.956140
2020-04-21 11:52:20,972:DEBUG:adversarial_training:[116/200]0m 0.009s: Train loss: 0.093794 acc: 0.980220 - Test loss: 0.094717 acc: 0.956140
2020-04-21 11:52:20,982:DEBUG:adversarial_training:[117/200]0m 0.010s: Train loss: 0.092740 acc: 0.982418 - Test loss: 0.098263 acc: 0.956140
2020-04-21 11:52:20,993:DEBUG:adversarial_training:[118/200]0m 0.010s: Train loss: 0.093492 acc: 0.978022 - Test loss: 0.096215 acc: 0.956140
2020-04-21 11:52:21,002:DEBUG:adversarial_training:[119/200]0m 0.009s: Train loss: 0.094265 acc: 0.982418 - Test loss: 0.094253 acc: 0.947368
2020-04-21 11:52:21,011:DEBUG:adversarial_training:[120/200]0m 0.009s: Train loss: 0.095604 acc: 0.973626 - Test loss: 0.101130 acc: 0.964912
2020-04-21 11:52:21,021:DEBUG:adversarial_training:[121/200]0m 0.009s: Train loss: 0.092104 acc: 0.984615 - Test loss: 0.093583 acc: 0.956140
2020-04-21 11:52:21,030:DEBUG:adversarial_training:[122/200]0m 0.009s: Train loss: 0.092051 acc: 0.980220 - Test loss: 0.094072 acc: 0.956140
2020-04-21 11:52:21,039:DEBUG:adversarial_training:[123/200]0m 0.009s: Train loss: 0.092689 acc: 0.980220 - Test loss: 0.098393 acc: 0.964912
2020-04-21 11:52:21,049:DEBUG:adversarial_training:[124/200]0m 0.009s: Train loss: 0.092958 acc: 0.982418 - Test loss: 0.092243 acc: 0.956140
2020-04-21 11:52:21,058:DEBUG:adversarial_training:[125/200]0m 0.009s: Train loss: 0.092337 acc: 0.980220 - Test loss: 0.094349 acc: 0.956140
2020-04-21 11:52:21,067:DEBUG:adversarial_training:[126/200]0m 0.009s: Train loss: 0.091599 acc: 0.980220 - Test loss: 0.099689 acc: 0.964912
2020-04-21 11:52:21,076:DEBUG:adversarial_training:[127/200]0m 0.009s: Train loss: 0.092283 acc: 0.978022 - Test loss: 0.093620 acc: 0.956140
2020-04-21 11:52:21,085:DEBUG:adversarial_training:[128/200]0m 0.009s: Train loss: 0.089952 acc: 0.982418 - Test loss: 0.093960 acc: 0.956140
2020-04-21 11:52:21,095:DEBUG:adversarial_training:[129/200]0m 0.009s: Train loss: 0.091721 acc: 0.980220 - Test loss: 0.094313 acc: 0.956140
2020-04-21 11:52:21,104:DEBUG:adversarial_training:[130/200]0m 0.009s: Train loss: 0.090023 acc: 0.982418 - Test loss: 0.091497 acc: 0.964912
2020-04-21 11:52:21,113:DEBUG:adversarial_training:[131/200]0m 0.009s: Train loss: 0.091472 acc: 0.984615 - Test loss: 0.097388 acc: 0.964912
2020-04-21 11:52:21,122:DEBUG:adversarial_training:[132/200]0m 0.009s: Train loss: 0.091250 acc: 0.982418 - Test loss: 0.089891 acc: 0.956140
2020-04-21 11:52:21,132:DEBUG:adversarial_training:[133/200]0m 0.009s: Train loss: 0.090259 acc: 0.982418 - Test loss: 0.091076 acc: 0.956140
2020-04-21 11:52:21,141:DEBUG:adversarial_training:[134/200]0m 0.009s: Train loss: 0.090462 acc: 0.978022 - Test loss: 0.094667 acc: 0.964912
2020-04-21 11:52:21,150:DEBUG:adversarial_training:[135/200]0m 0.009s: Train loss: 0.092308 acc: 0.982418 - Test loss: 0.091705 acc: 0.956140
2020-04-21 11:52:21,159:DEBUG:adversarial_training:[136/200]0m 0.009s: Train loss: 0.089363 acc: 0.980220 - Test loss: 0.099356 acc: 0.964912
2020-04-21 11:52:21,169:DEBUG:adversarial_training:[137/200]0m 0.009s: Train loss: 0.091091 acc: 0.978022 - Test loss: 0.089886 acc: 0.956140
2020-04-21 11:52:21,178:DEBUG:adversarial_training:[138/200]0m 0.009s: Train loss: 0.090808 acc: 0.984615 - Test loss: 0.091386 acc: 0.956140
2020-04-21 11:52:21,187:DEBUG:adversarial_training:[139/200]0m 0.009s: Train loss: 0.089428 acc: 0.982418 - Test loss: 0.095751 acc: 0.964912
2020-04-21 11:52:21,196:DEBUG:adversarial_training:[140/200]0m 0.009s: Train loss: 0.089077 acc: 0.982418 - Test loss: 0.092318 acc: 0.956140
2020-04-21 11:52:21,205:DEBUG:adversarial_training:[141/200]0m 0.009s: Train loss: 0.088560 acc: 0.980220 - Test loss: 0.093193 acc: 0.956140
2020-04-21 11:52:21,215:DEBUG:adversarial_training:[142/200]0m 0.009s: Train loss: 0.088556 acc: 0.980220 - Test loss: 0.093982 acc: 0.964912
2020-04-21 11:52:21,224:DEBUG:adversarial_training:[143/200]0m 0.009s: Train loss: 0.087468 acc: 0.984615 - Test loss: 0.088915 acc: 0.964912
2020-04-21 11:52:21,233:DEBUG:adversarial_training:[144/200]0m 0.009s: Train loss: 0.089394 acc: 0.980220 - Test loss: 0.090078 acc: 0.956140
2020-04-21 11:52:21,242:DEBUG:adversarial_training:[145/200]0m 0.009s: Train loss: 0.090384 acc: 0.980220 - Test loss: 0.095196 acc: 0.964912
2020-04-21 11:52:21,252:DEBUG:adversarial_training:[146/200]0m 0.009s: Train loss: 0.086895 acc: 0.984615 - Test loss: 0.089426 acc: 0.964912
2020-04-21 11:52:21,261:DEBUG:adversarial_training:[147/200]0m 0.009s: Train loss: 0.089488 acc: 0.980220 - Test loss: 0.091502 acc: 0.964912
2020-04-21 11:52:21,270:DEBUG:adversarial_training:[148/200]0m 0.009s: Train loss: 0.087639 acc: 0.982418 - Test loss: 0.090344 acc: 0.956140
2020-04-21 11:52:21,279:DEBUG:adversarial_training:[149/200]0m 0.009s: Train loss: 0.086898 acc: 0.984615 - Test loss: 0.089508 acc: 0.956140
2020-04-21 11:52:21,289:DEBUG:adversarial_training:[150/200]0m 0.009s: Train loss: 0.086829 acc: 0.984615 - Test loss: 0.091328 acc: 0.964912
2020-04-21 11:52:21,298:DEBUG:adversarial_training:[151/200]0m 0.009s: Train loss: 0.086324 acc: 0.986813 - Test loss: 0.088979 acc: 0.956140
2020-04-21 11:52:21,307:DEBUG:adversarial_training:[152/200]0m 0.009s: Train loss: 0.088401 acc: 0.984615 - Test loss: 0.087625 acc: 0.956140
2020-04-21 11:52:21,316:DEBUG:adversarial_training:[153/200]0m 0.009s: Train loss: 0.089268 acc: 0.984615 - Test loss: 0.087230 acc: 0.964912
2020-04-21 11:52:21,326:DEBUG:adversarial_training:[154/200]0m 0.009s: Train loss: 0.088350 acc: 0.978022 - Test loss: 0.097847 acc: 0.964912
2020-04-21 11:52:21,335:DEBUG:adversarial_training:[155/200]0m 0.009s: Train loss: 0.089453 acc: 0.978022 - Test loss: 0.088472 acc: 0.956140
2020-04-21 11:52:21,344:DEBUG:adversarial_training:[156/200]0m 0.009s: Train loss: 0.086757 acc: 0.980220 - Test loss: 0.091935 acc: 0.964912
2020-04-21 11:52:21,354:DEBUG:adversarial_training:[157/200]0m 0.009s: Train loss: 0.087712 acc: 0.980220 - Test loss: 0.089799 acc: 0.956140
2020-04-21 11:52:21,363:DEBUG:adversarial_training:[158/200]0m 0.009s: Train loss: 0.086495 acc: 0.984615 - Test loss: 0.087886 acc: 0.956140
2020-04-21 11:52:21,372:DEBUG:adversarial_training:[159/200]0m 0.009s: Train loss: 0.085380 acc: 0.984615 - Test loss: 0.092365 acc: 0.964912
2020-04-21 11:52:21,382:DEBUG:adversarial_training:[160/200]0m 0.010s: Train loss: 0.088686 acc: 0.978022 - Test loss: 0.089278 acc: 0.964912
2020-04-21 11:52:21,391:DEBUG:adversarial_training:[161/200]0m 0.009s: Train loss: 0.085265 acc: 0.986813 - Test loss: 0.086394 acc: 0.964912
2020-04-21 11:52:21,401:DEBUG:adversarial_training:[162/200]0m 0.009s: Train loss: 0.086590 acc: 0.984615 - Test loss: 0.088435 acc: 0.956140
2020-04-21 11:52:21,410:DEBUG:adversarial_training:[163/200]0m 0.009s: Train loss: 0.092187 acc: 0.975824 - Test loss: 0.089889 acc: 0.964912
2020-04-21 11:52:21,419:DEBUG:adversarial_training:[164/200]0m 0.009s: Train loss: 0.085099 acc: 0.986813 - Test loss: 0.087290 acc: 0.964912
2020-04-21 11:52:21,429:DEBUG:adversarial_training:[165/200]0m 0.009s: Train loss: 0.089464 acc: 0.980220 - Test loss: 0.094403 acc: 0.964912
2020-04-21 11:52:21,438:DEBUG:adversarial_training:[166/200]0m 0.009s: Train loss: 0.087334 acc: 0.982418 - Test loss: 0.088287 acc: 0.956140
2020-04-21 11:52:21,447:DEBUG:adversarial_training:[167/200]0m 0.009s: Train loss: 0.085411 acc: 0.984615 - Test loss: 0.090069 acc: 0.956140
2020-04-21 11:52:21,457:DEBUG:adversarial_training:[168/200]0m 0.009s: Train loss: 0.086393 acc: 0.984615 - Test loss: 0.089485 acc: 0.964912
2020-04-21 11:52:21,466:DEBUG:adversarial_training:[169/200]0m 0.009s: Train loss: 0.087549 acc: 0.984615 - Test loss: 0.086458 acc: 0.956140
2020-04-21 11:52:21,475:DEBUG:adversarial_training:[170/200]0m 0.010s: Train loss: 0.087410 acc: 0.982418 - Test loss: 0.088737 acc: 0.964912
2020-04-21 11:52:21,485:DEBUG:adversarial_training:[171/200]0m 0.009s: Train loss: 0.090970 acc: 0.982418 - Test loss: 0.086619 acc: 0.956140
2020-04-21 11:52:21,495:DEBUG:adversarial_training:[172/200]0m 0.010s: Train loss: 0.086867 acc: 0.980220 - Test loss: 0.097355 acc: 0.964912
2020-04-21 11:52:21,505:DEBUG:adversarial_training:[173/200]0m 0.009s: Train loss: 0.086371 acc: 0.982418 - Test loss: 0.087813 acc: 0.973684
2020-04-21 11:52:21,514:DEBUG:adversarial_training:[174/200]0m 0.009s: Train loss: 0.088300 acc: 0.982418 - Test loss: 0.088724 acc: 0.964912
2020-04-21 11:52:21,524:DEBUG:adversarial_training:[175/200]0m 0.009s: Train loss: 0.084322 acc: 0.982418 - Test loss: 0.090574 acc: 0.964912
2020-04-21 11:52:21,533:DEBUG:adversarial_training:[176/200]0m 0.009s: Train loss: 0.085759 acc: 0.984615 - Test loss: 0.084535 acc: 0.956140
2020-04-21 11:52:21,543:DEBUG:adversarial_training:[177/200]0m 0.009s: Train loss: 0.085750 acc: 0.984615 - Test loss: 0.086244 acc: 0.956140
2020-04-21 11:52:21,552:DEBUG:adversarial_training:[178/200]0m 0.009s: Train loss: 0.084992 acc: 0.984615 - Test loss: 0.088865 acc: 0.964912
2020-04-21 11:52:21,562:DEBUG:adversarial_training:[179/200]0m 0.009s: Train loss: 0.085774 acc: 0.982418 - Test loss: 0.084138 acc: 0.956140
2020-04-21 11:52:21,571:DEBUG:adversarial_training:[180/200]0m 0.009s: Train loss: 0.088442 acc: 0.980220 - Test loss: 0.084210 acc: 0.956140
2020-04-21 11:52:21,581:DEBUG:adversarial_training:[181/200]0m 0.009s: Train loss: 0.082593 acc: 0.986813 - Test loss: 0.096558 acc: 0.964912
2020-04-21 11:52:21,590:DEBUG:adversarial_training:[182/200]0m 0.009s: Train loss: 0.087694 acc: 0.978022 - Test loss: 0.085405 acc: 0.956140
2020-04-21 11:52:21,600:DEBUG:adversarial_training:[183/200]0m 0.009s: Train loss: 0.083551 acc: 0.984615 - Test loss: 0.085071 acc: 0.956140
2020-04-21 11:52:21,609:DEBUG:adversarial_training:[184/200]0m 0.009s: Train loss: 0.083761 acc: 0.986813 - Test loss: 0.090395 acc: 0.964912
2020-04-21 11:52:21,619:DEBUG:adversarial_training:[185/200]0m 0.009s: Train loss: 0.083891 acc: 0.982418 - Test loss: 0.084657 acc: 0.956140
2020-04-21 11:52:21,628:DEBUG:adversarial_training:[186/200]0m 0.009s: Train loss: 0.084670 acc: 0.984615 - Test loss: 0.084031 acc: 0.973684
2020-04-21 11:52:21,638:DEBUG:adversarial_training:[187/200]0m 0.009s: Train loss: 0.083301 acc: 0.984615 - Test loss: 0.093814 acc: 0.964912
2020-04-21 11:52:21,647:DEBUG:adversarial_training:[188/200]0m 0.009s: Train loss: 0.085133 acc: 0.982418 - Test loss: 0.084083 acc: 0.956140
2020-04-21 11:52:21,657:DEBUG:adversarial_training:[189/200]0m 0.009s: Train loss: 0.085011 acc: 0.986813 - Test loss: 0.084541 acc: 0.964912
2020-04-21 11:52:21,666:DEBUG:adversarial_training:[190/200]0m 0.009s: Train loss: 0.086615 acc: 0.980220 - Test loss: 0.086743 acc: 0.964912
2020-04-21 11:52:21,675:DEBUG:adversarial_training:[191/200]0m 0.009s: Train loss: 0.084770 acc: 0.984615 - Test loss: 0.084476 acc: 0.956140
2020-04-21 11:52:21,685:DEBUG:adversarial_training:[192/200]0m 0.009s: Train loss: 0.084745 acc: 0.989011 - Test loss: 0.089932 acc: 0.964912
2020-04-21 11:52:21,695:DEBUG:adversarial_training:[193/200]0m 0.010s: Train loss: 0.083819 acc: 0.984615 - Test loss: 0.085572 acc: 0.956140
2020-04-21 11:52:21,704:DEBUG:adversarial_training:[194/200]0m 0.009s: Train loss: 0.085470 acc: 0.982418 - Test loss: 0.085370 acc: 0.956140
2020-04-21 11:52:21,713:DEBUG:adversarial_training:[195/200]0m 0.009s: Train loss: 0.083889 acc: 0.986813 - Test loss: 0.088932 acc: 0.964912
2020-04-21 11:52:21,723:DEBUG:adversarial_training:[196/200]0m 0.009s: Train loss: 0.086051 acc: 0.989011 - Test loss: 0.084226 acc: 0.956140
2020-04-21 11:52:21,732:DEBUG:adversarial_training:[197/200]0m 0.009s: Train loss: 0.082698 acc: 0.986813 - Test loss: 0.087393 acc: 0.964912
2020-04-21 11:52:21,741:DEBUG:adversarial_training:[198/200]0m 0.009s: Train loss: 0.083965 acc: 0.986813 - Test loss: 0.086867 acc: 0.964912
2020-04-21 11:52:21,751:DEBUG:adversarial_training:[199/200]0m 0.009s: Train loss: 0.082987 acc: 0.986813 - Test loss: 0.084422 acc: 0.956140
2020-04-21 11:52:21,760:DEBUG:adversarial_training:[200/200]0m 0.009s: Train loss: 0.082918 acc: 0.986813 - Test loss: 0.084262 acc: 0.964912
2020-04-21 11:52:21,761:INFO:model_container_pt:Saved model to save/AdvTrain_BCNN_BreastCancerWisconsin.pt
2020-04-21 11:52:21,761:DEBUG:defend_advtr:Load save/BCNN_BreastCancerWisconsin_BIM_x.npy...
2020-04-21 11:52:21,762:INFO:defend_advtr:Accuracy on clean set: 1.000000
2020-04-21 11:52:21,763:INFO:defend_advtr:Blocked 2/114 samples on clean
2020-04-21 11:52:21,763:DEBUG:defend_advtr:Load save/BCNN_BreastCancerWisconsin_BIM_adv.npy...
2020-04-21 11:52:21,765:INFO:defend_advtr:Accuracy on BIM set: 0.008772
2020-04-21 11:52:21,766:INFO:defend_advtr:Blocked 113/114 samples on BIM
2020-04-21 11:52:21,766:DEBUG:defend_advtr:Load save/BCNN_BreastCancerWisconsin_Carlini_adv.npy...
2020-04-21 11:52:21,767:INFO:defend_advtr:Accuracy on Carlini set: 0.526316
2020-04-21 11:52:21,769:INFO:defend_advtr:Blocked 95/114 samples on Carlini
2020-04-21 11:52:21,769:DEBUG:defend_advtr:Load save/BCNN_BreastCancerWisconsin_DeepFool_adv.npy...
2020-04-21 11:52:21,770:INFO:defend_advtr:Accuracy on DeepFool set: 0.078947
2020-04-21 11:52:21,771:INFO:defend_advtr:Blocked 48/114 samples on DeepFool
2020-04-21 11:52:21,771:DEBUG:defend_advtr:Load save/BCNN_BreastCancerWisconsin_FGSM_adv.npy...
2020-04-21 11:52:21,772:INFO:defend_advtr:Accuracy on FGSM set: 0.026316
2020-04-21 11:52:21,773:INFO:defend_advtr:Blocked 70/114 samples on FGSM
