2020-04-21 12:30:30,188:INFO:defend_advtr:Start at    : 20200421123030
2020-04-21 12:30:30,188:INFO:defend_advtr:RECEIVED PARAMETERS:
2020-04-21 12:30:30,188:INFO:defend_advtr:model file  :./save/CifarResnet50_SVHN_e30.pt
2020-04-21 12:30:30,188:INFO:defend_advtr:model       :CifarResnet50
2020-04-21 12:30:30,188:INFO:defend_advtr:dataset     :SVHN
2020-04-21 12:30:30,189:INFO:defend_advtr:max_epochs  :30
2020-04-21 12:30:30,189:INFO:defend_advtr:ratio  :0
2020-04-21 12:30:30,189:INFO:defend_advtr:batch_size  :128
2020-04-21 12:30:30,189:INFO:defend_advtr:seed        :4096
2020-04-21 12:30:30,189:INFO:defend_advtr:verbose     :True
2020-04-21 12:30:30,189:INFO:defend_advtr:save_log    :True
2020-04-21 12:30:30,189:INFO:defend_advtr:need train  :True
2020-04-21 12:30:30,189:INFO:defend_advtr:attacks     :clean, BIM, Carlini, DeepFool, FGSM, Saliency
2020-04-21 12:30:30,189:DEBUG:utils:Setting random seed for PyTorch.
2020-04-21 12:30:30,211:DEBUG:utils:/home/lukec/workspace/aad/aad/../data
2020-04-21 12:30:39,849:INFO:data_container:Train size: 73257 - Test size: 26032
2020-04-21 12:30:39,850:INFO:data_container:Successfully load data. Time to complete: 0m 9.638s
2020-04-21 12:30:42,501:DEBUG:model_container_pt:Using device: cuda
2020-04-21 12:30:42,582:INFO:model_container_pt:Loaded model from ./save/CifarResnet50_SVHN_e30.pt
2020-04-21 12:30:45,498:INFO:defend_advtr:Accuracy on test set: 0.927090
2020-04-21 12:30:45,576:INFO:pytorch:Inferred 1 hidden layers on PyTorch classifier.
2020-04-21 12:30:46,241:DEBUG:adversarial_training:Generate 18314 adv. examples using [BIMContainer]
2020-04-21 12:51:22,393:INFO:projected_gradient_descent:Success rate of attack: 100.00%
2020-04-21 12:51:26,417:INFO:bim_attack:Time to complete training 1000 adv. examples: 20m 40.175s
2020-04-21 12:51:26,439:DEBUG:detector_container:Time to complete [Train Adv. Examples]: 20m 40.254s
2020-04-21 12:52:07,981:DEBUG:adversarial_training:[1/30]0m 41.526s: Train loss: 0.576142 acc: 0.817505 - Test loss: 0.315255 acc: 0.923210
2020-04-21 12:52:49,325:DEBUG:adversarial_training:[2/30]0m 41.329s: Train loss: 0.330395 acc: 0.885895 - Test loss: 0.355264 acc: 0.916142
2020-04-21 12:53:31,308:DEBUG:adversarial_training:[3/30]0m 41.983s: Train loss: 0.228956 acc: 0.921182 - Test loss: 0.358470 acc: 0.920022
2020-04-21 12:54:13,111:DEBUG:adversarial_training:[4/30]0m 41.803s: Train loss: 0.155536 acc: 0.946695 - Test loss: 0.374481 acc: 0.920252
2020-04-21 12:54:54,651:DEBUG:adversarial_training:[5/30]0m 41.540s: Train loss: 0.109025 acc: 0.962829 - Test loss: 0.368915 acc: 0.923095
2020-04-21 12:55:36,384:DEBUG:adversarial_training:[6/30]0m 41.733s: Train loss: 0.078724 acc: 0.973286 - Test loss: 0.378471 acc: 0.923210
2020-04-21 12:56:17,460:DEBUG:adversarial_training:[7/30]0m 41.061s: Train loss: 0.059587 acc: 0.980070 - Test loss: 0.389005 acc: 0.923440
2020-04-21 12:56:59,827:DEBUG:adversarial_training:[8/30]0m 42.352s: Train loss: 0.047194 acc: 0.983756 - Test loss: 0.395568 acc: 0.923056
2020-04-21 12:57:40,627:DEBUG:adversarial_training:[9/30]0m 40.800s: Train loss: 0.039696 acc: 0.986418 - Test loss: 0.394904 acc: 0.922672
2020-04-21 12:58:21,350:DEBUG:adversarial_training:[10/30]0m 40.723s: Train loss: 0.036407 acc: 0.987769 - Test loss: 0.391405 acc: 0.926744
2020-04-21 12:59:02,051:DEBUG:adversarial_training:[11/30]0m 40.687s: Train loss: 0.016603 acc: 0.995086 - Test loss: 0.381386 acc: 0.928549
2020-04-21 12:59:43,188:DEBUG:adversarial_training:[12/30]0m 41.122s: Train loss: 0.007135 acc: 0.998403 - Test loss: 0.378298 acc: 0.930547
2020-04-21 13:00:23,990:DEBUG:adversarial_training:[13/30]0m 40.788s: Train loss: 0.005159 acc: 0.998717 - Test loss: 0.388860 acc: 0.930086
2020-04-21 13:01:05,180:DEBUG:adversarial_training:[14/30]0m 41.190s: Train loss: 0.003633 acc: 0.999304 - Test loss: 0.381559 acc: 0.931930
2020-04-21 13:01:46,320:DEBUG:adversarial_training:[15/30]0m 41.126s: Train loss: 0.003965 acc: 0.999099 - Test loss: 0.386840 acc: 0.930432
2020-04-21 13:02:26,652:DEBUG:adversarial_training:[16/30]0m 40.332s: Train loss: 0.003862 acc: 0.999085 - Test loss: 0.389238 acc: 0.931507
2020-04-21 13:03:06,722:DEBUG:adversarial_training:[17/30]0m 40.070s: Train loss: 0.003780 acc: 0.999113 - Test loss: 0.398138 acc: 0.931968
2020-04-21 13:03:48,005:DEBUG:adversarial_training:[18/30]0m 41.268s: Train loss: 0.002944 acc: 0.999277 - Test loss: 0.388503 acc: 0.932007
2020-04-21 13:04:29,005:DEBUG:adversarial_training:[19/30]0m 40.985s: Train loss: 0.002061 acc: 0.999672 - Test loss: 0.397214 acc: 0.931892
2020-04-21 13:05:09,768:DEBUG:adversarial_training:[20/30]0m 40.763s: Train loss: 0.001995 acc: 0.999618 - Test loss: 0.400825 acc: 0.931085
2020-04-21 13:05:50,168:DEBUG:adversarial_training:[21/30]0m 40.400s: Train loss: 0.001419 acc: 0.999768 - Test loss: 0.403318 acc: 0.931238
2020-04-21 13:06:30,315:DEBUG:adversarial_training:[22/30]0m 40.147s: Train loss: 0.001477 acc: 0.999795 - Test loss: 0.407366 acc: 0.931930
2020-04-21 13:07:10,889:DEBUG:adversarial_training:[23/30]0m 40.574s: Train loss: 0.001108 acc: 0.999932 - Test loss: 0.413718 acc: 0.930854
2020-04-21 13:07:52,031:DEBUG:adversarial_training:[24/30]0m 41.142s: Train loss: 0.001140 acc: 0.999823 - Test loss: 0.399660 acc: 0.931469
2020-04-21 13:08:33,832:DEBUG:adversarial_training:[25/30]0m 41.801s: Train loss: 0.001343 acc: 0.999754 - Test loss: 0.407239 acc: 0.931815
2020-04-21 13:09:13,944:DEBUG:adversarial_training:[26/30]0m 40.112s: Train loss: 0.001100 acc: 0.999836 - Test loss: 0.405423 acc: 0.932007
2020-04-21 13:09:54,741:DEBUG:adversarial_training:[27/30]0m 40.782s: Train loss: 0.001252 acc: 0.999795 - Test loss: 0.403292 acc: 0.932352
2020-04-21 13:10:35,781:DEBUG:adversarial_training:[28/30]0m 41.026s: Train loss: 0.001201 acc: 0.999741 - Test loss: 0.411392 acc: 0.930778
2020-04-21 13:11:15,784:DEBUG:adversarial_training:[29/30]0m 40.003s: Train loss: 0.001071 acc: 0.999836 - Test loss: 0.404349 acc: 0.932276
2020-04-21 13:11:55,610:DEBUG:adversarial_training:[30/30]0m 39.827s: Train loss: 0.000927 acc: 0.999877 - Test loss: 0.404619 acc: 0.932775
2020-04-21 13:11:55,736:INFO:model_container_pt:Saved model to save/AdvTrain_CifarResnet50_SVHN.pt
2020-04-21 13:11:55,743:DEBUG:defend_advtr:Load save/CifarResnet50_SVHN_BIM_x.npy...
2020-04-21 13:11:55,861:INFO:defend_advtr:Accuracy on clean set: 1.000000
2020-04-21 13:11:56,079:INFO:defend_advtr:Blocked 62/1000 samples on clean
2020-04-21 13:11:56,079:DEBUG:defend_advtr:Load save/CifarResnet50_SVHN_BIM_adv.npy...
2020-04-21 13:11:56,197:INFO:defend_advtr:Accuracy on BIM set: 0.000000
2020-04-21 13:11:56,415:INFO:defend_advtr:Blocked 993/1000 samples on BIM
2020-04-21 13:11:56,415:DEBUG:defend_advtr:Load save/CifarResnet50_SVHN_Carlini_adv.npy...
2020-04-21 13:11:56,531:INFO:defend_advtr:Accuracy on Carlini set: 0.096000
2020-04-21 13:11:56,749:INFO:defend_advtr:Blocked 911/1000 samples on Carlini
2020-04-21 13:11:56,749:DEBUG:defend_advtr:Load save/CifarResnet50_SVHN_DeepFool_adv.npy...
2020-04-21 13:11:56,865:INFO:defend_advtr:Accuracy on DeepFool set: 0.219000
2020-04-21 13:11:57,083:INFO:defend_advtr:Blocked 732/1000 samples on DeepFool
2020-04-21 13:11:57,083:DEBUG:defend_advtr:Load save/CifarResnet50_SVHN_FGSM_adv.npy...
2020-04-21 13:11:57,201:INFO:defend_advtr:Accuracy on FGSM set: 0.087000
2020-04-21 13:11:57,419:INFO:defend_advtr:Blocked 859/1000 samples on FGSM
2020-04-21 13:11:57,419:DEBUG:defend_advtr:Load save/CifarResnet50_SVHN_Saliency_adv.npy...
2020-04-21 13:11:57,535:INFO:defend_advtr:Accuracy on Saliency set: 0.000000
2020-04-21 13:11:57,756:INFO:defend_advtr:Blocked 943/1000 samples on Saliency
