2020-05-02 22:41:25,065:INFO:defend_distill:Start at    : 20200502224125
2020-05-02 22:41:25,065:INFO:defend_distill:RECEIVED PARAMETERS:
2020-05-02 22:41:25,065:INFO:defend_distill:model file  :./save/BCNN_BreastCancerWisconsin_e200.pt
2020-05-02 22:41:25,065:INFO:defend_distill:model       :BCNN
2020-05-02 22:41:25,065:INFO:defend_distill:dataset     :BreastCancerWisconsin
2020-05-02 22:41:25,065:INFO:defend_distill:max_epochs  :200
2020-05-02 22:41:25,066:INFO:defend_distill:temperature :20
2020-05-02 22:41:25,066:INFO:defend_distill:batch_size  :128
2020-05-02 22:41:25,066:INFO:defend_distill:seed        :4096
2020-05-02 22:41:25,066:INFO:defend_distill:verbose     :True
2020-05-02 22:41:25,066:INFO:defend_distill:save_log    :True
2020-05-02 22:41:25,066:INFO:defend_distill:need train  :False
2020-05-02 22:41:25,066:INFO:defend_distill:pretrained  :distill_BCNN_BreastCancerWisconsin_t20_e200.pt
2020-05-02 22:41:25,066:INFO:defend_distill:attacks     :clean, FGSM, BIM, DeepFool, Carlini
2020-05-02 22:41:25,066:DEBUG:utils:Setting random seed for PyTorch.
2020-05-02 22:41:25,087:DEBUG:utils:/home/lukec/workspace/aad/aad/../data
2020-05-02 22:41:25,087:DEBUG:data_container:Reading file /home/lukec/workspace/aad/aad/../data/BreastCancerWisconsin.csv
2020-05-02 22:41:25,097:INFO:data_container:Train size: 455 - Test size: 114
2020-05-02 22:41:25,097:INFO:data_container:Successfully load data. Time to complete: 0m 0.010s
2020-05-02 22:41:26,745:DEBUG:model_container_pt:Using device: cuda
2020-05-02 22:41:26,748:INFO:model_container_pt:Loaded model from ./save/BCNN_BreastCancerWisconsin_e200.pt
2020-05-02 22:41:26,770:INFO:defend_distill:Accuracy on test set: 0.973684
2020-05-02 22:41:26,772:DEBUG:distillation:Test set accuracy on pre-trained model: 0.973684
2020-05-02 22:41:26,778:DEBUG:distillation:Accuracy of smooth labels: 0.989011
2020-05-02 22:41:26,778:DEBUG:utils:/home/lukec/workspace/aad/aad/../data
2020-05-02 22:41:26,778:DEBUG:data_container:Reading file /home/lukec/workspace/aad/aad/../data/BreastCancerWisconsin.csv
2020-05-02 22:41:26,784:INFO:data_container:Train size: 455 - Test size: 114
2020-05-02 22:41:26,784:INFO:data_container:Successfully load data. Time to complete: 0m 0.007s
2020-05-02 22:41:26,786:DEBUG:model_container_pt:Using device: cuda
2020-05-02 22:41:26,789:DEBUG:distillation:Train set accuracy on distillation model: 0.367033
2020-05-02 22:41:26,790:DEBUG:distillation:Test set accuracy on distillation model: 0.771930
2020-05-02 22:41:26,791:INFO:model_container_pt:Loaded model from save/distill_BCNN_BreastCancerWisconsin_t20_e200.pt
2020-05-02 22:41:26,791:DEBUG:defend_distill:Load save/BCNN_BreastCancerWisconsin_FGSM_x.npy...
2020-05-02 22:41:26,793:INFO:defend_distill:Accuracy on clean set - OG: 1.000000, Distill: 0.657895
2020-05-02 22:41:26,794:INFO:defend_distill:Blocked 39/114 samples on clean
2020-05-02 22:41:26,794:DEBUG:defend_distill:Load save/BCNN_BreastCancerWisconsin_FGSM_adv.npy...
2020-05-02 22:41:26,796:INFO:defend_distill:Accuracy on FGSM set - OG: 0.026316, Distill: 0.657895
2020-05-02 22:41:26,797:INFO:defend_distill:Blocked 78/114 samples on FGSM
2020-05-02 22:41:26,797:DEBUG:defend_distill:Load save/BCNN_BreastCancerWisconsin_BIM_adv.npy...
2020-05-02 22:41:26,799:INFO:defend_distill:Accuracy on BIM set - OG: 0.008772, Distill: 0.657895
2020-05-02 22:41:26,800:INFO:defend_distill:Blocked 76/114 samples on BIM
2020-05-02 22:41:26,800:DEBUG:defend_distill:Load save/BCNN_BreastCancerWisconsin_DeepFool_adv.npy...
2020-05-02 22:41:26,804:INFO:defend_distill:Accuracy on DeepFool set - OG: 0.078947, Distill: 0.657895
2020-05-02 22:41:26,806:INFO:defend_distill:Blocked 66/114 samples on DeepFool
2020-05-02 22:41:26,806:DEBUG:defend_distill:Load save/BCNN_BreastCancerWisconsin_Carlini_adv.npy...
2020-05-02 22:41:26,807:INFO:defend_distill:Accuracy on Carlini set - OG: 0.526316, Distill: 0.657895
2020-05-02 22:41:26,809:INFO:defend_distill:Blocked 71/114 samples on Carlini
