2020-05-02 21:32:07,890:INFO:defend_distill:Start at    : 20200502213207
2020-05-02 21:32:07,891:INFO:defend_distill:RECEIVED PARAMETERS:
2020-05-02 21:32:07,891:INFO:defend_distill:model file  :./save/CifarResnet50_CIFAR10_e50.pt
2020-05-02 21:32:07,891:INFO:defend_distill:model       :CifarResnet50
2020-05-02 21:32:07,891:INFO:defend_distill:dataset     :CIFAR10
2020-05-02 21:32:07,891:INFO:defend_distill:max_epochs  :50
2020-05-02 21:32:07,891:INFO:defend_distill:temperature :20
2020-05-02 21:32:07,891:INFO:defend_distill:batch_size  :128
2020-05-02 21:32:07,891:INFO:defend_distill:seed        :4096
2020-05-02 21:32:07,891:INFO:defend_distill:verbose     :True
2020-05-02 21:32:07,891:INFO:defend_distill:save_log    :True
2020-05-02 21:32:07,891:INFO:defend_distill:need train  :True
2020-05-02 21:32:07,891:INFO:defend_distill:pretrained  :distill_CifarResnet50_CIFAR10_t20_e50.pt
2020-05-02 21:32:07,891:INFO:defend_distill:attacks     :clean, FGSM, BIM, DeepFool, Carlini, Saliency
2020-05-02 21:32:07,891:DEBUG:utils:Setting random seed for PyTorch.
2020-05-02 21:32:07,922:DEBUG:utils:/home/lukec/workspace/aad/aad/../data
2020-05-02 21:32:13,346:INFO:data_container:Train size: 50000 - Test size: 10000
2020-05-02 21:32:13,346:INFO:data_container:Successfully load data. Time to complete: 0m 5.425s
2020-05-02 21:32:15,607:DEBUG:model_container_pt:Using device: cuda
2020-05-02 21:32:15,688:INFO:model_container_pt:Loaded model from ./save/CifarResnet50_CIFAR10_e50.pt
2020-05-02 21:32:16,762:INFO:defend_distill:Accuracy on test set: 0.823500
2020-05-02 21:32:17,806:DEBUG:distillation:Test set accuracy on pre-trained model: 0.823500
2020-05-02 21:32:23,336:DEBUG:distillation:Accuracy of smooth labels: 1.000000
2020-05-02 21:32:23,336:DEBUG:utils:/home/lukec/workspace/aad/aad/../data
2020-05-02 21:32:28,729:INFO:data_container:Train size: 50000 - Test size: 10000
2020-05-02 21:32:28,729:INFO:data_container:Successfully load data. Time to complete: 0m 5.393s
2020-05-02 21:32:28,819:DEBUG:model_container_pt:Using device: cuda
2020-05-02 21:32:34,068:DEBUG:distillation:Train set accuracy on distillation model: 0.110960
2020-05-02 21:32:35,111:DEBUG:distillation:Test set accuracy on distillation model: 0.111800
2020-05-02 21:33:01,407:DEBUG:distillation:[1/50]0m 26.280s: Train loss: 2.312692 acc: 0.253980 - Test loss: 2.122682 acc: 0.369700
2020-05-02 21:33:27,771:DEBUG:distillation:[2/50]0m 26.350s: Train loss: 2.291489 acc: 0.422720 - Test loss: 2.065949 acc: 0.475100
2020-05-02 21:33:54,147:DEBUG:distillation:[3/50]0m 26.362s: Train loss: 2.286533 acc: 0.504560 - Test loss: 2.038772 acc: 0.527200
2020-05-02 21:34:20,537:DEBUG:distillation:[4/50]0m 26.377s: Train loss: 2.283784 acc: 0.554680 - Test loss: 2.012681 acc: 0.563900
2020-05-02 21:34:46,933:DEBUG:distillation:[5/50]0m 26.381s: Train loss: 2.281855 acc: 0.588120 - Test loss: 1.993033 acc: 0.590200
2020-05-02 21:35:13,331:DEBUG:distillation:[6/50]0m 26.384s: Train loss: 2.280322 acc: 0.614080 - Test loss: 1.982227 acc: 0.611500
2020-05-02 21:35:39,732:DEBUG:distillation:[7/50]0m 26.386s: Train loss: 2.279099 acc: 0.632700 - Test loss: 1.967001 acc: 0.631600
2020-05-02 21:36:06,127:DEBUG:distillation:[8/50]0m 26.381s: Train loss: 2.278109 acc: 0.650840 - Test loss: 1.955885 acc: 0.641100
2020-05-02 21:36:32,521:DEBUG:distillation:[9/50]0m 26.379s: Train loss: 2.277151 acc: 0.665760 - Test loss: 1.942749 acc: 0.652200
2020-05-02 21:36:59,413:DEBUG:distillation:[10/50]0m 26.877s: Train loss: 2.276378 acc: 0.674460 - Test loss: 1.940296 acc: 0.661100
2020-05-02 21:37:25,748:DEBUG:distillation:[11/50]0m 26.321s: Train loss: 2.275807 acc: 0.686820 - Test loss: 1.933021 acc: 0.665900
2020-05-02 21:37:52,082:DEBUG:distillation:[12/50]0m 26.320s: Train loss: 2.275443 acc: 0.692420 - Test loss: 1.928159 acc: 0.669700
2020-05-02 21:38:18,424:DEBUG:distillation:[13/50]0m 26.328s: Train loss: 2.275120 acc: 0.697720 - Test loss: 1.927893 acc: 0.671200
2020-05-02 21:38:44,760:DEBUG:distillation:[14/50]0m 26.321s: Train loss: 2.274879 acc: 0.701400 - Test loss: 1.925365 acc: 0.674500
2020-05-02 21:39:11,101:DEBUG:distillation:[15/50]0m 26.327s: Train loss: 2.274613 acc: 0.703380 - Test loss: 1.921937 acc: 0.681400
2020-05-02 21:39:37,422:DEBUG:distillation:[16/50]0m 26.306s: Train loss: 2.274302 acc: 0.709340 - Test loss: 1.922302 acc: 0.685200
2020-05-02 21:40:03,947:DEBUG:distillation:[17/50]0m 26.511s: Train loss: 2.274047 acc: 0.714520 - Test loss: 1.918941 acc: 0.685000
2020-05-02 21:40:30,513:DEBUG:distillation:[18/50]0m 26.566s: Train loss: 2.273774 acc: 0.717080 - Test loss: 1.914580 acc: 0.687600
2020-05-02 21:40:56,895:DEBUG:distillation:[19/50]0m 26.369s: Train loss: 2.273546 acc: 0.720060 - Test loss: 1.911486 acc: 0.689500
2020-05-02 21:41:23,292:DEBUG:distillation:[20/50]0m 26.382s: Train loss: 2.273356 acc: 0.723840 - Test loss: 1.907881 acc: 0.696400
2020-05-02 21:41:49,682:DEBUG:distillation:[21/50]0m 26.376s: Train loss: 2.273121 acc: 0.728280 - Test loss: 1.908730 acc: 0.696900
2020-05-02 21:42:16,076:DEBUG:distillation:[22/50]0m 26.380s: Train loss: 2.273022 acc: 0.727420 - Test loss: 1.902414 acc: 0.694400
2020-05-02 21:42:42,456:DEBUG:distillation:[23/50]0m 26.380s: Train loss: 2.272920 acc: 0.730360 - Test loss: 1.901176 acc: 0.699000
2020-05-02 21:43:08,991:DEBUG:distillation:[24/50]0m 26.521s: Train loss: 2.272786 acc: 0.732280 - Test loss: 1.901303 acc: 0.700900
2020-05-02 21:43:36,498:DEBUG:distillation:[25/50]0m 27.476s: Train loss: 2.272701 acc: 0.736000 - Test loss: 1.896962 acc: 0.699100
2020-05-02 21:44:05,050:DEBUG:distillation:[26/50]0m 28.552s: Train loss: 2.272624 acc: 0.734720 - Test loss: 1.901485 acc: 0.704100
2020-05-02 21:44:32,232:DEBUG:distillation:[27/50]0m 27.168s: Train loss: 2.272541 acc: 0.736620 - Test loss: 1.895103 acc: 0.702700
2020-05-02 21:44:58,968:DEBUG:distillation:[28/50]0m 26.736s: Train loss: 2.272424 acc: 0.737040 - Test loss: 1.904808 acc: 0.704400
2020-05-02 21:45:25,359:DEBUG:distillation:[29/50]0m 26.377s: Train loss: 2.272323 acc: 0.738520 - Test loss: 1.896327 acc: 0.705200
2020-05-02 21:45:51,739:DEBUG:distillation:[30/50]0m 26.365s: Train loss: 2.272285 acc: 0.741580 - Test loss: 1.897057 acc: 0.706800
2020-05-02 21:46:18,408:DEBUG:distillation:[31/50]0m 26.656s: Train loss: 2.272108 acc: 0.744440 - Test loss: 1.892827 acc: 0.703600
2020-05-02 21:46:45,417:DEBUG:distillation:[32/50]0m 27.008s: Train loss: 2.272092 acc: 0.742440 - Test loss: 1.895704 acc: 0.704500
2020-05-02 21:47:13,768:DEBUG:distillation:[33/50]0m 28.351s: Train loss: 2.272076 acc: 0.742500 - Test loss: 1.897245 acc: 0.706700
2020-05-02 21:47:42,461:DEBUG:distillation:[34/50]0m 28.694s: Train loss: 2.272036 acc: 0.742680 - Test loss: 1.895979 acc: 0.708100
2020-05-02 21:48:11,421:DEBUG:distillation:[35/50]0m 28.945s: Train loss: 2.271951 acc: 0.745680 - Test loss: 1.895140 acc: 0.708200
2020-05-02 21:48:40,379:DEBUG:distillation:[36/50]0m 28.944s: Train loss: 2.271927 acc: 0.746060 - Test loss: 1.895545 acc: 0.711500
2020-05-02 21:49:07,776:DEBUG:distillation:[37/50]0m 27.383s: Train loss: 2.271872 acc: 0.746720 - Test loss: 1.889990 acc: 0.711300
2020-05-02 21:49:36,833:DEBUG:distillation:[38/50]0m 29.057s: Train loss: 2.271843 acc: 0.748500 - Test loss: 1.896441 acc: 0.710800
2020-05-02 21:50:05,569:DEBUG:distillation:[39/50]0m 28.736s: Train loss: 2.271796 acc: 0.747780 - Test loss: 1.890099 acc: 0.711200
2020-05-02 21:50:35,464:DEBUG:distillation:[40/50]0m 29.895s: Train loss: 2.271749 acc: 0.748660 - Test loss: 1.889911 acc: 0.711500
2020-05-02 21:51:03,901:DEBUG:distillation:[41/50]0m 28.422s: Train loss: 2.271723 acc: 0.747620 - Test loss: 1.889652 acc: 0.713100
2020-05-02 21:51:32,963:DEBUG:distillation:[42/50]0m 29.047s: Train loss: 2.271687 acc: 0.750000 - Test loss: 1.888164 acc: 0.712200
2020-05-02 21:52:02,031:DEBUG:distillation:[43/50]0m 29.069s: Train loss: 2.271643 acc: 0.748980 - Test loss: 1.894511 acc: 0.709800
2020-05-02 21:52:31,401:DEBUG:distillation:[44/50]0m 29.369s: Train loss: 2.271595 acc: 0.749420 - Test loss: 1.887154 acc: 0.711600
2020-05-02 21:52:59,575:DEBUG:distillation:[45/50]0m 28.174s: Train loss: 2.271665 acc: 0.750260 - Test loss: 1.890912 acc: 0.709700
2020-05-02 21:53:28,153:DEBUG:distillation:[46/50]0m 28.578s: Train loss: 2.271600 acc: 0.751900 - Test loss: 1.892648 acc: 0.709900
2020-05-02 21:53:57,060:DEBUG:distillation:[47/50]0m 28.907s: Train loss: 2.271563 acc: 0.752160 - Test loss: 1.891198 acc: 0.713600
2020-05-02 21:54:26,102:DEBUG:distillation:[48/50]0m 29.027s: Train loss: 2.271535 acc: 0.752180 - Test loss: 1.894052 acc: 0.711500
2020-05-02 21:54:55,028:DEBUG:distillation:[49/50]0m 28.926s: Train loss: 2.271553 acc: 0.752340 - Test loss: 1.891138 acc: 0.710800
2020-05-02 21:55:24,731:DEBUG:distillation:[50/50]0m 29.703s: Train loss: 2.271569 acc: 0.750220 - Test loss: 1.883079 acc: 0.712900
2020-05-02 21:55:24,812:INFO:model_container_pt:Saved model to save/distill_CifarResnet50_CIFAR10_t20_e50.pt
2020-05-02 21:55:24,819:DEBUG:defend_distill:Load save/CifarResnet50_CIFAR10_FGSM_x.npy...
2020-05-02 21:55:25,078:INFO:defend_distill:Accuracy on clean set - OG: 1.000000, Distill: 0.798000
2020-05-02 21:55:25,320:INFO:defend_distill:Blocked 202/1000 samples on clean
2020-05-02 21:55:25,321:DEBUG:defend_distill:Load save/CifarResnet50_CIFAR10_FGSM_adv.npy...
2020-05-02 21:55:25,592:INFO:defend_distill:Accuracy on FGSM set - OG: 0.078000, Distill: 0.185000
2020-05-02 21:55:25,837:INFO:defend_distill:Blocked 400/1000 samples on FGSM
2020-05-02 21:55:25,837:DEBUG:defend_distill:Load save/CifarResnet50_CIFAR10_BIM_adv.npy...
2020-05-02 21:55:26,111:INFO:defend_distill:Accuracy on BIM set - OG: 0.030000, Distill: 0.033000
2020-05-02 21:55:26,377:INFO:defend_distill:Blocked 73/1000 samples on BIM
2020-05-02 21:55:26,377:DEBUG:defend_distill:Load save/CifarResnet50_CIFAR10_DeepFool_adv.npy...
2020-05-02 21:55:26,643:INFO:defend_distill:Accuracy on DeepFool set - OG: 0.914000, Distill: 0.721000
2020-05-02 21:55:26,899:INFO:defend_distill:Blocked 298/1000 samples on DeepFool
2020-05-02 21:55:26,899:DEBUG:defend_distill:Load save/CifarResnet50_CIFAR10_Carlini_adv.npy...
2020-05-02 21:55:27,151:INFO:defend_distill:Accuracy on Carlini set - OG: 0.094000, Distill: 0.091000
2020-05-02 21:55:27,393:INFO:defend_distill:Blocked 287/1000 samples on Carlini
2020-05-02 21:55:27,393:DEBUG:defend_distill:Load save/CifarResnet50_CIFAR10_Saliency_adv.npy...
2020-05-02 21:55:27,645:INFO:defend_distill:Accuracy on Saliency set - OG: 0.778000, Distill: 0.642000
2020-05-02 21:55:27,895:INFO:defend_distill:Blocked 349/1000 samples on Saliency
