2020-04-21 13:23:23,266:INFO:defend_distill:Start at    : 20200421132323
2020-04-21 13:23:23,266:INFO:defend_distill:RECEIVED PARAMETERS:
2020-04-21 13:23:23,266:INFO:defend_distill:model file  :./save/MnistCnnV2_MNIST_e50.pt
2020-04-21 13:23:23,266:INFO:defend_distill:model       :MnistCnnV2
2020-04-21 13:23:23,266:INFO:defend_distill:dataset     :MNIST
2020-04-21 13:23:23,266:INFO:defend_distill:max_epochs  :30
2020-04-21 13:23:23,266:INFO:defend_distill:temperature :10
2020-04-21 13:23:23,267:INFO:defend_distill:batch_size  :128
2020-04-21 13:23:23,267:INFO:defend_distill:seed        :4096
2020-04-21 13:23:23,267:INFO:defend_distill:verbose     :True
2020-04-21 13:23:23,267:INFO:defend_distill:save_log    :True
2020-04-21 13:23:23,267:INFO:defend_distill:need train  :True
2020-04-21 13:23:23,267:INFO:defend_distill:attacks     :clean, BIM, Carlini, DeepFool, FGSM, Saliency
2020-04-21 13:23:23,267:DEBUG:utils:Setting random seed for PyTorch.
2020-04-21 13:23:23,292:DEBUG:utils:/home/lukec/workspace/aad/aad/../data
2020-04-21 13:23:27,075:INFO:data_container:Train size: 60000 - Test size: 10000
2020-04-21 13:23:27,075:INFO:data_container:Successfully load data. Time to complete: 0m 3.783s
2020-04-21 13:23:29,423:DEBUG:model_container_pt:Using device: cuda
2020-04-21 13:23:29,425:INFO:model_container_pt:Loaded model from ./save/MnistCnnV2_MNIST_e50.pt
2020-04-21 13:23:29,566:INFO:defend_distill:Accuracy on test set: 0.990900
2020-04-21 13:23:29,583:INFO:pytorch:Inferred 1 hidden layers on PyTorch classifier.
2020-04-21 13:23:29,712:DEBUG:distillation:Test set accuracy on pre-trained model: 0.990900
2020-04-21 13:23:30,886:DEBUG:distillation:Accuracy of smooth labels: 0.996683
2020-04-21 13:23:30,886:DEBUG:utils:/home/lukec/workspace/aad/aad/../data
2020-04-21 13:23:34,654:INFO:data_container:Train size: 60000 - Test size: 10000
2020-04-21 13:23:34,654:INFO:data_container:Successfully load data. Time to complete: 0m 3.768s
2020-04-21 13:23:34,674:DEBUG:model_container_pt:Using device: cuda
2020-04-21 13:23:35,440:DEBUG:distillation:Train set accuracy on distillation model: 1.000000
2020-04-21 13:23:35,567:DEBUG:distillation:Test set accuracy on distillation model: 0.990900
2020-04-21 13:23:38,040:DEBUG:distillation:[1/30]0m 2.472s: Train loss: 0.025007 acc: 0.995717 - Test loss: 0.033881 acc: 0.988900
2020-04-21 13:23:40,530:DEBUG:distillation:[2/30]0m 2.489s: Train loss: 0.023397 acc: 0.996283 - Test loss: 0.032984 acc: 0.989200
2020-04-21 13:23:43,001:DEBUG:distillation:[3/30]0m 2.470s: Train loss: 0.022603 acc: 0.997083 - Test loss: 0.031210 acc: 0.990000
2020-04-21 13:23:45,480:DEBUG:distillation:[4/30]0m 2.478s: Train loss: 0.023189 acc: 0.996433 - Test loss: 0.032215 acc: 0.989800
2020-04-21 13:23:47,950:DEBUG:distillation:[5/30]0m 2.469s: Train loss: 0.022024 acc: 0.997200 - Test loss: 0.031414 acc: 0.990000
2020-04-21 13:23:50,551:DEBUG:distillation:[6/30]0m 2.601s: Train loss: 0.021966 acc: 0.997417 - Test loss: 0.027374 acc: 0.990800
2020-04-21 13:23:53,118:DEBUG:distillation:[7/30]0m 2.566s: Train loss: 0.021119 acc: 0.997850 - Test loss: 0.027232 acc: 0.992200
2020-04-21 13:23:55,600:DEBUG:distillation:[8/30]0m 2.482s: Train loss: 0.022046 acc: 0.997317 - Test loss: 0.033024 acc: 0.988800
2020-04-21 13:23:58,076:DEBUG:distillation:[9/30]0m 2.475s: Train loss: 0.021367 acc: 0.997500 - Test loss: 0.029481 acc: 0.989800
2020-04-21 13:24:00,558:DEBUG:distillation:[10/30]0m 2.482s: Train loss: 0.020770 acc: 0.998067 - Test loss: 0.026879 acc: 0.991100
2020-04-21 13:24:03,033:DEBUG:distillation:[11/30]0m 2.476s: Train loss: 0.020968 acc: 0.998067 - Test loss: 0.028466 acc: 0.990400
2020-04-21 13:24:05,510:DEBUG:distillation:[12/30]0m 2.477s: Train loss: 0.021338 acc: 0.997517 - Test loss: 0.030748 acc: 0.990200
2020-04-21 13:24:07,979:DEBUG:distillation:[13/30]0m 2.469s: Train loss: 0.021014 acc: 0.997717 - Test loss: 0.029416 acc: 0.990300
2020-04-21 13:24:10,460:DEBUG:distillation:[14/30]0m 2.481s: Train loss: 0.020789 acc: 0.997967 - Test loss: 0.026978 acc: 0.991400
2020-04-21 13:24:12,931:DEBUG:distillation:[15/30]0m 2.471s: Train loss: 0.020240 acc: 0.997917 - Test loss: 0.027476 acc: 0.990500
2020-04-21 13:24:15,408:DEBUG:distillation:[16/30]0m 2.477s: Train loss: 0.020333 acc: 0.997833 - Test loss: 0.028481 acc: 0.990600
2020-04-21 13:24:17,879:DEBUG:distillation:[17/30]0m 2.471s: Train loss: 0.020510 acc: 0.997750 - Test loss: 0.028534 acc: 0.990500
2020-04-21 13:24:20,354:DEBUG:distillation:[18/30]0m 2.475s: Train loss: 0.020259 acc: 0.998117 - Test loss: 0.028322 acc: 0.989900
2020-04-21 13:24:22,826:DEBUG:distillation:[19/30]0m 2.472s: Train loss: 0.020241 acc: 0.998033 - Test loss: 0.027792 acc: 0.990400
2020-04-21 13:24:25,300:DEBUG:distillation:[20/30]0m 2.474s: Train loss: 0.020205 acc: 0.997900 - Test loss: 0.029574 acc: 0.990200
2020-04-21 13:24:27,773:DEBUG:distillation:[21/30]0m 2.472s: Train loss: 0.019935 acc: 0.998033 - Test loss: 0.031868 acc: 0.989000
2020-04-21 13:24:30,246:DEBUG:distillation:[22/30]0m 2.474s: Train loss: 0.019783 acc: 0.997833 - Test loss: 0.030172 acc: 0.990100
2020-04-21 13:24:32,719:DEBUG:distillation:[23/30]0m 2.473s: Train loss: 0.019880 acc: 0.998050 - Test loss: 0.029261 acc: 0.989900
2020-04-21 13:24:35,192:DEBUG:distillation:[24/30]0m 2.472s: Train loss: 0.019615 acc: 0.998200 - Test loss: 0.025843 acc: 0.991800
2020-04-21 13:24:37,664:DEBUG:distillation:[25/30]0m 2.473s: Train loss: 0.019573 acc: 0.998117 - Test loss: 0.027933 acc: 0.990500
2020-04-21 13:24:40,134:DEBUG:distillation:[26/30]0m 2.469s: Train loss: 0.019991 acc: 0.998083 - Test loss: 0.028084 acc: 0.989800
2020-04-21 13:24:42,608:DEBUG:distillation:[27/30]0m 2.474s: Train loss: 0.019779 acc: 0.998133 - Test loss: 0.027494 acc: 0.990300
2020-04-21 13:24:45,254:DEBUG:distillation:[28/30]0m 2.646s: Train loss: 0.019408 acc: 0.998167 - Test loss: 0.029737 acc: 0.989000
2020-04-21 13:24:47,728:DEBUG:distillation:[29/30]0m 2.474s: Train loss: 0.019488 acc: 0.998200 - Test loss: 0.028422 acc: 0.990100
2020-04-21 13:24:50,196:DEBUG:distillation:[30/30]0m 2.468s: Train loss: 0.019472 acc: 0.998433 - Test loss: 0.027898 acc: 0.990600
2020-04-21 13:24:50,197:INFO:model_container_pt:Saved model to save/distill_MnistCnnV2_MNIST.pt
2020-04-21 13:24:50,197:DEBUG:defend_distill:Load save/MnistCnnV2_MNIST_BIM_x.npy...
2020-04-21 13:24:50,216:INFO:defend_distill:Accuracy on clean set: 0.996000
2020-04-21 13:24:50,246:INFO:defend_distill:Blocked 0/1000 samples on clean
2020-04-21 13:24:50,246:DEBUG:defend_distill:Load save/MnistCnnV2_MNIST_BIM_adv.npy...
2020-04-21 13:24:50,262:INFO:defend_distill:Accuracy on BIM set: 0.000000
2020-04-21 13:24:50,292:INFO:defend_distill:Blocked 0/1000 samples on BIM
2020-04-21 13:24:50,292:DEBUG:defend_distill:Load save/MnistCnnV2_MNIST_Carlini_adv.npy...
2020-04-21 13:24:50,308:INFO:defend_distill:Accuracy on Carlini set: 0.108000
2020-04-21 13:24:50,340:INFO:defend_distill:Blocked 0/1000 samples on Carlini
2020-04-21 13:24:50,340:DEBUG:defend_distill:Load save/MnistCnnV2_MNIST_DeepFool_adv.npy...
2020-04-21 13:24:50,355:INFO:defend_distill:Accuracy on DeepFool set: 0.718000
2020-04-21 13:24:50,388:INFO:defend_distill:Blocked 0/1000 samples on DeepFool
2020-04-21 13:24:50,388:DEBUG:defend_distill:Load save/MnistCnnV2_MNIST_FGSM_adv.npy...
2020-04-21 13:24:50,404:INFO:defend_distill:Accuracy on FGSM set: 0.526000
2020-04-21 13:24:50,434:INFO:defend_distill:Blocked 0/1000 samples on FGSM
2020-04-21 13:24:50,434:DEBUG:defend_distill:Load save/MnistCnnV2_MNIST_Saliency_adv.npy...
2020-04-21 13:24:50,450:INFO:defend_distill:Accuracy on Saliency set: 0.395000
2020-04-21 13:24:50,482:INFO:defend_distill:Blocked 0/1000 samples on Saliency
