2020-05-03 00:23:28,182:INFO:defend_distill:Start at    : 20200503002328
2020-05-03 00:23:28,182:INFO:defend_distill:RECEIVED PARAMETERS:
2020-05-03 00:23:28,182:INFO:defend_distill:model file  :./save/IrisNN_Iris_e200.pt
2020-05-03 00:23:28,182:INFO:defend_distill:model       :IrisNN
2020-05-03 00:23:28,182:INFO:defend_distill:dataset     :Iris
2020-05-03 00:23:28,182:INFO:defend_distill:max_epochs  :200
2020-05-03 00:23:28,182:INFO:defend_distill:temperature :20
2020-05-03 00:23:28,182:INFO:defend_distill:batch_size  :128
2020-05-03 00:23:28,182:INFO:defend_distill:seed        :4096
2020-05-03 00:23:28,182:INFO:defend_distill:verbose     :True
2020-05-03 00:23:28,182:INFO:defend_distill:save_log    :True
2020-05-03 00:23:28,182:INFO:defend_distill:need train  :True
2020-05-03 00:23:28,182:INFO:defend_distill:pretrained  :distill_IrisNN_Iris_t20_e200.pt
2020-05-03 00:23:28,182:INFO:defend_distill:attacks     :clean, FGSM, BIM, DeepFool, Carlini
2020-05-03 00:23:28,183:DEBUG:utils:Setting random seed for PyTorch.
2020-05-03 00:23:28,218:DEBUG:utils:/home/lukec/workspace/aad/aad/../data
2020-05-03 00:23:28,218:DEBUG:data_container:Reading file /home/lukec/workspace/aad/aad/../data/iris.data
2020-05-03 00:23:28,226:INFO:data_container:Train size: 90 - Test size: 60
2020-05-03 00:23:28,226:INFO:data_container:Successfully load data. Time to complete: 0m 0.008s
2020-05-03 00:23:30,306:DEBUG:model_container_pt:Using device: cuda
2020-05-03 00:23:30,309:INFO:model_container_pt:Loaded model from ./save/IrisNN_Iris_e200.pt
2020-05-03 00:23:30,337:INFO:defend_distill:Accuracy on test set: 0.933333
2020-05-03 00:23:30,338:DEBUG:distillation:Test set accuracy on pre-trained model: 0.933333
2020-05-03 00:23:30,341:DEBUG:distillation:Accuracy of smooth labels: 0.966667
2020-05-03 00:23:30,341:DEBUG:utils:/home/lukec/workspace/aad/aad/../data
2020-05-03 00:23:30,341:DEBUG:data_container:Reading file /home/lukec/workspace/aad/aad/../data/iris.data
2020-05-03 00:23:30,344:INFO:data_container:Train size: 120 - Test size: 30
2020-05-03 00:23:30,344:INFO:data_container:Successfully load data. Time to complete: 0m 0.003s
2020-05-03 00:23:30,344:DEBUG:model_container_pt:Using device: cuda
2020-05-03 00:23:30,345:DEBUG:distillation:Train set accuracy on distillation model: 0.311111
2020-05-03 00:23:30,345:DEBUG:distillation:Test set accuracy on distillation model: 0.000000
2020-05-03 00:23:30,358:DEBUG:distillation:[1/200]0m 0.012s: Train loss: 1.100175 acc: 0.311111 - Test loss: 1.481055 acc: 0.000000
2020-05-03 00:23:30,361:DEBUG:distillation:[2/200]0m 0.002s: Train loss: 1.100096 acc: 0.311111 - Test loss: 1.475637 acc: 0.000000
2020-05-03 00:23:30,363:DEBUG:distillation:[3/200]0m 0.002s: Train loss: 1.099950 acc: 0.311111 - Test loss: 1.467990 acc: 0.000000
2020-05-03 00:23:30,366:DEBUG:distillation:[4/200]0m 0.002s: Train loss: 1.099747 acc: 0.311111 - Test loss: 1.458426 acc: 0.000000
2020-05-03 00:23:30,368:DEBUG:distillation:[5/200]0m 0.002s: Train loss: 1.099499 acc: 0.311111 - Test loss: 1.447245 acc: 0.000000
2020-05-03 00:23:30,370:DEBUG:distillation:[6/200]0m 0.002s: Train loss: 1.099217 acc: 0.311111 - Test loss: 1.434730 acc: 0.000000
2020-05-03 00:23:30,373:DEBUG:distillation:[7/200]0m 0.002s: Train loss: 1.098912 acc: 0.311111 - Test loss: 1.421151 acc: 0.000000
2020-05-03 00:23:30,375:DEBUG:distillation:[8/200]0m 0.002s: Train loss: 1.098595 acc: 0.311111 - Test loss: 1.406769 acc: 0.000000
2020-05-03 00:23:30,377:DEBUG:distillation:[9/200]0m 0.002s: Train loss: 1.098274 acc: 0.311111 - Test loss: 1.391810 acc: 0.000000
2020-05-03 00:23:30,380:DEBUG:distillation:[10/200]0m 0.002s: Train loss: 1.097957 acc: 0.311111 - Test loss: 1.376477 acc: 0.000000
2020-05-03 00:23:30,382:DEBUG:distillation:[11/200]0m 0.002s: Train loss: 1.097650 acc: 0.311111 - Test loss: 1.360956 acc: 0.000000
2020-05-03 00:23:30,385:DEBUG:distillation:[12/200]0m 0.002s: Train loss: 1.097359 acc: 0.311111 - Test loss: 1.345406 acc: 0.000000
2020-05-03 00:23:30,387:DEBUG:distillation:[13/200]0m 0.002s: Train loss: 1.097086 acc: 0.311111 - Test loss: 1.329968 acc: 0.000000
2020-05-03 00:23:30,389:DEBUG:distillation:[14/200]0m 0.002s: Train loss: 1.096835 acc: 0.311111 - Test loss: 1.314767 acc: 0.000000
2020-05-03 00:23:30,392:DEBUG:distillation:[15/200]0m 0.002s: Train loss: 1.096606 acc: 0.311111 - Test loss: 1.299909 acc: 0.000000
2020-05-03 00:23:30,394:DEBUG:distillation:[16/200]0m 0.002s: Train loss: 1.096402 acc: 0.311111 - Test loss: 1.285485 acc: 0.000000
2020-05-03 00:23:30,396:DEBUG:distillation:[17/200]0m 0.002s: Train loss: 1.096223 acc: 0.311111 - Test loss: 1.271571 acc: 0.000000
2020-05-03 00:23:30,398:DEBUG:distillation:[18/200]0m 0.002s: Train loss: 1.096066 acc: 0.311111 - Test loss: 1.258227 acc: 0.000000
2020-05-03 00:23:30,401:DEBUG:distillation:[19/200]0m 0.002s: Train loss: 1.095932 acc: 0.311111 - Test loss: 1.245500 acc: 0.000000
2020-05-03 00:23:30,403:DEBUG:distillation:[20/200]0m 0.002s: Train loss: 1.095819 acc: 0.311111 - Test loss: 1.233426 acc: 0.000000
2020-05-03 00:23:30,405:DEBUG:distillation:[21/200]0m 0.002s: Train loss: 1.095725 acc: 0.311111 - Test loss: 1.222028 acc: 0.000000
2020-05-03 00:23:30,407:DEBUG:distillation:[22/200]0m 0.002s: Train loss: 1.095648 acc: 0.311111 - Test loss: 1.211324 acc: 0.000000
2020-05-03 00:23:30,410:DEBUG:distillation:[23/200]0m 0.002s: Train loss: 1.095586 acc: 0.322222 - Test loss: 1.201320 acc: 0.000000
2020-05-03 00:23:30,412:DEBUG:distillation:[24/200]0m 0.002s: Train loss: 1.095537 acc: 0.322222 - Test loss: 1.192021 acc: 0.000000
2020-05-03 00:23:30,414:DEBUG:distillation:[25/200]0m 0.002s: Train loss: 1.095499 acc: 0.333333 - Test loss: 1.183426 acc: 0.000000
2020-05-03 00:23:30,416:DEBUG:distillation:[26/200]0m 0.002s: Train loss: 1.095470 acc: 0.355556 - Test loss: 1.175525 acc: 0.000000
2020-05-03 00:23:30,419:DEBUG:distillation:[27/200]0m 0.002s: Train loss: 1.095449 acc: 0.400000 - Test loss: 1.168299 acc: 0.000000
2020-05-03 00:23:30,421:DEBUG:distillation:[28/200]0m 0.002s: Train loss: 1.095433 acc: 0.455556 - Test loss: 1.161731 acc: 0.000000
2020-05-03 00:23:30,423:DEBUG:distillation:[29/200]0m 0.002s: Train loss: 1.095421 acc: 0.466667 - Test loss: 1.155800 acc: 0.000000
2020-05-03 00:23:30,425:DEBUG:distillation:[30/200]0m 0.002s: Train loss: 1.095413 acc: 0.522222 - Test loss: 1.150481 acc: 0.000000
2020-05-03 00:23:30,428:DEBUG:distillation:[31/200]0m 0.002s: Train loss: 1.095406 acc: 0.555556 - Test loss: 1.145747 acc: 0.000000
2020-05-03 00:23:30,430:DEBUG:distillation:[32/200]0m 0.002s: Train loss: 1.095400 acc: 0.555556 - Test loss: 1.141574 acc: 0.000000
2020-05-03 00:23:30,432:DEBUG:distillation:[33/200]0m 0.002s: Train loss: 1.095395 acc: 0.577778 - Test loss: 1.137932 acc: 0.000000
2020-05-03 00:23:30,434:DEBUG:distillation:[34/200]0m 0.002s: Train loss: 1.095389 acc: 0.555556 - Test loss: 1.134789 acc: 0.000000
2020-05-03 00:23:30,436:DEBUG:distillation:[35/200]0m 0.002s: Train loss: 1.095382 acc: 0.555556 - Test loss: 1.132112 acc: 0.000000
2020-05-03 00:23:30,439:DEBUG:distillation:[36/200]0m 0.002s: Train loss: 1.095374 acc: 0.544444 - Test loss: 1.129869 acc: 0.000000
2020-05-03 00:23:30,441:DEBUG:distillation:[37/200]0m 0.002s: Train loss: 1.095365 acc: 0.522222 - Test loss: 1.128029 acc: 0.000000
2020-05-03 00:23:30,443:DEBUG:distillation:[38/200]0m 0.002s: Train loss: 1.095355 acc: 0.522222 - Test loss: 1.126558 acc: 0.000000
2020-05-03 00:23:30,445:DEBUG:distillation:[39/200]0m 0.002s: Train loss: 1.095343 acc: 0.533333 - Test loss: 1.125428 acc: 0.000000
2020-05-03 00:23:30,447:DEBUG:distillation:[40/200]0m 0.002s: Train loss: 1.095330 acc: 0.533333 - Test loss: 1.124609 acc: 0.000000
2020-05-03 00:23:30,450:DEBUG:distillation:[41/200]0m 0.002s: Train loss: 1.095315 acc: 0.533333 - Test loss: 1.124068 acc: 0.000000
2020-05-03 00:23:30,452:DEBUG:distillation:[42/200]0m 0.002s: Train loss: 1.095300 acc: 0.533333 - Test loss: 1.123778 acc: 0.000000
2020-05-03 00:23:30,454:DEBUG:distillation:[43/200]0m 0.002s: Train loss: 1.095284 acc: 0.533333 - Test loss: 1.123708 acc: 0.000000
2020-05-03 00:23:30,456:DEBUG:distillation:[44/200]0m 0.002s: Train loss: 1.095266 acc: 0.522222 - Test loss: 1.123832 acc: 0.000000
2020-05-03 00:23:30,459:DEBUG:distillation:[45/200]0m 0.002s: Train loss: 1.095248 acc: 0.522222 - Test loss: 1.124122 acc: 0.000000
2020-05-03 00:23:30,461:DEBUG:distillation:[46/200]0m 0.002s: Train loss: 1.095230 acc: 0.544444 - Test loss: 1.124555 acc: 0.000000
2020-05-03 00:23:30,463:DEBUG:distillation:[47/200]0m 0.002s: Train loss: 1.095211 acc: 0.555556 - Test loss: 1.125107 acc: 0.000000
2020-05-03 00:23:30,465:DEBUG:distillation:[48/200]0m 0.002s: Train loss: 1.095192 acc: 0.555556 - Test loss: 1.125754 acc: 0.000000
2020-05-03 00:23:30,468:DEBUG:distillation:[49/200]0m 0.002s: Train loss: 1.095173 acc: 0.555556 - Test loss: 1.126477 acc: 0.000000
2020-05-03 00:23:30,470:DEBUG:distillation:[50/200]0m 0.002s: Train loss: 1.095154 acc: 0.577778 - Test loss: 1.127255 acc: 0.000000
2020-05-03 00:23:30,472:DEBUG:distillation:[51/200]0m 0.002s: Train loss: 1.095135 acc: 0.577778 - Test loss: 1.128071 acc: 0.000000
2020-05-03 00:23:30,475:DEBUG:distillation:[52/200]0m 0.002s: Train loss: 1.095116 acc: 0.577778 - Test loss: 1.128904 acc: 0.000000
2020-05-03 00:23:30,477:DEBUG:distillation:[53/200]0m 0.002s: Train loss: 1.095098 acc: 0.555556 - Test loss: 1.129739 acc: 0.000000
2020-05-03 00:23:30,479:DEBUG:distillation:[54/200]0m 0.002s: Train loss: 1.095080 acc: 0.566667 - Test loss: 1.130564 acc: 0.000000
2020-05-03 00:23:30,481:DEBUG:distillation:[55/200]0m 0.002s: Train loss: 1.095062 acc: 0.555556 - Test loss: 1.131365 acc: 0.000000
2020-05-03 00:23:30,484:DEBUG:distillation:[56/200]0m 0.002s: Train loss: 1.095045 acc: 0.555556 - Test loss: 1.132132 acc: 0.000000
2020-05-03 00:23:30,486:DEBUG:distillation:[57/200]0m 0.002s: Train loss: 1.095028 acc: 0.544444 - Test loss: 1.132856 acc: 0.000000
2020-05-03 00:23:30,488:DEBUG:distillation:[58/200]0m 0.002s: Train loss: 1.095011 acc: 0.533333 - Test loss: 1.133528 acc: 0.000000
2020-05-03 00:23:30,490:DEBUG:distillation:[59/200]0m 0.002s: Train loss: 1.094995 acc: 0.522222 - Test loss: 1.134142 acc: 0.000000
2020-05-03 00:23:30,493:DEBUG:distillation:[60/200]0m 0.002s: Train loss: 1.094979 acc: 0.522222 - Test loss: 1.134691 acc: 0.000000
2020-05-03 00:23:30,495:DEBUG:distillation:[61/200]0m 0.002s: Train loss: 1.094963 acc: 0.500000 - Test loss: 1.135171 acc: 0.000000
2020-05-03 00:23:30,497:DEBUG:distillation:[62/200]0m 0.002s: Train loss: 1.094947 acc: 0.488889 - Test loss: 1.135578 acc: 0.000000
2020-05-03 00:23:30,499:DEBUG:distillation:[63/200]0m 0.002s: Train loss: 1.094932 acc: 0.477778 - Test loss: 1.135910 acc: 0.000000
2020-05-03 00:23:30,501:DEBUG:distillation:[64/200]0m 0.002s: Train loss: 1.094917 acc: 0.477778 - Test loss: 1.136164 acc: 0.000000
2020-05-03 00:23:30,504:DEBUG:distillation:[65/200]0m 0.002s: Train loss: 1.094902 acc: 0.477778 - Test loss: 1.136340 acc: 0.000000
2020-05-03 00:23:30,506:DEBUG:distillation:[66/200]0m 0.002s: Train loss: 1.094887 acc: 0.466667 - Test loss: 1.136436 acc: 0.000000
2020-05-03 00:23:30,508:DEBUG:distillation:[67/200]0m 0.002s: Train loss: 1.094872 acc: 0.466667 - Test loss: 1.136450 acc: 0.000000
2020-05-03 00:23:30,510:DEBUG:distillation:[68/200]0m 0.002s: Train loss: 1.094857 acc: 0.466667 - Test loss: 1.136386 acc: 0.000000
2020-05-03 00:23:30,513:DEBUG:distillation:[69/200]0m 0.002s: Train loss: 1.094843 acc: 0.466667 - Test loss: 1.136245 acc: 0.000000
2020-05-03 00:23:30,515:DEBUG:distillation:[70/200]0m 0.002s: Train loss: 1.094828 acc: 0.466667 - Test loss: 1.136030 acc: 0.000000
2020-05-03 00:23:30,517:DEBUG:distillation:[71/200]0m 0.002s: Train loss: 1.094813 acc: 0.466667 - Test loss: 1.135743 acc: 0.000000
2020-05-03 00:23:30,519:DEBUG:distillation:[72/200]0m 0.002s: Train loss: 1.094799 acc: 0.466667 - Test loss: 1.135387 acc: 0.000000
2020-05-03 00:23:30,522:DEBUG:distillation:[73/200]0m 0.002s: Train loss: 1.094784 acc: 0.466667 - Test loss: 1.134965 acc: 0.000000
2020-05-03 00:23:30,524:DEBUG:distillation:[74/200]0m 0.002s: Train loss: 1.094770 acc: 0.466667 - Test loss: 1.134480 acc: 0.000000
2020-05-03 00:23:30,526:DEBUG:distillation:[75/200]0m 0.002s: Train loss: 1.094755 acc: 0.466667 - Test loss: 1.133936 acc: 0.000000
2020-05-03 00:23:30,528:DEBUG:distillation:[76/200]0m 0.002s: Train loss: 1.094740 acc: 0.466667 - Test loss: 1.133335 acc: 0.000000
2020-05-03 00:23:30,531:DEBUG:distillation:[77/200]0m 0.002s: Train loss: 1.094726 acc: 0.455556 - Test loss: 1.132683 acc: 0.000000
2020-05-03 00:23:30,533:DEBUG:distillation:[78/200]0m 0.002s: Train loss: 1.094711 acc: 0.455556 - Test loss: 1.131983 acc: 0.000000
2020-05-03 00:23:30,535:DEBUG:distillation:[79/200]0m 0.002s: Train loss: 1.094696 acc: 0.455556 - Test loss: 1.131238 acc: 0.000000
2020-05-03 00:23:30,537:DEBUG:distillation:[80/200]0m 0.002s: Train loss: 1.094681 acc: 0.466667 - Test loss: 1.130453 acc: 0.000000
2020-05-03 00:23:30,540:DEBUG:distillation:[81/200]0m 0.002s: Train loss: 1.094667 acc: 0.466667 - Test loss: 1.129630 acc: 0.000000
2020-05-03 00:23:30,542:DEBUG:distillation:[82/200]0m 0.002s: Train loss: 1.094652 acc: 0.466667 - Test loss: 1.128774 acc: 0.000000
2020-05-03 00:23:30,544:DEBUG:distillation:[83/200]0m 0.002s: Train loss: 1.094637 acc: 0.466667 - Test loss: 1.127888 acc: 0.000000
2020-05-03 00:23:30,546:DEBUG:distillation:[84/200]0m 0.002s: Train loss: 1.094622 acc: 0.466667 - Test loss: 1.126976 acc: 0.000000
2020-05-03 00:23:30,548:DEBUG:distillation:[85/200]0m 0.002s: Train loss: 1.094607 acc: 0.466667 - Test loss: 1.126040 acc: 0.000000
2020-05-03 00:23:30,551:DEBUG:distillation:[86/200]0m 0.002s: Train loss: 1.094592 acc: 0.466667 - Test loss: 1.125084 acc: 0.000000
2020-05-03 00:23:30,553:DEBUG:distillation:[87/200]0m 0.002s: Train loss: 1.094577 acc: 0.466667 - Test loss: 1.124111 acc: 0.000000
2020-05-03 00:23:30,555:DEBUG:distillation:[88/200]0m 0.002s: Train loss: 1.094563 acc: 0.466667 - Test loss: 1.123124 acc: 0.000000
2020-05-03 00:23:30,557:DEBUG:distillation:[89/200]0m 0.002s: Train loss: 1.094548 acc: 0.466667 - Test loss: 1.122125 acc: 0.000000
2020-05-03 00:23:30,559:DEBUG:distillation:[90/200]0m 0.002s: Train loss: 1.094532 acc: 0.466667 - Test loss: 1.121117 acc: 0.000000
2020-05-03 00:23:30,562:DEBUG:distillation:[91/200]0m 0.002s: Train loss: 1.094518 acc: 0.466667 - Test loss: 1.120102 acc: 0.000000
2020-05-03 00:23:30,564:DEBUG:distillation:[92/200]0m 0.002s: Train loss: 1.094503 acc: 0.466667 - Test loss: 1.119086 acc: 0.000000
2020-05-03 00:23:30,566:DEBUG:distillation:[93/200]0m 0.002s: Train loss: 1.094488 acc: 0.466667 - Test loss: 1.118072 acc: 0.000000
2020-05-03 00:23:30,568:DEBUG:distillation:[94/200]0m 0.002s: Train loss: 1.094473 acc: 0.466667 - Test loss: 1.117060 acc: 0.000000
2020-05-03 00:23:30,570:DEBUG:distillation:[95/200]0m 0.002s: Train loss: 1.094458 acc: 0.466667 - Test loss: 1.116051 acc: 0.000000
2020-05-03 00:23:30,573:DEBUG:distillation:[96/200]0m 0.002s: Train loss: 1.094443 acc: 0.466667 - Test loss: 1.115047 acc: 0.000000
2020-05-03 00:23:30,575:DEBUG:distillation:[97/200]0m 0.002s: Train loss: 1.094428 acc: 0.477778 - Test loss: 1.114049 acc: 0.000000
2020-05-03 00:23:30,577:DEBUG:distillation:[98/200]0m 0.002s: Train loss: 1.094413 acc: 0.477778 - Test loss: 1.113056 acc: 0.000000
2020-05-03 00:23:30,579:DEBUG:distillation:[99/200]0m 0.002s: Train loss: 1.094398 acc: 0.477778 - Test loss: 1.112070 acc: 0.000000
2020-05-03 00:23:30,582:DEBUG:distillation:[100/200]0m 0.002s: Train loss: 1.094383 acc: 0.477778 - Test loss: 1.111090 acc: 0.000000
2020-05-03 00:23:30,584:DEBUG:distillation:[101/200]0m 0.002s: Train loss: 1.094368 acc: 0.477778 - Test loss: 1.110119 acc: 0.000000
2020-05-03 00:23:30,586:DEBUG:distillation:[102/200]0m 0.002s: Train loss: 1.094353 acc: 0.477778 - Test loss: 1.109154 acc: 0.000000
2020-05-03 00:23:30,588:DEBUG:distillation:[103/200]0m 0.002s: Train loss: 1.094338 acc: 0.477778 - Test loss: 1.108198 acc: 0.000000
2020-05-03 00:23:30,591:DEBUG:distillation:[104/200]0m 0.002s: Train loss: 1.094323 acc: 0.477778 - Test loss: 1.107253 acc: 0.000000
2020-05-03 00:23:30,593:DEBUG:distillation:[105/200]0m 0.002s: Train loss: 1.094308 acc: 0.477778 - Test loss: 1.106319 acc: 0.000000
2020-05-03 00:23:30,595:DEBUG:distillation:[106/200]0m 0.002s: Train loss: 1.094293 acc: 0.477778 - Test loss: 1.105396 acc: 0.000000
2020-05-03 00:23:30,597:DEBUG:distillation:[107/200]0m 0.002s: Train loss: 1.094278 acc: 0.477778 - Test loss: 1.104483 acc: 0.000000
2020-05-03 00:23:30,600:DEBUG:distillation:[108/200]0m 0.002s: Train loss: 1.094263 acc: 0.477778 - Test loss: 1.103580 acc: 0.000000
2020-05-03 00:23:30,602:DEBUG:distillation:[109/200]0m 0.002s: Train loss: 1.094248 acc: 0.477778 - Test loss: 1.102685 acc: 0.000000
2020-05-03 00:23:30,604:DEBUG:distillation:[110/200]0m 0.002s: Train loss: 1.094233 acc: 0.477778 - Test loss: 1.101799 acc: 0.000000
2020-05-03 00:23:30,606:DEBUG:distillation:[111/200]0m 0.002s: Train loss: 1.094218 acc: 0.477778 - Test loss: 1.100921 acc: 0.000000
2020-05-03 00:23:30,609:DEBUG:distillation:[112/200]0m 0.002s: Train loss: 1.094203 acc: 0.477778 - Test loss: 1.100049 acc: 0.000000
2020-05-03 00:23:30,611:DEBUG:distillation:[113/200]0m 0.002s: Train loss: 1.094187 acc: 0.477778 - Test loss: 1.099185 acc: 0.000000
2020-05-03 00:23:30,613:DEBUG:distillation:[114/200]0m 0.002s: Train loss: 1.094172 acc: 0.488889 - Test loss: 1.098326 acc: 0.000000
2020-05-03 00:23:30,615:DEBUG:distillation:[115/200]0m 0.002s: Train loss: 1.094157 acc: 0.488889 - Test loss: 1.097473 acc: 0.000000
2020-05-03 00:23:30,618:DEBUG:distillation:[116/200]0m 0.002s: Train loss: 1.094142 acc: 0.488889 - Test loss: 1.096624 acc: 0.000000
2020-05-03 00:23:30,620:DEBUG:distillation:[117/200]0m 0.002s: Train loss: 1.094127 acc: 0.488889 - Test loss: 1.095778 acc: 0.000000
2020-05-03 00:23:30,622:DEBUG:distillation:[118/200]0m 0.002s: Train loss: 1.094112 acc: 0.488889 - Test loss: 1.094937 acc: 0.000000
2020-05-03 00:23:30,624:DEBUG:distillation:[119/200]0m 0.002s: Train loss: 1.094097 acc: 0.488889 - Test loss: 1.094098 acc: 0.000000
2020-05-03 00:23:30,626:DEBUG:distillation:[120/200]0m 0.002s: Train loss: 1.094082 acc: 0.488889 - Test loss: 1.093261 acc: 0.000000
2020-05-03 00:23:30,628:DEBUG:distillation:[121/200]0m 0.002s: Train loss: 1.094067 acc: 0.488889 - Test loss: 1.092427 acc: 0.000000
2020-05-03 00:23:30,631:DEBUG:distillation:[122/200]0m 0.002s: Train loss: 1.094051 acc: 0.500000 - Test loss: 1.091593 acc: 0.000000
2020-05-03 00:23:30,633:DEBUG:distillation:[123/200]0m 0.002s: Train loss: 1.094036 acc: 0.500000 - Test loss: 1.090759 acc: 0.000000
2020-05-03 00:23:30,635:DEBUG:distillation:[124/200]0m 0.002s: Train loss: 1.094021 acc: 0.500000 - Test loss: 1.089926 acc: 0.000000
2020-05-03 00:23:30,637:DEBUG:distillation:[125/200]0m 0.002s: Train loss: 1.094006 acc: 0.500000 - Test loss: 1.089092 acc: 0.000000
2020-05-03 00:23:30,639:DEBUG:distillation:[126/200]0m 0.002s: Train loss: 1.093991 acc: 0.500000 - Test loss: 1.088259 acc: 0.000000
2020-05-03 00:23:30,642:DEBUG:distillation:[127/200]0m 0.002s: Train loss: 1.093976 acc: 0.500000 - Test loss: 1.087424 acc: 0.000000
2020-05-03 00:23:30,644:DEBUG:distillation:[128/200]0m 0.002s: Train loss: 1.093960 acc: 0.500000 - Test loss: 1.086588 acc: 0.000000
2020-05-03 00:23:30,646:DEBUG:distillation:[129/200]0m 0.002s: Train loss: 1.093945 acc: 0.500000 - Test loss: 1.085750 acc: 0.000000
2020-05-03 00:23:30,648:DEBUG:distillation:[130/200]0m 0.002s: Train loss: 1.093930 acc: 0.500000 - Test loss: 1.084911 acc: 0.000000
2020-05-03 00:23:30,650:DEBUG:distillation:[131/200]0m 0.002s: Train loss: 1.093915 acc: 0.500000 - Test loss: 1.084070 acc: 0.000000
2020-05-03 00:23:30,653:DEBUG:distillation:[132/200]0m 0.002s: Train loss: 1.093899 acc: 0.500000 - Test loss: 1.083226 acc: 0.000000
2020-05-03 00:23:30,655:DEBUG:distillation:[133/200]0m 0.002s: Train loss: 1.093884 acc: 0.500000 - Test loss: 1.082380 acc: 0.000000
2020-05-03 00:23:30,657:DEBUG:distillation:[134/200]0m 0.002s: Train loss: 1.093869 acc: 0.500000 - Test loss: 1.081531 acc: 0.000000
2020-05-03 00:23:30,659:DEBUG:distillation:[135/200]0m 0.002s: Train loss: 1.093854 acc: 0.511111 - Test loss: 1.080680 acc: 0.000000
2020-05-03 00:23:30,661:DEBUG:distillation:[136/200]0m 0.002s: Train loss: 1.093839 acc: 0.511111 - Test loss: 1.079825 acc: 0.000000
2020-05-03 00:23:30,664:DEBUG:distillation:[137/200]0m 0.002s: Train loss: 1.093823 acc: 0.511111 - Test loss: 1.078968 acc: 0.000000
2020-05-03 00:23:30,666:DEBUG:distillation:[138/200]0m 0.002s: Train loss: 1.093808 acc: 0.511111 - Test loss: 1.078107 acc: 0.000000
2020-05-03 00:23:30,668:DEBUG:distillation:[139/200]0m 0.002s: Train loss: 1.093793 acc: 0.511111 - Test loss: 1.077244 acc: 0.000000
2020-05-03 00:23:30,670:DEBUG:distillation:[140/200]0m 0.002s: Train loss: 1.093778 acc: 0.511111 - Test loss: 1.076377 acc: 0.000000
2020-05-03 00:23:30,672:DEBUG:distillation:[141/200]0m 0.002s: Train loss: 1.093762 acc: 0.511111 - Test loss: 1.075507 acc: 0.000000
2020-05-03 00:23:30,675:DEBUG:distillation:[142/200]0m 0.002s: Train loss: 1.093747 acc: 0.511111 - Test loss: 1.074634 acc: 0.000000
2020-05-03 00:23:30,677:DEBUG:distillation:[143/200]0m 0.002s: Train loss: 1.093732 acc: 0.511111 - Test loss: 1.073757 acc: 0.000000
2020-05-03 00:23:30,679:DEBUG:distillation:[144/200]0m 0.002s: Train loss: 1.093716 acc: 0.511111 - Test loss: 1.072878 acc: 0.000000
2020-05-03 00:23:30,681:DEBUG:distillation:[145/200]0m 0.002s: Train loss: 1.093701 acc: 0.511111 - Test loss: 1.071995 acc: 0.000000
2020-05-03 00:23:30,684:DEBUG:distillation:[146/200]0m 0.002s: Train loss: 1.093686 acc: 0.511111 - Test loss: 1.071109 acc: 0.000000
2020-05-03 00:23:30,686:DEBUG:distillation:[147/200]0m 0.002s: Train loss: 1.093670 acc: 0.511111 - Test loss: 1.070220 acc: 0.000000
2020-05-03 00:23:30,688:DEBUG:distillation:[148/200]0m 0.002s: Train loss: 1.093655 acc: 0.511111 - Test loss: 1.069328 acc: 0.000000
2020-05-03 00:23:30,690:DEBUG:distillation:[149/200]0m 0.002s: Train loss: 1.093640 acc: 0.511111 - Test loss: 1.068433 acc: 0.000000
2020-05-03 00:23:30,692:DEBUG:distillation:[150/200]0m 0.002s: Train loss: 1.093624 acc: 0.511111 - Test loss: 1.067535 acc: 0.000000
2020-05-03 00:23:30,695:DEBUG:distillation:[151/200]0m 0.002s: Train loss: 1.093609 acc: 0.511111 - Test loss: 1.066634 acc: 0.000000
2020-05-03 00:23:30,697:DEBUG:distillation:[152/200]0m 0.002s: Train loss: 1.093594 acc: 0.511111 - Test loss: 1.065730 acc: 0.000000
2020-05-03 00:23:30,699:DEBUG:distillation:[153/200]0m 0.002s: Train loss: 1.093578 acc: 0.511111 - Test loss: 1.064824 acc: 0.000000
2020-05-03 00:23:30,701:DEBUG:distillation:[154/200]0m 0.002s: Train loss: 1.093563 acc: 0.511111 - Test loss: 1.063915 acc: 0.000000
2020-05-03 00:23:30,703:DEBUG:distillation:[155/200]0m 0.002s: Train loss: 1.093548 acc: 0.511111 - Test loss: 1.063004 acc: 0.000000
2020-05-03 00:23:30,706:DEBUG:distillation:[156/200]0m 0.002s: Train loss: 1.093532 acc: 0.511111 - Test loss: 1.062084 acc: 0.000000
2020-05-03 00:23:30,708:DEBUG:distillation:[157/200]0m 0.002s: Train loss: 1.093517 acc: 0.511111 - Test loss: 1.061161 acc: 0.000000
2020-05-03 00:23:30,710:DEBUG:distillation:[158/200]0m 0.002s: Train loss: 1.093502 acc: 0.511111 - Test loss: 1.060237 acc: 0.000000
2020-05-03 00:23:30,712:DEBUG:distillation:[159/200]0m 0.002s: Train loss: 1.093486 acc: 0.522222 - Test loss: 1.059310 acc: 0.000000
2020-05-03 00:23:30,714:DEBUG:distillation:[160/200]0m 0.002s: Train loss: 1.093471 acc: 0.522222 - Test loss: 1.058381 acc: 0.000000
2020-05-03 00:23:30,717:DEBUG:distillation:[161/200]0m 0.002s: Train loss: 1.093456 acc: 0.522222 - Test loss: 1.057450 acc: 0.000000
2020-05-03 00:23:30,719:DEBUG:distillation:[162/200]0m 0.002s: Train loss: 1.093440 acc: 0.522222 - Test loss: 1.056511 acc: 0.000000
2020-05-03 00:23:30,721:DEBUG:distillation:[163/200]0m 0.002s: Train loss: 1.093425 acc: 0.522222 - Test loss: 1.055568 acc: 0.000000
2020-05-03 00:23:30,723:DEBUG:distillation:[164/200]0m 0.002s: Train loss: 1.093410 acc: 0.522222 - Test loss: 1.054616 acc: 0.000000
2020-05-03 00:23:30,725:DEBUG:distillation:[165/200]0m 0.002s: Train loss: 1.093394 acc: 0.522222 - Test loss: 1.053662 acc: 0.000000
2020-05-03 00:23:30,728:DEBUG:distillation:[166/200]0m 0.002s: Train loss: 1.093379 acc: 0.522222 - Test loss: 1.052704 acc: 0.000000
2020-05-03 00:23:30,730:DEBUG:distillation:[167/200]0m 0.002s: Train loss: 1.093363 acc: 0.522222 - Test loss: 1.051739 acc: 0.000000
2020-05-03 00:23:30,732:DEBUG:distillation:[168/200]0m 0.002s: Train loss: 1.093348 acc: 0.522222 - Test loss: 1.050767 acc: 0.000000
2020-05-03 00:23:30,734:DEBUG:distillation:[169/200]0m 0.002s: Train loss: 1.093333 acc: 0.522222 - Test loss: 1.049792 acc: 0.000000
2020-05-03 00:23:30,737:DEBUG:distillation:[170/200]0m 0.002s: Train loss: 1.093317 acc: 0.522222 - Test loss: 1.048814 acc: 0.000000
2020-05-03 00:23:30,739:DEBUG:distillation:[171/200]0m 0.002s: Train loss: 1.093302 acc: 0.522222 - Test loss: 1.047836 acc: 0.000000
2020-05-03 00:23:30,741:DEBUG:distillation:[172/200]0m 0.002s: Train loss: 1.093286 acc: 0.522222 - Test loss: 1.046855 acc: 0.000000
2020-05-03 00:23:30,743:DEBUG:distillation:[173/200]0m 0.002s: Train loss: 1.093271 acc: 0.522222 - Test loss: 1.045874 acc: 0.000000
2020-05-03 00:23:30,746:DEBUG:distillation:[174/200]0m 0.002s: Train loss: 1.093256 acc: 0.522222 - Test loss: 1.044891 acc: 0.000000
2020-05-03 00:23:30,748:DEBUG:distillation:[175/200]0m 0.002s: Train loss: 1.093240 acc: 0.522222 - Test loss: 1.043907 acc: 0.000000
2020-05-03 00:23:30,750:DEBUG:distillation:[176/200]0m 0.002s: Train loss: 1.093225 acc: 0.522222 - Test loss: 1.042920 acc: 0.000000
2020-05-03 00:23:30,752:DEBUG:distillation:[177/200]0m 0.002s: Train loss: 1.093210 acc: 0.522222 - Test loss: 1.041926 acc: 0.000000
2020-05-03 00:23:30,754:DEBUG:distillation:[178/200]0m 0.002s: Train loss: 1.093194 acc: 0.522222 - Test loss: 1.040930 acc: 0.000000
2020-05-03 00:23:30,756:DEBUG:distillation:[179/200]0m 0.002s: Train loss: 1.093179 acc: 0.522222 - Test loss: 1.039933 acc: 0.000000
2020-05-03 00:23:30,759:DEBUG:distillation:[180/200]0m 0.002s: Train loss: 1.093163 acc: 0.522222 - Test loss: 1.038930 acc: 0.000000
2020-05-03 00:23:30,761:DEBUG:distillation:[181/200]0m 0.002s: Train loss: 1.093148 acc: 0.522222 - Test loss: 1.037924 acc: 0.000000
2020-05-03 00:23:30,763:DEBUG:distillation:[182/200]0m 0.002s: Train loss: 1.093132 acc: 0.522222 - Test loss: 1.036916 acc: 0.000000
2020-05-03 00:23:30,765:DEBUG:distillation:[183/200]0m 0.002s: Train loss: 1.093117 acc: 0.522222 - Test loss: 1.035895 acc: 0.000000
2020-05-03 00:23:30,767:DEBUG:distillation:[184/200]0m 0.002s: Train loss: 1.093102 acc: 0.522222 - Test loss: 1.034871 acc: 0.000000
2020-05-03 00:23:30,769:DEBUG:distillation:[185/200]0m 0.002s: Train loss: 1.093086 acc: 0.522222 - Test loss: 1.033846 acc: 0.000000
2020-05-03 00:23:30,772:DEBUG:distillation:[186/200]0m 0.002s: Train loss: 1.093071 acc: 0.522222 - Test loss: 1.032820 acc: 0.000000
2020-05-03 00:23:30,774:DEBUG:distillation:[187/200]0m 0.002s: Train loss: 1.093056 acc: 0.522222 - Test loss: 1.031793 acc: 0.000000
2020-05-03 00:23:30,776:DEBUG:distillation:[188/200]0m 0.002s: Train loss: 1.093040 acc: 0.522222 - Test loss: 1.030765 acc: 0.000000
2020-05-03 00:23:30,778:DEBUG:distillation:[189/200]0m 0.002s: Train loss: 1.093025 acc: 0.522222 - Test loss: 1.029735 acc: 0.000000
2020-05-03 00:23:30,780:DEBUG:distillation:[190/200]0m 0.002s: Train loss: 1.093010 acc: 0.522222 - Test loss: 1.028705 acc: 0.000000
2020-05-03 00:23:30,783:DEBUG:distillation:[191/200]0m 0.002s: Train loss: 1.092995 acc: 0.522222 - Test loss: 1.027674 acc: 0.000000
2020-05-03 00:23:30,785:DEBUG:distillation:[192/200]0m 0.002s: Train loss: 1.092979 acc: 0.522222 - Test loss: 1.026637 acc: 0.000000
2020-05-03 00:23:30,787:DEBUG:distillation:[193/200]0m 0.002s: Train loss: 1.092964 acc: 0.522222 - Test loss: 1.025595 acc: 0.000000
2020-05-03 00:23:30,789:DEBUG:distillation:[194/200]0m 0.002s: Train loss: 1.092949 acc: 0.522222 - Test loss: 1.024553 acc: 0.000000
2020-05-03 00:23:30,791:DEBUG:distillation:[195/200]0m 0.002s: Train loss: 1.092933 acc: 0.522222 - Test loss: 1.023509 acc: 0.000000
2020-05-03 00:23:30,794:DEBUG:distillation:[196/200]0m 0.002s: Train loss: 1.092918 acc: 0.522222 - Test loss: 1.022465 acc: 0.000000
2020-05-03 00:23:30,796:DEBUG:distillation:[197/200]0m 0.002s: Train loss: 1.092903 acc: 0.522222 - Test loss: 1.021419 acc: 0.000000
2020-05-03 00:23:30,798:DEBUG:distillation:[198/200]0m 0.002s: Train loss: 1.092887 acc: 0.522222 - Test loss: 1.020372 acc: 0.000000
2020-05-03 00:23:30,800:DEBUG:distillation:[199/200]0m 0.002s: Train loss: 1.092872 acc: 0.533333 - Test loss: 1.019323 acc: 0.000000
2020-05-03 00:23:30,802:DEBUG:distillation:[200/200]0m 0.002s: Train loss: 1.092857 acc: 0.533333 - Test loss: 1.018264 acc: 0.000000
2020-05-03 00:23:30,803:INFO:model_container_pt:Saved model to save/distill_IrisNN_Iris_t20_e200.pt
2020-05-03 00:23:30,806:DEBUG:defend_distill:Load save/IrisNN_Iris_FGSM_x.npy...
2020-05-03 00:23:30,807:INFO:defend_distill:Accuracy on clean set - OG: 1.000000, Distill: 0.550000
2020-05-03 00:23:30,808:INFO:defend_distill:Blocked 27/60 samples on clean
2020-05-03 00:23:30,808:DEBUG:defend_distill:Load save/IrisNN_Iris_FGSM_adv.npy...
2020-05-03 00:23:30,809:INFO:defend_distill:Accuracy on FGSM set - OG: 0.250000, Distill: 0.183333
2020-05-03 00:23:30,810:INFO:defend_distill:Blocked 26/60 samples on FGSM
2020-05-03 00:23:30,810:DEBUG:defend_distill:Load save/IrisNN_Iris_BIM_adv.npy...
2020-05-03 00:23:30,812:INFO:defend_distill:Accuracy on BIM set - OG: 0.016667, Distill: 0.066667
2020-05-03 00:23:30,813:INFO:defend_distill:Blocked 3/60 samples on BIM
2020-05-03 00:23:30,813:DEBUG:defend_distill:Load save/IrisNN_Iris_DeepFool_adv.npy...
2020-05-03 00:23:30,814:INFO:defend_distill:Accuracy on DeepFool set - OG: 0.466667, Distill: 0.333333
2020-05-03 00:23:30,815:INFO:defend_distill:Blocked 32/60 samples on DeepFool
2020-05-03 00:23:30,815:DEBUG:defend_distill:Load save/IrisNN_Iris_Carlini_adv.npy...
2020-05-03 00:23:30,816:INFO:defend_distill:Accuracy on Carlini set - OG: 0.366667, Distill: 0.300000
2020-05-03 00:23:30,817:INFO:defend_distill:Blocked 37/60 samples on Carlini
