2020-05-02 22:40:35,760:INFO:defend_distill:Start at    : 20200502224035
2020-05-02 22:40:35,760:INFO:defend_distill:RECEIVED PARAMETERS:
2020-05-02 22:40:35,760:INFO:defend_distill:model file  :./save/IrisNN_WheatSeed_e300.pt
2020-05-02 22:40:35,760:INFO:defend_distill:model       :IrisNN
2020-05-02 22:40:35,760:INFO:defend_distill:dataset     :WheatSeed
2020-05-02 22:40:35,760:INFO:defend_distill:max_epochs  :300
2020-05-02 22:40:35,761:INFO:defend_distill:temperature :20
2020-05-02 22:40:35,761:INFO:defend_distill:batch_size  :128
2020-05-02 22:40:35,761:INFO:defend_distill:seed        :4096
2020-05-02 22:40:35,761:INFO:defend_distill:verbose     :True
2020-05-02 22:40:35,761:INFO:defend_distill:save_log    :True
2020-05-02 22:40:35,761:INFO:defend_distill:need train  :True
2020-05-02 22:40:35,761:INFO:defend_distill:pretrained  :distill_IrisNN_WheatSeed_t20_e300.pt
2020-05-02 22:40:35,761:INFO:defend_distill:attacks     :clean, FGSM, BIM, DeepFool, Carlini
2020-05-02 22:40:35,761:DEBUG:utils:Setting random seed for PyTorch.
2020-05-02 22:40:35,783:DEBUG:utils:/home/lukec/workspace/aad/aad/../data
2020-05-02 22:40:35,783:DEBUG:data_container:Reading file /home/lukec/workspace/aad/aad/../data/seeds_dataset.txt
2020-05-02 22:40:35,796:INFO:data_container:Train size: 168 - Test size: 42
2020-05-02 22:40:35,796:INFO:data_container:Successfully load data. Time to complete: 0m 0.013s
2020-05-02 22:40:37,489:DEBUG:model_container_pt:Using device: cuda
2020-05-02 22:40:37,497:INFO:model_container_pt:Loaded model from ./save/IrisNN_WheatSeed_e300.pt
2020-05-02 22:40:37,518:INFO:defend_distill:Accuracy on test set: 0.904762
2020-05-02 22:40:37,519:DEBUG:distillation:Test set accuracy on pre-trained model: 0.904762
2020-05-02 22:40:37,522:DEBUG:distillation:Accuracy of smooth labels: 0.922619
2020-05-02 22:40:37,522:DEBUG:utils:/home/lukec/workspace/aad/aad/../data
2020-05-02 22:40:37,522:DEBUG:data_container:Reading file /home/lukec/workspace/aad/aad/../data/seeds_dataset.txt
2020-05-02 22:40:37,525:INFO:data_container:Train size: 168 - Test size: 42
2020-05-02 22:40:37,525:INFO:data_container:Successfully load data. Time to complete: 0m 0.003s
2020-05-02 22:40:37,525:DEBUG:model_container_pt:Using device: cuda
2020-05-02 22:40:37,526:DEBUG:distillation:Train set accuracy on distillation model: 0.339286
2020-05-02 22:40:37,527:DEBUG:distillation:Test set accuracy on distillation model: 0.000000
2020-05-02 22:40:37,531:DEBUG:distillation:[1/300]0m 0.004s: Train loss: 1.113932 acc: 0.339286 - Test loss: 0.845299 acc: 0.000000
2020-05-02 22:40:37,537:DEBUG:distillation:[2/300]0m 0.005s: Train loss: 1.112963 acc: 0.339286 - Test loss: 0.877247 acc: 0.000000
2020-05-02 22:40:37,540:DEBUG:distillation:[3/300]0m 0.003s: Train loss: 1.111162 acc: 0.339286 - Test loss: 0.925091 acc: 0.000000
2020-05-02 22:40:37,544:DEBUG:distillation:[4/300]0m 0.003s: Train loss: 1.108860 acc: 0.339286 - Test loss: 0.986783 acc: 0.000000
2020-05-02 22:40:37,548:DEBUG:distillation:[5/300]0m 0.003s: Train loss: 1.106184 acc: 0.339286 - Test loss: 1.060865 acc: 0.000000
2020-05-02 22:40:37,554:DEBUG:distillation:[6/300]0m 0.006s: Train loss: 1.103618 acc: 0.339286 - Test loss: 1.147666 acc: 0.000000
2020-05-02 22:40:37,558:DEBUG:distillation:[7/300]0m 0.004s: Train loss: 1.101084 acc: 0.339286 - Test loss: 1.244920 acc: 0.000000
2020-05-02 22:40:37,563:DEBUG:distillation:[8/300]0m 0.005s: Train loss: 1.098857 acc: 0.339286 - Test loss: 1.351754 acc: 0.000000
2020-05-02 22:40:37,570:DEBUG:distillation:[9/300]0m 0.006s: Train loss: 1.096816 acc: 0.339286 - Test loss: 1.466290 acc: 0.000000
2020-05-02 22:40:37,573:DEBUG:distillation:[10/300]0m 0.003s: Train loss: 1.095197 acc: 0.339286 - Test loss: 1.588556 acc: 0.000000
2020-05-02 22:40:37,577:DEBUG:distillation:[11/300]0m 0.003s: Train loss: 1.093984 acc: 0.339286 - Test loss: 1.713693 acc: 0.000000
2020-05-02 22:40:37,580:DEBUG:distillation:[12/300]0m 0.003s: Train loss: 1.092834 acc: 0.339286 - Test loss: 1.836156 acc: 0.000000
2020-05-02 22:40:37,586:DEBUG:distillation:[13/300]0m 0.005s: Train loss: 1.091977 acc: 0.339286 - Test loss: 1.959683 acc: 0.000000
2020-05-02 22:40:37,590:DEBUG:distillation:[14/300]0m 0.003s: Train loss: 1.091466 acc: 0.339286 - Test loss: 2.083731 acc: 0.000000
2020-05-02 22:40:37,593:DEBUG:distillation:[15/300]0m 0.003s: Train loss: 1.090996 acc: 0.351190 - Test loss: 2.202075 acc: 0.000000
2020-05-02 22:40:37,597:DEBUG:distillation:[16/300]0m 0.003s: Train loss: 1.090678 acc: 0.428571 - Test loss: 2.314313 acc: 0.000000
2020-05-02 22:40:37,603:DEBUG:distillation:[17/300]0m 0.006s: Train loss: 1.090449 acc: 0.500000 - Test loss: 2.418787 acc: 0.000000
2020-05-02 22:40:37,606:DEBUG:distillation:[18/300]0m 0.003s: Train loss: 1.090286 acc: 0.559524 - Test loss: 2.513752 acc: 0.000000
2020-05-02 22:40:37,610:DEBUG:distillation:[19/300]0m 0.003s: Train loss: 1.090099 acc: 0.583333 - Test loss: 2.599851 acc: 0.000000
2020-05-02 22:40:37,613:DEBUG:distillation:[20/300]0m 0.003s: Train loss: 1.089975 acc: 0.595238 - Test loss: 2.678876 acc: 0.000000
2020-05-02 22:40:37,620:DEBUG:distillation:[21/300]0m 0.006s: Train loss: 1.089810 acc: 0.607143 - Test loss: 2.747778 acc: 0.000000
2020-05-02 22:40:37,623:DEBUG:distillation:[22/300]0m 0.003s: Train loss: 1.089644 acc: 0.607143 - Test loss: 2.811909 acc: 0.000000
2020-05-02 22:40:37,627:DEBUG:distillation:[23/300]0m 0.003s: Train loss: 1.089487 acc: 0.607143 - Test loss: 2.872716 acc: 0.000000
2020-05-02 22:40:37,630:DEBUG:distillation:[24/300]0m 0.003s: Train loss: 1.089310 acc: 0.607143 - Test loss: 2.925396 acc: 0.000000
2020-05-02 22:40:37,637:DEBUG:distillation:[25/300]0m 0.007s: Train loss: 1.089123 acc: 0.607143 - Test loss: 2.973712 acc: 0.000000
2020-05-02 22:40:37,641:DEBUG:distillation:[26/300]0m 0.003s: Train loss: 1.088928 acc: 0.601190 - Test loss: 3.021645 acc: 0.000000
2020-05-02 22:40:37,645:DEBUG:distillation:[27/300]0m 0.003s: Train loss: 1.088736 acc: 0.601190 - Test loss: 3.068885 acc: 0.000000
2020-05-02 22:40:37,649:DEBUG:distillation:[28/300]0m 0.004s: Train loss: 1.088543 acc: 0.583333 - Test loss: 3.115007 acc: 0.000000
2020-05-02 22:40:37,654:DEBUG:distillation:[29/300]0m 0.005s: Train loss: 1.088339 acc: 0.571429 - Test loss: 3.164216 acc: 0.000000
2020-05-02 22:40:37,658:DEBUG:distillation:[30/300]0m 0.003s: Train loss: 1.088146 acc: 0.565476 - Test loss: 3.212193 acc: 0.000000
2020-05-02 22:40:37,662:DEBUG:distillation:[31/300]0m 0.003s: Train loss: 1.087957 acc: 0.565476 - Test loss: 3.260656 acc: 0.000000
2020-05-02 22:40:37,667:DEBUG:distillation:[32/300]0m 0.005s: Train loss: 1.087754 acc: 0.559524 - Test loss: 3.310699 acc: 0.000000
2020-05-02 22:40:37,671:DEBUG:distillation:[33/300]0m 0.004s: Train loss: 1.087560 acc: 0.559524 - Test loss: 3.357490 acc: 0.000000
2020-05-02 22:40:37,675:DEBUG:distillation:[34/300]0m 0.003s: Train loss: 1.087363 acc: 0.559524 - Test loss: 3.401420 acc: 0.000000
2020-05-02 22:40:37,678:DEBUG:distillation:[35/300]0m 0.003s: Train loss: 1.087168 acc: 0.559524 - Test loss: 3.448013 acc: 0.000000
2020-05-02 22:40:37,684:DEBUG:distillation:[36/300]0m 0.005s: Train loss: 1.086972 acc: 0.559524 - Test loss: 3.497089 acc: 0.000000
2020-05-02 22:40:37,688:DEBUG:distillation:[37/300]0m 0.004s: Train loss: 1.086774 acc: 0.559524 - Test loss: 3.548980 acc: 0.000000
2020-05-02 22:40:37,692:DEBUG:distillation:[38/300]0m 0.003s: Train loss: 1.086582 acc: 0.559524 - Test loss: 3.600825 acc: 0.000000
2020-05-02 22:40:37,696:DEBUG:distillation:[39/300]0m 0.003s: Train loss: 1.086388 acc: 0.559524 - Test loss: 3.652028 acc: 0.000000
2020-05-02 22:40:37,700:DEBUG:distillation:[40/300]0m 0.004s: Train loss: 1.086201 acc: 0.559524 - Test loss: 3.702867 acc: 0.000000
2020-05-02 22:40:37,705:DEBUG:distillation:[41/300]0m 0.004s: Train loss: 1.086009 acc: 0.559524 - Test loss: 3.755828 acc: 0.000000
2020-05-02 22:40:37,708:DEBUG:distillation:[42/300]0m 0.003s: Train loss: 1.085821 acc: 0.565476 - Test loss: 3.808805 acc: 0.000000
2020-05-02 22:40:37,712:DEBUG:distillation:[43/300]0m 0.003s: Train loss: 1.085634 acc: 0.565476 - Test loss: 3.865099 acc: 0.000000
2020-05-02 22:40:37,716:DEBUG:distillation:[44/300]0m 0.004s: Train loss: 1.085446 acc: 0.565476 - Test loss: 3.920267 acc: 0.000000
2020-05-02 22:40:37,720:DEBUG:distillation:[45/300]0m 0.003s: Train loss: 1.085263 acc: 0.565476 - Test loss: 3.974215 acc: 0.000000
2020-05-02 22:40:37,723:DEBUG:distillation:[46/300]0m 0.003s: Train loss: 1.085082 acc: 0.565476 - Test loss: 4.027433 acc: 0.000000
2020-05-02 22:40:37,727:DEBUG:distillation:[47/300]0m 0.003s: Train loss: 1.084905 acc: 0.565476 - Test loss: 4.083711 acc: 0.000000
2020-05-02 22:40:37,730:DEBUG:distillation:[48/300]0m 0.003s: Train loss: 1.084714 acc: 0.565476 - Test loss: 4.146168 acc: 0.000000
2020-05-02 22:40:37,735:DEBUG:distillation:[49/300]0m 0.004s: Train loss: 1.084536 acc: 0.571429 - Test loss: 4.209528 acc: 0.000000
2020-05-02 22:40:37,739:DEBUG:distillation:[50/300]0m 0.003s: Train loss: 1.084350 acc: 0.571429 - Test loss: 4.271750 acc: 0.000000
2020-05-02 22:40:37,742:DEBUG:distillation:[51/300]0m 0.003s: Train loss: 1.084162 acc: 0.571429 - Test loss: 4.335316 acc: 0.000000
2020-05-02 22:40:37,746:DEBUG:distillation:[52/300]0m 0.003s: Train loss: 1.083985 acc: 0.571429 - Test loss: 4.401976 acc: 0.000000
2020-05-02 22:40:37,750:DEBUG:distillation:[53/300]0m 0.003s: Train loss: 1.083792 acc: 0.571429 - Test loss: 4.465662 acc: 0.000000
2020-05-02 22:40:37,753:DEBUG:distillation:[54/300]0m 0.003s: Train loss: 1.083613 acc: 0.571429 - Test loss: 4.533491 acc: 0.000000
2020-05-02 22:40:37,757:DEBUG:distillation:[55/300]0m 0.003s: Train loss: 1.083428 acc: 0.571429 - Test loss: 4.607090 acc: 0.000000
2020-05-02 22:40:37,760:DEBUG:distillation:[56/300]0m 0.003s: Train loss: 1.083239 acc: 0.571429 - Test loss: 4.683691 acc: 0.000000
2020-05-02 22:40:37,764:DEBUG:distillation:[57/300]0m 0.003s: Train loss: 1.083057 acc: 0.583333 - Test loss: 4.759815 acc: 0.000000
2020-05-02 22:40:37,769:DEBUG:distillation:[58/300]0m 0.005s: Train loss: 1.082873 acc: 0.583333 - Test loss: 4.836811 acc: 0.000000
2020-05-02 22:40:37,773:DEBUG:distillation:[59/300]0m 0.003s: Train loss: 1.082691 acc: 0.589286 - Test loss: 4.914967 acc: 0.000000
2020-05-02 22:40:37,776:DEBUG:distillation:[60/300]0m 0.003s: Train loss: 1.082506 acc: 0.595238 - Test loss: 4.992986 acc: 0.000000
2020-05-02 22:40:37,780:DEBUG:distillation:[61/300]0m 0.003s: Train loss: 1.082332 acc: 0.595238 - Test loss: 5.071620 acc: 0.000000
2020-05-02 22:40:37,785:DEBUG:distillation:[62/300]0m 0.005s: Train loss: 1.082157 acc: 0.595238 - Test loss: 5.144760 acc: 0.000000
2020-05-02 22:40:37,789:DEBUG:distillation:[63/300]0m 0.003s: Train loss: 1.081973 acc: 0.601190 - Test loss: 5.211248 acc: 0.000000
2020-05-02 22:40:37,793:DEBUG:distillation:[64/300]0m 0.004s: Train loss: 1.081803 acc: 0.601190 - Test loss: 5.276723 acc: 0.000000
2020-05-02 22:40:37,796:DEBUG:distillation:[65/300]0m 0.003s: Train loss: 1.081618 acc: 0.601190 - Test loss: 5.338712 acc: 0.000000
2020-05-02 22:40:37,802:DEBUG:distillation:[66/300]0m 0.005s: Train loss: 1.081445 acc: 0.601190 - Test loss: 5.403810 acc: 0.000000
2020-05-02 22:40:37,806:DEBUG:distillation:[67/300]0m 0.003s: Train loss: 1.081267 acc: 0.601190 - Test loss: 5.471602 acc: 0.000000
2020-05-02 22:40:37,809:DEBUG:distillation:[68/300]0m 0.003s: Train loss: 1.081092 acc: 0.601190 - Test loss: 5.542942 acc: 0.000000
2020-05-02 22:40:37,813:DEBUG:distillation:[69/300]0m 0.003s: Train loss: 1.080912 acc: 0.601190 - Test loss: 5.621775 acc: 0.000000
2020-05-02 22:40:37,817:DEBUG:distillation:[70/300]0m 0.004s: Train loss: 1.080743 acc: 0.601190 - Test loss: 5.702122 acc: 0.000000
2020-05-02 22:40:37,821:DEBUG:distillation:[71/300]0m 0.004s: Train loss: 1.080563 acc: 0.607143 - Test loss: 5.772553 acc: 0.000000
2020-05-02 22:40:37,825:DEBUG:distillation:[72/300]0m 0.004s: Train loss: 1.080383 acc: 0.607143 - Test loss: 5.837409 acc: 0.000000
2020-05-02 22:40:37,829:DEBUG:distillation:[73/300]0m 0.003s: Train loss: 1.080215 acc: 0.607143 - Test loss: 5.902887 acc: 0.000000
2020-05-02 22:40:37,833:DEBUG:distillation:[74/300]0m 0.004s: Train loss: 1.080035 acc: 0.607143 - Test loss: 5.967670 acc: 0.000000
2020-05-02 22:40:37,837:DEBUG:distillation:[75/300]0m 0.004s: Train loss: 1.079864 acc: 0.607143 - Test loss: 6.032925 acc: 0.000000
2020-05-02 22:40:37,841:DEBUG:distillation:[76/300]0m 0.003s: Train loss: 1.079691 acc: 0.607143 - Test loss: 6.102004 acc: 0.000000
2020-05-02 22:40:37,845:DEBUG:distillation:[77/300]0m 0.003s: Train loss: 1.079516 acc: 0.607143 - Test loss: 6.168265 acc: 0.000000
2020-05-02 22:40:37,848:DEBUG:distillation:[78/300]0m 0.003s: Train loss: 1.079346 acc: 0.607143 - Test loss: 6.237728 acc: 0.000000
2020-05-02 22:40:37,852:DEBUG:distillation:[79/300]0m 0.004s: Train loss: 1.079173 acc: 0.607143 - Test loss: 6.306742 acc: 0.000000
2020-05-02 22:40:37,856:DEBUG:distillation:[80/300]0m 0.003s: Train loss: 1.079002 acc: 0.607143 - Test loss: 6.378755 acc: 0.000000
2020-05-02 22:40:37,860:DEBUG:distillation:[81/300]0m 0.003s: Train loss: 1.078833 acc: 0.607143 - Test loss: 6.449772 acc: 0.000000
2020-05-02 22:40:37,863:DEBUG:distillation:[82/300]0m 0.003s: Train loss: 1.078659 acc: 0.607143 - Test loss: 6.527519 acc: 0.000000
2020-05-02 22:40:37,868:DEBUG:distillation:[83/300]0m 0.004s: Train loss: 1.078492 acc: 0.607143 - Test loss: 6.613487 acc: 0.000000
2020-05-02 22:40:37,872:DEBUG:distillation:[84/300]0m 0.003s: Train loss: 1.078319 acc: 0.613095 - Test loss: 6.705362 acc: 0.000000
2020-05-02 22:40:37,875:DEBUG:distillation:[85/300]0m 0.003s: Train loss: 1.078152 acc: 0.613095 - Test loss: 6.796915 acc: 0.000000
2020-05-02 22:40:37,879:DEBUG:distillation:[86/300]0m 0.003s: Train loss: 1.077983 acc: 0.613095 - Test loss: 6.890450 acc: 0.000000
2020-05-02 22:40:37,883:DEBUG:distillation:[87/300]0m 0.004s: Train loss: 1.077821 acc: 0.613095 - Test loss: 6.991015 acc: 0.000000
2020-05-02 22:40:37,887:DEBUG:distillation:[88/300]0m 0.004s: Train loss: 1.077660 acc: 0.613095 - Test loss: 7.086126 acc: 0.000000
2020-05-02 22:40:37,890:DEBUG:distillation:[89/300]0m 0.003s: Train loss: 1.077499 acc: 0.613095 - Test loss: 7.175244 acc: 0.000000
2020-05-02 22:40:37,894:DEBUG:distillation:[90/300]0m 0.003s: Train loss: 1.077341 acc: 0.613095 - Test loss: 7.257975 acc: 0.000000
2020-05-02 22:40:37,897:DEBUG:distillation:[91/300]0m 0.003s: Train loss: 1.077187 acc: 0.613095 - Test loss: 7.336911 acc: 0.000000
2020-05-02 22:40:37,903:DEBUG:distillation:[92/300]0m 0.005s: Train loss: 1.077030 acc: 0.613095 - Test loss: 7.411845 acc: 0.000000
2020-05-02 22:40:37,906:DEBUG:distillation:[93/300]0m 0.003s: Train loss: 1.076875 acc: 0.613095 - Test loss: 7.486803 acc: 0.000000
2020-05-02 22:40:37,910:DEBUG:distillation:[94/300]0m 0.003s: Train loss: 1.076724 acc: 0.613095 - Test loss: 7.560868 acc: 0.000000
2020-05-02 22:40:37,914:DEBUG:distillation:[95/300]0m 0.003s: Train loss: 1.076570 acc: 0.613095 - Test loss: 7.629733 acc: 0.000000
2020-05-02 22:40:37,920:DEBUG:distillation:[96/300]0m 0.005s: Train loss: 1.076421 acc: 0.613095 - Test loss: 7.694909 acc: 0.000000
2020-05-02 22:40:37,923:DEBUG:distillation:[97/300]0m 0.003s: Train loss: 1.076272 acc: 0.613095 - Test loss: 7.761854 acc: 0.000000
2020-05-02 22:40:37,927:DEBUG:distillation:[98/300]0m 0.003s: Train loss: 1.076122 acc: 0.630952 - Test loss: 7.831549 acc: 0.000000
2020-05-02 22:40:37,931:DEBUG:distillation:[99/300]0m 0.003s: Train loss: 1.075976 acc: 0.636905 - Test loss: 7.904305 acc: 0.000000
2020-05-02 22:40:37,935:DEBUG:distillation:[100/300]0m 0.004s: Train loss: 1.075831 acc: 0.642857 - Test loss: 7.978791 acc: 0.000000
2020-05-02 22:40:37,939:DEBUG:distillation:[101/300]0m 0.003s: Train loss: 1.075689 acc: 0.648810 - Test loss: 8.056557 acc: 0.000000
2020-05-02 22:40:37,942:DEBUG:distillation:[102/300]0m 0.003s: Train loss: 1.075545 acc: 0.654762 - Test loss: 8.129981 acc: 0.000000
2020-05-02 22:40:37,946:DEBUG:distillation:[103/300]0m 0.003s: Train loss: 1.075399 acc: 0.654762 - Test loss: 8.204271 acc: 0.000000
2020-05-02 22:40:37,950:DEBUG:distillation:[104/300]0m 0.005s: Train loss: 1.075264 acc: 0.654762 - Test loss: 8.281771 acc: 0.000000
2020-05-02 22:40:37,955:DEBUG:distillation:[105/300]0m 0.004s: Train loss: 1.075124 acc: 0.660714 - Test loss: 8.351610 acc: 0.000000
2020-05-02 22:40:37,958:DEBUG:distillation:[106/300]0m 0.003s: Train loss: 1.074989 acc: 0.678571 - Test loss: 8.413262 acc: 0.000000
2020-05-02 22:40:37,962:DEBUG:distillation:[107/300]0m 0.003s: Train loss: 1.074856 acc: 0.678571 - Test loss: 8.478685 acc: 0.000000
2020-05-02 22:40:37,966:DEBUG:distillation:[108/300]0m 0.004s: Train loss: 1.074722 acc: 0.696429 - Test loss: 8.553544 acc: 0.000000
2020-05-02 22:40:37,971:DEBUG:distillation:[109/300]0m 0.004s: Train loss: 1.074590 acc: 0.708333 - Test loss: 8.634494 acc: 0.000000
2020-05-02 22:40:37,974:DEBUG:distillation:[110/300]0m 0.003s: Train loss: 1.074460 acc: 0.720238 - Test loss: 8.716566 acc: 0.000000
2020-05-02 22:40:37,978:DEBUG:distillation:[111/300]0m 0.003s: Train loss: 1.074327 acc: 0.720238 - Test loss: 8.803117 acc: 0.000000
2020-05-02 22:40:37,982:DEBUG:distillation:[112/300]0m 0.004s: Train loss: 1.074200 acc: 0.708333 - Test loss: 8.893425 acc: 0.000000
2020-05-02 22:40:37,986:DEBUG:distillation:[113/300]0m 0.004s: Train loss: 1.074072 acc: 0.714286 - Test loss: 8.985645 acc: 0.000000
2020-05-02 22:40:37,990:DEBUG:distillation:[114/300]0m 0.003s: Train loss: 1.073945 acc: 0.726190 - Test loss: 9.076127 acc: 0.000000
2020-05-02 22:40:37,993:DEBUG:distillation:[115/300]0m 0.003s: Train loss: 1.073821 acc: 0.738095 - Test loss: 9.169695 acc: 0.000000
2020-05-02 22:40:37,997:DEBUG:distillation:[116/300]0m 0.003s: Train loss: 1.073704 acc: 0.744048 - Test loss: 9.260843 acc: 0.000000
2020-05-02 22:40:38,002:DEBUG:distillation:[117/300]0m 0.004s: Train loss: 1.073585 acc: 0.744048 - Test loss: 9.343443 acc: 0.000000
2020-05-02 22:40:38,006:DEBUG:distillation:[118/300]0m 0.004s: Train loss: 1.073464 acc: 0.750000 - Test loss: 9.421702 acc: 0.000000
2020-05-02 22:40:38,009:DEBUG:distillation:[119/300]0m 0.003s: Train loss: 1.073349 acc: 0.755952 - Test loss: 9.494370 acc: 0.000000
2020-05-02 22:40:38,013:DEBUG:distillation:[120/300]0m 0.003s: Train loss: 1.073233 acc: 0.755952 - Test loss: 9.563465 acc: 0.000000
2020-05-02 22:40:38,018:DEBUG:distillation:[121/300]0m 0.005s: Train loss: 1.073120 acc: 0.761905 - Test loss: 9.634017 acc: 0.000000
2020-05-02 22:40:38,022:DEBUG:distillation:[122/300]0m 0.003s: Train loss: 1.073008 acc: 0.773810 - Test loss: 9.700096 acc: 0.000000
2020-05-02 22:40:38,026:DEBUG:distillation:[123/300]0m 0.003s: Train loss: 1.072896 acc: 0.779762 - Test loss: 9.763555 acc: 0.000000
2020-05-02 22:40:38,029:DEBUG:distillation:[124/300]0m 0.003s: Train loss: 1.072788 acc: 0.779762 - Test loss: 9.827650 acc: 0.000000
2020-05-02 22:40:38,034:DEBUG:distillation:[125/300]0m 0.004s: Train loss: 1.072683 acc: 0.779762 - Test loss: 9.890605 acc: 0.000000
2020-05-02 22:40:38,038:DEBUG:distillation:[126/300]0m 0.004s: Train loss: 1.072578 acc: 0.785714 - Test loss: 9.954679 acc: 0.000000
2020-05-02 22:40:38,042:DEBUG:distillation:[127/300]0m 0.003s: Train loss: 1.072478 acc: 0.791667 - Test loss: 10.018260 acc: 0.000000
2020-05-02 22:40:38,045:DEBUG:distillation:[128/300]0m 0.003s: Train loss: 1.072380 acc: 0.797619 - Test loss: 10.087997 acc: 0.000000
2020-05-02 22:40:38,050:DEBUG:distillation:[129/300]0m 0.004s: Train loss: 1.072281 acc: 0.803571 - Test loss: 10.159395 acc: 0.000000
2020-05-02 22:40:38,054:DEBUG:distillation:[130/300]0m 0.004s: Train loss: 1.072185 acc: 0.803571 - Test loss: 10.231325 acc: 0.000000
2020-05-02 22:40:38,058:DEBUG:distillation:[131/300]0m 0.003s: Train loss: 1.072092 acc: 0.803571 - Test loss: 10.303306 acc: 0.000000
2020-05-02 22:40:38,062:DEBUG:distillation:[132/300]0m 0.003s: Train loss: 1.071996 acc: 0.803571 - Test loss: 10.371742 acc: 0.000000
2020-05-02 22:40:38,065:DEBUG:distillation:[133/300]0m 0.004s: Train loss: 1.071909 acc: 0.803571 - Test loss: 10.444971 acc: 0.000000
2020-05-02 22:40:38,070:DEBUG:distillation:[134/300]0m 0.004s: Train loss: 1.071820 acc: 0.803571 - Test loss: 10.518167 acc: 0.000000
2020-05-02 22:40:38,073:DEBUG:distillation:[135/300]0m 0.003s: Train loss: 1.071730 acc: 0.803571 - Test loss: 10.587145 acc: 0.000000
2020-05-02 22:40:38,077:DEBUG:distillation:[136/300]0m 0.003s: Train loss: 1.071646 acc: 0.809524 - Test loss: 10.655296 acc: 0.000000
2020-05-02 22:40:38,080:DEBUG:distillation:[137/300]0m 0.003s: Train loss: 1.071563 acc: 0.809524 - Test loss: 10.724519 acc: 0.000000
2020-05-02 22:40:38,085:DEBUG:distillation:[138/300]0m 0.004s: Train loss: 1.071481 acc: 0.809524 - Test loss: 10.796864 acc: 0.000000
2020-05-02 22:40:38,089:DEBUG:distillation:[139/300]0m 0.003s: Train loss: 1.071400 acc: 0.809524 - Test loss: 10.864721 acc: 0.000000
2020-05-02 22:40:38,092:DEBUG:distillation:[140/300]0m 0.003s: Train loss: 1.071322 acc: 0.809524 - Test loss: 10.932210 acc: 0.000000
2020-05-02 22:40:38,096:DEBUG:distillation:[141/300]0m 0.003s: Train loss: 1.071247 acc: 0.815476 - Test loss: 11.002498 acc: 0.000000
2020-05-02 22:40:38,100:DEBUG:distillation:[142/300]0m 0.004s: Train loss: 1.071172 acc: 0.821429 - Test loss: 11.070094 acc: 0.000000
2020-05-02 22:40:38,104:DEBUG:distillation:[143/300]0m 0.004s: Train loss: 1.071098 acc: 0.821429 - Test loss: 11.136809 acc: 0.000000
2020-05-02 22:40:38,108:DEBUG:distillation:[144/300]0m 0.003s: Train loss: 1.071028 acc: 0.821429 - Test loss: 11.204355 acc: 0.000000
2020-05-02 22:40:38,112:DEBUG:distillation:[145/300]0m 0.003s: Train loss: 1.070958 acc: 0.821429 - Test loss: 11.273031 acc: 0.000000
2020-05-02 22:40:38,116:DEBUG:distillation:[146/300]0m 0.004s: Train loss: 1.070890 acc: 0.821429 - Test loss: 11.341321 acc: 0.000000
2020-05-02 22:40:38,120:DEBUG:distillation:[147/300]0m 0.004s: Train loss: 1.070825 acc: 0.827381 - Test loss: 11.405998 acc: 0.000000
2020-05-02 22:40:38,123:DEBUG:distillation:[148/300]0m 0.003s: Train loss: 1.070759 acc: 0.827381 - Test loss: 11.463038 acc: 0.000000
2020-05-02 22:40:38,127:DEBUG:distillation:[149/300]0m 0.003s: Train loss: 1.070697 acc: 0.827381 - Test loss: 11.516280 acc: 0.000000
2020-05-02 22:40:38,130:DEBUG:distillation:[150/300]0m 0.003s: Train loss: 1.070634 acc: 0.833333 - Test loss: 11.562296 acc: 0.000000
2020-05-02 22:40:38,135:DEBUG:distillation:[151/300]0m 0.004s: Train loss: 1.070577 acc: 0.833333 - Test loss: 11.607511 acc: 0.000000
2020-05-02 22:40:38,139:DEBUG:distillation:[152/300]0m 0.003s: Train loss: 1.070519 acc: 0.851190 - Test loss: 11.652319 acc: 0.000000
2020-05-02 22:40:38,142:DEBUG:distillation:[153/300]0m 0.003s: Train loss: 1.070465 acc: 0.851190 - Test loss: 11.697199 acc: 0.000000
2020-05-02 22:40:38,146:DEBUG:distillation:[154/300]0m 0.003s: Train loss: 1.070412 acc: 0.857143 - Test loss: 11.745431 acc: 0.000000
2020-05-02 22:40:38,150:DEBUG:distillation:[155/300]0m 0.004s: Train loss: 1.070361 acc: 0.857143 - Test loss: 11.796930 acc: 0.000000
2020-05-02 22:40:38,154:DEBUG:distillation:[156/300]0m 0.003s: Train loss: 1.070310 acc: 0.857143 - Test loss: 11.851008 acc: 0.000000
2020-05-02 22:40:38,157:DEBUG:distillation:[157/300]0m 0.003s: Train loss: 1.070259 acc: 0.863095 - Test loss: 11.910545 acc: 0.000000
2020-05-02 22:40:38,160:DEBUG:distillation:[158/300]0m 0.003s: Train loss: 1.070209 acc: 0.863095 - Test loss: 11.972892 acc: 0.000000
2020-05-02 22:40:38,164:DEBUG:distillation:[159/300]0m 0.003s: Train loss: 1.070160 acc: 0.863095 - Test loss: 12.035720 acc: 0.000000
2020-05-02 22:40:38,169:DEBUG:distillation:[160/300]0m 0.005s: Train loss: 1.070113 acc: 0.863095 - Test loss: 12.098241 acc: 0.000000
2020-05-02 22:40:38,173:DEBUG:distillation:[161/300]0m 0.003s: Train loss: 1.070067 acc: 0.869048 - Test loss: 12.157167 acc: 0.000000
2020-05-02 22:40:38,176:DEBUG:distillation:[162/300]0m 0.003s: Train loss: 1.070022 acc: 0.869048 - Test loss: 12.212588 acc: 0.000000
2020-05-02 22:40:38,180:DEBUG:distillation:[163/300]0m 0.003s: Train loss: 1.069980 acc: 0.869048 - Test loss: 12.267653 acc: 0.000000
2020-05-02 22:40:38,184:DEBUG:distillation:[164/300]0m 0.004s: Train loss: 1.069937 acc: 0.869048 - Test loss: 12.323359 acc: 0.000000
2020-05-02 22:40:38,188:DEBUG:distillation:[165/300]0m 0.004s: Train loss: 1.069897 acc: 0.869048 - Test loss: 12.383211 acc: 0.000000
2020-05-02 22:40:38,192:DEBUG:distillation:[166/300]0m 0.003s: Train loss: 1.069858 acc: 0.875000 - Test loss: 12.443233 acc: 0.000000
2020-05-02 22:40:38,195:DEBUG:distillation:[167/300]0m 0.003s: Train loss: 1.069820 acc: 0.880952 - Test loss: 12.498716 acc: 0.000000
2020-05-02 22:40:38,200:DEBUG:distillation:[168/300]0m 0.004s: Train loss: 1.069783 acc: 0.886905 - Test loss: 12.546414 acc: 0.000000
2020-05-02 22:40:38,204:DEBUG:distillation:[169/300]0m 0.004s: Train loss: 1.069746 acc: 0.886905 - Test loss: 12.588373 acc: 0.000000
2020-05-02 22:40:38,207:DEBUG:distillation:[170/300]0m 0.003s: Train loss: 1.069711 acc: 0.886905 - Test loss: 12.631511 acc: 0.000000
2020-05-02 22:40:38,211:DEBUG:distillation:[171/300]0m 0.003s: Train loss: 1.069676 acc: 0.892857 - Test loss: 12.676278 acc: 0.000000
2020-05-02 22:40:38,214:DEBUG:distillation:[172/300]0m 0.003s: Train loss: 1.069643 acc: 0.892857 - Test loss: 12.723527 acc: 0.000000
2020-05-02 22:40:38,219:DEBUG:distillation:[173/300]0m 0.005s: Train loss: 1.069610 acc: 0.892857 - Test loss: 12.771271 acc: 0.000000
2020-05-02 22:40:38,223:DEBUG:distillation:[174/300]0m 0.003s: Train loss: 1.069579 acc: 0.892857 - Test loss: 12.818428 acc: 0.000000
2020-05-02 22:40:38,227:DEBUG:distillation:[175/300]0m 0.003s: Train loss: 1.069549 acc: 0.892857 - Test loss: 12.864446 acc: 0.000000
2020-05-02 22:40:38,230:DEBUG:distillation:[176/300]0m 0.003s: Train loss: 1.069519 acc: 0.892857 - Test loss: 12.908488 acc: 0.000000
2020-05-02 22:40:38,235:DEBUG:distillation:[177/300]0m 0.004s: Train loss: 1.069491 acc: 0.892857 - Test loss: 12.953469 acc: 0.000000
2020-05-02 22:40:38,239:DEBUG:distillation:[178/300]0m 0.004s: Train loss: 1.069463 acc: 0.898810 - Test loss: 12.996953 acc: 0.000000
2020-05-02 22:40:38,242:DEBUG:distillation:[179/300]0m 0.003s: Train loss: 1.069437 acc: 0.898810 - Test loss: 13.039040 acc: 0.000000
2020-05-02 22:40:38,246:DEBUG:distillation:[180/300]0m 0.003s: Train loss: 1.069411 acc: 0.898810 - Test loss: 13.081624 acc: 0.000000
2020-05-02 22:40:38,249:DEBUG:distillation:[181/300]0m 0.003s: Train loss: 1.069387 acc: 0.898810 - Test loss: 13.124703 acc: 0.000000
2020-05-02 22:40:38,253:DEBUG:distillation:[182/300]0m 0.003s: Train loss: 1.069363 acc: 0.898810 - Test loss: 13.163852 acc: 0.000000
2020-05-02 22:40:38,257:DEBUG:distillation:[183/300]0m 0.003s: Train loss: 1.069340 acc: 0.898810 - Test loss: 13.198733 acc: 0.000000
2020-05-02 22:40:38,261:DEBUG:distillation:[184/300]0m 0.003s: Train loss: 1.069318 acc: 0.898810 - Test loss: 13.232839 acc: 0.000000
2020-05-02 22:40:38,264:DEBUG:distillation:[185/300]0m 0.003s: Train loss: 1.069296 acc: 0.898810 - Test loss: 13.270191 acc: 0.000000
2020-05-02 22:40:38,269:DEBUG:distillation:[186/300]0m 0.005s: Train loss: 1.069275 acc: 0.904762 - Test loss: 13.305164 acc: 0.000000
2020-05-02 22:40:38,273:DEBUG:distillation:[187/300]0m 0.003s: Train loss: 1.069255 acc: 0.904762 - Test loss: 13.339231 acc: 0.000000
2020-05-02 22:40:38,276:DEBUG:distillation:[188/300]0m 0.003s: Train loss: 1.069235 acc: 0.910714 - Test loss: 13.371479 acc: 0.000000
2020-05-02 22:40:38,280:DEBUG:distillation:[189/300]0m 0.003s: Train loss: 1.069217 acc: 0.916667 - Test loss: 13.404099 acc: 0.000000
2020-05-02 22:40:38,285:DEBUG:distillation:[190/300]0m 0.004s: Train loss: 1.069198 acc: 0.916667 - Test loss: 13.438837 acc: 0.000000
2020-05-02 22:40:38,288:DEBUG:distillation:[191/300]0m 0.003s: Train loss: 1.069180 acc: 0.916667 - Test loss: 13.474463 acc: 0.000000
2020-05-02 22:40:38,292:DEBUG:distillation:[192/300]0m 0.003s: Train loss: 1.069164 acc: 0.922619 - Test loss: 13.510459 acc: 0.000000
2020-05-02 22:40:38,296:DEBUG:distillation:[193/300]0m 0.003s: Train loss: 1.069148 acc: 0.922619 - Test loss: 13.546329 acc: 0.000000
2020-05-02 22:40:38,300:DEBUG:distillation:[194/300]0m 0.004s: Train loss: 1.069132 acc: 0.928571 - Test loss: 13.583355 acc: 0.000000
2020-05-02 22:40:38,304:DEBUG:distillation:[195/300]0m 0.004s: Train loss: 1.069117 acc: 0.928571 - Test loss: 13.619352 acc: 0.000000
2020-05-02 22:40:38,308:DEBUG:distillation:[196/300]0m 0.003s: Train loss: 1.069103 acc: 0.928571 - Test loss: 13.654180 acc: 0.000000
2020-05-02 22:40:38,312:DEBUG:distillation:[197/300]0m 0.003s: Train loss: 1.069090 acc: 0.928571 - Test loss: 13.686671 acc: 0.000000
2020-05-02 22:40:38,317:DEBUG:distillation:[198/300]0m 0.005s: Train loss: 1.069076 acc: 0.928571 - Test loss: 13.717160 acc: 0.000000
2020-05-02 22:40:38,321:DEBUG:distillation:[199/300]0m 0.004s: Train loss: 1.069064 acc: 0.928571 - Test loss: 13.747073 acc: 0.000000
2020-05-02 22:40:38,325:DEBUG:distillation:[200/300]0m 0.003s: Train loss: 1.069052 acc: 0.928571 - Test loss: 13.776174 acc: 0.000000
2020-05-02 22:40:38,328:DEBUG:distillation:[201/300]0m 0.003s: Train loss: 1.069040 acc: 0.928571 - Test loss: 13.803807 acc: 0.000000
2020-05-02 22:40:38,331:DEBUG:distillation:[202/300]0m 0.003s: Train loss: 1.069029 acc: 0.928571 - Test loss: 13.828743 acc: 0.000000
2020-05-02 22:40:38,337:DEBUG:distillation:[203/300]0m 0.005s: Train loss: 1.069017 acc: 0.928571 - Test loss: 13.852117 acc: 0.000000
2020-05-02 22:40:38,341:DEBUG:distillation:[204/300]0m 0.003s: Train loss: 1.069006 acc: 0.928571 - Test loss: 13.875625 acc: 0.000000
2020-05-02 22:40:38,344:DEBUG:distillation:[205/300]0m 0.003s: Train loss: 1.068996 acc: 0.928571 - Test loss: 13.899663 acc: 0.000000
2020-05-02 22:40:38,348:DEBUG:distillation:[206/300]0m 0.003s: Train loss: 1.068986 acc: 0.928571 - Test loss: 13.923185 acc: 0.000000
2020-05-02 22:40:38,353:DEBUG:distillation:[207/300]0m 0.005s: Train loss: 1.068976 acc: 0.928571 - Test loss: 13.942760 acc: 0.000000
2020-05-02 22:40:38,357:DEBUG:distillation:[208/300]0m 0.003s: Train loss: 1.068967 acc: 0.928571 - Test loss: 13.961639 acc: 0.000000
2020-05-02 22:40:38,360:DEBUG:distillation:[209/300]0m 0.003s: Train loss: 1.068957 acc: 0.934524 - Test loss: 13.983346 acc: 0.000000
2020-05-02 22:40:38,364:DEBUG:distillation:[210/300]0m 0.003s: Train loss: 1.068949 acc: 0.940476 - Test loss: 14.006231 acc: 0.000000
2020-05-02 22:40:38,368:DEBUG:distillation:[211/300]0m 0.004s: Train loss: 1.068940 acc: 0.940476 - Test loss: 14.029844 acc: 0.000000
2020-05-02 22:40:38,372:DEBUG:distillation:[212/300]0m 0.003s: Train loss: 1.068932 acc: 0.934524 - Test loss: 14.053555 acc: 0.000000
2020-05-02 22:40:38,376:DEBUG:distillation:[213/300]0m 0.003s: Train loss: 1.068924 acc: 0.934524 - Test loss: 14.079058 acc: 0.000000
2020-05-02 22:40:38,379:DEBUG:distillation:[214/300]0m 0.003s: Train loss: 1.068917 acc: 0.934524 - Test loss: 14.105117 acc: 0.000000
2020-05-02 22:40:38,383:DEBUG:distillation:[215/300]0m 0.003s: Train loss: 1.068910 acc: 0.934524 - Test loss: 14.133032 acc: 0.000000
2020-05-02 22:40:38,387:DEBUG:distillation:[216/300]0m 0.003s: Train loss: 1.068903 acc: 0.934524 - Test loss: 14.162621 acc: 0.000000
2020-05-02 22:40:38,390:DEBUG:distillation:[217/300]0m 0.003s: Train loss: 1.068897 acc: 0.934524 - Test loss: 14.189486 acc: 0.000000
2020-05-02 22:40:38,394:DEBUG:distillation:[218/300]0m 0.003s: Train loss: 1.068891 acc: 0.934524 - Test loss: 14.210027 acc: 0.000000
2020-05-02 22:40:38,398:DEBUG:distillation:[219/300]0m 0.003s: Train loss: 1.068885 acc: 0.934524 - Test loss: 14.226420 acc: 0.000000
2020-05-02 22:40:38,402:DEBUG:distillation:[220/300]0m 0.005s: Train loss: 1.068879 acc: 0.934524 - Test loss: 14.239242 acc: 0.000000
2020-05-02 22:40:38,406:DEBUG:distillation:[221/300]0m 0.003s: Train loss: 1.068872 acc: 0.934524 - Test loss: 14.251539 acc: 0.000000
2020-05-02 22:40:38,409:DEBUG:distillation:[222/300]0m 0.003s: Train loss: 1.068866 acc: 0.934524 - Test loss: 14.261952 acc: 0.000000
2020-05-02 22:40:38,413:DEBUG:distillation:[223/300]0m 0.003s: Train loss: 1.068861 acc: 0.934524 - Test loss: 14.271111 acc: 0.000000
2020-05-02 22:40:38,417:DEBUG:distillation:[224/300]0m 0.004s: Train loss: 1.068855 acc: 0.934524 - Test loss: 14.281384 acc: 0.000000
2020-05-02 22:40:38,421:DEBUG:distillation:[225/300]0m 0.003s: Train loss: 1.068850 acc: 0.934524 - Test loss: 14.292262 acc: 0.000000
2020-05-02 22:40:38,424:DEBUG:distillation:[226/300]0m 0.003s: Train loss: 1.068846 acc: 0.940476 - Test loss: 14.304795 acc: 0.000000
2020-05-02 22:40:38,428:DEBUG:distillation:[227/300]0m 0.003s: Train loss: 1.068841 acc: 0.940476 - Test loss: 14.319527 acc: 0.000000
2020-05-02 22:40:38,432:DEBUG:distillation:[228/300]0m 0.003s: Train loss: 1.068836 acc: 0.940476 - Test loss: 14.336672 acc: 0.000000
2020-05-02 22:40:38,436:DEBUG:distillation:[229/300]0m 0.004s: Train loss: 1.068832 acc: 0.940476 - Test loss: 14.355957 acc: 0.000000
2020-05-02 22:40:38,439:DEBUG:distillation:[230/300]0m 0.003s: Train loss: 1.068827 acc: 0.940476 - Test loss: 14.376023 acc: 0.000000
2020-05-02 22:40:38,443:DEBUG:distillation:[231/300]0m 0.003s: Train loss: 1.068823 acc: 0.940476 - Test loss: 14.394778 acc: 0.000000
2020-05-02 22:40:38,446:DEBUG:distillation:[232/300]0m 0.003s: Train loss: 1.068819 acc: 0.940476 - Test loss: 14.412470 acc: 0.000000
2020-05-02 22:40:38,451:DEBUG:distillation:[233/300]0m 0.004s: Train loss: 1.068815 acc: 0.940476 - Test loss: 14.430279 acc: 0.000000
2020-05-02 22:40:38,455:DEBUG:distillation:[234/300]0m 0.003s: Train loss: 1.068811 acc: 0.940476 - Test loss: 14.445292 acc: 0.000000
2020-05-02 22:40:38,459:DEBUG:distillation:[235/300]0m 0.003s: Train loss: 1.068808 acc: 0.940476 - Test loss: 14.457389 acc: 0.000000
2020-05-02 22:40:38,462:DEBUG:distillation:[236/300]0m 0.003s: Train loss: 1.068804 acc: 0.940476 - Test loss: 14.467543 acc: 0.000000
2020-05-02 22:40:38,466:DEBUG:distillation:[237/300]0m 0.004s: Train loss: 1.068801 acc: 0.940476 - Test loss: 14.476839 acc: 0.000000
2020-05-02 22:40:38,470:DEBUG:distillation:[238/300]0m 0.004s: Train loss: 1.068798 acc: 0.940476 - Test loss: 14.486450 acc: 0.000000
2020-05-02 22:40:38,474:DEBUG:distillation:[239/300]0m 0.003s: Train loss: 1.068795 acc: 0.940476 - Test loss: 14.496901 acc: 0.000000
2020-05-02 22:40:38,477:DEBUG:distillation:[240/300]0m 0.003s: Train loss: 1.068791 acc: 0.940476 - Test loss: 14.509036 acc: 0.000000
2020-05-02 22:40:38,481:DEBUG:distillation:[241/300]0m 0.003s: Train loss: 1.068788 acc: 0.940476 - Test loss: 14.521934 acc: 0.000000
2020-05-02 22:40:38,486:DEBUG:distillation:[242/300]0m 0.005s: Train loss: 1.068785 acc: 0.940476 - Test loss: 14.535092 acc: 0.000000
2020-05-02 22:40:38,489:DEBUG:distillation:[243/300]0m 0.003s: Train loss: 1.068783 acc: 0.940476 - Test loss: 14.549629 acc: 0.000000
2020-05-02 22:40:38,493:DEBUG:distillation:[244/300]0m 0.003s: Train loss: 1.068780 acc: 0.940476 - Test loss: 14.565213 acc: 0.000000
2020-05-02 22:40:38,496:DEBUG:distillation:[245/300]0m 0.003s: Train loss: 1.068777 acc: 0.940476 - Test loss: 14.580849 acc: 0.000000
2020-05-02 22:40:38,501:DEBUG:distillation:[246/300]0m 0.004s: Train loss: 1.068775 acc: 0.940476 - Test loss: 14.595722 acc: 0.000000
2020-05-02 22:40:38,505:DEBUG:distillation:[247/300]0m 0.004s: Train loss: 1.068773 acc: 0.940476 - Test loss: 14.610593 acc: 0.000000
2020-05-02 22:40:38,508:DEBUG:distillation:[248/300]0m 0.003s: Train loss: 1.068770 acc: 0.940476 - Test loss: 14.624687 acc: 0.000000
2020-05-02 22:40:38,512:DEBUG:distillation:[249/300]0m 0.003s: Train loss: 1.068768 acc: 0.940476 - Test loss: 14.635803 acc: 0.000000
2020-05-02 22:40:38,516:DEBUG:distillation:[250/300]0m 0.003s: Train loss: 1.068766 acc: 0.940476 - Test loss: 14.646312 acc: 0.000000
2020-05-02 22:40:38,520:DEBUG:distillation:[251/300]0m 0.004s: Train loss: 1.068764 acc: 0.940476 - Test loss: 14.654915 acc: 0.000000
2020-05-02 22:40:38,523:DEBUG:distillation:[252/300]0m 0.003s: Train loss: 1.068762 acc: 0.940476 - Test loss: 14.662310 acc: 0.000000
2020-05-02 22:40:38,527:DEBUG:distillation:[253/300]0m 0.003s: Train loss: 1.068760 acc: 0.940476 - Test loss: 14.667711 acc: 0.000000
2020-05-02 22:40:38,530:DEBUG:distillation:[254/300]0m 0.003s: Train loss: 1.068758 acc: 0.940476 - Test loss: 14.672521 acc: 0.000000
2020-05-02 22:40:38,535:DEBUG:distillation:[255/300]0m 0.004s: Train loss: 1.068756 acc: 0.940476 - Test loss: 14.677585 acc: 0.000000
2020-05-02 22:40:38,539:DEBUG:distillation:[256/300]0m 0.003s: Train loss: 1.068754 acc: 0.940476 - Test loss: 14.681608 acc: 0.000000
2020-05-02 22:40:38,542:DEBUG:distillation:[257/300]0m 0.003s: Train loss: 1.068752 acc: 0.940476 - Test loss: 14.685926 acc: 0.000000
2020-05-02 22:40:38,546:DEBUG:distillation:[258/300]0m 0.003s: Train loss: 1.068750 acc: 0.940476 - Test loss: 14.690267 acc: 0.000000
2020-05-02 22:40:38,550:DEBUG:distillation:[259/300]0m 0.004s: Train loss: 1.068748 acc: 0.940476 - Test loss: 14.694766 acc: 0.000000
2020-05-02 22:40:38,554:DEBUG:distillation:[260/300]0m 0.004s: Train loss: 1.068747 acc: 0.940476 - Test loss: 14.700541 acc: 0.000000
2020-05-02 22:40:38,558:DEBUG:distillation:[261/300]0m 0.003s: Train loss: 1.068745 acc: 0.940476 - Test loss: 14.706382 acc: 0.000000
2020-05-02 22:40:38,561:DEBUG:distillation:[262/300]0m 0.003s: Train loss: 1.068744 acc: 0.940476 - Test loss: 14.711927 acc: 0.000000
2020-05-02 22:40:38,565:DEBUG:distillation:[263/300]0m 0.003s: Train loss: 1.068742 acc: 0.940476 - Test loss: 14.718758 acc: 0.000000
2020-05-02 22:40:38,570:DEBUG:distillation:[264/300]0m 0.004s: Train loss: 1.068740 acc: 0.946429 - Test loss: 14.727022 acc: 0.000000
2020-05-02 22:40:38,573:DEBUG:distillation:[265/300]0m 0.003s: Train loss: 1.068739 acc: 0.946429 - Test loss: 14.735188 acc: 0.000000
2020-05-02 22:40:38,577:DEBUG:distillation:[266/300]0m 0.003s: Train loss: 1.068737 acc: 0.946429 - Test loss: 14.742662 acc: 0.000000
2020-05-02 22:40:38,580:DEBUG:distillation:[267/300]0m 0.003s: Train loss: 1.068736 acc: 0.946429 - Test loss: 14.749110 acc: 0.000000
2020-05-02 22:40:38,586:DEBUG:distillation:[268/300]0m 0.005s: Train loss: 1.068734 acc: 0.946429 - Test loss: 14.755599 acc: 0.000000
2020-05-02 22:40:38,589:DEBUG:distillation:[269/300]0m 0.003s: Train loss: 1.068733 acc: 0.946429 - Test loss: 14.762754 acc: 0.000000
2020-05-02 22:40:38,593:DEBUG:distillation:[270/300]0m 0.003s: Train loss: 1.068731 acc: 0.946429 - Test loss: 14.770044 acc: 0.000000
2020-05-02 22:40:38,596:DEBUG:distillation:[271/300]0m 0.003s: Train loss: 1.068730 acc: 0.946429 - Test loss: 14.777213 acc: 0.000000
2020-05-02 22:40:38,601:DEBUG:distillation:[272/300]0m 0.004s: Train loss: 1.068729 acc: 0.946429 - Test loss: 14.784187 acc: 0.000000
2020-05-02 22:40:38,604:DEBUG:distillation:[273/300]0m 0.003s: Train loss: 1.068727 acc: 0.946429 - Test loss: 14.793099 acc: 0.000000
2020-05-02 22:40:38,608:DEBUG:distillation:[274/300]0m 0.003s: Train loss: 1.068726 acc: 0.946429 - Test loss: 14.801683 acc: 0.000000
2020-05-02 22:40:38,611:DEBUG:distillation:[275/300]0m 0.003s: Train loss: 1.068724 acc: 0.946429 - Test loss: 14.809355 acc: 0.000000
2020-05-02 22:40:38,616:DEBUG:distillation:[276/300]0m 0.004s: Train loss: 1.068723 acc: 0.946429 - Test loss: 14.817274 acc: 0.000000
2020-05-02 22:40:38,621:DEBUG:distillation:[277/300]0m 0.004s: Train loss: 1.068722 acc: 0.946429 - Test loss: 14.825107 acc: 0.000000
2020-05-02 22:40:38,624:DEBUG:distillation:[278/300]0m 0.003s: Train loss: 1.068721 acc: 0.946429 - Test loss: 14.831981 acc: 0.000000
2020-05-02 22:40:38,628:DEBUG:distillation:[279/300]0m 0.003s: Train loss: 1.068720 acc: 0.946429 - Test loss: 14.836606 acc: 0.000000
2020-05-02 22:40:38,632:DEBUG:distillation:[280/300]0m 0.003s: Train loss: 1.068718 acc: 0.946429 - Test loss: 14.838498 acc: 0.000000
2020-05-02 22:40:38,636:DEBUG:distillation:[281/300]0m 0.004s: Train loss: 1.068717 acc: 0.946429 - Test loss: 14.841478 acc: 0.000000
2020-05-02 22:40:38,640:DEBUG:distillation:[282/300]0m 0.003s: Train loss: 1.068716 acc: 0.946429 - Test loss: 14.844488 acc: 0.000000
2020-05-02 22:40:38,644:DEBUG:distillation:[283/300]0m 0.003s: Train loss: 1.068715 acc: 0.946429 - Test loss: 14.847895 acc: 0.000000
2020-05-02 22:40:38,647:DEBUG:distillation:[284/300]0m 0.003s: Train loss: 1.068714 acc: 0.946429 - Test loss: 14.852101 acc: 0.000000
2020-05-02 22:40:38,651:DEBUG:distillation:[285/300]0m 0.004s: Train loss: 1.068713 acc: 0.946429 - Test loss: 14.856476 acc: 0.000000
2020-05-02 22:40:38,655:DEBUG:distillation:[286/300]0m 0.003s: Train loss: 1.068711 acc: 0.946429 - Test loss: 14.861744 acc: 0.000000
2020-05-02 22:40:38,658:DEBUG:distillation:[287/300]0m 0.003s: Train loss: 1.068710 acc: 0.946429 - Test loss: 14.868578 acc: 0.000000
2020-05-02 22:40:38,662:DEBUG:distillation:[288/300]0m 0.003s: Train loss: 1.068709 acc: 0.946429 - Test loss: 14.875893 acc: 0.000000
2020-05-02 22:40:38,666:DEBUG:distillation:[289/300]0m 0.004s: Train loss: 1.068708 acc: 0.946429 - Test loss: 14.881416 acc: 0.000000
2020-05-02 22:40:38,671:DEBUG:distillation:[290/300]0m 0.004s: Train loss: 1.068707 acc: 0.946429 - Test loss: 14.885820 acc: 0.000000
2020-05-02 22:40:38,674:DEBUG:distillation:[291/300]0m 0.003s: Train loss: 1.068706 acc: 0.946429 - Test loss: 14.888192 acc: 0.000000
2020-05-02 22:40:38,678:DEBUG:distillation:[292/300]0m 0.003s: Train loss: 1.068705 acc: 0.946429 - Test loss: 14.889583 acc: 0.000000
2020-05-02 22:40:38,682:DEBUG:distillation:[293/300]0m 0.003s: Train loss: 1.068704 acc: 0.946429 - Test loss: 14.891780 acc: 0.000000
2020-05-02 22:40:38,686:DEBUG:distillation:[294/300]0m 0.004s: Train loss: 1.068703 acc: 0.946429 - Test loss: 14.895015 acc: 0.000000
2020-05-02 22:40:38,689:DEBUG:distillation:[295/300]0m 0.003s: Train loss: 1.068702 acc: 0.946429 - Test loss: 14.898137 acc: 0.000000
2020-05-02 22:40:38,693:DEBUG:distillation:[296/300]0m 0.003s: Train loss: 1.068701 acc: 0.946429 - Test loss: 14.902141 acc: 0.000000
2020-05-02 22:40:38,696:DEBUG:distillation:[297/300]0m 0.003s: Train loss: 1.068700 acc: 0.946429 - Test loss: 14.905096 acc: 0.000000
2020-05-02 22:40:38,701:DEBUG:distillation:[298/300]0m 0.004s: Train loss: 1.068699 acc: 0.946429 - Test loss: 14.906569 acc: 0.000000
2020-05-02 22:40:38,705:DEBUG:distillation:[299/300]0m 0.003s: Train loss: 1.068698 acc: 0.946429 - Test loss: 14.907860 acc: 0.000000
2020-05-02 22:40:38,709:DEBUG:distillation:[300/300]0m 0.003s: Train loss: 1.068697 acc: 0.946429 - Test loss: 14.911274 acc: 0.000000
2020-05-02 22:40:38,709:INFO:model_container_pt:Saved model to save/distill_IrisNN_WheatSeed_t20_e300.pt
2020-05-02 22:40:38,717:DEBUG:defend_distill:Load save/IrisNN_WheatSeed_FGSM_x.npy...
2020-05-02 22:40:38,719:INFO:defend_distill:Accuracy on clean set - OG: 1.000000, Distill: 0.976190
2020-05-02 22:40:38,720:INFO:defend_distill:Blocked 1/42 samples on clean
2020-05-02 22:40:38,720:DEBUG:defend_distill:Load save/IrisNN_WheatSeed_FGSM_adv.npy...
2020-05-02 22:40:38,721:INFO:defend_distill:Accuracy on FGSM set - OG: 0.238095, Distill: 0.333333
2020-05-02 22:40:38,722:INFO:defend_distill:Blocked 4/42 samples on FGSM
2020-05-02 22:40:38,722:DEBUG:defend_distill:Load save/IrisNN_WheatSeed_BIM_adv.npy...
2020-05-02 22:40:38,723:INFO:defend_distill:Accuracy on BIM set - OG: 0.071429, Distill: 0.071429
2020-05-02 22:40:38,724:INFO:defend_distill:Blocked 1/42 samples on BIM
2020-05-02 22:40:38,724:DEBUG:defend_distill:Load save/IrisNN_WheatSeed_DeepFool_adv.npy...
2020-05-02 22:40:38,725:INFO:defend_distill:Accuracy on DeepFool set - OG: 0.047619, Distill: 0.380952
2020-05-02 22:40:38,726:INFO:defend_distill:Blocked 16/42 samples on DeepFool
2020-05-02 22:40:38,726:DEBUG:defend_distill:Load save/IrisNN_WheatSeed_Carlini_adv.npy...
2020-05-02 22:40:38,727:INFO:defend_distill:Accuracy on Carlini set - OG: 0.214286, Distill: 0.285714
2020-05-02 22:40:38,728:INFO:defend_distill:Blocked 28/42 samples on Carlini
