2020-05-02 22:04:07,135:INFO:defend_distill:Start at    : 20200502220407
2020-05-02 22:04:07,136:INFO:defend_distill:RECEIVED PARAMETERS:
2020-05-02 22:04:07,136:INFO:defend_distill:model file  :./save/CifarResnet50_SVHN_e50.pt
2020-05-02 22:04:07,136:INFO:defend_distill:model       :CifarResnet50
2020-05-02 22:04:07,136:INFO:defend_distill:dataset     :SVHN
2020-05-02 22:04:07,136:INFO:defend_distill:max_epochs  :50
2020-05-02 22:04:07,136:INFO:defend_distill:temperature :20
2020-05-02 22:04:07,136:INFO:defend_distill:batch_size  :128
2020-05-02 22:04:07,136:INFO:defend_distill:seed        :4096
2020-05-02 22:04:07,136:INFO:defend_distill:verbose     :True
2020-05-02 22:04:07,136:INFO:defend_distill:save_log    :True
2020-05-02 22:04:07,136:INFO:defend_distill:need train  :True
2020-05-02 22:04:07,136:INFO:defend_distill:pretrained  :distill_CifarResnet50_SVHN_t20_e50.pt
2020-05-02 22:04:07,136:INFO:defend_distill:attacks     :clean, FGSM, BIM, DeepFool, Carlini, Saliency
2020-05-02 22:04:07,136:DEBUG:utils:Setting random seed for PyTorch.
2020-05-02 22:04:07,157:DEBUG:utils:/home/lukec/workspace/aad/aad/../data
2020-05-02 22:04:17,064:INFO:data_container:Train size: 73257 - Test size: 26032
2020-05-02 22:04:17,064:INFO:data_container:Successfully load data. Time to complete: 0m 9.907s
2020-05-02 22:04:19,434:DEBUG:model_container_pt:Using device: cuda
2020-05-02 22:04:19,540:INFO:model_container_pt:Loaded model from ./save/CifarResnet50_SVHN_e50.pt
2020-05-02 22:04:22,505:INFO:defend_distill:Accuracy on test set: 0.927359
2020-05-02 22:04:25,443:DEBUG:distillation:Test set accuracy on pre-trained model: 0.927359
2020-05-02 22:04:34,118:DEBUG:distillation:Accuracy of smooth labels: 0.999973
2020-05-02 22:04:34,118:DEBUG:utils:/home/lukec/workspace/aad/aad/../data
2020-05-02 22:04:43,666:INFO:data_container:Train size: 73257 - Test size: 26032
2020-05-02 22:04:43,666:INFO:data_container:Successfully load data. Time to complete: 0m 9.548s
2020-05-02 22:04:43,790:DEBUG:model_container_pt:Using device: cuda
2020-05-02 22:04:52,029:DEBUG:distillation:Train set accuracy on distillation model: 0.062683
2020-05-02 22:04:54,906:DEBUG:distillation:Test set accuracy on distillation model: 0.063614
2020-05-02 22:05:37,975:DEBUG:distillation:[1/50]0m 43.054s: Train loss: 2.314775 acc: 0.210164 - Test loss: 2.200604 acc: 0.288261
2020-05-02 22:06:21,056:DEBUG:distillation:[2/50]0m 43.066s: Train loss: 2.299193 acc: 0.337442 - Test loss: 2.155508 acc: 0.388253
2020-05-02 22:07:04,191:DEBUG:distillation:[3/50]0m 43.121s: Train loss: 2.295007 acc: 0.422635 - Test loss: 2.105908 acc: 0.464736
2020-05-02 22:07:46,005:DEBUG:distillation:[4/50]0m 41.799s: Train loss: 2.292216 acc: 0.488718 - Test loss: 2.073355 acc: 0.515596
2020-05-02 22:08:30,409:DEBUG:distillation:[5/50]0m 44.389s: Train loss: 2.290099 acc: 0.538406 - Test loss: 2.041304 acc: 0.559350
2020-05-02 22:09:15,389:DEBUG:distillation:[6/50]0m 44.966s: Train loss: 2.288346 acc: 0.582047 - Test loss: 2.016248 acc: 0.603450
2020-05-02 22:09:59,270:DEBUG:distillation:[7/50]0m 43.865s: Train loss: 2.286848 acc: 0.615887 - Test loss: 2.001850 acc: 0.629072
2020-05-02 22:10:40,566:DEBUG:distillation:[8/50]0m 41.281s: Train loss: 2.285513 acc: 0.647651 - Test loss: 1.972754 acc: 0.667294
2020-05-02 22:11:24,829:DEBUG:distillation:[9/50]0m 44.248s: Train loss: 2.284409 acc: 0.671308 - Test loss: 1.961512 acc: 0.690112
2020-05-02 22:12:08,333:DEBUG:distillation:[10/50]0m 43.489s: Train loss: 2.283368 acc: 0.692999 - Test loss: 1.948315 acc: 0.704210
2020-05-02 22:12:52,407:DEBUG:distillation:[11/50]0m 44.059s: Train loss: 2.282547 acc: 0.709748 - Test loss: 1.937434 acc: 0.715658
2020-05-02 22:13:34,895:DEBUG:distillation:[12/50]0m 42.474s: Train loss: 2.282085 acc: 0.719235 - Test loss: 1.930018 acc: 0.724723
2020-05-02 22:14:18,512:DEBUG:distillation:[13/50]0m 43.602s: Train loss: 2.281699 acc: 0.728217 - Test loss: 1.929001 acc: 0.724070
2020-05-02 22:15:02,084:DEBUG:distillation:[14/50]0m 43.572s: Train loss: 2.281319 acc: 0.734100 - Test loss: 1.917569 acc: 0.738399
2020-05-02 22:15:45,650:DEBUG:distillation:[15/50]0m 43.551s: Train loss: 2.280971 acc: 0.742086 - Test loss: 1.913564 acc: 0.746312
2020-05-02 22:16:29,204:DEBUG:distillation:[16/50]0m 43.539s: Train loss: 2.280592 acc: 0.748870 - Test loss: 1.913663 acc: 0.746620
2020-05-02 22:17:12,777:DEBUG:distillation:[17/50]0m 43.559s: Train loss: 2.280237 acc: 0.755040 - Test loss: 1.902566 acc: 0.760833
2020-05-02 22:17:56,368:DEBUG:distillation:[18/50]0m 43.577s: Train loss: 2.279904 acc: 0.761224 - Test loss: 1.893676 acc: 0.765020
2020-05-02 22:18:40,048:DEBUG:distillation:[19/50]0m 43.666s: Train loss: 2.279639 acc: 0.766930 - Test loss: 1.885184 acc: 0.767671
2020-05-02 22:19:24,332:DEBUG:distillation:[20/50]0m 44.268s: Train loss: 2.279296 acc: 0.772459 - Test loss: 1.889508 acc: 0.773817
2020-05-02 22:20:07,938:DEBUG:distillation:[21/50]0m 43.592s: Train loss: 2.279053 acc: 0.776226 - Test loss: 1.881440 acc: 0.776544
2020-05-02 22:20:52,464:DEBUG:distillation:[22/50]0m 44.511s: Train loss: 2.278975 acc: 0.777400 - Test loss: 1.885484 acc: 0.776659
2020-05-02 22:21:36,909:DEBUG:distillation:[23/50]0m 44.430s: Train loss: 2.278785 acc: 0.780499 - Test loss: 1.883644 acc: 0.779502
2020-05-02 22:22:17,246:DEBUG:distillation:[24/50]0m 40.306s: Train loss: 2.278648 acc: 0.782806 - Test loss: 1.883262 acc: 0.781807
2020-05-02 22:22:57,546:DEBUG:distillation:[25/50]0m 40.286s: Train loss: 2.278556 acc: 0.783611 - Test loss: 1.877516 acc: 0.787185
2020-05-02 22:23:37,824:DEBUG:distillation:[26/50]0m 40.263s: Train loss: 2.278465 acc: 0.786273 - Test loss: 1.869740 acc: 0.788568
2020-05-02 22:24:18,608:DEBUG:distillation:[27/50]0m 40.769s: Train loss: 2.278297 acc: 0.790491 - Test loss: 1.874711 acc: 0.791180
2020-05-02 22:24:59,526:DEBUG:distillation:[28/50]0m 40.903s: Train loss: 2.278163 acc: 0.792484 - Test loss: 1.874594 acc: 0.786801
2020-05-02 22:25:41,235:DEBUG:distillation:[29/50]0m 41.709s: Train loss: 2.278038 acc: 0.794354 - Test loss: 1.867560 acc: 0.793370
2020-05-02 22:26:21,721:DEBUG:distillation:[30/50]0m 40.471s: Train loss: 2.277917 acc: 0.795706 - Test loss: 1.867027 acc: 0.795598
2020-05-02 22:27:02,317:DEBUG:distillation:[31/50]0m 40.580s: Train loss: 2.277822 acc: 0.799268 - Test loss: 1.868984 acc: 0.793024
2020-05-02 22:27:44,796:DEBUG:distillation:[32/50]0m 42.479s: Train loss: 2.277783 acc: 0.798190 - Test loss: 1.871727 acc: 0.799631
2020-05-02 22:28:28,484:DEBUG:distillation:[33/50]0m 43.673s: Train loss: 2.277691 acc: 0.800265 - Test loss: 1.862191 acc: 0.797557
2020-05-02 22:29:11,422:DEBUG:distillation:[34/50]0m 42.938s: Train loss: 2.277679 acc: 0.799896 - Test loss: 1.859309 acc: 0.797173
2020-05-02 22:29:55,003:DEBUG:distillation:[35/50]0m 43.581s: Train loss: 2.277640 acc: 0.801138 - Test loss: 1.869070 acc: 0.801437
2020-05-02 22:30:37,543:DEBUG:distillation:[36/50]0m 42.525s: Train loss: 2.277583 acc: 0.801712 - Test loss: 1.862623 acc: 0.798402
2020-05-02 22:31:18,964:DEBUG:distillation:[37/50]0m 41.421s: Train loss: 2.277520 acc: 0.802476 - Test loss: 1.863303 acc: 0.799708
2020-05-02 22:32:01,514:DEBUG:distillation:[38/50]0m 42.550s: Train loss: 2.277420 acc: 0.804851 - Test loss: 1.860579 acc: 0.798018
2020-05-02 22:32:42,779:DEBUG:distillation:[39/50]0m 41.265s: Train loss: 2.277408 acc: 0.804606 - Test loss: 1.861794 acc: 0.803780
2020-05-02 22:33:25,909:DEBUG:distillation:[40/50]0m 43.115s: Train loss: 2.277347 acc: 0.806012 - Test loss: 1.861297 acc: 0.804587
2020-05-02 22:34:09,060:DEBUG:distillation:[41/50]0m 43.136s: Train loss: 2.277310 acc: 0.806053 - Test loss: 1.859628 acc: 0.801898
2020-05-02 22:34:50,089:DEBUG:distillation:[42/50]0m 41.029s: Train loss: 2.277267 acc: 0.807745 - Test loss: 1.859526 acc: 0.804049
2020-05-02 22:35:31,208:DEBUG:distillation:[43/50]0m 41.118s: Train loss: 2.277277 acc: 0.806885 - Test loss: 1.861108 acc: 0.806123
2020-05-02 22:36:15,008:DEBUG:distillation:[44/50]0m 43.786s: Train loss: 2.277236 acc: 0.806517 - Test loss: 1.860657 acc: 0.805970
2020-05-02 22:36:55,883:DEBUG:distillation:[45/50]0m 40.875s: Train loss: 2.277205 acc: 0.807704 - Test loss: 1.858755 acc: 0.803165
2020-05-02 22:37:36,990:DEBUG:distillation:[46/50]0m 41.107s: Train loss: 2.277172 acc: 0.809124 - Test loss: 1.862482 acc: 0.806507
2020-05-02 22:38:20,375:DEBUG:distillation:[47/50]0m 43.371s: Train loss: 2.277169 acc: 0.808633 - Test loss: 1.859802 acc: 0.805624
2020-05-02 22:39:00,399:DEBUG:distillation:[48/50]0m 40.023s: Train loss: 2.277117 acc: 0.809220 - Test loss: 1.858924 acc: 0.809427
2020-05-02 22:39:40,384:DEBUG:distillation:[49/50]0m 39.970s: Train loss: 2.277103 acc: 0.809438 - Test loss: 1.856788 acc: 0.807391
2020-05-02 22:40:22,969:DEBUG:distillation:[50/50]0m 42.585s: Train loss: 2.277076 acc: 0.809807 - Test loss: 1.856513 acc: 0.806853
2020-05-02 22:40:23,049:INFO:model_container_pt:Saved model to save/distill_CifarResnet50_SVHN_t20_e50.pt
2020-05-02 22:40:23,052:DEBUG:defend_distill:Load save/CifarResnet50_SVHN_FGSM_x.npy...
2020-05-02 22:40:23,313:INFO:defend_distill:Accuracy on clean set - OG: 1.000000, Distill: 0.815000
2020-05-02 22:40:23,557:INFO:defend_distill:Blocked 185/1000 samples on clean
2020-05-02 22:40:23,557:DEBUG:defend_distill:Load save/CifarResnet50_SVHN_FGSM_adv.npy...
2020-05-02 22:40:23,804:INFO:defend_distill:Accuracy on FGSM set - OG: 0.077000, Distill: 0.122000
2020-05-02 22:40:24,044:INFO:defend_distill:Blocked 723/1000 samples on FGSM
2020-05-02 22:40:24,044:DEBUG:defend_distill:Load save/CifarResnet50_SVHN_BIM_adv.npy...
2020-05-02 22:40:24,292:INFO:defend_distill:Accuracy on BIM set - OG: 0.000000, Distill: 0.012000
2020-05-02 22:40:24,536:INFO:defend_distill:Blocked 201/1000 samples on BIM
2020-05-02 22:40:24,536:DEBUG:defend_distill:Load save/CifarResnet50_SVHN_DeepFool_adv.npy...
2020-05-02 22:40:24,786:INFO:defend_distill:Accuracy on DeepFool set - OG: 0.190000, Distill: 0.715000
2020-05-02 22:40:25,026:INFO:defend_distill:Blocked 712/1000 samples on DeepFool
2020-05-02 22:40:25,026:DEBUG:defend_distill:Load save/CifarResnet50_SVHN_Carlini_adv.npy...
2020-05-02 22:40:25,280:INFO:defend_distill:Accuracy on Carlini set - OG: 0.098000, Distill: 0.131000
2020-05-02 22:40:25,536:INFO:defend_distill:Blocked 801/1000 samples on Carlini
2020-05-02 22:40:25,536:DEBUG:defend_distill:Load save/CifarResnet50_SVHN_Saliency_adv.npy...
2020-05-02 22:40:25,787:INFO:defend_distill:Accuracy on Saliency set - OG: 0.001000, Distill: 0.524000
2020-05-02 22:40:26,041:INFO:defend_distill:Blocked 916/1000 samples on Saliency
