2020-05-02 22:40:26,940:INFO:defend_distill:Start at    : 20200502224026
2020-05-02 22:40:26,940:INFO:defend_distill:RECEIVED PARAMETERS:
2020-05-02 22:40:26,940:INFO:defend_distill:model file  :./save/IrisNN_Iris_e200.pt
2020-05-02 22:40:26,941:INFO:defend_distill:model       :IrisNN
2020-05-02 22:40:26,941:INFO:defend_distill:dataset     :Iris
2020-05-02 22:40:26,941:INFO:defend_distill:max_epochs  :200
2020-05-02 22:40:26,941:INFO:defend_distill:temperature :20
2020-05-02 22:40:26,941:INFO:defend_distill:batch_size  :128
2020-05-02 22:40:26,941:INFO:defend_distill:seed        :4096
2020-05-02 22:40:26,941:INFO:defend_distill:verbose     :True
2020-05-02 22:40:26,941:INFO:defend_distill:save_log    :True
2020-05-02 22:40:26,941:INFO:defend_distill:need train  :False
2020-05-02 22:40:26,941:INFO:defend_distill:pretrained  :distill_IrisNN_Iris_t20_e200.pt
2020-05-02 22:40:26,941:INFO:defend_distill:attacks     :clean, FGSM, BIM, DeepFool, Carlini
2020-05-02 22:40:26,941:DEBUG:utils:Setting random seed for PyTorch.
2020-05-02 22:40:26,962:DEBUG:utils:/home/lukec/workspace/aad/aad/../data
2020-05-02 22:40:26,962:DEBUG:data_container:Reading file /home/lukec/workspace/aad/aad/../data/iris.data
2020-05-02 22:40:26,968:INFO:data_container:Train size: 90 - Test size: 60
2020-05-02 22:40:26,968:INFO:data_container:Successfully load data. Time to complete: 0m 0.006s
2020-05-02 22:40:28,683:DEBUG:model_container_pt:Using device: cuda
2020-05-02 22:40:28,684:INFO:model_container_pt:Loaded model from ./save/IrisNN_Iris_e200.pt
2020-05-02 22:40:28,710:INFO:defend_distill:Accuracy on test set: 0.933333
2020-05-02 22:40:28,711:DEBUG:distillation:Test set accuracy on pre-trained model: 0.933333
2020-05-02 22:40:28,712:DEBUG:distillation:Accuracy of smooth labels: 0.966667
2020-05-02 22:40:28,713:DEBUG:utils:/home/lukec/workspace/aad/aad/../data
2020-05-02 22:40:28,713:DEBUG:data_container:Reading file /home/lukec/workspace/aad/aad/../data/iris.data
2020-05-02 22:40:28,716:INFO:data_container:Train size: 120 - Test size: 30
2020-05-02 22:40:28,716:INFO:data_container:Successfully load data. Time to complete: 0m 0.003s
2020-05-02 22:40:28,717:DEBUG:model_container_pt:Using device: cuda
2020-05-02 22:40:28,718:DEBUG:distillation:Train set accuracy on distillation model: 0.311111
2020-05-02 22:40:28,719:DEBUG:distillation:Test set accuracy on distillation model: 0.000000
2020-05-02 22:40:28,726:INFO:model_container_pt:Loaded model from save/distill_IrisNN_Iris_t20_e200.pt
2020-05-02 22:40:28,726:DEBUG:defend_distill:Load save/IrisNN_Iris_FGSM_x.npy...
2020-05-02 22:40:28,728:INFO:defend_distill:Accuracy on clean set - OG: 1.000000, Distill: 0.550000
2020-05-02 22:40:28,729:INFO:defend_distill:Blocked 27/60 samples on clean
2020-05-02 22:40:28,729:DEBUG:defend_distill:Load save/IrisNN_Iris_FGSM_adv.npy...
2020-05-02 22:40:28,730:INFO:defend_distill:Accuracy on FGSM set - OG: 0.250000, Distill: 0.183333
2020-05-02 22:40:28,731:INFO:defend_distill:Blocked 26/60 samples on FGSM
2020-05-02 22:40:28,731:DEBUG:defend_distill:Load save/IrisNN_Iris_BIM_adv.npy...
2020-05-02 22:40:28,734:INFO:defend_distill:Accuracy on BIM set - OG: 0.016667, Distill: 0.066667
2020-05-02 22:40:28,735:INFO:defend_distill:Blocked 3/60 samples on BIM
2020-05-02 22:40:28,735:DEBUG:defend_distill:Load save/IrisNN_Iris_DeepFool_adv.npy...
2020-05-02 22:40:28,736:INFO:defend_distill:Accuracy on DeepFool set - OG: 0.466667, Distill: 0.333333
2020-05-02 22:40:28,737:INFO:defend_distill:Blocked 32/60 samples on DeepFool
2020-05-02 22:40:28,738:DEBUG:defend_distill:Load save/IrisNN_Iris_Carlini_adv.npy...
2020-05-02 22:40:28,739:INFO:defend_distill:Accuracy on Carlini set - OG: 0.366667, Distill: 0.300000
2020-05-02 22:40:28,740:INFO:defend_distill:Blocked 37/60 samples on Carlini
