2020-05-03 00:26:59,726:INFO:defend_distill:Start at    : 20200503002659
2020-05-03 00:26:59,726:INFO:defend_distill:RECEIVED PARAMETERS:
2020-05-03 00:26:59,726:INFO:defend_distill:model file  :./save/BCNN_BreastCancerWisconsin_e200.pt
2020-05-03 00:26:59,726:INFO:defend_distill:model       :BCNN
2020-05-03 00:26:59,726:INFO:defend_distill:dataset     :BreastCancerWisconsin
2020-05-03 00:26:59,726:INFO:defend_distill:max_epochs  :200
2020-05-03 00:26:59,726:INFO:defend_distill:temperature :2
2020-05-03 00:26:59,726:INFO:defend_distill:batch_size  :128
2020-05-03 00:26:59,726:INFO:defend_distill:seed        :4096
2020-05-03 00:26:59,726:INFO:defend_distill:verbose     :True
2020-05-03 00:26:59,727:INFO:defend_distill:save_log    :True
2020-05-03 00:26:59,727:INFO:defend_distill:need train  :True
2020-05-03 00:26:59,727:INFO:defend_distill:pretrained  :distill_BCNN_BreastCancerWisconsin_t2_e200.pt
2020-05-03 00:26:59,727:INFO:defend_distill:attacks     :clean, FGSM, BIM, DeepFool, Carlini
2020-05-03 00:26:59,727:DEBUG:utils:Setting random seed for PyTorch.
2020-05-03 00:26:59,765:DEBUG:utils:/home/lukec/workspace/aad/aad/../data
2020-05-03 00:26:59,765:DEBUG:data_container:Reading file /home/lukec/workspace/aad/aad/../data/BreastCancerWisconsin.csv
2020-05-03 00:26:59,776:INFO:data_container:Train size: 455 - Test size: 114
2020-05-03 00:26:59,776:INFO:data_container:Successfully load data. Time to complete: 0m 0.010s
2020-05-03 00:27:01,370:DEBUG:model_container_pt:Using device: cuda
2020-05-03 00:27:01,371:INFO:model_container_pt:Loaded model from ./save/BCNN_BreastCancerWisconsin_e200.pt
2020-05-03 00:27:01,390:INFO:defend_distill:Accuracy on test set: 0.973684
2020-05-03 00:27:01,391:DEBUG:distillation:Test set accuracy on pre-trained model: 0.973684
2020-05-03 00:27:01,397:DEBUG:distillation:Accuracy of smooth labels: 0.989011
2020-05-03 00:27:01,397:DEBUG:utils:/home/lukec/workspace/aad/aad/../data
2020-05-03 00:27:01,397:DEBUG:data_container:Reading file /home/lukec/workspace/aad/aad/../data/BreastCancerWisconsin.csv
2020-05-03 00:27:01,403:INFO:data_container:Train size: 455 - Test size: 114
2020-05-03 00:27:01,404:INFO:data_container:Successfully load data. Time to complete: 0m 0.006s
2020-05-03 00:27:01,404:DEBUG:model_container_pt:Using device: cuda
2020-05-03 00:27:01,407:DEBUG:distillation:Train set accuracy on distillation model: 0.367033
2020-05-03 00:27:01,407:DEBUG:distillation:Test set accuracy on distillation model: 0.771930
2020-05-03 00:27:01,418:DEBUG:distillation:[1/200]0m 0.011s: Train loss: 0.713405 acc: 0.367033 - Test loss: 4.365885 acc: 0.771930
2020-05-03 00:27:01,429:DEBUG:distillation:[2/200]0m 0.010s: Train loss: 0.697992 acc: 0.367033 - Test loss: 5.602533 acc: 0.771930
2020-05-03 00:27:01,439:DEBUG:distillation:[3/200]0m 0.009s: Train loss: 0.684193 acc: 0.641758 - Test loss: 5.243248 acc: 0.771930
2020-05-03 00:27:01,449:DEBUG:distillation:[4/200]0m 0.010s: Train loss: 0.669101 acc: 0.852747 - Test loss: 2.205178 acc: 0.771930
2020-05-03 00:27:01,458:DEBUG:distillation:[5/200]0m 0.009s: Train loss: 0.649373 acc: 0.824176 - Test loss: 5.519945 acc: 0.228070
2020-05-03 00:27:01,468:DEBUG:distillation:[6/200]0m 0.010s: Train loss: 0.623287 acc: 0.846154 - Test loss: 14.467701 acc: 0.228070
2020-05-03 00:27:01,479:DEBUG:distillation:[7/200]0m 0.011s: Train loss: 0.588775 acc: 0.885714 - Test loss: 26.364712 acc: 0.228070
2020-05-03 00:27:01,489:DEBUG:distillation:[8/200]0m 0.010s: Train loss: 0.546373 acc: 0.905495 - Test loss: 43.147942 acc: 0.228070
2020-05-03 00:27:01,499:DEBUG:distillation:[9/200]0m 0.010s: Train loss: 0.497614 acc: 0.905495 - Test loss: 69.574722 acc: 0.228070
2020-05-03 00:27:01,509:DEBUG:distillation:[10/200]0m 0.010s: Train loss: 0.448211 acc: 0.929670 - Test loss: 110.901459 acc: 0.228070
2020-05-03 00:27:01,519:DEBUG:distillation:[11/200]0m 0.009s: Train loss: 0.404710 acc: 0.936264 - Test loss: 167.154617 acc: 0.228070
2020-05-03 00:27:01,528:DEBUG:distillation:[12/200]0m 0.009s: Train loss: 0.374609 acc: 0.956044 - Test loss: 234.347198 acc: 0.228070
2020-05-03 00:27:01,538:DEBUG:distillation:[13/200]0m 0.010s: Train loss: 0.355894 acc: 0.958242 - Test loss: 292.984253 acc: 0.228070
2020-05-03 00:27:01,548:DEBUG:distillation:[14/200]0m 0.010s: Train loss: 0.347474 acc: 0.973626 - Test loss: 350.603607 acc: 0.228070
2020-05-03 00:27:01,557:DEBUG:distillation:[15/200]0m 0.010s: Train loss: 0.344603 acc: 0.964835 - Test loss: 359.604370 acc: 0.228070
2020-05-03 00:27:01,568:DEBUG:distillation:[16/200]0m 0.010s: Train loss: 0.341109 acc: 0.980220 - Test loss: 371.253632 acc: 0.228070
2020-05-03 00:27:01,578:DEBUG:distillation:[17/200]0m 0.011s: Train loss: 0.339206 acc: 0.975824 - Test loss: 354.572998 acc: 0.228070
2020-05-03 00:27:01,588:DEBUG:distillation:[18/200]0m 0.010s: Train loss: 0.338290 acc: 0.991209 - Test loss: 344.652435 acc: 0.228070
2020-05-03 00:27:01,598:DEBUG:distillation:[19/200]0m 0.010s: Train loss: 0.338164 acc: 0.984615 - Test loss: 332.428314 acc: 0.228070
2020-05-03 00:27:01,608:DEBUG:distillation:[20/200]0m 0.010s: Train loss: 0.337994 acc: 0.986813 - Test loss: 325.722778 acc: 0.228070
2020-05-03 00:27:01,617:DEBUG:distillation:[21/200]0m 0.010s: Train loss: 0.337152 acc: 0.989011 - Test loss: 328.070862 acc: 0.228070
2020-05-03 00:27:01,627:DEBUG:distillation:[22/200]0m 0.010s: Train loss: 0.336193 acc: 0.984615 - Test loss: 329.712860 acc: 0.228070
2020-05-03 00:27:01,637:DEBUG:distillation:[23/200]0m 0.010s: Train loss: 0.334937 acc: 0.986813 - Test loss: 335.795685 acc: 0.228070
2020-05-03 00:27:01,647:DEBUG:distillation:[24/200]0m 0.010s: Train loss: 0.333236 acc: 0.989011 - Test loss: 341.923920 acc: 0.228070
2020-05-03 00:27:01,657:DEBUG:distillation:[25/200]0m 0.010s: Train loss: 0.332188 acc: 0.991209 - Test loss: 355.440308 acc: 0.228070
2020-05-03 00:27:01,668:DEBUG:distillation:[26/200]0m 0.010s: Train loss: 0.332927 acc: 0.986813 - Test loss: 352.266571 acc: 0.228070
2020-05-03 00:27:01,678:DEBUG:distillation:[27/200]0m 0.010s: Train loss: 0.332578 acc: 0.982418 - Test loss: 361.114990 acc: 0.228070
2020-05-03 00:27:01,688:DEBUG:distillation:[28/200]0m 0.010s: Train loss: 0.331784 acc: 0.986813 - Test loss: 359.055328 acc: 0.228070
2020-05-03 00:27:01,697:DEBUG:distillation:[29/200]0m 0.010s: Train loss: 0.331514 acc: 0.989011 - Test loss: 361.968994 acc: 0.228070
2020-05-03 00:27:01,707:DEBUG:distillation:[30/200]0m 0.010s: Train loss: 0.331945 acc: 0.986813 - Test loss: 362.794830 acc: 0.228070
2020-05-03 00:27:01,717:DEBUG:distillation:[31/200]0m 0.010s: Train loss: 0.332479 acc: 0.978022 - Test loss: 363.864319 acc: 0.228070
2020-05-03 00:27:01,726:DEBUG:distillation:[32/200]0m 0.010s: Train loss: 0.332085 acc: 0.993407 - Test loss: 370.286194 acc: 0.228070
2020-05-03 00:27:01,736:DEBUG:distillation:[33/200]0m 0.010s: Train loss: 0.331300 acc: 0.989011 - Test loss: 363.315094 acc: 0.228070
2020-05-03 00:27:01,746:DEBUG:distillation:[34/200]0m 0.009s: Train loss: 0.331272 acc: 0.991209 - Test loss: 376.228241 acc: 0.228070
2020-05-03 00:27:01,755:DEBUG:distillation:[35/200]0m 0.010s: Train loss: 0.330465 acc: 0.989011 - Test loss: 365.359894 acc: 0.228070
2020-05-03 00:27:01,765:DEBUG:distillation:[36/200]0m 0.010s: Train loss: 0.330770 acc: 0.984615 - Test loss: 377.710846 acc: 0.228070
2020-05-03 00:27:01,775:DEBUG:distillation:[37/200]0m 0.009s: Train loss: 0.330016 acc: 0.993407 - Test loss: 372.910645 acc: 0.228070
2020-05-03 00:27:01,785:DEBUG:distillation:[38/200]0m 0.010s: Train loss: 0.329868 acc: 0.993407 - Test loss: 379.274841 acc: 0.228070
2020-05-03 00:27:01,796:DEBUG:distillation:[39/200]0m 0.011s: Train loss: 0.329757 acc: 0.993407 - Test loss: 376.509521 acc: 0.228070
2020-05-03 00:27:01,805:DEBUG:distillation:[40/200]0m 0.010s: Train loss: 0.329700 acc: 0.993407 - Test loss: 377.895660 acc: 0.228070
2020-05-03 00:27:01,816:DEBUG:distillation:[41/200]0m 0.010s: Train loss: 0.329611 acc: 0.995604 - Test loss: 379.901337 acc: 0.228070
2020-05-03 00:27:01,825:DEBUG:distillation:[42/200]0m 0.010s: Train loss: 0.329540 acc: 0.991209 - Test loss: 378.224121 acc: 0.228070
2020-05-03 00:27:01,835:DEBUG:distillation:[43/200]0m 0.010s: Train loss: 0.329537 acc: 0.993407 - Test loss: 381.091339 acc: 0.228070
2020-05-03 00:27:01,845:DEBUG:distillation:[44/200]0m 0.010s: Train loss: 0.329462 acc: 0.991209 - Test loss: 379.835999 acc: 0.228070
2020-05-03 00:27:01,854:DEBUG:distillation:[45/200]0m 0.009s: Train loss: 0.329439 acc: 0.997802 - Test loss: 383.561188 acc: 0.228070
2020-05-03 00:27:01,864:DEBUG:distillation:[46/200]0m 0.010s: Train loss: 0.329350 acc: 0.995604 - Test loss: 379.920959 acc: 0.228070
2020-05-03 00:27:01,874:DEBUG:distillation:[47/200]0m 0.010s: Train loss: 0.329478 acc: 0.995604 - Test loss: 384.764343 acc: 0.228070
2020-05-03 00:27:01,883:DEBUG:distillation:[48/200]0m 0.010s: Train loss: 0.329498 acc: 0.989011 - Test loss: 381.457703 acc: 0.228070
2020-05-03 00:27:01,893:DEBUG:distillation:[49/200]0m 0.010s: Train loss: 0.329362 acc: 0.993407 - Test loss: 387.086304 acc: 0.228070
2020-05-03 00:27:01,903:DEBUG:distillation:[50/200]0m 0.010s: Train loss: 0.329063 acc: 0.991209 - Test loss: 383.562988 acc: 0.228070
2020-05-03 00:27:01,912:DEBUG:distillation:[51/200]0m 0.010s: Train loss: 0.328956 acc: 0.991209 - Test loss: 388.057648 acc: 0.228070
2020-05-03 00:27:01,922:DEBUG:distillation:[52/200]0m 0.010s: Train loss: 0.328751 acc: 0.991209 - Test loss: 384.817871 acc: 0.228070
2020-05-03 00:27:01,932:DEBUG:distillation:[53/200]0m 0.010s: Train loss: 0.328802 acc: 0.993407 - Test loss: 387.876862 acc: 0.228070
2020-05-03 00:27:01,941:DEBUG:distillation:[54/200]0m 0.010s: Train loss: 0.328721 acc: 0.991209 - Test loss: 388.953491 acc: 0.228070
2020-05-03 00:27:01,951:DEBUG:distillation:[55/200]0m 0.010s: Train loss: 0.328672 acc: 0.991209 - Test loss: 391.730530 acc: 0.228070
2020-05-03 00:27:01,961:DEBUG:distillation:[56/200]0m 0.010s: Train loss: 0.328638 acc: 0.993407 - Test loss: 390.600800 acc: 0.228070
2020-05-03 00:27:01,970:DEBUG:distillation:[57/200]0m 0.010s: Train loss: 0.328794 acc: 0.993407 - Test loss: 395.460083 acc: 0.228070
2020-05-03 00:27:01,980:DEBUG:distillation:[58/200]0m 0.010s: Train loss: 0.328692 acc: 0.995604 - Test loss: 392.670959 acc: 0.228070
2020-05-03 00:27:01,990:DEBUG:distillation:[59/200]0m 0.010s: Train loss: 0.328636 acc: 0.993407 - Test loss: 395.522827 acc: 0.228070
2020-05-03 00:27:02,000:DEBUG:distillation:[60/200]0m 0.010s: Train loss: 0.328594 acc: 0.995604 - Test loss: 393.874542 acc: 0.228070
2020-05-03 00:27:02,009:DEBUG:distillation:[61/200]0m 0.010s: Train loss: 0.328620 acc: 0.993407 - Test loss: 399.400330 acc: 0.228070
2020-05-03 00:27:02,019:DEBUG:distillation:[62/200]0m 0.010s: Train loss: 0.328804 acc: 0.995604 - Test loss: 395.578430 acc: 0.228070
2020-05-03 00:27:02,029:DEBUG:distillation:[63/200]0m 0.010s: Train loss: 0.328688 acc: 0.993407 - Test loss: 400.549194 acc: 0.228070
2020-05-03 00:27:02,038:DEBUG:distillation:[64/200]0m 0.010s: Train loss: 0.328759 acc: 0.995604 - Test loss: 397.019897 acc: 0.228070
2020-05-03 00:27:02,048:DEBUG:distillation:[65/200]0m 0.010s: Train loss: 0.328505 acc: 0.993407 - Test loss: 399.740540 acc: 0.228070
2020-05-03 00:27:02,058:DEBUG:distillation:[66/200]0m 0.010s: Train loss: 0.328387 acc: 0.995604 - Test loss: 400.814667 acc: 0.228070
2020-05-03 00:27:02,067:DEBUG:distillation:[67/200]0m 0.010s: Train loss: 0.328445 acc: 0.993407 - Test loss: 403.420959 acc: 0.228070
2020-05-03 00:27:02,077:DEBUG:distillation:[68/200]0m 0.010s: Train loss: 0.328735 acc: 0.993407 - Test loss: 400.736084 acc: 0.228070
2020-05-03 00:27:02,087:DEBUG:distillation:[69/200]0m 0.009s: Train loss: 0.328465 acc: 0.993407 - Test loss: 405.253784 acc: 0.228070
2020-05-03 00:27:02,097:DEBUG:distillation:[70/200]0m 0.010s: Train loss: 0.328095 acc: 0.991209 - Test loss: 406.427765 acc: 0.228070
2020-05-03 00:27:02,107:DEBUG:distillation:[71/200]0m 0.010s: Train loss: 0.328129 acc: 0.995604 - Test loss: 403.369965 acc: 0.228070
2020-05-03 00:27:02,118:DEBUG:distillation:[72/200]0m 0.011s: Train loss: 0.328276 acc: 0.993407 - Test loss: 409.692291 acc: 0.228070
2020-05-03 00:27:02,128:DEBUG:distillation:[73/200]0m 0.010s: Train loss: 0.328916 acc: 0.989011 - Test loss: 398.829620 acc: 0.228070
2020-05-03 00:27:02,137:DEBUG:distillation:[74/200]0m 0.010s: Train loss: 0.329335 acc: 0.989011 - Test loss: 410.840881 acc: 0.228070
2020-05-03 00:27:02,147:DEBUG:distillation:[75/200]0m 0.010s: Train loss: 0.328928 acc: 0.995604 - Test loss: 402.732605 acc: 0.228070
2020-05-03 00:27:02,157:DEBUG:distillation:[76/200]0m 0.010s: Train loss: 0.328495 acc: 0.993407 - Test loss: 408.758820 acc: 0.228070
2020-05-03 00:27:02,168:DEBUG:distillation:[77/200]0m 0.011s: Train loss: 0.328113 acc: 0.991209 - Test loss: 410.692352 acc: 0.228070
2020-05-03 00:27:02,179:DEBUG:distillation:[78/200]0m 0.011s: Train loss: 0.328084 acc: 0.991209 - Test loss: 410.779053 acc: 0.228070
2020-05-03 00:27:02,189:DEBUG:distillation:[79/200]0m 0.010s: Train loss: 0.328037 acc: 0.991209 - Test loss: 411.437469 acc: 0.228070
2020-05-03 00:27:02,199:DEBUG:distillation:[80/200]0m 0.010s: Train loss: 0.328006 acc: 0.991209 - Test loss: 413.133759 acc: 0.228070
2020-05-03 00:27:02,210:DEBUG:distillation:[81/200]0m 0.010s: Train loss: 0.328025 acc: 0.991209 - Test loss: 413.200684 acc: 0.228070
2020-05-03 00:27:02,220:DEBUG:distillation:[82/200]0m 0.010s: Train loss: 0.328018 acc: 0.991209 - Test loss: 413.784363 acc: 0.228070
2020-05-03 00:27:02,230:DEBUG:distillation:[83/200]0m 0.010s: Train loss: 0.328073 acc: 0.991209 - Test loss: 412.011688 acc: 0.228070
2020-05-03 00:27:02,240:DEBUG:distillation:[84/200]0m 0.010s: Train loss: 0.328263 acc: 0.993407 - Test loss: 416.554657 acc: 0.228070
2020-05-03 00:27:02,250:DEBUG:distillation:[85/200]0m 0.011s: Train loss: 0.328202 acc: 0.993407 - Test loss: 412.146942 acc: 0.228070
2020-05-03 00:27:02,261:DEBUG:distillation:[86/200]0m 0.011s: Train loss: 0.328190 acc: 0.993407 - Test loss: 414.162384 acc: 0.228070
2020-05-03 00:27:02,271:DEBUG:distillation:[87/200]0m 0.010s: Train loss: 0.328032 acc: 0.991209 - Test loss: 415.736145 acc: 0.228070
2020-05-03 00:27:02,281:DEBUG:distillation:[88/200]0m 0.010s: Train loss: 0.327963 acc: 0.993407 - Test loss: 417.076233 acc: 0.228070
2020-05-03 00:27:02,290:DEBUG:distillation:[89/200]0m 0.010s: Train loss: 0.327886 acc: 0.991209 - Test loss: 418.857239 acc: 0.228070
2020-05-03 00:27:02,300:DEBUG:distillation:[90/200]0m 0.010s: Train loss: 0.327840 acc: 0.993407 - Test loss: 419.150116 acc: 0.228070
2020-05-03 00:27:02,310:DEBUG:distillation:[91/200]0m 0.010s: Train loss: 0.328106 acc: 0.993407 - Test loss: 413.295593 acc: 0.228070
2020-05-03 00:27:02,320:DEBUG:distillation:[92/200]0m 0.010s: Train loss: 0.328493 acc: 0.989011 - Test loss: 422.694641 acc: 0.228070
2020-05-03 00:27:02,329:DEBUG:distillation:[93/200]0m 0.010s: Train loss: 0.328322 acc: 0.991209 - Test loss: 411.942017 acc: 0.228070
2020-05-03 00:27:02,339:DEBUG:distillation:[94/200]0m 0.009s: Train loss: 0.328577 acc: 0.989011 - Test loss: 420.440735 acc: 0.228070
2020-05-03 00:27:02,349:DEBUG:distillation:[95/200]0m 0.010s: Train loss: 0.328157 acc: 0.995604 - Test loss: 416.143219 acc: 0.228070
2020-05-03 00:27:02,358:DEBUG:distillation:[96/200]0m 0.010s: Train loss: 0.327989 acc: 0.991209 - Test loss: 420.957825 acc: 0.228070
2020-05-03 00:27:02,368:DEBUG:distillation:[97/200]0m 0.010s: Train loss: 0.327909 acc: 0.993407 - Test loss: 419.442993 acc: 0.228070
2020-05-03 00:27:02,378:DEBUG:distillation:[98/200]0m 0.010s: Train loss: 0.327969 acc: 0.993407 - Test loss: 420.939423 acc: 0.228070
2020-05-03 00:27:02,387:DEBUG:distillation:[99/200]0m 0.010s: Train loss: 0.327898 acc: 0.993407 - Test loss: 423.825592 acc: 0.228070
2020-05-03 00:27:02,397:DEBUG:distillation:[100/200]0m 0.010s: Train loss: 0.327901 acc: 0.995604 - Test loss: 419.607330 acc: 0.228070
2020-05-03 00:27:02,406:DEBUG:distillation:[101/200]0m 0.009s: Train loss: 0.328057 acc: 0.993407 - Test loss: 423.470520 acc: 0.228070
2020-05-03 00:27:02,416:DEBUG:distillation:[102/200]0m 0.010s: Train loss: 0.327918 acc: 0.995604 - Test loss: 419.104065 acc: 0.228070
2020-05-03 00:27:02,426:DEBUG:distillation:[103/200]0m 0.009s: Train loss: 0.328018 acc: 0.993407 - Test loss: 423.599304 acc: 0.228070
2020-05-03 00:27:02,435:DEBUG:distillation:[104/200]0m 0.009s: Train loss: 0.327849 acc: 0.995604 - Test loss: 419.613678 acc: 0.228070
2020-05-03 00:27:02,445:DEBUG:distillation:[105/200]0m 0.009s: Train loss: 0.327952 acc: 0.993407 - Test loss: 424.643188 acc: 0.228070
2020-05-03 00:27:02,454:DEBUG:distillation:[106/200]0m 0.009s: Train loss: 0.327902 acc: 0.995604 - Test loss: 419.944916 acc: 0.228070
2020-05-03 00:27:02,464:DEBUG:distillation:[107/200]0m 0.009s: Train loss: 0.327972 acc: 0.993407 - Test loss: 424.463715 acc: 0.228070
2020-05-03 00:27:02,473:DEBUG:distillation:[108/200]0m 0.009s: Train loss: 0.327929 acc: 0.993407 - Test loss: 422.217865 acc: 0.228070
2020-05-03 00:27:02,483:DEBUG:distillation:[109/200]0m 0.009s: Train loss: 0.327936 acc: 0.993407 - Test loss: 424.554230 acc: 0.228070
2020-05-03 00:27:02,492:DEBUG:distillation:[110/200]0m 0.009s: Train loss: 0.327865 acc: 0.991209 - Test loss: 424.985840 acc: 0.228070
2020-05-03 00:27:02,502:DEBUG:distillation:[111/200]0m 0.009s: Train loss: 0.327778 acc: 0.991209 - Test loss: 430.199005 acc: 0.228070
2020-05-03 00:27:02,511:DEBUG:distillation:[112/200]0m 0.009s: Train loss: 0.327818 acc: 0.993407 - Test loss: 429.261749 acc: 0.228070
2020-05-03 00:27:02,521:DEBUG:distillation:[113/200]0m 0.009s: Train loss: 0.327697 acc: 0.995604 - Test loss: 429.648102 acc: 0.228070
2020-05-03 00:27:02,530:DEBUG:distillation:[114/200]0m 0.009s: Train loss: 0.327724 acc: 0.991209 - Test loss: 428.302002 acc: 0.228070
2020-05-03 00:27:02,540:DEBUG:distillation:[115/200]0m 0.009s: Train loss: 0.327769 acc: 0.995604 - Test loss: 428.021606 acc: 0.228070
2020-05-03 00:27:02,549:DEBUG:distillation:[116/200]0m 0.010s: Train loss: 0.327818 acc: 0.991209 - Test loss: 427.822571 acc: 0.228070
2020-05-03 00:27:02,559:DEBUG:distillation:[117/200]0m 0.009s: Train loss: 0.327802 acc: 0.991209 - Test loss: 428.786194 acc: 0.228070
2020-05-03 00:27:02,568:DEBUG:distillation:[118/200]0m 0.009s: Train loss: 0.327722 acc: 0.991209 - Test loss: 428.705292 acc: 0.228070
2020-05-03 00:27:02,578:DEBUG:distillation:[119/200]0m 0.009s: Train loss: 0.327696 acc: 0.991209 - Test loss: 431.294952 acc: 0.228070
2020-05-03 00:27:02,587:DEBUG:distillation:[120/200]0m 0.010s: Train loss: 0.327816 acc: 0.991209 - Test loss: 429.600494 acc: 0.228070
2020-05-03 00:27:02,597:DEBUG:distillation:[121/200]0m 0.010s: Train loss: 0.327731 acc: 0.995604 - Test loss: 431.451355 acc: 0.228070
2020-05-03 00:27:02,607:DEBUG:distillation:[122/200]0m 0.009s: Train loss: 0.327618 acc: 0.991209 - Test loss: 432.737457 acc: 0.228070
2020-05-03 00:27:02,616:DEBUG:distillation:[123/200]0m 0.009s: Train loss: 0.327576 acc: 0.995604 - Test loss: 426.508057 acc: 0.228070
2020-05-03 00:27:02,626:DEBUG:distillation:[124/200]0m 0.010s: Train loss: 0.327710 acc: 0.991209 - Test loss: 429.419403 acc: 0.228070
2020-05-03 00:27:02,637:DEBUG:distillation:[125/200]0m 0.011s: Train loss: 0.327698 acc: 0.995604 - Test loss: 424.186401 acc: 0.228070
2020-05-03 00:27:02,649:DEBUG:distillation:[126/200]0m 0.012s: Train loss: 0.327877 acc: 0.993407 - Test loss: 430.691223 acc: 0.228070
2020-05-03 00:27:02,660:DEBUG:distillation:[127/200]0m 0.011s: Train loss: 0.327801 acc: 0.995604 - Test loss: 424.170380 acc: 0.228070
2020-05-03 00:27:02,671:DEBUG:distillation:[128/200]0m 0.011s: Train loss: 0.327998 acc: 0.993407 - Test loss: 432.990845 acc: 0.228070
2020-05-03 00:27:02,683:DEBUG:distillation:[129/200]0m 0.012s: Train loss: 0.328212 acc: 0.995604 - Test loss: 425.937744 acc: 0.228070
2020-05-03 00:27:02,693:DEBUG:distillation:[130/200]0m 0.011s: Train loss: 0.327899 acc: 0.995604 - Test loss: 434.476166 acc: 0.228070
2020-05-03 00:27:02,706:DEBUG:distillation:[131/200]0m 0.012s: Train loss: 0.327769 acc: 0.993407 - Test loss: 431.840515 acc: 0.228070
2020-05-03 00:27:02,718:DEBUG:distillation:[132/200]0m 0.012s: Train loss: 0.327862 acc: 0.993407 - Test loss: 431.170044 acc: 0.228070
2020-05-03 00:27:02,730:DEBUG:distillation:[133/200]0m 0.012s: Train loss: 0.327907 acc: 0.993407 - Test loss: 433.757782 acc: 0.228070
2020-05-03 00:27:02,741:DEBUG:distillation:[134/200]0m 0.011s: Train loss: 0.327799 acc: 0.991209 - Test loss: 431.442505 acc: 0.228070
2020-05-03 00:27:02,752:DEBUG:distillation:[135/200]0m 0.011s: Train loss: 0.327796 acc: 0.991209 - Test loss: 433.332520 acc: 0.228070
2020-05-03 00:27:02,765:DEBUG:distillation:[136/200]0m 0.012s: Train loss: 0.327726 acc: 0.991209 - Test loss: 433.579803 acc: 0.228070
2020-05-03 00:27:02,775:DEBUG:distillation:[137/200]0m 0.010s: Train loss: 0.327607 acc: 0.991209 - Test loss: 436.238068 acc: 0.228070
2020-05-03 00:27:02,786:DEBUG:distillation:[138/200]0m 0.011s: Train loss: 0.327620 acc: 0.991209 - Test loss: 435.709106 acc: 0.228070
2020-05-03 00:27:02,796:DEBUG:distillation:[139/200]0m 0.010s: Train loss: 0.327773 acc: 0.993407 - Test loss: 434.724213 acc: 0.228070
2020-05-03 00:27:02,806:DEBUG:distillation:[140/200]0m 0.010s: Train loss: 0.327678 acc: 0.993407 - Test loss: 430.991272 acc: 0.228070
2020-05-03 00:27:02,821:DEBUG:distillation:[141/200]0m 0.015s: Train loss: 0.327754 acc: 0.993407 - Test loss: 435.683197 acc: 0.228070
2020-05-03 00:27:02,832:DEBUG:distillation:[142/200]0m 0.011s: Train loss: 0.327799 acc: 0.995604 - Test loss: 429.981873 acc: 0.228070
2020-05-03 00:27:02,844:DEBUG:distillation:[143/200]0m 0.012s: Train loss: 0.327874 acc: 0.995604 - Test loss: 439.188141 acc: 0.228070
2020-05-03 00:27:02,856:DEBUG:distillation:[144/200]0m 0.011s: Train loss: 0.327777 acc: 0.995604 - Test loss: 432.581573 acc: 0.228070
2020-05-03 00:27:02,867:DEBUG:distillation:[145/200]0m 0.011s: Train loss: 0.327905 acc: 0.991209 - Test loss: 438.917450 acc: 0.228070
2020-05-03 00:27:02,881:DEBUG:distillation:[146/200]0m 0.014s: Train loss: 0.327819 acc: 0.991209 - Test loss: 436.882172 acc: 0.228070
2020-05-03 00:27:02,891:DEBUG:distillation:[147/200]0m 0.010s: Train loss: 0.327855 acc: 0.993407 - Test loss: 440.240753 acc: 0.228070
2020-05-03 00:27:02,903:DEBUG:distillation:[148/200]0m 0.012s: Train loss: 0.327719 acc: 0.993407 - Test loss: 439.482452 acc: 0.228070
2020-05-03 00:27:02,915:DEBUG:distillation:[149/200]0m 0.011s: Train loss: 0.327761 acc: 0.991209 - Test loss: 440.510254 acc: 0.228070
2020-05-03 00:27:02,924:DEBUG:distillation:[150/200]0m 0.009s: Train loss: 0.327793 acc: 0.991209 - Test loss: 440.713898 acc: 0.228070
2020-05-03 00:27:02,936:DEBUG:distillation:[151/200]0m 0.012s: Train loss: 0.327798 acc: 0.993407 - Test loss: 439.487793 acc: 0.228070
2020-05-03 00:27:02,950:DEBUG:distillation:[152/200]0m 0.014s: Train loss: 0.327744 acc: 0.991209 - Test loss: 439.518311 acc: 0.228070
2020-05-03 00:27:02,963:DEBUG:distillation:[153/200]0m 0.013s: Train loss: 0.327682 acc: 0.993407 - Test loss: 436.509857 acc: 0.228070
2020-05-03 00:27:02,974:DEBUG:distillation:[154/200]0m 0.011s: Train loss: 0.327816 acc: 0.991209 - Test loss: 440.919373 acc: 0.228070
2020-05-03 00:27:02,987:DEBUG:distillation:[155/200]0m 0.014s: Train loss: 0.327851 acc: 0.995604 - Test loss: 436.407745 acc: 0.228070
2020-05-03 00:27:03,001:DEBUG:distillation:[156/200]0m 0.013s: Train loss: 0.328051 acc: 0.991209 - Test loss: 446.324615 acc: 0.228070
2020-05-03 00:27:03,013:DEBUG:distillation:[157/200]0m 0.012s: Train loss: 0.328123 acc: 0.991209 - Test loss: 433.210449 acc: 0.228070
2020-05-03 00:27:03,024:DEBUG:distillation:[158/200]0m 0.011s: Train loss: 0.328504 acc: 0.991209 - Test loss: 443.340088 acc: 0.228070
2020-05-03 00:27:03,038:DEBUG:distillation:[159/200]0m 0.014s: Train loss: 0.327977 acc: 0.995604 - Test loss: 443.440643 acc: 0.228070
2020-05-03 00:27:03,051:DEBUG:distillation:[160/200]0m 0.012s: Train loss: 0.327893 acc: 0.995604 - Test loss: 438.808899 acc: 0.228070
2020-05-03 00:27:03,063:DEBUG:distillation:[161/200]0m 0.012s: Train loss: 0.328299 acc: 0.993407 - Test loss: 447.350525 acc: 0.228070
2020-05-03 00:27:03,074:DEBUG:distillation:[162/200]0m 0.011s: Train loss: 0.327992 acc: 0.995604 - Test loss: 437.010651 acc: 0.228070
2020-05-03 00:27:03,088:DEBUG:distillation:[163/200]0m 0.014s: Train loss: 0.327975 acc: 0.993407 - Test loss: 444.128601 acc: 0.228070
2020-05-03 00:27:03,101:DEBUG:distillation:[164/200]0m 0.013s: Train loss: 0.327598 acc: 0.991209 - Test loss: 442.713440 acc: 0.228070
2020-05-03 00:27:03,116:DEBUG:distillation:[165/200]0m 0.015s: Train loss: 0.327620 acc: 0.991209 - Test loss: 446.605957 acc: 0.228070
2020-05-03 00:27:03,131:DEBUG:distillation:[166/200]0m 0.015s: Train loss: 0.327620 acc: 0.993407 - Test loss: 442.062805 acc: 0.228070
2020-05-03 00:27:03,141:DEBUG:distillation:[167/200]0m 0.010s: Train loss: 0.327687 acc: 0.991209 - Test loss: 446.025421 acc: 0.228070
2020-05-03 00:27:03,155:DEBUG:distillation:[168/200]0m 0.013s: Train loss: 0.327817 acc: 0.995604 - Test loss: 436.684906 acc: 0.228070
2020-05-03 00:27:03,168:DEBUG:distillation:[169/200]0m 0.013s: Train loss: 0.328568 acc: 0.993407 - Test loss: 451.156219 acc: 0.228070
2020-05-03 00:27:03,183:DEBUG:distillation:[170/200]0m 0.016s: Train loss: 0.328764 acc: 0.993407 - Test loss: 441.238190 acc: 0.228070
2020-05-03 00:27:03,196:DEBUG:distillation:[171/200]0m 0.013s: Train loss: 0.328233 acc: 0.995604 - Test loss: 445.524109 acc: 0.228070
2020-05-03 00:27:03,206:DEBUG:distillation:[172/200]0m 0.010s: Train loss: 0.328572 acc: 0.991209 - Test loss: 452.628784 acc: 0.228070
2020-05-03 00:27:03,220:DEBUG:distillation:[173/200]0m 0.013s: Train loss: 0.328461 acc: 0.995604 - Test loss: 438.120819 acc: 0.228070
2020-05-03 00:27:03,235:DEBUG:distillation:[174/200]0m 0.016s: Train loss: 0.328390 acc: 0.993407 - Test loss: 450.837646 acc: 0.228070
2020-05-03 00:27:03,248:DEBUG:distillation:[175/200]0m 0.013s: Train loss: 0.328127 acc: 0.995604 - Test loss: 440.905060 acc: 0.228070
2020-05-03 00:27:03,258:DEBUG:distillation:[176/200]0m 0.010s: Train loss: 0.327984 acc: 0.993407 - Test loss: 449.044128 acc: 0.228070
2020-05-03 00:27:03,271:DEBUG:distillation:[177/200]0m 0.013s: Train loss: 0.328010 acc: 0.993407 - Test loss: 451.439392 acc: 0.228070
2020-05-03 00:27:03,285:DEBUG:distillation:[178/200]0m 0.014s: Train loss: 0.327851 acc: 0.995604 - Test loss: 448.426788 acc: 0.228070
2020-05-03 00:27:03,298:DEBUG:distillation:[179/200]0m 0.012s: Train loss: 0.328001 acc: 0.993407 - Test loss: 455.088287 acc: 0.228070
2020-05-03 00:27:03,307:DEBUG:distillation:[180/200]0m 0.010s: Train loss: 0.328024 acc: 0.993407 - Test loss: 451.118469 acc: 0.228070
2020-05-03 00:27:03,321:DEBUG:distillation:[181/200]0m 0.013s: Train loss: 0.327858 acc: 0.995604 - Test loss: 449.384216 acc: 0.228070
2020-05-03 00:27:03,333:DEBUG:distillation:[182/200]0m 0.012s: Train loss: 0.327824 acc: 0.993407 - Test loss: 452.489136 acc: 0.228070
2020-05-03 00:27:03,348:DEBUG:distillation:[183/200]0m 0.015s: Train loss: 0.327649 acc: 0.993407 - Test loss: 445.342072 acc: 0.228070
2020-05-03 00:27:03,357:DEBUG:distillation:[184/200]0m 0.010s: Train loss: 0.328066 acc: 0.991209 - Test loss: 453.605835 acc: 0.228070
2020-05-03 00:27:03,370:DEBUG:distillation:[185/200]0m 0.012s: Train loss: 0.327892 acc: 0.991209 - Test loss: 450.557159 acc: 0.228070
2020-05-03 00:27:03,382:DEBUG:distillation:[186/200]0m 0.012s: Train loss: 0.327864 acc: 0.993407 - Test loss: 454.401520 acc: 0.228070
2020-05-03 00:27:03,395:DEBUG:distillation:[187/200]0m 0.013s: Train loss: 0.327873 acc: 0.991209 - Test loss: 454.932709 acc: 0.228070
2020-05-03 00:27:03,406:DEBUG:distillation:[188/200]0m 0.011s: Train loss: 0.327723 acc: 0.993407 - Test loss: 456.754028 acc: 0.228070
2020-05-03 00:27:03,420:DEBUG:distillation:[189/200]0m 0.014s: Train loss: 0.327729 acc: 0.991209 - Test loss: 456.355255 acc: 0.228070
2020-05-03 00:27:03,432:DEBUG:distillation:[190/200]0m 0.013s: Train loss: 0.327770 acc: 0.991209 - Test loss: 452.848419 acc: 0.228070
2020-05-03 00:27:03,448:DEBUG:distillation:[191/200]0m 0.015s: Train loss: 0.327757 acc: 0.991209 - Test loss: 456.248413 acc: 0.228070
2020-05-03 00:27:03,463:DEBUG:distillation:[192/200]0m 0.015s: Train loss: 0.327779 acc: 0.995604 - Test loss: 450.106934 acc: 0.228070
2020-05-03 00:27:03,473:DEBUG:distillation:[193/200]0m 0.011s: Train loss: 0.327947 acc: 0.993407 - Test loss: 456.952637 acc: 0.228070
2020-05-03 00:27:03,487:DEBUG:distillation:[194/200]0m 0.014s: Train loss: 0.327773 acc: 0.995604 - Test loss: 451.062714 acc: 0.228070
2020-05-03 00:27:03,500:DEBUG:distillation:[195/200]0m 0.013s: Train loss: 0.327909 acc: 0.993407 - Test loss: 461.990265 acc: 0.228070
2020-05-03 00:27:03,513:DEBUG:distillation:[196/200]0m 0.013s: Train loss: 0.328170 acc: 0.993407 - Test loss: 449.925903 acc: 0.228070
2020-05-03 00:27:03,523:DEBUG:distillation:[197/200]0m 0.010s: Train loss: 0.328143 acc: 0.991209 - Test loss: 458.236298 acc: 0.228070
2020-05-03 00:27:03,534:DEBUG:distillation:[198/200]0m 0.012s: Train loss: 0.327922 acc: 0.993407 - Test loss: 456.677155 acc: 0.228070
2020-05-03 00:27:03,548:DEBUG:distillation:[199/200]0m 0.014s: Train loss: 0.327800 acc: 0.995604 - Test loss: 454.835968 acc: 0.228070
2020-05-03 00:27:03,560:DEBUG:distillation:[200/200]0m 0.012s: Train loss: 0.327854 acc: 0.993407 - Test loss: 458.703430 acc: 0.228070
2020-05-03 00:27:03,568:INFO:model_container_pt:Saved model to save/distill_BCNN_BreastCancerWisconsin_t2_e200.pt
2020-05-03 00:27:03,568:DEBUG:defend_distill:Load save/BCNN_BreastCancerWisconsin_FGSM_x.npy...
2020-05-03 00:27:03,570:INFO:defend_distill:Accuracy on clean set - OG: 1.000000, Distill: 0.815789
2020-05-03 00:27:03,571:INFO:defend_distill:Blocked 21/114 samples on clean
2020-05-03 00:27:03,571:DEBUG:defend_distill:Load save/BCNN_BreastCancerWisconsin_FGSM_adv.npy...
2020-05-03 00:27:03,573:INFO:defend_distill:Accuracy on FGSM set - OG: 0.026316, Distill: 0.710526
2020-05-03 00:27:03,574:INFO:defend_distill:Blocked 78/114 samples on FGSM
2020-05-03 00:27:03,574:DEBUG:defend_distill:Load save/BCNN_BreastCancerWisconsin_BIM_adv.npy...
2020-05-03 00:27:03,578:INFO:defend_distill:Accuracy on BIM set - OG: 0.008772, Distill: 0.500000
2020-05-03 00:27:03,580:INFO:defend_distill:Blocked 56/114 samples on BIM
2020-05-03 00:27:03,580:DEBUG:defend_distill:Load save/BCNN_BreastCancerWisconsin_DeepFool_adv.npy...
2020-05-03 00:27:03,581:INFO:defend_distill:Accuracy on DeepFool set - OG: 0.078947, Distill: 0.657895
2020-05-03 00:27:03,583:INFO:defend_distill:Blocked 66/114 samples on DeepFool
2020-05-03 00:27:03,583:DEBUG:defend_distill:Load save/BCNN_BreastCancerWisconsin_Carlini_adv.npy...
2020-05-03 00:27:03,585:INFO:defend_distill:Accuracy on Carlini set - OG: 0.526316, Distill: 0.657895
2020-05-03 00:27:03,586:INFO:defend_distill:Blocked 77/114 samples on Carlini
