2020-05-02 21:26:43,939:INFO:defend_distill:Start at    : 20200502212643
2020-05-02 21:26:43,940:INFO:defend_distill:RECEIVED PARAMETERS:
2020-05-02 21:26:43,940:INFO:defend_distill:model file  :./save/MnistCnnV2_MNIST_e50.pt
2020-05-02 21:26:43,940:INFO:defend_distill:model       :MnistCnnV2
2020-05-02 21:26:43,940:INFO:defend_distill:dataset     :MNIST
2020-05-02 21:26:43,940:INFO:defend_distill:max_epochs  :50
2020-05-02 21:26:43,940:INFO:defend_distill:temperature :20
2020-05-02 21:26:43,940:INFO:defend_distill:batch_size  :128
2020-05-02 21:26:43,940:INFO:defend_distill:seed        :4096
2020-05-02 21:26:43,940:INFO:defend_distill:verbose     :True
2020-05-02 21:26:43,940:INFO:defend_distill:save_log    :True
2020-05-02 21:26:43,940:INFO:defend_distill:need train  :False
2020-05-02 21:26:43,940:INFO:defend_distill:pretrained  :distill_MnistCnnV2_MNIST_t20_e50.pt
2020-05-02 21:26:43,940:INFO:defend_distill:attacks     :clean, FGSM, BIM, DeepFool, Carlini, Saliency
2020-05-02 21:26:43,940:DEBUG:utils:Setting random seed for PyTorch.
2020-05-02 21:26:43,975:DEBUG:utils:/home/lukec/workspace/aad/aad/../data
2020-05-02 21:26:47,733:INFO:data_container:Train size: 60000 - Test size: 10000
2020-05-02 21:26:47,733:INFO:data_container:Successfully load data. Time to complete: 0m 3.758s
2020-05-02 21:26:49,330:DEBUG:model_container_pt:Using device: cuda
2020-05-02 21:26:49,332:INFO:model_container_pt:Loaded model from ./save/MnistCnnV2_MNIST_e50.pt
2020-05-02 21:26:49,477:INFO:defend_distill:Accuracy on test set: 0.994400
2020-05-02 21:26:49,615:DEBUG:distillation:Test set accuracy on pre-trained model: 0.994400
2020-05-02 21:26:50,751:DEBUG:distillation:Accuracy of smooth labels: 0.999983
2020-05-02 21:26:50,752:DEBUG:utils:/home/lukec/workspace/aad/aad/../data
2020-05-02 21:26:54,474:INFO:data_container:Train size: 60000 - Test size: 10000
2020-05-02 21:26:54,474:INFO:data_container:Successfully load data. Time to complete: 0m 3.722s
2020-05-02 21:26:54,495:DEBUG:model_container_pt:Using device: cuda
2020-05-02 21:26:55,265:DEBUG:distillation:Train set accuracy on distillation model: 0.104417
2020-05-02 21:26:55,390:DEBUG:distillation:Test set accuracy on distillation model: 0.102800
2020-05-02 21:26:55,391:INFO:model_container_pt:Loaded model from save/distill_MnistCnnV2_MNIST_t20_e50.pt
2020-05-02 21:26:55,392:DEBUG:defend_distill:Load save/MnistCnnV2_MNIST_FGSM_x.npy...
2020-05-02 21:26:55,423:INFO:defend_distill:Accuracy on clean set - OG: 1.000000, Distill: 0.997000
2020-05-02 21:26:55,455:INFO:defend_distill:Blocked 3/1000 samples on clean
2020-05-02 21:26:55,455:DEBUG:defend_distill:Load save/MnistCnnV2_MNIST_FGSM_adv.npy...
2020-05-02 21:26:55,487:INFO:defend_distill:Accuracy on FGSM set - OG: 0.705000, Distill: 0.828000
2020-05-02 21:26:55,517:INFO:defend_distill:Blocked 150/1000 samples on FGSM
2020-05-02 21:26:55,517:DEBUG:defend_distill:Load save/MnistCnnV2_MNIST_BIM_adv.npy...
2020-05-02 21:26:55,548:INFO:defend_distill:Accuracy on BIM set - OG: 0.000000, Distill: 0.025000
2020-05-02 21:26:55,578:INFO:defend_distill:Blocked 28/1000 samples on BIM
2020-05-02 21:26:55,578:DEBUG:defend_distill:Load save/MnistCnnV2_MNIST_DeepFool_adv.npy...
2020-05-02 21:26:55,608:INFO:defend_distill:Accuracy on DeepFool set - OG: 0.366000, Distill: 0.904000
2020-05-02 21:26:55,639:INFO:defend_distill:Blocked 605/1000 samples on DeepFool
2020-05-02 21:26:55,639:DEBUG:defend_distill:Load save/MnistCnnV2_MNIST_Carlini_adv.npy...
2020-05-02 21:26:55,669:INFO:defend_distill:Accuracy on Carlini set - OG: 0.103000, Distill: 0.108000
2020-05-02 21:26:55,699:INFO:defend_distill:Blocked 980/1000 samples on Carlini
2020-05-02 21:26:55,699:DEBUG:defend_distill:Load save/MnistCnnV2_MNIST_Saliency_adv.npy...
2020-05-02 21:26:55,731:INFO:defend_distill:Accuracy on Saliency set - OG: 0.000000, Distill: 0.726000
2020-05-02 21:26:55,761:INFO:defend_distill:Blocked 903/1000 samples on Saliency
