2020-05-02 21:26:56,597:INFO:defend_distill:Start at    : 20200502212656
2020-05-02 21:26:56,597:INFO:defend_distill:RECEIVED PARAMETERS:
2020-05-02 21:26:56,597:INFO:defend_distill:model file  :./save/CifarCnn_CIFAR10_e50.pt
2020-05-02 21:26:56,597:INFO:defend_distill:model       :CifarCnn
2020-05-02 21:26:56,597:INFO:defend_distill:dataset     :CIFAR10
2020-05-02 21:26:56,597:INFO:defend_distill:max_epochs  :50
2020-05-02 21:26:56,597:INFO:defend_distill:temperature :20
2020-05-02 21:26:56,597:INFO:defend_distill:batch_size  :128
2020-05-02 21:26:56,597:INFO:defend_distill:seed        :4096
2020-05-02 21:26:56,597:INFO:defend_distill:verbose     :True
2020-05-02 21:26:56,598:INFO:defend_distill:save_log    :True
2020-05-02 21:26:56,598:INFO:defend_distill:need train  :True
2020-05-02 21:26:56,598:INFO:defend_distill:pretrained  :distill_CifarCnn_CIFAR10_t20_e50.pt
2020-05-02 21:26:56,598:INFO:defend_distill:attacks     :clean, FGSM, BIM, DeepFool, Carlini, Saliency
2020-05-02 21:26:56,598:DEBUG:utils:Setting random seed for PyTorch.
2020-05-02 21:26:56,628:DEBUG:utils:/home/lukec/workspace/aad/aad/../data
2020-05-02 21:27:02,212:INFO:data_container:Train size: 50000 - Test size: 10000
2020-05-02 21:27:02,212:INFO:data_container:Successfully load data. Time to complete: 0m 5.584s
2020-05-02 21:27:03,852:DEBUG:model_container_pt:Using device: cuda
2020-05-02 21:27:03,862:INFO:model_container_pt:Loaded model from ./save/CifarCnn_CIFAR10_e50.pt
2020-05-02 21:27:04,236:INFO:defend_distill:Accuracy on test set: 0.814800
2020-05-02 21:27:04,590:DEBUG:distillation:Test set accuracy on pre-trained model: 0.814800
2020-05-02 21:27:06,707:DEBUG:distillation:Accuracy of smooth labels: 0.960380
2020-05-02 21:27:06,707:DEBUG:utils:/home/lukec/workspace/aad/aad/../data
2020-05-02 21:27:12,156:INFO:data_container:Train size: 50000 - Test size: 10000
2020-05-02 21:27:12,157:INFO:data_container:Successfully load data. Time to complete: 0m 5.450s
2020-05-02 21:27:12,227:DEBUG:model_container_pt:Using device: cuda
2020-05-02 21:27:14,019:DEBUG:distillation:Train set accuracy on distillation model: 0.101160
2020-05-02 21:27:14,373:DEBUG:distillation:Test set accuracy on distillation model: 0.100000
2020-05-02 21:27:20,197:DEBUG:distillation:[1/50]0m 5.822s: Train loss: 2.287883 acc: 0.478440 - Test loss: 2.040344 acc: 0.545500
2020-05-02 21:27:26,038:DEBUG:distillation:[2/50]0m 5.839s: Train loss: 2.278514 acc: 0.659120 - Test loss: 2.069227 acc: 0.451800
2020-05-02 21:27:31,881:DEBUG:distillation:[3/50]0m 5.843s: Train loss: 2.277894 acc: 0.681660 - Test loss: 2.026948 acc: 0.553000
2020-05-02 21:27:37,715:DEBUG:distillation:[4/50]0m 5.833s: Train loss: 2.277681 acc: 0.687100 - Test loss: 2.110981 acc: 0.611400
2020-05-02 21:27:43,548:DEBUG:distillation:[5/50]0m 5.831s: Train loss: 2.277717 acc: 0.688820 - Test loss: 2.073399 acc: 0.564700
2020-05-02 21:27:49,379:DEBUG:distillation:[6/50]0m 5.831s: Train loss: 2.277659 acc: 0.688160 - Test loss: 2.005612 acc: 0.580800
2020-05-02 21:27:55,202:DEBUG:distillation:[7/50]0m 5.823s: Train loss: 2.277740 acc: 0.686940 - Test loss: 2.060441 acc: 0.509000
2020-05-02 21:28:01,020:DEBUG:distillation:[8/50]0m 5.818s: Train loss: 2.277605 acc: 0.686240 - Test loss: 2.051928 acc: 0.572300
2020-05-02 21:28:06,835:DEBUG:distillation:[9/50]0m 5.815s: Train loss: 2.277542 acc: 0.689900 - Test loss: 1.989172 acc: 0.527300
2020-05-02 21:28:12,640:DEBUG:distillation:[10/50]0m 5.804s: Train loss: 2.277509 acc: 0.691720 - Test loss: 2.008255 acc: 0.464700
2020-05-02 21:28:18,447:DEBUG:distillation:[11/50]0m 5.807s: Train loss: 2.277386 acc: 0.694440 - Test loss: 2.044289 acc: 0.549900
2020-05-02 21:28:24,258:DEBUG:distillation:[12/50]0m 5.811s: Train loss: 2.277417 acc: 0.693300 - Test loss: 2.043852 acc: 0.620400
2020-05-02 21:28:30,063:DEBUG:distillation:[13/50]0m 5.804s: Train loss: 2.277395 acc: 0.696280 - Test loss: 2.001026 acc: 0.587400
2020-05-02 21:28:35,873:DEBUG:distillation:[14/50]0m 5.809s: Train loss: 2.277340 acc: 0.695420 - Test loss: 2.015054 acc: 0.520000
2020-05-02 21:28:41,693:DEBUG:distillation:[15/50]0m 5.820s: Train loss: 2.277318 acc: 0.698180 - Test loss: 1.941662 acc: 0.656400
2020-05-02 21:28:47,528:DEBUG:distillation:[16/50]0m 5.833s: Train loss: 2.277247 acc: 0.699820 - Test loss: 2.020015 acc: 0.420700
2020-05-02 21:28:53,361:DEBUG:distillation:[17/50]0m 5.833s: Train loss: 2.277198 acc: 0.700200 - Test loss: 2.014450 acc: 0.623400
2020-05-02 21:28:59,195:DEBUG:distillation:[18/50]0m 5.833s: Train loss: 2.277218 acc: 0.700440 - Test loss: 2.040808 acc: 0.483100
2020-05-02 21:29:05,026:DEBUG:distillation:[19/50]0m 5.831s: Train loss: 2.277231 acc: 0.701820 - Test loss: 2.013679 acc: 0.576100
2020-05-02 21:29:10,862:DEBUG:distillation:[20/50]0m 5.836s: Train loss: 2.277198 acc: 0.703100 - Test loss: 2.000340 acc: 0.574200
2020-05-02 21:29:16,696:DEBUG:distillation:[21/50]0m 5.834s: Train loss: 2.277193 acc: 0.704400 - Test loss: 2.020754 acc: 0.614100
2020-05-02 21:29:22,532:DEBUG:distillation:[22/50]0m 5.835s: Train loss: 2.277183 acc: 0.701660 - Test loss: 2.001584 acc: 0.578000
2020-05-02 21:29:28,363:DEBUG:distillation:[23/50]0m 5.832s: Train loss: 2.277163 acc: 0.704220 - Test loss: 2.018057 acc: 0.569800
2020-05-02 21:29:34,199:DEBUG:distillation:[24/50]0m 5.836s: Train loss: 2.277100 acc: 0.706500 - Test loss: 1.946549 acc: 0.633100
2020-05-02 21:29:40,034:DEBUG:distillation:[25/50]0m 5.834s: Train loss: 2.277125 acc: 0.703940 - Test loss: 1.996481 acc: 0.620600
2020-05-02 21:29:45,867:DEBUG:distillation:[26/50]0m 5.833s: Train loss: 2.277125 acc: 0.705060 - Test loss: 2.006190 acc: 0.599300
2020-05-02 21:29:51,705:DEBUG:distillation:[27/50]0m 5.838s: Train loss: 2.277124 acc: 0.703700 - Test loss: 2.018695 acc: 0.657900
2020-05-02 21:29:57,540:DEBUG:distillation:[28/50]0m 5.834s: Train loss: 2.277090 acc: 0.704200 - Test loss: 2.037097 acc: 0.453700
2020-05-02 21:30:03,384:DEBUG:distillation:[29/50]0m 5.843s: Train loss: 2.277095 acc: 0.706200 - Test loss: 1.980428 acc: 0.644200
2020-05-02 21:30:09,221:DEBUG:distillation:[30/50]0m 5.837s: Train loss: 2.277156 acc: 0.706100 - Test loss: 2.006894 acc: 0.513100
2020-05-02 21:30:15,054:DEBUG:distillation:[31/50]0m 5.833s: Train loss: 2.277105 acc: 0.706100 - Test loss: 2.003484 acc: 0.507000
2020-05-02 21:30:20,890:DEBUG:distillation:[32/50]0m 5.837s: Train loss: 2.277137 acc: 0.704880 - Test loss: 1.976883 acc: 0.658300
2020-05-02 21:30:26,730:DEBUG:distillation:[33/50]0m 5.838s: Train loss: 2.277139 acc: 0.706800 - Test loss: 1.955824 acc: 0.587500
2020-05-02 21:30:32,565:DEBUG:distillation:[34/50]0m 5.835s: Train loss: 2.277133 acc: 0.704000 - Test loss: 1.999543 acc: 0.599200
2020-05-02 21:30:38,405:DEBUG:distillation:[35/50]0m 5.840s: Train loss: 2.277111 acc: 0.706700 - Test loss: 2.074701 acc: 0.575600
2020-05-02 21:30:44,243:DEBUG:distillation:[36/50]0m 5.838s: Train loss: 2.277080 acc: 0.706240 - Test loss: 2.001828 acc: 0.641100
2020-05-02 21:30:50,082:DEBUG:distillation:[37/50]0m 5.839s: Train loss: 2.277118 acc: 0.703980 - Test loss: 2.007537 acc: 0.625100
2020-05-02 21:30:55,923:DEBUG:distillation:[38/50]0m 5.841s: Train loss: 2.277144 acc: 0.705760 - Test loss: 2.055853 acc: 0.498200
2020-05-02 21:31:01,765:DEBUG:distillation:[39/50]0m 5.842s: Train loss: 2.277079 acc: 0.705740 - Test loss: 1.958719 acc: 0.612100
2020-05-02 21:31:07,606:DEBUG:distillation:[40/50]0m 5.841s: Train loss: 2.277104 acc: 0.704940 - Test loss: 1.970363 acc: 0.615800
2020-05-02 21:31:13,443:DEBUG:distillation:[41/50]0m 5.837s: Train loss: 2.277131 acc: 0.704820 - Test loss: 1.989966 acc: 0.653300
2020-05-02 21:31:19,277:DEBUG:distillation:[42/50]0m 5.833s: Train loss: 2.277101 acc: 0.706520 - Test loss: 2.005461 acc: 0.576000
2020-05-02 21:31:25,114:DEBUG:distillation:[43/50]0m 5.837s: Train loss: 2.277095 acc: 0.708080 - Test loss: 2.026625 acc: 0.532800
2020-05-02 21:31:30,951:DEBUG:distillation:[44/50]0m 5.837s: Train loss: 2.277116 acc: 0.705600 - Test loss: 2.017603 acc: 0.603900
2020-05-02 21:31:36,792:DEBUG:distillation:[45/50]0m 5.841s: Train loss: 2.277119 acc: 0.703680 - Test loss: 2.002385 acc: 0.671500
2020-05-02 21:31:42,628:DEBUG:distillation:[46/50]0m 5.835s: Train loss: 2.277058 acc: 0.708520 - Test loss: 1.956055 acc: 0.645800
2020-05-02 21:31:48,464:DEBUG:distillation:[47/50]0m 5.836s: Train loss: 2.277109 acc: 0.706640 - Test loss: 2.016025 acc: 0.467100
2020-05-02 21:31:54,303:DEBUG:distillation:[48/50]0m 5.838s: Train loss: 2.277135 acc: 0.703500 - Test loss: 2.034531 acc: 0.556100
2020-05-02 21:32:00,138:DEBUG:distillation:[49/50]0m 5.835s: Train loss: 2.277083 acc: 0.705260 - Test loss: 2.004721 acc: 0.568000
2020-05-02 21:32:05,973:DEBUG:distillation:[50/50]0m 5.835s: Train loss: 2.277122 acc: 0.704440 - Test loss: 2.000452 acc: 0.571000
2020-05-02 21:32:05,979:INFO:model_container_pt:Saved model to save/distill_CifarCnn_CIFAR10_t20_e50.pt
2020-05-02 21:32:05,986:DEBUG:defend_distill:Load save/CifarCnn_CIFAR10_FGSM_x.npy...
2020-05-02 21:32:06,075:INFO:defend_distill:Accuracy on clean set - OG: 1.000000, Distill: 0.712000
2020-05-02 21:32:06,158:INFO:defend_distill:Blocked 288/1000 samples on clean
2020-05-02 21:32:06,159:DEBUG:defend_distill:Load save/CifarCnn_CIFAR10_FGSM_adv.npy...
2020-05-02 21:32:06,250:INFO:defend_distill:Accuracy on FGSM set - OG: 0.023000, Distill: 0.113000
2020-05-02 21:32:06,333:INFO:defend_distill:Blocked 576/1000 samples on FGSM
2020-05-02 21:32:06,333:DEBUG:defend_distill:Load save/CifarCnn_CIFAR10_BIM_adv.npy...
2020-05-02 21:32:06,425:INFO:defend_distill:Accuracy on BIM set - OG: 0.065000, Distill: 0.071000
2020-05-02 21:32:06,509:INFO:defend_distill:Blocked 207/1000 samples on BIM
2020-05-02 21:32:06,509:DEBUG:defend_distill:Load save/CifarCnn_CIFAR10_DeepFool_adv.npy...
2020-05-02 21:32:06,603:INFO:defend_distill:Accuracy on DeepFool set - OG: 0.972000, Distill: 0.686000
2020-05-02 21:32:06,692:INFO:defend_distill:Blocked 317/1000 samples on DeepFool
2020-05-02 21:32:06,692:DEBUG:defend_distill:Load save/CifarCnn_CIFAR10_Carlini_adv.npy...
2020-05-02 21:32:06,785:INFO:defend_distill:Accuracy on Carlini set - OG: 0.087000, Distill: 0.091000
2020-05-02 21:32:06,869:INFO:defend_distill:Blocked 317/1000 samples on Carlini
2020-05-02 21:32:06,869:DEBUG:defend_distill:Load save/CifarCnn_CIFAR10_Saliency_adv.npy...
2020-05-02 21:32:06,960:INFO:defend_distill:Accuracy on Saliency set - OG: 0.817000, Distill: 0.606000
2020-05-02 21:32:07,043:INFO:defend_distill:Blocked 377/1000 samples on Saliency
