2020-04-20 22:47:36,797:INFO:defend_ad:Start at    : 20200420224736
2020-04-20 22:47:36,797:INFO:defend_ad:RECEIVED PARAMETERS:
2020-04-20 22:47:36,797:INFO:defend_ad:model file  :./save/CifarResnet50_CIFAR10_e30.pt
2020-04-20 22:47:36,797:INFO:defend_ad:adv file    :./save/CifarResnet50_CIFAR10_FGSM_adv.npy
2020-04-20 22:47:36,797:INFO:defend_ad:model       :CifarResnet50
2020-04-20 22:47:36,797:INFO:defend_ad:dataset     :CIFAR10
2020-04-20 22:47:36,797:INFO:defend_ad:param file  :./cmd/AdParamsImage.json
2020-04-20 22:47:36,797:INFO:defend_ad:seed        :4096
2020-04-20 22:47:36,797:INFO:defend_ad:verbose     :True
2020-04-20 22:47:36,798:INFO:defend_ad:save_log    :True
2020-04-20 22:47:36,798:INFO:defend_ad:check_clean :True
2020-04-20 22:47:36,798:DEBUG:defend_ad:params     : {'k2': 1, 'reliability': 1.0, 'sample_ratio': 0.2, 'kappa': 16, 'confidence': 0.9, 'disable_s2': False}
2020-04-20 22:47:36,798:DEBUG:utils:Setting random seed for PyTorch.
2020-04-20 22:47:36,821:DEBUG:utils:/home/lukec/workspace/aad/aad/../data
2020-04-20 22:47:42,246:INFO:data_container:Train size: 50000 - Test size: 10000
2020-04-20 22:47:42,246:INFO:data_container:Successfully load data. Time to complete: 0m 5.425s
2020-04-20 22:47:42,596:INFO:defend_ad:Use CifarResnet50 model
2020-04-20 22:47:44,862:DEBUG:model_container_pt:Using device: cuda
2020-04-20 22:47:44,916:INFO:model_container_pt:Loaded model from ./save/CifarResnet50_CIFAR10_e30.pt
2020-04-20 22:47:45,986:INFO:defend_ad:Accuracy on test set: 0.819600
2020-04-20 22:47:50,750:DEBUG:applicability_domain:Number of input attributes: 2048
2020-04-20 22:47:51,007:DEBUG:detector_container:Time to complete [AD Stage 1]: 0m 0.257s
2020-04-20 22:50:10,948:DEBUG:detector_container:Time to complete [AD Stage 2]: 2m 19.941s
2020-04-20 22:50:10,949:DEBUG:applicability_domain:k for Stage 3: 160
2020-04-20 22:50:27,177:DEBUG:applicability_domain:[AD Stage 3]: Size of train set: 10000
2020-04-20 22:54:48,399:DEBUG:applicability_domain:Train set likelihood: 0.999682
2020-04-20 22:54:48,407:DEBUG:detector_container:Time to complete [AD Stage 3]: 4m 37.459s
2020-04-20 22:54:48,565:DEBUG:applicability_domain:Stage 1: blocked 0 inputs
2020-04-20 22:54:51,891:DEBUG:applicability_domain:Stage 2: blocked 232 inputs
2020-04-20 22:55:12,387:DEBUG:applicability_domain:Mean likelihood on adv: 0.973527
2020-04-20 22:55:12,387:DEBUG:applicability_domain:Stage 3: blocked 48 inputs
2020-04-20 22:55:12,390:INFO:defend_ad:Blocked 280/1000 samples on clean samples
2020-04-20 22:55:12,565:DEBUG:applicability_domain:Stage 1: blocked 0 inputs
2020-04-20 22:55:16,087:DEBUG:applicability_domain:Stage 2: blocked 766 inputs
2020-04-20 22:55:22,279:DEBUG:applicability_domain:Mean likelihood on adv: 0.933627
2020-04-20 22:55:22,279:DEBUG:applicability_domain:Stage 3: blocked 12 inputs
2020-04-20 22:55:22,280:INFO:defend_ad:Blocked 778/1000 samples on adv. examples
2020-04-20 22:55:22,280:INFO:defend_ad:[result]./save/CifarResnet50_CIFAR10_e30.pt,./save/CifarResnet50_CIFAR10_FGSM_adv.npy,1,1.0,0.2,0.9,16,False,clean,0,232,48
2020-04-20 22:55:22,280:INFO:defend_ad:[result]./save/CifarResnet50_CIFAR10_e30.pt,./save/CifarResnet50_CIFAR10_FGSM_adv.npy,1,1.0,0.2,0.9,16,False,adv,0,766,12
