2020-04-20 23:03:31,940:INFO:defend_ad:Start at    : 20200420230331
2020-04-20 23:03:31,940:INFO:defend_ad:RECEIVED PARAMETERS:
2020-04-20 23:03:31,940:INFO:defend_ad:model file  :./save/IrisNN_BankNote_e200.pt
2020-04-20 23:03:31,940:INFO:defend_ad:adv file    :./save/IrisNN_BankNote_BIM_adv.npy
2020-04-20 23:03:31,940:INFO:defend_ad:model       :IrisNN
2020-04-20 23:03:31,940:INFO:defend_ad:dataset     :BankNote
2020-04-20 23:03:31,940:INFO:defend_ad:param file  :./cmd/AdParamsNumeral.json
2020-04-20 23:03:31,940:INFO:defend_ad:seed        :4096
2020-04-20 23:03:31,940:INFO:defend_ad:verbose     :True
2020-04-20 23:03:31,940:INFO:defend_ad:save_log    :True
2020-04-20 23:03:31,941:INFO:defend_ad:check_clean :True
2020-04-20 23:03:31,941:DEBUG:defend_ad:params     : {'k2': 1, 'reliability': 1.0, 'sample_ratio': 1.0, 'kappa': 6, 'confidence': 0.8, 'disable_s2': False}
2020-04-20 23:03:31,941:DEBUG:utils:Setting random seed for PyTorch.
2020-04-20 23:03:31,969:DEBUG:utils:/home/lukec/workspace/aad/aad/../data
2020-04-20 23:03:31,969:DEBUG:data_container:Reading file /home/lukec/workspace/aad/aad/../data/data_banknote_authentication.txt
2020-04-20 23:03:31,977:INFO:data_container:Train size: 1098 - Test size: 274
2020-04-20 23:03:31,977:INFO:data_container:Successfully load data. Time to complete: 0m 0.009s
2020-04-20 23:03:31,978:INFO:defend_ad:Use IrisNN model
2020-04-20 23:03:34,397:DEBUG:model_container_pt:Using device: cuda
2020-04-20 23:03:34,398:INFO:model_container_pt:Loaded model from ./save/IrisNN_BankNote_e200.pt
2020-04-20 23:03:34,421:INFO:defend_ad:Accuracy on test set: 1.000000
2020-04-20 23:03:34,432:DEBUG:applicability_domain:Number of input attributes: 16
2020-04-20 23:03:34,432:DEBUG:detector_container:Time to complete [AD Stage 1]: 0m 0.000s
2020-04-20 23:03:34,645:DEBUG:detector_container:Time to complete [AD Stage 2]: 0m 0.213s
2020-04-20 23:03:34,646:DEBUG:applicability_domain:k for Stage 3: 12
2020-04-20 23:03:34,650:DEBUG:applicability_domain:[AD Stage 3]: Size of train set: 1098
2020-04-20 23:03:34,890:DEBUG:applicability_domain:Train set likelihood: 0.998406
2020-04-20 23:03:34,890:DEBUG:detector_container:Time to complete [AD Stage 3]: 0m 0.245s
2020-04-20 23:03:34,893:DEBUG:applicability_domain:Stage 1: blocked 0 inputs
2020-04-20 23:03:35,100:DEBUG:applicability_domain:Stage 2: blocked 48 inputs
2020-04-20 23:03:35,262:DEBUG:applicability_domain:Mean likelihood on adv: 0.995575
2020-04-20 23:03:35,263:DEBUG:applicability_domain:Stage 3: blocked 2 inputs
2020-04-20 23:03:35,263:INFO:defend_ad:Blocked 50/274 samples on clean samples
2020-04-20 23:03:35,267:DEBUG:applicability_domain:Stage 1: blocked 0 inputs
2020-04-20 23:03:35,474:DEBUG:applicability_domain:Stage 2: blocked 273 inputs
2020-04-20 23:03:35,581:DEBUG:applicability_domain:Mean likelihood on adv: 1.000000
2020-04-20 23:03:35,581:DEBUG:applicability_domain:Stage 3: blocked 0 inputs
2020-04-20 23:03:35,582:INFO:defend_ad:Blocked 273/274 samples on adv. examples
2020-04-20 23:03:35,582:INFO:defend_ad:[result]./save/IrisNN_BankNote_e200.pt,./save/IrisNN_BankNote_BIM_adv.npy,1,1.0,1.0,0.8,6,False,clean,0,48,2
2020-04-20 23:03:35,582:INFO:defend_ad:[result]./save/IrisNN_BankNote_e200.pt,./save/IrisNN_BankNote_BIM_adv.npy,1,1.0,1.0,0.8,6,False,adv,0,273,0
