2020-04-21 13:57:04,886:INFO:defend_ad:Start at    : 20200421135704
2020-04-21 13:57:04,886:INFO:defend_ad:RECEIVED PARAMETERS:
2020-04-21 13:57:04,886:INFO:defend_ad:model file  :./save/CifarResnet50_SVHN_e30.pt
2020-04-21 13:57:04,886:INFO:defend_ad:adv file    :./save/CifarResnet50_SVHN_BIM_adv.npy
2020-04-21 13:57:04,886:INFO:defend_ad:model       :CifarResnet50
2020-04-21 13:57:04,886:INFO:defend_ad:dataset     :SVHN
2020-04-21 13:57:04,887:INFO:defend_ad:param file  :./cmd/AdParamsImage.json
2020-04-21 13:57:04,887:INFO:defend_ad:seed        :4096
2020-04-21 13:57:04,887:INFO:defend_ad:verbose     :True
2020-04-21 13:57:04,887:INFO:defend_ad:save_log    :True
2020-04-21 13:57:04,887:INFO:defend_ad:check_clean :True
2020-04-21 13:57:04,887:DEBUG:defend_ad:params     : {'k2': 1, 'reliability': 1.0, 'sample_ratio': 0.2, 'kappa': 16, 'confidence': 0.9, 'disable_s2': False}
2020-04-21 13:57:04,887:DEBUG:utils:Setting random seed for PyTorch.
2020-04-21 13:57:04,902:DEBUG:utils:/home/lukec/workspace/aad/aad/../data
2020-04-21 13:57:14,567:INFO:data_container:Train size: 73257 - Test size: 26032
2020-04-21 13:57:14,567:INFO:data_container:Successfully load data. Time to complete: 0m 9.665s
2020-04-21 13:57:14,905:INFO:defend_ad:Use CifarResnet50 model
2020-04-21 13:57:17,176:DEBUG:model_container_pt:Using device: cuda
2020-04-21 13:57:17,233:INFO:model_container_pt:Loaded model from ./save/CifarResnet50_SVHN_e30.pt
2020-04-21 13:57:19,997:INFO:defend_ad:Accuracy on test set: 0.927090
2020-04-21 13:57:27,004:DEBUG:applicability_domain:Number of input attributes: 2048
2020-04-21 13:57:27,372:DEBUG:detector_container:Time to complete [AD Stage 1]: 0m 0.368s
2020-04-21 14:02:56,928:DEBUG:detector_container:Time to complete [AD Stage 2]: 5m 29.555s
2020-04-21 14:02:56,928:DEBUG:applicability_domain:k for Stage 3: 160
2020-04-21 14:03:21,064:DEBUG:applicability_domain:[AD Stage 3]: Size of train set: 14651
2020-04-21 14:13:11,008:DEBUG:applicability_domain:Train set likelihood: 0.999487
2020-04-21 14:13:11,022:DEBUG:detector_container:Time to complete [AD Stage 3]: 10m 14.094s
2020-04-21 14:13:11,212:DEBUG:applicability_domain:Stage 1: blocked 0 inputs
2020-04-21 14:13:16,956:DEBUG:applicability_domain:Stage 2: blocked 242 inputs
2020-04-21 14:13:48,133:DEBUG:applicability_domain:Mean likelihood on adv: 0.994426
2020-04-21 14:13:48,133:DEBUG:applicability_domain:Stage 3: blocked 9 inputs
2020-04-21 14:13:48,134:INFO:defend_ad:Blocked 251/1000 samples on clean samples
2020-04-21 14:13:48,271:DEBUG:applicability_domain:Stage 1: blocked 0 inputs
2020-04-21 14:13:53,504:DEBUG:applicability_domain:Stage 2: blocked 1000 inputs
2020-04-21 14:13:53,504:DEBUG:applicability_domain:Stage 3: blocked 0 inputs
2020-04-21 14:13:53,505:INFO:defend_ad:Blocked 1000/1000 samples on adv. examples
2020-04-21 14:13:53,505:INFO:defend_ad:[result]./save/CifarResnet50_SVHN_e30.pt,./save/CifarResnet50_SVHN_BIM_adv.npy,1,1.0,0.2,0.9,16,False,clean,0,242,9
2020-04-21 14:13:53,505:INFO:defend_ad:[result]./save/CifarResnet50_SVHN_e30.pt,./save/CifarResnet50_SVHN_BIM_adv.npy,1,1.0,0.2,0.9,16,False,adv,0,1000,0
