2020-04-20 23:10:12,220:INFO:defend_ad:Start at    : 20200420231012
2020-04-20 23:10:12,221:INFO:defend_ad:RECEIVED PARAMETERS:
2020-04-20 23:10:12,221:INFO:defend_ad:model file  :./save/MnistCnnV2_MNIST_e50.pt
2020-04-20 23:10:12,221:INFO:defend_ad:adv file    :./save/MnistCnnV2_MNIST_BIM_adv.npy
2020-04-20 23:10:12,221:INFO:defend_ad:model       :MnistCnnV2
2020-04-20 23:10:12,221:INFO:defend_ad:dataset     :MNIST
2020-04-20 23:10:12,221:INFO:defend_ad:param file  :./cmd/AdParamsImage.json
2020-04-20 23:10:12,221:INFO:defend_ad:seed        :4096
2020-04-20 23:10:12,221:INFO:defend_ad:verbose     :True
2020-04-20 23:10:12,221:INFO:defend_ad:save_log    :True
2020-04-20 23:10:12,221:INFO:defend_ad:check_clean :True
2020-04-20 23:10:12,221:DEBUG:defend_ad:params     : {'k2': 1, 'reliability': 1.0, 'sample_ratio': 0.2, 'kappa': 16, 'confidence': 0.9, 'disable_s2': False}
2020-04-20 23:10:12,221:DEBUG:utils:Setting random seed for PyTorch.
2020-04-20 23:10:12,245:DEBUG:utils:/home/lukec/workspace/aad/aad/../data
2020-04-20 23:10:16,120:INFO:data_container:Train size: 60000 - Test size: 10000
2020-04-20 23:10:16,120:INFO:data_container:Successfully load data. Time to complete: 0m 3.875s
2020-04-20 23:10:16,123:INFO:defend_ad:Use MnistCnnV2 model
2020-04-20 23:10:18,458:DEBUG:model_container_pt:Using device: cuda
2020-04-20 23:10:18,459:INFO:model_container_pt:Loaded model from ./save/MnistCnnV2_MNIST_e50.pt
2020-04-20 23:10:18,604:INFO:defend_ad:Accuracy on test set: 0.990900
2020-04-20 23:10:19,297:DEBUG:applicability_domain:Number of input attributes: 128
2020-04-20 23:10:19,316:DEBUG:detector_container:Time to complete [AD Stage 1]: 0m 0.019s
2020-04-20 23:10:24,263:DEBUG:detector_container:Time to complete [AD Stage 2]: 0m 4.946s
2020-04-20 23:10:24,263:DEBUG:applicability_domain:k for Stage 3: 160
2020-04-20 23:10:28,110:DEBUG:applicability_domain:[AD Stage 3]: Size of train set: 12000
2020-04-20 23:10:35,245:DEBUG:applicability_domain:Train set likelihood: 0.995859
2020-04-20 23:10:35,245:DEBUG:detector_container:Time to complete [AD Stage 3]: 0m 10.982s
2020-04-20 23:10:35,273:DEBUG:applicability_domain:Stage 1: blocked 0 inputs
2020-04-20 23:10:36,320:DEBUG:applicability_domain:Stage 2: blocked 143 inputs
2020-04-20 23:10:37,121:DEBUG:applicability_domain:Mean likelihood on adv: 0.999781
2020-04-20 23:10:37,121:DEBUG:applicability_domain:Stage 3: blocked 0 inputs
2020-04-20 23:10:37,122:INFO:defend_ad:Blocked 143/1000 samples on clean samples
2020-04-20 23:10:37,146:DEBUG:applicability_domain:Stage 1: blocked 0 inputs
2020-04-20 23:10:38,194:DEBUG:applicability_domain:Stage 2: blocked 258 inputs
2020-04-20 23:10:38,734:DEBUG:applicability_domain:Mean likelihood on adv: 0.999899
2020-04-20 23:10:38,734:DEBUG:applicability_domain:Stage 3: blocked 0 inputs
2020-04-20 23:10:38,734:INFO:defend_ad:Blocked 258/1000 samples on adv. examples
2020-04-20 23:10:38,734:INFO:defend_ad:[result]./save/MnistCnnV2_MNIST_e50.pt,./save/MnistCnnV2_MNIST_BIM_adv.npy,1,1.0,0.2,0.9,16,False,clean,0,143,0
2020-04-20 23:10:38,734:INFO:defend_ad:[result]./save/MnistCnnV2_MNIST_e50.pt,./save/MnistCnnV2_MNIST_BIM_adv.npy,1,1.0,0.2,0.9,16,False,adv,0,258,0
