2020-04-20 22:23:58,878:INFO:defend_ad:Start at    : 20200420222358
2020-04-20 22:23:58,878:INFO:defend_ad:RECEIVED PARAMETERS:
2020-04-20 22:23:58,878:INFO:defend_ad:model file  :./save/CifarResnet50_CIFAR10_e30.pt
2020-04-20 22:23:58,878:INFO:defend_ad:adv file    :./save/CifarResnet50_CIFAR10_BIM_adv.npy
2020-04-20 22:23:58,878:INFO:defend_ad:model       :CifarResnet50
2020-04-20 22:23:58,878:INFO:defend_ad:dataset     :CIFAR10
2020-04-20 22:23:58,878:INFO:defend_ad:param file  :./cmd/AdParamsImage.json
2020-04-20 22:23:58,878:INFO:defend_ad:seed        :4096
2020-04-20 22:23:58,878:INFO:defend_ad:verbose     :True
2020-04-20 22:23:58,879:INFO:defend_ad:save_log    :True
2020-04-20 22:23:58,879:INFO:defend_ad:check_clean :True
2020-04-20 22:23:58,879:DEBUG:defend_ad:params     : {'k2': 1, 'reliability': 1.0, 'sample_ratio': 0.2, 'kappa': 16, 'confidence': 0.9, 'disable_s2': False}
2020-04-20 22:23:58,879:DEBUG:utils:Setting random seed for PyTorch.
2020-04-20 22:23:58,913:DEBUG:utils:/home/lukec/workspace/aad/aad/../data
2020-04-20 22:24:04,308:INFO:data_container:Train size: 50000 - Test size: 10000
2020-04-20 22:24:04,308:INFO:data_container:Successfully load data. Time to complete: 0m 5.395s
2020-04-20 22:24:04,634:INFO:defend_ad:Use CifarResnet50 model
2020-04-20 22:24:06,879:DEBUG:model_container_pt:Using device: cuda
2020-04-20 22:24:06,934:INFO:model_container_pt:Loaded model from ./save/CifarResnet50_CIFAR10_e30.pt
2020-04-20 22:24:08,031:INFO:defend_ad:Accuracy on test set: 0.819600
2020-04-20 22:24:12,845:DEBUG:applicability_domain:Number of input attributes: 2048
2020-04-20 22:24:13,099:DEBUG:detector_container:Time to complete [AD Stage 1]: 0m 0.253s
2020-04-20 22:26:31,695:DEBUG:detector_container:Time to complete [AD Stage 2]: 2m 18.596s
2020-04-20 22:26:31,695:DEBUG:applicability_domain:k for Stage 3: 160
2020-04-20 22:26:46,547:DEBUG:applicability_domain:[AD Stage 3]: Size of train set: 10000
2020-04-20 22:31:09,379:DEBUG:applicability_domain:Train set likelihood: 0.999682
2020-04-20 22:31:09,390:DEBUG:detector_container:Time to complete [AD Stage 3]: 4m 37.695s
2020-04-20 22:31:09,535:DEBUG:applicability_domain:Stage 1: blocked 0 inputs
2020-04-20 22:31:13,168:DEBUG:applicability_domain:Stage 2: blocked 232 inputs
2020-04-20 22:31:34,449:DEBUG:applicability_domain:Mean likelihood on adv: 0.973527
2020-04-20 22:31:34,450:DEBUG:applicability_domain:Stage 3: blocked 48 inputs
2020-04-20 22:31:34,452:INFO:defend_ad:Blocked 280/1000 samples on clean samples
2020-04-20 22:31:34,609:DEBUG:applicability_domain:Stage 1: blocked 0 inputs
2020-04-20 22:31:38,342:DEBUG:applicability_domain:Stage 2: blocked 985 inputs
2020-04-20 22:31:38,954:DEBUG:applicability_domain:Mean likelihood on adv: 1.000000
2020-04-20 22:31:38,954:DEBUG:applicability_domain:Stage 3: blocked 0 inputs
2020-04-20 22:31:38,954:INFO:defend_ad:Blocked 985/1000 samples on adv. examples
2020-04-20 22:31:38,954:INFO:defend_ad:[result]./save/CifarResnet50_CIFAR10_e30.pt,./save/CifarResnet50_CIFAR10_BIM_adv.npy,1,1.0,0.2,0.9,16,False,clean,0,232,48
2020-04-20 22:31:38,954:INFO:defend_ad:[result]./save/CifarResnet50_CIFAR10_e30.pt,./save/CifarResnet50_CIFAR10_BIM_adv.npy,1,1.0,0.2,0.9,16,False,adv,0,985,0
