2020-04-20 22:23:02,720:INFO:defend_ad:Start at    : 20200420222302
2020-04-20 22:23:02,720:INFO:defend_ad:RECEIVED PARAMETERS:
2020-04-20 22:23:02,720:INFO:defend_ad:model file  :./save/CifarCnn_CIFAR10_e50.pt
2020-04-20 22:23:02,720:INFO:defend_ad:adv file    :./save/CifarCnn_CIFAR10_Saliency_adv.npy
2020-04-20 22:23:02,720:INFO:defend_ad:model       :CifarCnn
2020-04-20 22:23:02,720:INFO:defend_ad:dataset     :CIFAR10
2020-04-20 22:23:02,720:INFO:defend_ad:param file  :./cmd/AdParamsImage.json
2020-04-20 22:23:02,720:INFO:defend_ad:seed        :4096
2020-04-20 22:23:02,721:INFO:defend_ad:verbose     :True
2020-04-20 22:23:02,721:INFO:defend_ad:save_log    :True
2020-04-20 22:23:02,721:INFO:defend_ad:check_clean :True
2020-04-20 22:23:02,721:DEBUG:defend_ad:params     : {'k2': 1, 'reliability': 1.0, 'sample_ratio': 0.2, 'kappa': 16, 'confidence': 0.9, 'disable_s2': False}
2020-04-20 22:23:02,721:DEBUG:utils:Setting random seed for PyTorch.
2020-04-20 22:23:02,762:DEBUG:utils:/home/lukec/workspace/aad/aad/../data
2020-04-20 22:23:08,284:INFO:data_container:Train size: 50000 - Test size: 10000
2020-04-20 22:23:08,284:INFO:data_container:Successfully load data. Time to complete: 0m 5.522s
2020-04-20 22:23:08,300:INFO:defend_ad:Use CifarCnn model
2020-04-20 22:23:10,598:DEBUG:model_container_pt:Using device: cuda
2020-04-20 22:23:10,602:INFO:model_container_pt:Loaded model from ./save/CifarCnn_CIFAR10_e50.pt
2020-04-20 22:23:10,983:INFO:defend_ad:Accuracy on test set: 0.813400
2020-04-20 22:23:12,712:DEBUG:applicability_domain:Number of input attributes: 512
2020-04-20 22:23:12,765:DEBUG:detector_container:Time to complete [AD Stage 1]: 0m 0.053s
2020-04-20 22:23:31,656:DEBUG:detector_container:Time to complete [AD Stage 2]: 0m 18.891s
2020-04-20 22:23:31,656:DEBUG:applicability_domain:k for Stage 3: 160
2020-04-20 22:23:35,696:DEBUG:applicability_domain:[AD Stage 3]: Size of train set: 10000
2020-04-20 22:23:53,668:DEBUG:applicability_domain:Train set likelihood: 0.949280
2020-04-20 22:23:53,671:DEBUG:detector_container:Time to complete [AD Stage 3]: 0m 22.015s
2020-04-20 22:23:53,739:DEBUG:applicability_domain:Stage 1: blocked 0 inputs
2020-04-20 22:23:54,864:DEBUG:applicability_domain:Stage 2: blocked 153 inputs
2020-04-20 22:23:56,535:DEBUG:applicability_domain:Mean likelihood on adv: 0.923030
2020-04-20 22:23:56,535:DEBUG:applicability_domain:Stage 3: blocked 132 inputs
2020-04-20 22:23:56,537:INFO:defend_ad:Blocked 285/1000 samples on clean samples
2020-04-20 22:23:56,585:DEBUG:applicability_domain:Stage 1: blocked 0 inputs
2020-04-20 22:23:57,303:DEBUG:applicability_domain:Stage 2: blocked 810 inputs
2020-04-20 22:23:58,074:DEBUG:applicability_domain:Mean likelihood on adv: 0.520987
2020-04-20 22:23:58,074:DEBUG:applicability_domain:Stage 3: blocked 37 inputs
2020-04-20 22:23:58,074:INFO:defend_ad:Blocked 847/1000 samples on adv. examples
2020-04-20 22:23:58,074:INFO:defend_ad:[result]./save/CifarCnn_CIFAR10_e50.pt,./save/CifarCnn_CIFAR10_Saliency_adv.npy,1,1.0,0.2,0.9,16,False,clean,0,153,132
2020-04-20 22:23:58,074:INFO:defend_ad:[result]./save/CifarCnn_CIFAR10_e50.pt,./save/CifarCnn_CIFAR10_Saliency_adv.npy,1,1.0,0.2,0.9,16,False,adv,0,810,37
