2020-04-20 23:11:32,521:INFO:defend_ad:Start at    : 20200420231132
2020-04-20 23:11:32,521:INFO:defend_ad:RECEIVED PARAMETERS:
2020-04-20 23:11:32,521:INFO:defend_ad:model file  :./save/MnistCnnV2_MNIST_e50.pt
2020-04-20 23:11:32,521:INFO:defend_ad:adv file    :./save/MnistCnnV2_MNIST_FGSM_adv.npy
2020-04-20 23:11:32,521:INFO:defend_ad:model       :MnistCnnV2
2020-04-20 23:11:32,521:INFO:defend_ad:dataset     :MNIST
2020-04-20 23:11:32,521:INFO:defend_ad:param file  :./cmd/AdParamsImage.json
2020-04-20 23:11:32,521:INFO:defend_ad:seed        :4096
2020-04-20 23:11:32,521:INFO:defend_ad:verbose     :True
2020-04-20 23:11:32,521:INFO:defend_ad:save_log    :True
2020-04-20 23:11:32,521:INFO:defend_ad:check_clean :True
2020-04-20 23:11:32,522:DEBUG:defend_ad:params     : {'k2': 1, 'reliability': 1.0, 'sample_ratio': 0.2, 'kappa': 16, 'confidence': 0.9, 'disable_s2': False}
2020-04-20 23:11:32,522:DEBUG:utils:Setting random seed for PyTorch.
2020-04-20 23:11:32,543:DEBUG:utils:/home/lukec/workspace/aad/aad/../data
2020-04-20 23:11:36,320:INFO:data_container:Train size: 60000 - Test size: 10000
2020-04-20 23:11:36,320:INFO:data_container:Successfully load data. Time to complete: 0m 3.777s
2020-04-20 23:11:36,323:INFO:defend_ad:Use MnistCnnV2 model
2020-04-20 23:11:38,605:DEBUG:model_container_pt:Using device: cuda
2020-04-20 23:11:38,607:INFO:model_container_pt:Loaded model from ./save/MnistCnnV2_MNIST_e50.pt
2020-04-20 23:11:38,745:INFO:defend_ad:Accuracy on test set: 0.990900
2020-04-20 23:11:39,427:DEBUG:applicability_domain:Number of input attributes: 128
2020-04-20 23:11:39,446:DEBUG:detector_container:Time to complete [AD Stage 1]: 0m 0.019s
2020-04-20 23:11:43,850:DEBUG:detector_container:Time to complete [AD Stage 2]: 0m 4.404s
2020-04-20 23:11:43,850:DEBUG:applicability_domain:k for Stage 3: 160
2020-04-20 23:11:47,807:DEBUG:applicability_domain:[AD Stage 3]: Size of train set: 12000
2020-04-20 23:11:55,344:DEBUG:applicability_domain:Train set likelihood: 0.995859
2020-04-20 23:11:55,345:DEBUG:detector_container:Time to complete [AD Stage 3]: 0m 11.494s
2020-04-20 23:11:55,368:DEBUG:applicability_domain:Stage 1: blocked 0 inputs
2020-04-20 23:11:56,417:DEBUG:applicability_domain:Stage 2: blocked 143 inputs
2020-04-20 23:11:57,124:DEBUG:applicability_domain:Mean likelihood on adv: 0.999781
2020-04-20 23:11:57,124:DEBUG:applicability_domain:Stage 3: blocked 0 inputs
2020-04-20 23:11:57,125:INFO:defend_ad:Blocked 143/1000 samples on clean samples
2020-04-20 23:11:57,150:DEBUG:applicability_domain:Stage 1: blocked 0 inputs
2020-04-20 23:11:58,199:DEBUG:applicability_domain:Stage 2: blocked 806 inputs
2020-04-20 23:11:58,469:DEBUG:applicability_domain:Mean likelihood on adv: 0.946134
2020-04-20 23:11:58,469:DEBUG:applicability_domain:Stage 3: blocked 3 inputs
2020-04-20 23:11:58,469:INFO:defend_ad:Blocked 809/1000 samples on adv. examples
2020-04-20 23:11:58,469:INFO:defend_ad:[result]./save/MnistCnnV2_MNIST_e50.pt,./save/MnistCnnV2_MNIST_FGSM_adv.npy,1,1.0,0.2,0.9,16,False,clean,0,143,0
2020-04-20 23:11:58,469:INFO:defend_ad:[result]./save/MnistCnnV2_MNIST_e50.pt,./save/MnistCnnV2_MNIST_FGSM_adv.npy,1,1.0,0.2,0.9,16,False,adv,0,806,3
