2020-05-02 12:47:06,914:INFO:defend_ad:Start at    : 20200502124706
2020-05-02 12:47:06,920:INFO:defend_ad:RECEIVED PARAMETERS:
2020-05-02 12:47:06,920:INFO:defend_ad:model file  :./save/CifarCnn_SVHN_e50.pt
2020-05-02 12:47:06,920:INFO:defend_ad:adv file    :./save/CifarCnn_SVHN_Saliency_adv.npy
2020-05-02 12:47:06,920:INFO:defend_ad:model       :CifarCnn
2020-05-02 12:47:06,920:INFO:defend_ad:dataset     :SVHN
2020-05-02 12:47:06,920:INFO:defend_ad:param file  :./cmd/AdParamsImage.json
2020-05-02 12:47:06,920:INFO:defend_ad:seed        :4096
2020-05-02 12:47:06,921:INFO:defend_ad:verbose     :True
2020-05-02 12:47:06,921:INFO:defend_ad:save_log    :True
2020-05-02 12:47:06,921:INFO:defend_ad:check_clean :True
2020-05-02 12:47:06,921:DEBUG:defend_ad:params     : {'k2': 1, 'reliability': 1.0, 'sample_ratio': 0.2, 'kappa': 16, 'confidence': 0.9, 'disable_s2': False}
2020-05-02 12:47:06,921:DEBUG:utils:Setting random seed for PyTorch.
2020-05-02 12:47:06,940:DEBUG:utils:/home/lukec/workspace/aad/aad/../data
2020-05-02 12:47:16,773:INFO:data_container:Train size: 73257 - Test size: 26032
2020-05-02 12:47:16,773:INFO:data_container:Successfully load data. Time to complete: 0m 9.833s
2020-05-02 12:47:16,784:INFO:defend_ad:Use CifarCnn model
2020-05-02 12:47:18,398:DEBUG:model_container_pt:Using device: cuda
2020-05-02 12:47:18,403:INFO:model_container_pt:Loaded model from ./save/CifarCnn_SVHN_e50.pt
2020-05-02 12:47:19,354:INFO:defend_ad:Accuracy on test set: 0.936501
2020-05-02 12:47:21,827:DEBUG:applicability_domain:Number of input attributes: 512
2020-05-02 12:47:21,908:DEBUG:detector_container:Time to complete [AD Stage 1]: 0m 0.081s
2020-05-02 12:47:51,610:DEBUG:detector_container:Time to complete [AD Stage 2]: 0m 29.702s
2020-05-02 12:47:51,610:DEBUG:applicability_domain:k for Stage 3: 160
2020-05-02 12:47:57,396:DEBUG:applicability_domain:[AD Stage 3]: Size of train set: 14651
2020-05-02 12:48:21,516:DEBUG:applicability_domain:Train set likelihood: 0.968731
2020-05-02 12:48:21,519:DEBUG:detector_container:Time to complete [AD Stage 3]: 0m 29.909s
2020-05-02 12:48:21,608:DEBUG:applicability_domain:Stage 1: blocked 0 inputs
2020-05-02 12:48:23,349:DEBUG:applicability_domain:Stage 2: blocked 185 inputs
2020-05-02 12:48:24,816:DEBUG:applicability_domain:Mean likelihood on adv: 0.977584
2020-05-02 12:48:24,816:DEBUG:applicability_domain:Stage 3: blocked 34 inputs
2020-05-02 12:48:24,817:INFO:defend_ad:Blocked 219/1000 samples on clean samples
2020-05-02 12:48:24,870:DEBUG:applicability_domain:Stage 1: blocked 0 inputs
2020-05-02 12:48:25,591:DEBUG:applicability_domain:Stage 2: blocked 847 inputs
2020-05-02 12:48:26,045:DEBUG:applicability_domain:Mean likelihood on adv: 0.636315
2020-05-02 12:48:26,045:DEBUG:applicability_domain:Stage 3: blocked 23 inputs
2020-05-02 12:48:26,045:INFO:defend_ad:Blocked 870/1000 samples on adv. examples
2020-05-02 12:48:26,045:INFO:defend_ad:[result]./save/CifarCnn_SVHN_e50.pt,./save/CifarCnn_SVHN_Saliency_adv.npy,1,1.0,0.2,0.9,16,False,clean,0,185,34
2020-05-02 12:48:26,045:INFO:defend_ad:[result]./save/CifarCnn_SVHN_e50.pt,./save/CifarCnn_SVHN_Saliency_adv.npy,1,1.0,0.2,0.9,16,False,adv,0,847,23
