2020-04-21 14:30:59,575:INFO:defend_ad:Start at    : 20200421143059
2020-04-21 14:30:59,575:INFO:defend_ad:RECEIVED PARAMETERS:
2020-04-21 14:30:59,575:INFO:defend_ad:model file  :./save/CifarResnet50_SVHN_e30.pt
2020-04-21 14:30:59,575:INFO:defend_ad:adv file    :./save/CifarResnet50_SVHN_FGSM_adv.npy
2020-04-21 14:30:59,575:INFO:defend_ad:model       :CifarResnet50
2020-04-21 14:30:59,575:INFO:defend_ad:dataset     :SVHN
2020-04-21 14:30:59,575:INFO:defend_ad:param file  :./cmd/AdParamsImage.json
2020-04-21 14:30:59,575:INFO:defend_ad:seed        :4096
2020-04-21 14:30:59,575:INFO:defend_ad:verbose     :True
2020-04-21 14:30:59,576:INFO:defend_ad:save_log    :True
2020-04-21 14:30:59,576:INFO:defend_ad:check_clean :True
2020-04-21 14:30:59,576:DEBUG:defend_ad:params     : {'k2': 1, 'reliability': 1.0, 'sample_ratio': 0.2, 'kappa': 16, 'confidence': 0.9, 'disable_s2': False}
2020-04-21 14:30:59,576:DEBUG:utils:Setting random seed for PyTorch.
2020-04-21 14:30:59,608:DEBUG:utils:/home/lukec/workspace/aad/aad/../data
2020-04-21 14:31:09,302:INFO:data_container:Train size: 73257 - Test size: 26032
2020-04-21 14:31:09,302:INFO:data_container:Successfully load data. Time to complete: 0m 9.694s
2020-04-21 14:31:09,657:INFO:defend_ad:Use CifarResnet50 model
2020-04-21 14:31:11,929:DEBUG:model_container_pt:Using device: cuda
2020-04-21 14:31:11,984:INFO:model_container_pt:Loaded model from ./save/CifarResnet50_SVHN_e30.pt
2020-04-21 14:31:14,723:INFO:defend_ad:Accuracy on test set: 0.927090
2020-04-21 14:31:21,617:DEBUG:applicability_domain:Number of input attributes: 2048
2020-04-21 14:31:21,992:DEBUG:detector_container:Time to complete [AD Stage 1]: 0m 0.375s
2020-04-21 14:36:43,933:DEBUG:detector_container:Time to complete [AD Stage 2]: 5m 21.941s
2020-04-21 14:36:43,933:DEBUG:applicability_domain:k for Stage 3: 160
2020-04-21 14:37:09,502:DEBUG:applicability_domain:[AD Stage 3]: Size of train set: 14651
2020-04-21 14:47:10,365:DEBUG:applicability_domain:Train set likelihood: 0.999487
2020-04-21 14:47:10,376:DEBUG:detector_container:Time to complete [AD Stage 3]: 10m 26.443s
2020-04-21 14:47:10,535:DEBUG:applicability_domain:Stage 1: blocked 0 inputs
2020-04-21 14:47:15,764:DEBUG:applicability_domain:Stage 2: blocked 242 inputs
2020-04-21 14:47:47,081:DEBUG:applicability_domain:Mean likelihood on adv: 0.994426
2020-04-21 14:47:47,081:DEBUG:applicability_domain:Stage 3: blocked 9 inputs
2020-04-21 14:47:47,084:INFO:defend_ad:Blocked 251/1000 samples on clean samples
2020-04-21 14:47:47,235:DEBUG:applicability_domain:Stage 1: blocked 0 inputs
2020-04-21 14:47:52,972:DEBUG:applicability_domain:Stage 2: blocked 991 inputs
2020-04-21 14:47:53,580:DEBUG:applicability_domain:Mean likelihood on adv: 1.000000
2020-04-21 14:47:53,580:DEBUG:applicability_domain:Stage 3: blocked 0 inputs
2020-04-21 14:47:53,587:INFO:defend_ad:Blocked 991/1000 samples on adv. examples
2020-04-21 14:47:53,587:INFO:defend_ad:[result]./save/CifarResnet50_SVHN_e30.pt,./save/CifarResnet50_SVHN_FGSM_adv.npy,1,1.0,0.2,0.9,16,False,clean,0,242,9
2020-04-21 14:47:53,587:INFO:defend_ad:[result]./save/CifarResnet50_SVHN_e30.pt,./save/CifarResnet50_SVHN_FGSM_adv.npy,1,1.0,0.2,0.9,16,False,adv,0,991,0
