2020-04-20 22:20:15,670:INFO:defend_ad:Start at    : 20200420222015
2020-04-20 22:20:15,671:INFO:defend_ad:RECEIVED PARAMETERS:
2020-04-20 22:20:15,671:INFO:defend_ad:model file  :./save/CifarCnn_CIFAR10_e50.pt
2020-04-20 22:20:15,671:INFO:defend_ad:adv file    :./save/CifarCnn_CIFAR10_BIM_adv.npy
2020-04-20 22:20:15,671:INFO:defend_ad:model       :CifarCnn
2020-04-20 22:20:15,671:INFO:defend_ad:dataset     :CIFAR10
2020-04-20 22:20:15,671:INFO:defend_ad:param file  :./cmd/AdParamsImage.json
2020-04-20 22:20:15,671:INFO:defend_ad:seed        :4096
2020-04-20 22:20:15,671:INFO:defend_ad:verbose     :True
2020-04-20 22:20:15,671:INFO:defend_ad:save_log    :True
2020-04-20 22:20:15,671:INFO:defend_ad:check_clean :True
2020-04-20 22:20:15,671:DEBUG:defend_ad:params     : {'k2': 1, 'reliability': 1.0, 'sample_ratio': 0.2, 'kappa': 16, 'confidence': 0.9, 'disable_s2': False}
2020-04-20 22:20:15,671:DEBUG:utils:Setting random seed for PyTorch.
2020-04-20 22:20:15,710:DEBUG:utils:/home/lukec/workspace/aad/aad/../data
2020-04-20 22:20:21,224:INFO:data_container:Train size: 50000 - Test size: 10000
2020-04-20 22:20:21,224:INFO:data_container:Successfully load data. Time to complete: 0m 5.513s
2020-04-20 22:20:21,233:INFO:defend_ad:Use CifarCnn model
2020-04-20 22:20:23,489:DEBUG:model_container_pt:Using device: cuda
2020-04-20 22:20:23,493:INFO:model_container_pt:Loaded model from ./save/CifarCnn_CIFAR10_e50.pt
2020-04-20 22:20:23,870:INFO:defend_ad:Accuracy on test set: 0.813400
2020-04-20 22:20:25,559:DEBUG:applicability_domain:Number of input attributes: 512
2020-04-20 22:20:25,611:DEBUG:detector_container:Time to complete [AD Stage 1]: 0m 0.052s
2020-04-20 22:20:42,285:DEBUG:detector_container:Time to complete [AD Stage 2]: 0m 16.674s
2020-04-20 22:20:42,285:DEBUG:applicability_domain:k for Stage 3: 160
2020-04-20 22:20:46,294:DEBUG:applicability_domain:[AD Stage 3]: Size of train set: 10000
2020-04-20 22:21:03,994:DEBUG:applicability_domain:Train set likelihood: 0.949280
2020-04-20 22:21:03,997:DEBUG:detector_container:Time to complete [AD Stage 3]: 0m 21.712s
2020-04-20 22:21:04,057:DEBUG:applicability_domain:Stage 1: blocked 0 inputs
2020-04-20 22:21:05,285:DEBUG:applicability_domain:Stage 2: blocked 153 inputs
2020-04-20 22:21:07,130:DEBUG:applicability_domain:Mean likelihood on adv: 0.923030
2020-04-20 22:21:07,130:DEBUG:applicability_domain:Stage 3: blocked 132 inputs
2020-04-20 22:21:07,132:INFO:defend_ad:Blocked 285/1000 samples on clean samples
2020-04-20 22:21:07,180:DEBUG:applicability_domain:Stage 1: blocked 0 inputs
2020-04-20 22:21:08,225:DEBUG:applicability_domain:Stage 2: blocked 1000 inputs
2020-04-20 22:21:08,226:DEBUG:applicability_domain:Stage 3: blocked 0 inputs
2020-04-20 22:21:08,226:INFO:defend_ad:Blocked 1000/1000 samples on adv. examples
2020-04-20 22:21:08,226:INFO:defend_ad:[result]./save/CifarCnn_CIFAR10_e50.pt,./save/CifarCnn_CIFAR10_BIM_adv.npy,1,1.0,0.2,0.9,16,False,clean,0,153,132
2020-04-20 22:21:08,227:INFO:defend_ad:[result]./save/CifarCnn_CIFAR10_e50.pt,./save/CifarCnn_CIFAR10_BIM_adv.npy,1,1.0,0.2,0.9,16,False,adv,0,1000,0
