2020-05-02 12:40:40,547:INFO:defend_ad:Start at    : 20200502124040
2020-05-02 12:40:40,547:INFO:defend_ad:RECEIVED PARAMETERS:
2020-05-02 12:40:40,547:INFO:defend_ad:model file  :./save/CifarCnn_CIFAR10_e50.pt
2020-05-02 12:40:40,547:INFO:defend_ad:adv file    :./save/CifarCnn_CIFAR10_Saliency_adv.npy
2020-05-02 12:40:40,547:INFO:defend_ad:model       :CifarCnn
2020-05-02 12:40:40,547:INFO:defend_ad:dataset     :CIFAR10
2020-05-02 12:40:40,547:INFO:defend_ad:param file  :./cmd/AdParamsImage.json
2020-05-02 12:40:40,547:INFO:defend_ad:seed        :4096
2020-05-02 12:40:40,547:INFO:defend_ad:verbose     :True
2020-05-02 12:40:40,547:INFO:defend_ad:save_log    :True
2020-05-02 12:40:40,547:INFO:defend_ad:check_clean :True
2020-05-02 12:40:40,547:DEBUG:defend_ad:params     : {'k2': 1, 'reliability': 1.0, 'sample_ratio': 0.2, 'kappa': 16, 'confidence': 0.9, 'disable_s2': False}
2020-05-02 12:40:40,547:DEBUG:utils:Setting random seed for PyTorch.
2020-05-02 12:40:40,566:DEBUG:utils:/home/lukec/workspace/aad/aad/../data
2020-05-02 12:40:46,097:INFO:data_container:Train size: 50000 - Test size: 10000
2020-05-02 12:40:46,097:INFO:data_container:Successfully load data. Time to complete: 0m 5.531s
2020-05-02 12:40:46,106:INFO:defend_ad:Use CifarCnn model
2020-05-02 12:40:47,691:DEBUG:model_container_pt:Using device: cuda
2020-05-02 12:40:47,695:INFO:model_container_pt:Loaded model from ./save/CifarCnn_CIFAR10_e50.pt
2020-05-02 12:40:48,079:INFO:defend_ad:Accuracy on test set: 0.814800
2020-05-02 12:40:49,772:DEBUG:applicability_domain:Number of input attributes: 512
2020-05-02 12:40:49,825:DEBUG:detector_container:Time to complete [AD Stage 1]: 0m 0.052s
2020-05-02 12:41:07,848:DEBUG:detector_container:Time to complete [AD Stage 2]: 0m 18.024s
2020-05-02 12:41:07,848:DEBUG:applicability_domain:k for Stage 3: 160
2020-05-02 12:41:13,929:DEBUG:applicability_domain:[AD Stage 3]: Size of train set: 10000
2020-05-02 12:41:35,988:DEBUG:applicability_domain:Train set likelihood: 0.941430
2020-05-02 12:41:35,990:DEBUG:detector_container:Time to complete [AD Stage 3]: 0m 28.142s
2020-05-02 12:41:36,072:DEBUG:applicability_domain:Stage 1: blocked 0 inputs
2020-05-02 12:41:37,707:DEBUG:applicability_domain:Stage 2: blocked 245 inputs
2020-05-02 12:41:39,598:DEBUG:applicability_domain:Mean likelihood on adv: 0.927194
2020-05-02 12:41:39,598:DEBUG:applicability_domain:Stage 3: blocked 105 inputs
2020-05-02 12:41:39,599:INFO:defend_ad:Blocked 350/1000 samples on clean samples
2020-05-02 12:41:39,658:DEBUG:applicability_domain:Stage 1: blocked 0 inputs
2020-05-02 12:41:40,579:DEBUG:applicability_domain:Stage 2: blocked 986 inputs
2020-05-02 12:41:40,687:DEBUG:applicability_domain:Mean likelihood on adv: 0.736161
2020-05-02 12:41:40,688:DEBUG:applicability_domain:Stage 3: blocked 0 inputs
2020-05-02 12:41:40,688:INFO:defend_ad:Blocked 986/1000 samples on adv. examples
2020-05-02 12:41:40,688:INFO:defend_ad:[result]./save/CifarCnn_CIFAR10_e50.pt,./save/CifarCnn_CIFAR10_Saliency_adv.npy,1,1.0,0.2,0.9,16,False,clean,0,245,105
2020-05-02 12:41:40,688:INFO:defend_ad:[result]./save/CifarCnn_CIFAR10_e50.pt,./save/CifarCnn_CIFAR10_Saliency_adv.npy,1,1.0,0.2,0.9,16,False,adv,0,986,0
