2020-04-20 23:03:45,218:INFO:defend_ad:Start at    : 20200420230345
2020-04-20 23:03:45,218:INFO:defend_ad:RECEIVED PARAMETERS:
2020-04-20 23:03:45,218:INFO:defend_ad:model file  :./save/IrisNN_BankNote_e200.pt
2020-04-20 23:03:45,218:INFO:defend_ad:adv file    :./save/IrisNN_BankNote_FGSM_adv.npy
2020-04-20 23:03:45,218:INFO:defend_ad:model       :IrisNN
2020-04-20 23:03:45,218:INFO:defend_ad:dataset     :BankNote
2020-04-20 23:03:45,218:INFO:defend_ad:param file  :./cmd/AdParamsNumeral.json
2020-04-20 23:03:45,218:INFO:defend_ad:seed        :4096
2020-04-20 23:03:45,218:INFO:defend_ad:verbose     :True
2020-04-20 23:03:45,219:INFO:defend_ad:save_log    :True
2020-04-20 23:03:45,219:INFO:defend_ad:check_clean :True
2020-04-20 23:03:45,219:DEBUG:defend_ad:params     : {'k2': 1, 'reliability': 1.0, 'sample_ratio': 1.0, 'kappa': 6, 'confidence': 0.8, 'disable_s2': False}
2020-04-20 23:03:45,219:DEBUG:utils:Setting random seed for PyTorch.
2020-04-20 23:03:45,246:DEBUG:utils:/home/lukec/workspace/aad/aad/../data
2020-04-20 23:03:45,247:DEBUG:data_container:Reading file /home/lukec/workspace/aad/aad/../data/data_banknote_authentication.txt
2020-04-20 23:03:45,252:INFO:data_container:Train size: 1098 - Test size: 274
2020-04-20 23:03:45,252:INFO:data_container:Successfully load data. Time to complete: 0m 0.005s
2020-04-20 23:03:45,253:INFO:defend_ad:Use IrisNN model
2020-04-20 23:03:47,614:DEBUG:model_container_pt:Using device: cuda
2020-04-20 23:03:47,615:INFO:model_container_pt:Loaded model from ./save/IrisNN_BankNote_e200.pt
2020-04-20 23:03:47,638:INFO:defend_ad:Accuracy on test set: 1.000000
2020-04-20 23:03:47,645:DEBUG:applicability_domain:Number of input attributes: 16
2020-04-20 23:03:47,645:DEBUG:detector_container:Time to complete [AD Stage 1]: 0m 0.000s
2020-04-20 23:03:47,857:DEBUG:detector_container:Time to complete [AD Stage 2]: 0m 0.212s
2020-04-20 23:03:47,857:DEBUG:applicability_domain:k for Stage 3: 12
2020-04-20 23:03:47,864:DEBUG:applicability_domain:[AD Stage 3]: Size of train set: 1098
2020-04-20 23:03:48,093:DEBUG:applicability_domain:Train set likelihood: 0.998406
2020-04-20 23:03:48,094:DEBUG:detector_container:Time to complete [AD Stage 3]: 0m 0.236s
2020-04-20 23:03:48,097:DEBUG:applicability_domain:Stage 1: blocked 0 inputs
2020-04-20 23:03:48,306:DEBUG:applicability_domain:Stage 2: blocked 48 inputs
2020-04-20 23:03:48,467:DEBUG:applicability_domain:Mean likelihood on adv: 0.995575
2020-04-20 23:03:48,467:DEBUG:applicability_domain:Stage 3: blocked 2 inputs
2020-04-20 23:03:48,467:INFO:defend_ad:Blocked 50/274 samples on clean samples
2020-04-20 23:03:48,471:DEBUG:applicability_domain:Stage 1: blocked 0 inputs
2020-04-20 23:03:48,678:DEBUG:applicability_domain:Stage 2: blocked 219 inputs
2020-04-20 23:03:48,808:DEBUG:applicability_domain:Mean likelihood on adv: 0.990909
2020-04-20 23:03:48,808:DEBUG:applicability_domain:Stage 3: blocked 0 inputs
2020-04-20 23:03:48,815:INFO:defend_ad:Blocked 219/274 samples on adv. examples
2020-04-20 23:03:48,816:INFO:defend_ad:[result]./save/IrisNN_BankNote_e200.pt,./save/IrisNN_BankNote_FGSM_adv.npy,1,1.0,1.0,0.8,6,False,clean,0,48,2
2020-04-20 23:03:48,816:INFO:defend_ad:[result]./save/IrisNN_BankNote_e200.pt,./save/IrisNN_BankNote_FGSM_adv.npy,1,1.0,1.0,0.8,6,False,adv,0,219,0
