2020-05-02 12:38:32,985:INFO:defend_ad:Start at    : 20200502123832
2020-05-02 12:38:32,985:INFO:defend_ad:RECEIVED PARAMETERS:
2020-05-02 12:38:32,985:INFO:defend_ad:model file  :./save/CifarCnn_CIFAR10_e50.pt
2020-05-02 12:38:32,985:INFO:defend_ad:adv file    :./save/CifarCnn_CIFAR10_DeepFool_adv.npy
2020-05-02 12:38:32,985:INFO:defend_ad:model       :CifarCnn
2020-05-02 12:38:32,985:INFO:defend_ad:dataset     :CIFAR10
2020-05-02 12:38:32,985:INFO:defend_ad:param file  :./cmd/AdParamsImage.json
2020-05-02 12:38:32,985:INFO:defend_ad:seed        :4096
2020-05-02 12:38:32,985:INFO:defend_ad:verbose     :True
2020-05-02 12:38:32,985:INFO:defend_ad:save_log    :True
2020-05-02 12:38:32,985:INFO:defend_ad:check_clean :True
2020-05-02 12:38:32,985:DEBUG:defend_ad:params     : {'k2': 1, 'reliability': 1.0, 'sample_ratio': 0.2, 'kappa': 16, 'confidence': 0.9, 'disable_s2': False}
2020-05-02 12:38:32,985:DEBUG:utils:Setting random seed for PyTorch.
2020-05-02 12:38:33,024:DEBUG:utils:/home/lukec/workspace/aad/aad/../data
2020-05-02 12:38:38,391:INFO:data_container:Train size: 50000 - Test size: 10000
2020-05-02 12:38:38,391:INFO:data_container:Successfully load data. Time to complete: 0m 5.366s
2020-05-02 12:38:38,400:INFO:defend_ad:Use CifarCnn model
2020-05-02 12:38:39,949:DEBUG:model_container_pt:Using device: cuda
2020-05-02 12:38:39,953:INFO:model_container_pt:Loaded model from ./save/CifarCnn_CIFAR10_e50.pt
2020-05-02 12:38:40,328:INFO:defend_ad:Accuracy on test set: 0.814800
2020-05-02 12:38:42,022:DEBUG:applicability_domain:Number of input attributes: 512
2020-05-02 12:38:42,075:DEBUG:detector_container:Time to complete [AD Stage 1]: 0m 0.053s
2020-05-02 12:39:00,740:DEBUG:detector_container:Time to complete [AD Stage 2]: 0m 18.664s
2020-05-02 12:39:00,740:DEBUG:applicability_domain:k for Stage 3: 160
2020-05-02 12:39:06,867:DEBUG:applicability_domain:[AD Stage 3]: Size of train set: 10000
2020-05-02 12:39:29,474:DEBUG:applicability_domain:Train set likelihood: 0.941430
2020-05-02 12:39:29,477:DEBUG:detector_container:Time to complete [AD Stage 3]: 0m 28.737s
2020-05-02 12:39:29,570:DEBUG:applicability_domain:Stage 1: blocked 0 inputs
2020-05-02 12:39:31,000:DEBUG:applicability_domain:Stage 2: blocked 245 inputs
2020-05-02 12:39:32,896:DEBUG:applicability_domain:Mean likelihood on adv: 0.927194
2020-05-02 12:39:32,897:DEBUG:applicability_domain:Stage 3: blocked 105 inputs
2020-05-02 12:39:32,899:INFO:defend_ad:Blocked 350/1000 samples on clean samples
2020-05-02 12:39:32,952:DEBUG:applicability_domain:Stage 1: blocked 0 inputs
2020-05-02 12:39:34,389:DEBUG:applicability_domain:Stage 2: blocked 573 inputs
2020-05-02 12:39:35,659:DEBUG:applicability_domain:Mean likelihood on adv: 0.871985
2020-05-02 12:39:35,660:DEBUG:applicability_domain:Stage 3: blocked 47 inputs
2020-05-02 12:39:35,660:INFO:defend_ad:Blocked 620/1000 samples on adv. examples
2020-05-02 12:39:35,660:INFO:defend_ad:[result]./save/CifarCnn_CIFAR10_e50.pt,./save/CifarCnn_CIFAR10_DeepFool_adv.npy,1,1.0,0.2,0.9,16,False,clean,0,245,105
2020-05-02 12:39:35,661:INFO:defend_ad:[result]./save/CifarCnn_CIFAR10_e50.pt,./save/CifarCnn_CIFAR10_DeepFool_adv.npy,1,1.0,0.2,0.9,16,False,adv,0,573,47
