2020-05-02 12:37:29,262:INFO:defend_ad:Start at    : 20200502123729
2020-05-02 12:37:29,263:INFO:defend_ad:RECEIVED PARAMETERS:
2020-05-02 12:37:29,263:INFO:defend_ad:model file  :./save/CifarCnn_CIFAR10_e50.pt
2020-05-02 12:37:29,263:INFO:defend_ad:adv file    :./save/CifarCnn_CIFAR10_Carlini_adv.npy
2020-05-02 12:37:29,263:INFO:defend_ad:model       :CifarCnn
2020-05-02 12:37:29,263:INFO:defend_ad:dataset     :CIFAR10
2020-05-02 12:37:29,263:INFO:defend_ad:param file  :./cmd/AdParamsImage.json
2020-05-02 12:37:29,263:INFO:defend_ad:seed        :4096
2020-05-02 12:37:29,263:INFO:defend_ad:verbose     :True
2020-05-02 12:37:29,263:INFO:defend_ad:save_log    :True
2020-05-02 12:37:29,263:INFO:defend_ad:check_clean :True
2020-05-02 12:37:29,263:DEBUG:defend_ad:params     : {'k2': 1, 'reliability': 1.0, 'sample_ratio': 0.2, 'kappa': 16, 'confidence': 0.9, 'disable_s2': False}
2020-05-02 12:37:29,263:DEBUG:utils:Setting random seed for PyTorch.
2020-05-02 12:37:29,292:DEBUG:utils:/home/lukec/workspace/aad/aad/../data
2020-05-02 12:37:34,654:INFO:data_container:Train size: 50000 - Test size: 10000
2020-05-02 12:37:34,654:INFO:data_container:Successfully load data. Time to complete: 0m 5.362s
2020-05-02 12:37:34,663:INFO:defend_ad:Use CifarCnn model
2020-05-02 12:37:36,202:DEBUG:model_container_pt:Using device: cuda
2020-05-02 12:37:36,206:INFO:model_container_pt:Loaded model from ./save/CifarCnn_CIFAR10_e50.pt
2020-05-02 12:37:36,573:INFO:defend_ad:Accuracy on test set: 0.814800
2020-05-02 12:37:38,330:DEBUG:applicability_domain:Number of input attributes: 512
2020-05-02 12:37:38,384:DEBUG:detector_container:Time to complete [AD Stage 1]: 0m 0.054s
2020-05-02 12:37:57,861:DEBUG:detector_container:Time to complete [AD Stage 2]: 0m 19.477s
2020-05-02 12:37:57,861:DEBUG:applicability_domain:k for Stage 3: 160
2020-05-02 12:38:04,045:DEBUG:applicability_domain:[AD Stage 3]: Size of train set: 10000
2020-05-02 12:38:26,676:DEBUG:applicability_domain:Train set likelihood: 0.941430
2020-05-02 12:38:26,678:DEBUG:detector_container:Time to complete [AD Stage 3]: 0m 28.817s
2020-05-02 12:38:26,733:DEBUG:applicability_domain:Stage 1: blocked 0 inputs
2020-05-02 12:38:27,957:DEBUG:applicability_domain:Stage 2: blocked 245 inputs
2020-05-02 12:38:29,727:DEBUG:applicability_domain:Mean likelihood on adv: 0.927194
2020-05-02 12:38:29,727:DEBUG:applicability_domain:Stage 3: blocked 105 inputs
2020-05-02 12:38:29,729:INFO:defend_ad:Blocked 350/1000 samples on clean samples
2020-05-02 12:38:29,786:DEBUG:applicability_domain:Stage 1: blocked 0 inputs
2020-05-02 12:38:31,324:DEBUG:applicability_domain:Stage 2: blocked 773 inputs
2020-05-02 12:38:32,268:DEBUG:applicability_domain:Mean likelihood on adv: 0.760545
2020-05-02 12:38:32,268:DEBUG:applicability_domain:Stage 3: blocked 29 inputs
2020-05-02 12:38:32,268:INFO:defend_ad:Blocked 802/1000 samples on adv. examples
2020-05-02 12:38:32,268:INFO:defend_ad:[result]./save/CifarCnn_CIFAR10_e50.pt,./save/CifarCnn_CIFAR10_Carlini_adv.npy,1,1.0,0.2,0.9,16,False,clean,0,245,105
2020-05-02 12:38:32,268:INFO:defend_ad:[result]./save/CifarCnn_CIFAR10_e50.pt,./save/CifarCnn_CIFAR10_Carlini_adv.npy,1,1.0,0.2,0.9,16,False,adv,0,773,29
