2020-04-20 22:20:11,524:INFO:defend_ad:Start at    : 20200420222011
2020-04-20 22:20:11,524:INFO:defend_ad:RECEIVED PARAMETERS:
2020-04-20 22:20:11,524:INFO:defend_ad:model file  :./save/BCNN_BreastCancerWisconsin_e200.pt
2020-04-20 22:20:11,524:INFO:defend_ad:adv file    :./save/BCNN_BreastCancerWisconsin_FGSM_adv.npy
2020-04-20 22:20:11,524:INFO:defend_ad:model       :BCNN
2020-04-20 22:20:11,524:INFO:defend_ad:dataset     :BreastCancerWisconsin
2020-04-20 22:20:11,524:INFO:defend_ad:param file  :./cmd/AdParamsNumeral.json
2020-04-20 22:20:11,524:INFO:defend_ad:seed        :4096
2020-04-20 22:20:11,525:INFO:defend_ad:verbose     :True
2020-04-20 22:20:11,525:INFO:defend_ad:save_log    :True
2020-04-20 22:20:11,525:INFO:defend_ad:check_clean :True
2020-04-20 22:20:11,525:DEBUG:defend_ad:params     : {'k2': 1, 'reliability': 1.0, 'sample_ratio': 1.0, 'kappa': 6, 'confidence': 0.8, 'disable_s2': False}
2020-04-20 22:20:11,525:DEBUG:utils:Setting random seed for PyTorch.
2020-04-20 22:20:11,564:DEBUG:utils:/home/lukec/workspace/aad/aad/../data
2020-04-20 22:20:11,564:DEBUG:data_container:Reading file /home/lukec/workspace/aad/aad/../data/BreastCancerWisconsin.csv
2020-04-20 22:20:11,574:INFO:data_container:Train size: 455 - Test size: 114
2020-04-20 22:20:11,574:INFO:data_container:Successfully load data. Time to complete: 0m 0.010s
2020-04-20 22:20:11,575:INFO:defend_ad:Use BCNN model
2020-04-20 22:20:13,838:DEBUG:model_container_pt:Using device: cuda
2020-04-20 22:20:13,840:INFO:model_container_pt:Loaded model from ./save/BCNN_BreastCancerWisconsin_e200.pt
2020-04-20 22:20:13,864:INFO:defend_ad:Accuracy on test set: 0.973684
2020-04-20 22:20:13,875:DEBUG:applicability_domain:Number of input attributes: 64
2020-04-20 22:20:13,876:DEBUG:detector_container:Time to complete [AD Stage 1]: 0m 0.000s
2020-04-20 22:20:14,088:DEBUG:detector_container:Time to complete [AD Stage 2]: 0m 0.212s
2020-04-20 22:20:14,088:DEBUG:applicability_domain:k for Stage 3: 12
2020-04-20 22:20:14,093:DEBUG:applicability_domain:[AD Stage 3]: Size of train set: 455
2020-04-20 22:20:14,272:DEBUG:applicability_domain:Train set likelihood: 0.985531
2020-04-20 22:20:14,272:DEBUG:detector_container:Time to complete [AD Stage 3]: 0m 0.184s
2020-04-20 22:20:14,274:DEBUG:applicability_domain:Stage 1: blocked 0 inputs
2020-04-20 22:20:14,481:DEBUG:applicability_domain:Stage 2: blocked 8 inputs
2020-04-20 22:20:14,594:DEBUG:applicability_domain:Mean likelihood on adv: 0.996069
2020-04-20 22:20:14,594:DEBUG:applicability_domain:Stage 3: blocked 0 inputs
2020-04-20 22:20:14,595:INFO:defend_ad:Blocked 8/114 samples on clean samples
2020-04-20 22:20:14,597:DEBUG:applicability_domain:Stage 1: blocked 0 inputs
2020-04-20 22:20:14,805:DEBUG:applicability_domain:Stage 2: blocked 10 inputs
2020-04-20 22:20:14,921:DEBUG:applicability_domain:Mean likelihood on adv: 0.987179
2020-04-20 22:20:14,922:DEBUG:applicability_domain:Stage 3: blocked 3 inputs
2020-04-20 22:20:14,922:INFO:defend_ad:Blocked 13/114 samples on adv. examples
2020-04-20 22:20:14,922:INFO:defend_ad:[result]./save/BCNN_BreastCancerWisconsin_e200.pt,./save/BCNN_BreastCancerWisconsin_FGSM_adv.npy,1,1.0,1.0,0.8,6,False,clean,0,8,0
2020-04-20 22:20:14,922:INFO:defend_ad:[result]./save/BCNN_BreastCancerWisconsin_e200.pt,./save/BCNN_BreastCancerWisconsin_FGSM_adv.npy,1,1.0,1.0,0.8,6,False,adv,0,10,3
