2020-04-20 22:22:05,034:INFO:defend_ad:Start at    : 20200420222205
2020-04-20 22:22:05,034:INFO:defend_ad:RECEIVED PARAMETERS:
2020-04-20 22:22:05,034:INFO:defend_ad:model file  :./save/CifarCnn_CIFAR10_e50.pt
2020-04-20 22:22:05,034:INFO:defend_ad:adv file    :./save/CifarCnn_CIFAR10_FGSM_adv.npy
2020-04-20 22:22:05,034:INFO:defend_ad:model       :CifarCnn
2020-04-20 22:22:05,034:INFO:defend_ad:dataset     :CIFAR10
2020-04-20 22:22:05,034:INFO:defend_ad:param file  :./cmd/AdParamsImage.json
2020-04-20 22:22:05,034:INFO:defend_ad:seed        :4096
2020-04-20 22:22:05,035:INFO:defend_ad:verbose     :True
2020-04-20 22:22:05,035:INFO:defend_ad:save_log    :True
2020-04-20 22:22:05,035:INFO:defend_ad:check_clean :True
2020-04-20 22:22:05,035:DEBUG:defend_ad:params     : {'k2': 1, 'reliability': 1.0, 'sample_ratio': 0.2, 'kappa': 16, 'confidence': 0.9, 'disable_s2': False}
2020-04-20 22:22:05,035:DEBUG:utils:Setting random seed for PyTorch.
2020-04-20 22:22:05,071:DEBUG:utils:/home/lukec/workspace/aad/aad/../data
2020-04-20 22:22:10,433:INFO:data_container:Train size: 50000 - Test size: 10000
2020-04-20 22:22:10,433:INFO:data_container:Successfully load data. Time to complete: 0m 5.362s
2020-04-20 22:22:10,442:INFO:defend_ad:Use CifarCnn model
2020-04-20 22:22:12,687:DEBUG:model_container_pt:Using device: cuda
2020-04-20 22:22:12,691:INFO:model_container_pt:Loaded model from ./save/CifarCnn_CIFAR10_e50.pt
2020-04-20 22:22:13,077:INFO:defend_ad:Accuracy on test set: 0.813400
2020-04-20 22:22:14,802:DEBUG:applicability_domain:Number of input attributes: 512
2020-04-20 22:22:14,856:DEBUG:detector_container:Time to complete [AD Stage 1]: 0m 0.054s
2020-04-20 22:22:33,487:DEBUG:detector_container:Time to complete [AD Stage 2]: 0m 18.631s
2020-04-20 22:22:33,487:DEBUG:applicability_domain:k for Stage 3: 160
2020-04-20 22:22:37,541:DEBUG:applicability_domain:[AD Stage 3]: Size of train set: 10000
2020-04-20 22:22:55,835:DEBUG:applicability_domain:Train set likelihood: 0.949280
2020-04-20 22:22:55,837:DEBUG:detector_container:Time to complete [AD Stage 3]: 0m 22.350s
2020-04-20 22:22:55,892:DEBUG:applicability_domain:Stage 1: blocked 0 inputs
2020-04-20 22:22:57,525:DEBUG:applicability_domain:Stage 2: blocked 153 inputs
2020-04-20 22:22:59,430:DEBUG:applicability_domain:Mean likelihood on adv: 0.923030
2020-04-20 22:22:59,430:DEBUG:applicability_domain:Stage 3: blocked 132 inputs
2020-04-20 22:22:59,432:INFO:defend_ad:Blocked 285/1000 samples on clean samples
2020-04-20 22:22:59,483:DEBUG:applicability_domain:Stage 1: blocked 0 inputs
2020-04-20 22:23:00,620:DEBUG:applicability_domain:Stage 2: blocked 476 inputs
2020-04-20 22:23:01,902:DEBUG:applicability_domain:Mean likelihood on adv: 0.887751
2020-04-20 22:23:01,902:DEBUG:applicability_domain:Stage 3: blocked 81 inputs
2020-04-20 22:23:01,903:INFO:defend_ad:Blocked 557/1000 samples on adv. examples
2020-04-20 22:23:01,903:INFO:defend_ad:[result]./save/CifarCnn_CIFAR10_e50.pt,./save/CifarCnn_CIFAR10_FGSM_adv.npy,1,1.0,0.2,0.9,16,False,clean,0,153,132
2020-04-20 22:23:01,903:INFO:defend_ad:[result]./save/CifarCnn_CIFAR10_e50.pt,./save/CifarCnn_CIFAR10_FGSM_adv.npy,1,1.0,0.2,0.9,16,False,adv,0,476,81
