2020-05-02 12:41:41,575:INFO:defend_ad:Start at    : 20200502124141
2020-05-02 12:41:41,575:INFO:defend_ad:RECEIVED PARAMETERS:
2020-05-02 12:41:41,575:INFO:defend_ad:model file  :./save/CifarCnn_SVHN_e50.pt
2020-05-02 12:41:41,575:INFO:defend_ad:adv file    :./save/CifarCnn_SVHN_BIM_adv.npy
2020-05-02 12:41:41,575:INFO:defend_ad:model       :CifarCnn
2020-05-02 12:41:41,575:INFO:defend_ad:dataset     :SVHN
2020-05-02 12:41:41,575:INFO:defend_ad:param file  :./cmd/AdParamsImage.json
2020-05-02 12:41:41,575:INFO:defend_ad:seed        :4096
2020-05-02 12:41:41,575:INFO:defend_ad:verbose     :True
2020-05-02 12:41:41,575:INFO:defend_ad:save_log    :True
2020-05-02 12:41:41,575:INFO:defend_ad:check_clean :True
2020-05-02 12:41:41,575:DEBUG:defend_ad:params     : {'k2': 1, 'reliability': 1.0, 'sample_ratio': 0.2, 'kappa': 16, 'confidence': 0.9, 'disable_s2': False}
2020-05-02 12:41:41,576:DEBUG:utils:Setting random seed for PyTorch.
2020-05-02 12:41:41,594:DEBUG:utils:/home/lukec/workspace/aad/aad/../data
2020-05-02 12:41:51,335:INFO:data_container:Train size: 73257 - Test size: 26032
2020-05-02 12:41:51,335:INFO:data_container:Successfully load data. Time to complete: 0m 9.741s
2020-05-02 12:41:51,345:INFO:defend_ad:Use CifarCnn model
2020-05-02 12:41:52,953:DEBUG:model_container_pt:Using device: cuda
2020-05-02 12:41:52,958:INFO:model_container_pt:Loaded model from ./save/CifarCnn_SVHN_e50.pt
2020-05-02 12:41:53,907:INFO:defend_ad:Accuracy on test set: 0.936501
2020-05-02 12:41:56,372:DEBUG:applicability_domain:Number of input attributes: 512
2020-05-02 12:41:56,453:DEBUG:detector_container:Time to complete [AD Stage 1]: 0m 0.081s
2020-05-02 12:42:26,392:DEBUG:detector_container:Time to complete [AD Stage 2]: 0m 29.939s
2020-05-02 12:42:26,392:DEBUG:applicability_domain:k for Stage 3: 160
2020-05-02 12:42:32,127:DEBUG:applicability_domain:[AD Stage 3]: Size of train set: 14651
2020-05-02 12:42:56,479:DEBUG:applicability_domain:Train set likelihood: 0.968731
2020-05-02 12:42:56,482:DEBUG:detector_container:Time to complete [AD Stage 3]: 0m 30.090s
2020-05-02 12:42:56,568:DEBUG:applicability_domain:Stage 1: blocked 0 inputs
2020-05-02 12:42:58,002:DEBUG:applicability_domain:Stage 2: blocked 185 inputs
2020-05-02 12:42:59,663:DEBUG:applicability_domain:Mean likelihood on adv: 0.977584
2020-05-02 12:42:59,663:DEBUG:applicability_domain:Stage 3: blocked 34 inputs
2020-05-02 12:42:59,665:INFO:defend_ad:Blocked 219/1000 samples on clean samples
2020-05-02 12:42:59,717:DEBUG:applicability_domain:Stage 1: blocked 0 inputs
2020-05-02 12:43:00,766:DEBUG:applicability_domain:Stage 2: blocked 1000 inputs
2020-05-02 12:43:00,767:DEBUG:applicability_domain:Stage 3: blocked 0 inputs
2020-05-02 12:43:00,767:INFO:defend_ad:Blocked 1000/1000 samples on adv. examples
2020-05-02 12:43:00,767:INFO:defend_ad:[result]./save/CifarCnn_SVHN_e50.pt,./save/CifarCnn_SVHN_BIM_adv.npy,1,1.0,0.2,0.9,16,False,clean,0,185,34
2020-05-02 12:43:00,767:INFO:defend_ad:[result]./save/CifarCnn_SVHN_e50.pt,./save/CifarCnn_SVHN_BIM_adv.npy,1,1.0,0.2,0.9,16,False,adv,0,1000,0
