2020-04-21 15:10:39,674:INFO:defend_ad:Start at    : 20200421151039
2020-04-21 15:10:39,675:INFO:defend_ad:RECEIVED PARAMETERS:
2020-04-21 15:10:39,675:INFO:defend_ad:model file  :./save/CifarResnet50_SVHN_e30.pt
2020-04-21 15:10:39,675:INFO:defend_ad:adv file    :./save/CifarResnet50_SVHN_Carlini_adv.npy
2020-04-21 15:10:39,675:INFO:defend_ad:model       :CifarResnet50
2020-04-21 15:10:39,675:INFO:defend_ad:dataset     :SVHN
2020-04-21 15:10:39,675:INFO:defend_ad:param file  :./cmd/AdParamsImage.json
2020-04-21 15:10:39,675:INFO:defend_ad:seed        :4096
2020-04-21 15:10:39,675:INFO:defend_ad:verbose     :True
2020-04-21 15:10:39,675:INFO:defend_ad:save_log    :True
2020-04-21 15:10:39,675:INFO:defend_ad:check_clean :True
2020-04-21 15:10:39,675:DEBUG:defend_ad:params     : {'k2': 1, 'reliability': 1.0, 'sample_ratio': 0.2, 'kappa': 16, 'confidence': 0.9, 'disable_s2': False}
2020-04-21 15:10:39,675:DEBUG:utils:Setting random seed for PyTorch.
2020-04-21 15:10:39,710:DEBUG:utils:/home/lukec/workspace/aad/aad/../data
2020-04-21 15:10:50,031:INFO:data_container:Train size: 73257 - Test size: 26032
2020-04-21 15:10:50,031:INFO:data_container:Successfully load data. Time to complete: 0m 10.321s
2020-04-21 15:10:50,399:INFO:defend_ad:Use CifarResnet50 model
2020-04-21 15:10:52,786:DEBUG:model_container_pt:Using device: cuda
2020-04-21 15:10:52,845:INFO:model_container_pt:Loaded model from ./save/CifarResnet50_SVHN_e30.pt
2020-04-21 15:10:55,804:INFO:defend_ad:Accuracy on test set: 0.927090
2020-04-21 15:11:03,311:DEBUG:applicability_domain:Number of input attributes: 2048
2020-04-21 15:11:03,693:DEBUG:detector_container:Time to complete [AD Stage 1]: 0m 0.382s
2020-04-21 15:17:14,584:DEBUG:detector_container:Time to complete [AD Stage 2]: 6m 10.890s
2020-04-21 15:17:14,584:DEBUG:applicability_domain:k for Stage 3: 160
2020-04-21 15:17:41,925:DEBUG:applicability_domain:[AD Stage 3]: Size of train set: 14651
2020-04-21 15:28:33,650:DEBUG:applicability_domain:Train set likelihood: 0.999487
2020-04-21 15:28:33,665:DEBUG:detector_container:Time to complete [AD Stage 3]: 11m 19.081s
2020-04-21 15:28:33,842:DEBUG:applicability_domain:Stage 1: blocked 0 inputs
2020-04-21 15:28:39,569:DEBUG:applicability_domain:Stage 2: blocked 242 inputs
2020-04-21 15:29:13,203:DEBUG:applicability_domain:Mean likelihood on adv: 0.994426
2020-04-21 15:29:13,203:DEBUG:applicability_domain:Stage 3: blocked 9 inputs
2020-04-21 15:29:13,205:INFO:defend_ad:Blocked 251/1000 samples on clean samples
2020-04-21 15:29:13,374:DEBUG:applicability_domain:Stage 1: blocked 0 inputs
2020-04-21 15:29:18,601:DEBUG:applicability_domain:Stage 2: blocked 773 inputs
2020-04-21 15:29:28,991:DEBUG:applicability_domain:Mean likelihood on adv: 0.804626
2020-04-21 15:29:28,991:DEBUG:applicability_domain:Stage 3: blocked 38 inputs
2020-04-21 15:29:28,991:INFO:defend_ad:Blocked 811/1000 samples on adv. examples
2020-04-21 15:29:28,991:INFO:defend_ad:[result]./save/CifarResnet50_SVHN_e30.pt,./save/CifarResnet50_SVHN_Carlini_adv.npy,1,1.0,0.2,0.9,16,False,clean,0,242,9
2020-04-21 15:29:28,991:INFO:defend_ad:[result]./save/CifarResnet50_SVHN_e30.pt,./save/CifarResnet50_SVHN_Carlini_adv.npy,1,1.0,0.2,0.9,16,False,adv,0,773,38
