2020-05-02 12:44:23,441:INFO:defend_ad:Start at    : 20200502124423
2020-05-02 12:44:23,441:INFO:defend_ad:RECEIVED PARAMETERS:
2020-05-02 12:44:23,441:INFO:defend_ad:model file  :./save/CifarCnn_SVHN_e50.pt
2020-05-02 12:44:23,441:INFO:defend_ad:adv file    :./save/CifarCnn_SVHN_DeepFool_adv.npy
2020-05-02 12:44:23,441:INFO:defend_ad:model       :CifarCnn
2020-05-02 12:44:23,441:INFO:defend_ad:dataset     :SVHN
2020-05-02 12:44:23,441:INFO:defend_ad:param file  :./cmd/AdParamsImage.json
2020-05-02 12:44:23,441:INFO:defend_ad:seed        :4096
2020-05-02 12:44:23,441:INFO:defend_ad:verbose     :True
2020-05-02 12:44:23,441:INFO:defend_ad:save_log    :True
2020-05-02 12:44:23,441:INFO:defend_ad:check_clean :True
2020-05-02 12:44:23,442:DEBUG:defend_ad:params     : {'k2': 1, 'reliability': 1.0, 'sample_ratio': 0.2, 'kappa': 16, 'confidence': 0.9, 'disable_s2': False}
2020-05-02 12:44:23,442:DEBUG:utils:Setting random seed for PyTorch.
2020-05-02 12:44:23,460:DEBUG:utils:/home/lukec/workspace/aad/aad/../data
2020-05-02 12:44:33,307:INFO:data_container:Train size: 73257 - Test size: 26032
2020-05-02 12:44:33,307:INFO:data_container:Successfully load data. Time to complete: 0m 9.847s
2020-05-02 12:44:33,318:INFO:defend_ad:Use CifarCnn model
2020-05-02 12:44:34,920:DEBUG:model_container_pt:Using device: cuda
2020-05-02 12:44:34,924:INFO:model_container_pt:Loaded model from ./save/CifarCnn_SVHN_e50.pt
2020-05-02 12:44:35,866:INFO:defend_ad:Accuracy on test set: 0.936501
2020-05-02 12:44:38,332:DEBUG:applicability_domain:Number of input attributes: 512
2020-05-02 12:44:38,413:DEBUG:detector_container:Time to complete [AD Stage 1]: 0m 0.081s
2020-05-02 12:45:09,154:DEBUG:detector_container:Time to complete [AD Stage 2]: 0m 30.741s
2020-05-02 12:45:09,155:DEBUG:applicability_domain:k for Stage 3: 160
2020-05-02 12:45:15,122:DEBUG:applicability_domain:[AD Stage 3]: Size of train set: 14651
2020-05-02 12:45:39,911:DEBUG:applicability_domain:Train set likelihood: 0.968731
2020-05-02 12:45:39,914:DEBUG:detector_container:Time to complete [AD Stage 3]: 0m 30.760s
2020-05-02 12:45:39,994:DEBUG:applicability_domain:Stage 1: blocked 0 inputs
2020-05-02 12:45:41,224:DEBUG:applicability_domain:Stage 2: blocked 185 inputs
2020-05-02 12:45:42,865:DEBUG:applicability_domain:Mean likelihood on adv: 0.977584
2020-05-02 12:45:42,865:DEBUG:applicability_domain:Stage 3: blocked 34 inputs
2020-05-02 12:45:42,867:INFO:defend_ad:Blocked 219/1000 samples on clean samples
2020-05-02 12:45:42,925:DEBUG:applicability_domain:Stage 1: blocked 0 inputs
2020-05-02 12:45:44,163:DEBUG:applicability_domain:Stage 2: blocked 699 inputs
2020-05-02 12:45:45,098:DEBUG:applicability_domain:Mean likelihood on adv: 0.635278
2020-05-02 12:45:45,098:DEBUG:applicability_domain:Stage 3: blocked 90 inputs
2020-05-02 12:45:45,098:INFO:defend_ad:Blocked 789/1000 samples on adv. examples
2020-05-02 12:45:45,099:INFO:defend_ad:[result]./save/CifarCnn_SVHN_e50.pt,./save/CifarCnn_SVHN_DeepFool_adv.npy,1,1.0,0.2,0.9,16,False,clean,0,185,34
2020-05-02 12:45:45,099:INFO:defend_ad:[result]./save/CifarCnn_SVHN_e50.pt,./save/CifarCnn_SVHN_DeepFool_adv.npy,1,1.0,0.2,0.9,16,False,adv,0,699,90
