2020-05-02 12:45:45,902:INFO:defend_ad:Start at    : 20200502124545
2020-05-02 12:45:45,903:INFO:defend_ad:RECEIVED PARAMETERS:
2020-05-02 12:45:45,903:INFO:defend_ad:model file  :./save/CifarCnn_SVHN_e50.pt
2020-05-02 12:45:45,903:INFO:defend_ad:adv file    :./save/CifarCnn_SVHN_FGSM_adv.npy
2020-05-02 12:45:45,903:INFO:defend_ad:model       :CifarCnn
2020-05-02 12:45:45,903:INFO:defend_ad:dataset     :SVHN
2020-05-02 12:45:45,903:INFO:defend_ad:param file  :./cmd/AdParamsImage.json
2020-05-02 12:45:45,903:INFO:defend_ad:seed        :4096
2020-05-02 12:45:45,903:INFO:defend_ad:verbose     :True
2020-05-02 12:45:45,903:INFO:defend_ad:save_log    :True
2020-05-02 12:45:45,903:INFO:defend_ad:check_clean :True
2020-05-02 12:45:45,903:DEBUG:defend_ad:params     : {'k2': 1, 'reliability': 1.0, 'sample_ratio': 0.2, 'kappa': 16, 'confidence': 0.9, 'disable_s2': False}
2020-05-02 12:45:45,903:DEBUG:utils:Setting random seed for PyTorch.
2020-05-02 12:45:45,922:DEBUG:utils:/home/lukec/workspace/aad/aad/../data
2020-05-02 12:45:55,730:INFO:data_container:Train size: 73257 - Test size: 26032
2020-05-02 12:45:55,730:INFO:data_container:Successfully load data. Time to complete: 0m 9.807s
2020-05-02 12:45:55,740:INFO:defend_ad:Use CifarCnn model
2020-05-02 12:45:57,339:DEBUG:model_container_pt:Using device: cuda
2020-05-02 12:45:57,344:INFO:model_container_pt:Loaded model from ./save/CifarCnn_SVHN_e50.pt
2020-05-02 12:45:58,280:INFO:defend_ad:Accuracy on test set: 0.936501
2020-05-02 12:46:00,744:DEBUG:applicability_domain:Number of input attributes: 512
2020-05-02 12:46:00,825:DEBUG:detector_container:Time to complete [AD Stage 1]: 0m 0.081s
2020-05-02 12:46:30,576:DEBUG:detector_container:Time to complete [AD Stage 2]: 0m 29.750s
2020-05-02 12:46:30,576:DEBUG:applicability_domain:k for Stage 3: 160
2020-05-02 12:46:36,302:DEBUG:applicability_domain:[AD Stage 3]: Size of train set: 14651
2020-05-02 12:47:00,861:DEBUG:applicability_domain:Train set likelihood: 0.968731
2020-05-02 12:47:00,864:DEBUG:detector_container:Time to complete [AD Stage 3]: 0m 30.288s
2020-05-02 12:47:00,942:DEBUG:applicability_domain:Stage 1: blocked 0 inputs
2020-05-02 12:47:02,173:DEBUG:applicability_domain:Stage 2: blocked 185 inputs
2020-05-02 12:47:03,652:DEBUG:applicability_domain:Mean likelihood on adv: 0.977584
2020-05-02 12:47:03,652:DEBUG:applicability_domain:Stage 3: blocked 34 inputs
2020-05-02 12:47:03,653:INFO:defend_ad:Blocked 219/1000 samples on clean samples
2020-05-02 12:47:03,710:DEBUG:applicability_domain:Stage 1: blocked 0 inputs
2020-05-02 12:47:05,049:DEBUG:applicability_domain:Stage 2: blocked 697 inputs
2020-05-02 12:47:06,066:DEBUG:applicability_domain:Mean likelihood on adv: 0.782673
2020-05-02 12:47:06,066:DEBUG:applicability_domain:Stage 3: blocked 46 inputs
2020-05-02 12:47:06,067:INFO:defend_ad:Blocked 743/1000 samples on adv. examples
2020-05-02 12:47:06,067:INFO:defend_ad:[result]./save/CifarCnn_SVHN_e50.pt,./save/CifarCnn_SVHN_FGSM_adv.npy,1,1.0,0.2,0.9,16,False,clean,0,185,34
2020-05-02 12:47:06,067:INFO:defend_ad:[result]./save/CifarCnn_SVHN_e50.pt,./save/CifarCnn_SVHN_FGSM_adv.npy,1,1.0,0.2,0.9,16,False,adv,0,697,46
