2020-05-04 03:08:49,878:INFO:defend_squeeze:Start at    : 20200504030849
2020-05-04 03:08:49,878:INFO:defend_squeeze:RECEIVED PARAMETERS:
2020-05-04 03:08:49,878:INFO:defend_squeeze:model file  :./save/BCNN_BreastCancerWisconsin_e200.pt
2020-05-04 03:08:49,878:INFO:defend_squeeze:model       :BCNN
2020-05-04 03:08:49,878:INFO:defend_squeeze:dataset     :BreastCancerWisconsin
2020-05-04 03:08:49,878:INFO:defend_squeeze:max_epochs  :200
2020-05-04 03:08:49,878:INFO:defend_squeeze:bit_depth   :8
2020-05-04 03:08:49,878:INFO:defend_squeeze:sigma       :0.200000
2020-05-04 03:08:49,879:INFO:defend_squeeze:kernel_size :0
2020-05-04 03:08:49,879:INFO:defend_squeeze:batch_size  :128
2020-05-04 03:08:49,879:INFO:defend_squeeze:seed        :4096
2020-05-04 03:08:49,879:INFO:defend_squeeze:verbose     :True
2020-05-04 03:08:49,879:INFO:defend_squeeze:save_log    :True
2020-05-04 03:08:49,879:INFO:defend_squeeze:need train  :True
2020-05-04 03:08:49,879:INFO:defend_squeeze:filters     :binary, normal
2020-05-04 03:08:49,879:INFO:defend_squeeze:attacks     :clean, FGSM, BIM, DeepFool, Carlini
2020-05-04 03:08:49,879:INFO:defend_squeeze:pretrained  :BCNN_BreastCancerWisconsin_e200_binary.pt, BCNN_BreastCancerWisconsin_e200_normal.pt
2020-05-04 03:08:49,879:DEBUG:utils:Setting random seed for PyTorch.
2020-05-04 03:08:49,898:DEBUG:utils:/home/lukec/workspace/aad/aad/../data
2020-05-04 03:08:49,899:DEBUG:data_container:Reading file /home/lukec/workspace/aad/aad/../data/BreastCancerWisconsin.csv
2020-05-04 03:08:49,915:INFO:data_container:Train size: 455 - Test size: 114
2020-05-04 03:08:49,915:INFO:data_container:Successfully load data. Time to complete: 0m 0.016s
2020-05-04 03:08:51,562:DEBUG:model_container_pt:Using device: cuda
2020-05-04 03:08:51,570:INFO:model_container_pt:Loaded model from ./save/BCNN_BreastCancerWisconsin_e200.pt
2020-05-04 03:08:51,594:INFO:defend_squeeze:Accuracy on test set: 0.973684
2020-05-04 03:08:51,595:DEBUG:model_container_pt:Using device: cuda
2020-05-04 03:08:51,597:DEBUG:model_container_pt:Using device: cuda
2020-05-04 03:08:51,598:DEBUG:feature_squeezing:Start training binary squeezing model...
2020-05-04 03:08:51,615:DEBUG:model_container_pt:[1/200]0m 0.016s: Train loss: 1.926562 acc: 0.679121 - Test loss: 0.920482 acc: 0.850877
2020-05-04 03:08:51,625:DEBUG:model_container_pt:[2/200]0m 0.010s: Train loss: 0.646487 acc: 0.881319 - Test loss: 0.480713 acc: 0.903509
2020-05-04 03:08:51,635:DEBUG:model_container_pt:[3/200]0m 0.010s: Train loss: 0.436791 acc: 0.894505 - Test loss: 0.558118 acc: 0.842105
2020-05-04 03:08:51,645:DEBUG:model_container_pt:[4/200]0m 0.010s: Train loss: 0.421622 acc: 0.874725 - Test loss: 0.475605 acc: 0.842105
2020-05-04 03:08:51,654:DEBUG:model_container_pt:[5/200]0m 0.009s: Train loss: 0.343860 acc: 0.883516 - Test loss: 0.360098 acc: 0.868421
2020-05-04 03:08:51,665:DEBUG:model_container_pt:[6/200]0m 0.011s: Train loss: 0.265890 acc: 0.903297 - Test loss: 0.277764 acc: 0.885965
2020-05-04 03:08:51,675:DEBUG:model_container_pt:[7/200]0m 0.010s: Train loss: 0.222212 acc: 0.923077 - Test loss: 0.250710 acc: 0.921053
2020-05-04 03:08:51,685:DEBUG:model_container_pt:[8/200]0m 0.010s: Train loss: 0.220378 acc: 0.931868 - Test loss: 0.247951 acc: 0.912281
2020-05-04 03:08:51,696:DEBUG:model_container_pt:[9/200]0m 0.011s: Train loss: 0.223920 acc: 0.914286 - Test loss: 0.247905 acc: 0.912281
2020-05-04 03:08:51,705:DEBUG:model_container_pt:[10/200]0m 0.009s: Train loss: 0.220488 acc: 0.914286 - Test loss: 0.241419 acc: 0.912281
2020-05-04 03:08:51,717:DEBUG:model_container_pt:[11/200]0m 0.011s: Train loss: 0.210125 acc: 0.923077 - Test loss: 0.230773 acc: 0.912281
2020-05-04 03:08:51,726:DEBUG:model_container_pt:[12/200]0m 0.010s: Train loss: 0.198335 acc: 0.931868 - Test loss: 0.224573 acc: 0.912281
2020-05-04 03:08:51,737:DEBUG:model_container_pt:[13/200]0m 0.010s: Train loss: 0.194472 acc: 0.925275 - Test loss: 0.219878 acc: 0.894737
2020-05-04 03:08:51,747:DEBUG:model_container_pt:[14/200]0m 0.011s: Train loss: 0.186142 acc: 0.927473 - Test loss: 0.212331 acc: 0.903509
2020-05-04 03:08:51,756:DEBUG:model_container_pt:[15/200]0m 0.009s: Train loss: 0.178420 acc: 0.927473 - Test loss: 0.204014 acc: 0.912281
2020-05-04 03:08:51,766:DEBUG:model_container_pt:[16/200]0m 0.010s: Train loss: 0.170586 acc: 0.931868 - Test loss: 0.192974 acc: 0.921053
2020-05-04 03:08:51,776:DEBUG:model_container_pt:[17/200]0m 0.010s: Train loss: 0.162433 acc: 0.936264 - Test loss: 0.180907 acc: 0.921053
2020-05-04 03:08:51,786:DEBUG:model_container_pt:[18/200]0m 0.009s: Train loss: 0.155576 acc: 0.942857 - Test loss: 0.166290 acc: 0.912281
2020-05-04 03:08:51,797:DEBUG:model_container_pt:[19/200]0m 0.010s: Train loss: 0.145052 acc: 0.951648 - Test loss: 0.161652 acc: 0.903509
2020-05-04 03:08:51,806:DEBUG:model_container_pt:[20/200]0m 0.009s: Train loss: 0.135215 acc: 0.953846 - Test loss: 0.144484 acc: 0.912281
2020-05-04 03:08:51,816:DEBUG:model_container_pt:[21/200]0m 0.010s: Train loss: 0.128270 acc: 0.960440 - Test loss: 0.127980 acc: 0.947368
2020-05-04 03:08:51,825:DEBUG:model_container_pt:[22/200]0m 0.009s: Train loss: 0.123060 acc: 0.962637 - Test loss: 0.133573 acc: 0.921053
2020-05-04 03:08:51,835:DEBUG:model_container_pt:[23/200]0m 0.009s: Train loss: 0.116844 acc: 0.964835 - Test loss: 0.115628 acc: 0.947368
2020-05-04 03:08:51,844:DEBUG:model_container_pt:[24/200]0m 0.009s: Train loss: 0.110477 acc: 0.971429 - Test loss: 0.107646 acc: 0.956140
2020-05-04 03:08:51,853:DEBUG:model_container_pt:[25/200]0m 0.009s: Train loss: 0.107365 acc: 0.973626 - Test loss: 0.110804 acc: 0.947368
2020-05-04 03:08:51,862:DEBUG:model_container_pt:[26/200]0m 0.009s: Train loss: 0.105554 acc: 0.971429 - Test loss: 0.096207 acc: 0.973684
2020-05-04 03:08:51,871:DEBUG:model_container_pt:[27/200]0m 0.009s: Train loss: 0.102674 acc: 0.973626 - Test loss: 0.095431 acc: 0.973684
2020-05-04 03:08:51,880:DEBUG:model_container_pt:[28/200]0m 0.009s: Train loss: 0.102919 acc: 0.975824 - Test loss: 0.097061 acc: 0.973684
2020-05-04 03:08:51,890:DEBUG:model_container_pt:[29/200]0m 0.009s: Train loss: 0.095555 acc: 0.975824 - Test loss: 0.087305 acc: 0.973684
2020-05-04 03:08:51,900:DEBUG:model_container_pt:[30/200]0m 0.009s: Train loss: 0.101031 acc: 0.969231 - Test loss: 0.086385 acc: 0.973684
2020-05-04 03:08:51,910:DEBUG:model_container_pt:[31/200]0m 0.010s: Train loss: 0.095052 acc: 0.973626 - Test loss: 0.104299 acc: 0.929825
2020-05-04 03:08:51,919:DEBUG:model_container_pt:[32/200]0m 0.009s: Train loss: 0.097951 acc: 0.973626 - Test loss: 0.077366 acc: 0.982456
2020-05-04 03:08:51,928:DEBUG:model_container_pt:[33/200]0m 0.009s: Train loss: 0.105588 acc: 0.969231 - Test loss: 0.076392 acc: 0.973684
2020-05-04 03:08:51,937:DEBUG:model_container_pt:[34/200]0m 0.009s: Train loss: 0.098461 acc: 0.973626 - Test loss: 0.114753 acc: 0.929825
2020-05-04 03:08:51,946:DEBUG:model_container_pt:[35/200]0m 0.009s: Train loss: 0.102081 acc: 0.969231 - Test loss: 0.080255 acc: 0.964912
2020-05-04 03:08:51,955:DEBUG:model_container_pt:[36/200]0m 0.009s: Train loss: 0.091885 acc: 0.967033 - Test loss: 0.076911 acc: 0.964912
2020-05-04 03:08:51,964:DEBUG:model_container_pt:[37/200]0m 0.009s: Train loss: 0.089423 acc: 0.969231 - Test loss: 0.078673 acc: 0.973684
2020-05-04 03:08:51,973:DEBUG:model_container_pt:[38/200]0m 0.009s: Train loss: 0.091432 acc: 0.975824 - Test loss: 0.078513 acc: 0.982456
2020-05-04 03:08:51,982:DEBUG:model_container_pt:[39/200]0m 0.009s: Train loss: 0.087293 acc: 0.978022 - Test loss: 0.071183 acc: 0.982456
2020-05-04 03:08:51,991:DEBUG:model_container_pt:[40/200]0m 0.009s: Train loss: 0.090423 acc: 0.969231 - Test loss: 0.071889 acc: 0.973684
2020-05-04 03:08:52,000:DEBUG:model_container_pt:[41/200]0m 0.009s: Train loss: 0.086043 acc: 0.971429 - Test loss: 0.077532 acc: 0.973684
2020-05-04 03:08:52,009:DEBUG:model_container_pt:[42/200]0m 0.009s: Train loss: 0.086469 acc: 0.978022 - Test loss: 0.068653 acc: 0.982456
2020-05-04 03:08:52,018:DEBUG:model_container_pt:[43/200]0m 0.009s: Train loss: 0.083634 acc: 0.973626 - Test loss: 0.067136 acc: 0.982456
2020-05-04 03:08:52,027:DEBUG:model_container_pt:[44/200]0m 0.009s: Train loss: 0.085205 acc: 0.973626 - Test loss: 0.068434 acc: 0.982456
2020-05-04 03:08:52,036:DEBUG:model_container_pt:[45/200]0m 0.009s: Train loss: 0.085343 acc: 0.978022 - Test loss: 0.070884 acc: 0.973684
2020-05-04 03:08:52,045:DEBUG:model_container_pt:[46/200]0m 0.009s: Train loss: 0.081617 acc: 0.973626 - Test loss: 0.065468 acc: 0.973684
2020-05-04 03:08:52,054:DEBUG:model_container_pt:[47/200]0m 0.009s: Train loss: 0.084384 acc: 0.973626 - Test loss: 0.062707 acc: 0.991228
2020-05-04 03:08:52,063:DEBUG:model_container_pt:[48/200]0m 0.009s: Train loss: 0.081992 acc: 0.980220 - Test loss: 0.063523 acc: 0.982456
2020-05-04 03:08:52,072:DEBUG:model_container_pt:[49/200]0m 0.009s: Train loss: 0.083893 acc: 0.973626 - Test loss: 0.067351 acc: 0.982456
2020-05-04 03:08:52,080:DEBUG:model_container_pt:[50/200]0m 0.009s: Train loss: 0.085044 acc: 0.973626 - Test loss: 0.068606 acc: 0.973684
2020-05-04 03:08:52,089:DEBUG:model_container_pt:[51/200]0m 0.009s: Train loss: 0.080249 acc: 0.973626 - Test loss: 0.060222 acc: 0.982456
2020-05-04 03:08:52,098:DEBUG:model_container_pt:[52/200]0m 0.009s: Train loss: 0.082356 acc: 0.975824 - Test loss: 0.061807 acc: 0.991228
2020-05-04 03:08:52,108:DEBUG:model_container_pt:[53/200]0m 0.009s: Train loss: 0.081707 acc: 0.980220 - Test loss: 0.062001 acc: 0.982456
2020-05-04 03:08:52,116:DEBUG:model_container_pt:[54/200]0m 0.009s: Train loss: 0.081862 acc: 0.971429 - Test loss: 0.063824 acc: 0.982456
2020-05-04 03:08:52,125:DEBUG:model_container_pt:[55/200]0m 0.009s: Train loss: 0.078541 acc: 0.973626 - Test loss: 0.066669 acc: 0.982456
2020-05-04 03:08:52,134:DEBUG:model_container_pt:[56/200]0m 0.009s: Train loss: 0.079946 acc: 0.980220 - Test loss: 0.056529 acc: 0.991228
2020-05-04 03:08:52,143:DEBUG:model_container_pt:[57/200]0m 0.009s: Train loss: 0.080458 acc: 0.975824 - Test loss: 0.057797 acc: 0.982456
2020-05-04 03:08:52,153:DEBUG:model_container_pt:[58/200]0m 0.009s: Train loss: 0.078869 acc: 0.978022 - Test loss: 0.069132 acc: 0.964912
2020-05-04 03:08:52,161:DEBUG:model_container_pt:[59/200]0m 0.009s: Train loss: 0.076437 acc: 0.978022 - Test loss: 0.059645 acc: 0.982456
2020-05-04 03:08:52,170:DEBUG:model_container_pt:[60/200]0m 0.009s: Train loss: 0.086095 acc: 0.973626 - Test loss: 0.056035 acc: 0.982456
2020-05-04 03:08:52,179:DEBUG:model_container_pt:[61/200]0m 0.009s: Train loss: 0.075664 acc: 0.975824 - Test loss: 0.066982 acc: 0.973684
2020-05-04 03:08:52,188:DEBUG:model_container_pt:[62/200]0m 0.009s: Train loss: 0.078710 acc: 0.978022 - Test loss: 0.059668 acc: 0.982456
2020-05-04 03:08:52,198:DEBUG:model_container_pt:[63/200]0m 0.010s: Train loss: 0.077330 acc: 0.973626 - Test loss: 0.055589 acc: 0.982456
2020-05-04 03:08:52,207:DEBUG:model_container_pt:[64/200]0m 0.009s: Train loss: 0.076259 acc: 0.980220 - Test loss: 0.055576 acc: 0.991228
2020-05-04 03:08:52,216:DEBUG:model_container_pt:[65/200]0m 0.009s: Train loss: 0.076355 acc: 0.980220 - Test loss: 0.055562 acc: 0.982456
2020-05-04 03:08:52,225:DEBUG:model_container_pt:[66/200]0m 0.009s: Train loss: 0.076742 acc: 0.975824 - Test loss: 0.059974 acc: 0.982456
2020-05-04 03:08:52,234:DEBUG:model_container_pt:[67/200]0m 0.009s: Train loss: 0.076739 acc: 0.973626 - Test loss: 0.058190 acc: 0.991228
2020-05-04 03:08:52,243:DEBUG:model_container_pt:[68/200]0m 0.009s: Train loss: 0.075869 acc: 0.975824 - Test loss: 0.055717 acc: 0.991228
2020-05-04 03:08:52,252:DEBUG:model_container_pt:[69/200]0m 0.009s: Train loss: 0.080222 acc: 0.980220 - Test loss: 0.055613 acc: 0.991228
2020-05-04 03:08:52,261:DEBUG:model_container_pt:[70/200]0m 0.009s: Train loss: 0.083498 acc: 0.973626 - Test loss: 0.056461 acc: 0.982456
2020-05-04 03:08:52,270:DEBUG:model_container_pt:[71/200]0m 0.009s: Train loss: 0.072246 acc: 0.975824 - Test loss: 0.070864 acc: 0.973684
2020-05-04 03:08:52,279:DEBUG:model_container_pt:[72/200]0m 0.009s: Train loss: 0.080993 acc: 0.978022 - Test loss: 0.054703 acc: 0.982456
2020-05-04 03:08:52,288:DEBUG:model_container_pt:[73/200]0m 0.009s: Train loss: 0.076167 acc: 0.978022 - Test loss: 0.053943 acc: 0.982456
2020-05-04 03:08:52,297:DEBUG:model_container_pt:[74/200]0m 0.009s: Train loss: 0.075657 acc: 0.975824 - Test loss: 0.062402 acc: 0.973684
2020-05-04 03:08:52,305:DEBUG:model_container_pt:[75/200]0m 0.009s: Train loss: 0.077124 acc: 0.978022 - Test loss: 0.055966 acc: 0.982456
2020-05-04 03:08:52,314:DEBUG:model_container_pt:[76/200]0m 0.009s: Train loss: 0.073561 acc: 0.973626 - Test loss: 0.056878 acc: 0.973684
2020-05-04 03:08:52,323:DEBUG:model_container_pt:[77/200]0m 0.009s: Train loss: 0.074678 acc: 0.980220 - Test loss: 0.053697 acc: 0.982456
2020-05-04 03:08:52,332:DEBUG:model_container_pt:[78/200]0m 0.009s: Train loss: 0.073565 acc: 0.980220 - Test loss: 0.053370 acc: 0.982456
2020-05-04 03:08:52,340:DEBUG:model_container_pt:[79/200]0m 0.009s: Train loss: 0.072167 acc: 0.980220 - Test loss: 0.056073 acc: 0.973684
2020-05-04 03:08:52,349:DEBUG:model_container_pt:[80/200]0m 0.009s: Train loss: 0.075210 acc: 0.980220 - Test loss: 0.054194 acc: 0.982456
2020-05-04 03:08:52,358:DEBUG:model_container_pt:[81/200]0m 0.009s: Train loss: 0.071816 acc: 0.975824 - Test loss: 0.054473 acc: 0.982456
2020-05-04 03:08:52,367:DEBUG:model_container_pt:[82/200]0m 0.009s: Train loss: 0.071572 acc: 0.978022 - Test loss: 0.052298 acc: 0.982456
2020-05-04 03:08:52,376:DEBUG:model_container_pt:[83/200]0m 0.009s: Train loss: 0.072511 acc: 0.980220 - Test loss: 0.052784 acc: 0.982456
2020-05-04 03:08:52,385:DEBUG:model_container_pt:[84/200]0m 0.009s: Train loss: 0.071267 acc: 0.980220 - Test loss: 0.052530 acc: 0.982456
2020-05-04 03:08:52,393:DEBUG:model_container_pt:[85/200]0m 0.009s: Train loss: 0.071353 acc: 0.982418 - Test loss: 0.052407 acc: 0.982456
2020-05-04 03:08:52,402:DEBUG:model_container_pt:[86/200]0m 0.009s: Train loss: 0.071226 acc: 0.980220 - Test loss: 0.053336 acc: 0.982456
2020-05-04 03:08:52,411:DEBUG:model_container_pt:[87/200]0m 0.009s: Train loss: 0.070763 acc: 0.978022 - Test loss: 0.052111 acc: 0.982456
2020-05-04 03:08:52,420:DEBUG:model_container_pt:[88/200]0m 0.009s: Train loss: 0.070425 acc: 0.978022 - Test loss: 0.051383 acc: 0.982456
2020-05-04 03:08:52,429:DEBUG:model_container_pt:[89/200]0m 0.009s: Train loss: 0.069889 acc: 0.982418 - Test loss: 0.052736 acc: 0.982456
2020-05-04 03:08:52,438:DEBUG:model_container_pt:[90/200]0m 0.009s: Train loss: 0.069747 acc: 0.980220 - Test loss: 0.051993 acc: 0.991228
2020-05-04 03:08:52,447:DEBUG:model_container_pt:[91/200]0m 0.009s: Train loss: 0.071846 acc: 0.978022 - Test loss: 0.050512 acc: 0.982456
2020-05-04 03:08:52,456:DEBUG:model_container_pt:[92/200]0m 0.009s: Train loss: 0.071368 acc: 0.980220 - Test loss: 0.054133 acc: 0.973684
2020-05-04 03:08:52,465:DEBUG:model_container_pt:[93/200]0m 0.009s: Train loss: 0.071095 acc: 0.980220 - Test loss: 0.050556 acc: 0.991228
2020-05-04 03:08:52,474:DEBUG:model_container_pt:[94/200]0m 0.009s: Train loss: 0.073915 acc: 0.978022 - Test loss: 0.053737 acc: 0.982456
2020-05-04 03:08:52,483:DEBUG:model_container_pt:[95/200]0m 0.009s: Train loss: 0.073370 acc: 0.978022 - Test loss: 0.062339 acc: 0.964912
2020-05-04 03:08:52,492:DEBUG:model_container_pt:[96/200]0m 0.009s: Train loss: 0.073617 acc: 0.978022 - Test loss: 0.052311 acc: 0.991228
2020-05-04 03:08:52,501:DEBUG:model_container_pt:[97/200]0m 0.009s: Train loss: 0.071968 acc: 0.980220 - Test loss: 0.052062 acc: 0.982456
2020-05-04 03:08:52,510:DEBUG:model_container_pt:[98/200]0m 0.009s: Train loss: 0.077384 acc: 0.978022 - Test loss: 0.056232 acc: 0.973684
2020-05-04 03:08:52,519:DEBUG:model_container_pt:[99/200]0m 0.009s: Train loss: 0.074832 acc: 0.975824 - Test loss: 0.056887 acc: 0.982456
2020-05-04 03:08:52,527:DEBUG:model_container_pt:[100/200]0m 0.009s: Train loss: 0.082962 acc: 0.980220 - Test loss: 0.058736 acc: 0.982456
2020-05-04 03:08:52,536:DEBUG:model_container_pt:[101/200]0m 0.009s: Train loss: 0.074019 acc: 0.978022 - Test loss: 0.058402 acc: 0.982456
2020-05-04 03:08:52,545:DEBUG:model_container_pt:[102/200]0m 0.009s: Train loss: 0.079575 acc: 0.971429 - Test loss: 0.057819 acc: 0.973684
2020-05-04 03:08:52,554:DEBUG:model_container_pt:[103/200]0m 0.009s: Train loss: 0.071510 acc: 0.980220 - Test loss: 0.054067 acc: 0.991228
2020-05-04 03:08:52,564:DEBUG:model_container_pt:[104/200]0m 0.009s: Train loss: 0.072280 acc: 0.978022 - Test loss: 0.052380 acc: 0.982456
2020-05-04 03:08:52,573:DEBUG:model_container_pt:[105/200]0m 0.009s: Train loss: 0.071667 acc: 0.982418 - Test loss: 0.053993 acc: 0.982456
2020-05-04 03:08:52,582:DEBUG:model_container_pt:[106/200]0m 0.009s: Train loss: 0.070811 acc: 0.982418 - Test loss: 0.054026 acc: 0.991228
2020-05-04 03:08:52,591:DEBUG:model_container_pt:[107/200]0m 0.009s: Train loss: 0.071496 acc: 0.975824 - Test loss: 0.052261 acc: 0.991228
2020-05-04 03:08:52,600:DEBUG:model_container_pt:[108/200]0m 0.009s: Train loss: 0.069454 acc: 0.980220 - Test loss: 0.051162 acc: 0.982456
2020-05-04 03:08:52,610:DEBUG:model_container_pt:[109/200]0m 0.009s: Train loss: 0.069883 acc: 0.984615 - Test loss: 0.051653 acc: 0.982456
2020-05-04 03:08:52,618:DEBUG:model_container_pt:[110/200]0m 0.009s: Train loss: 0.069633 acc: 0.986813 - Test loss: 0.051354 acc: 0.982456
2020-05-04 03:08:52,628:DEBUG:model_container_pt:[111/200]0m 0.009s: Train loss: 0.069572 acc: 0.982418 - Test loss: 0.051874 acc: 0.982456
2020-05-04 03:08:52,636:DEBUG:model_container_pt:[112/200]0m 0.009s: Train loss: 0.068502 acc: 0.980220 - Test loss: 0.050230 acc: 0.982456
2020-05-04 03:08:52,645:DEBUG:model_container_pt:[113/200]0m 0.009s: Train loss: 0.070756 acc: 0.980220 - Test loss: 0.050047 acc: 0.991228
2020-05-04 03:08:52,655:DEBUG:model_container_pt:[114/200]0m 0.009s: Train loss: 0.071458 acc: 0.982418 - Test loss: 0.053687 acc: 0.982456
2020-05-04 03:08:52,664:DEBUG:model_container_pt:[115/200]0m 0.009s: Train loss: 0.072257 acc: 0.973626 - Test loss: 0.055368 acc: 0.982456
2020-05-04 03:08:52,673:DEBUG:model_container_pt:[116/200]0m 0.009s: Train loss: 0.073170 acc: 0.982418 - Test loss: 0.055996 acc: 0.982456
2020-05-04 03:08:52,682:DEBUG:model_container_pt:[117/200]0m 0.009s: Train loss: 0.072141 acc: 0.982418 - Test loss: 0.050337 acc: 0.982456
2020-05-04 03:08:52,691:DEBUG:model_container_pt:[118/200]0m 0.009s: Train loss: 0.069398 acc: 0.982418 - Test loss: 0.051255 acc: 0.982456
2020-05-04 03:08:52,700:DEBUG:model_container_pt:[119/200]0m 0.009s: Train loss: 0.069094 acc: 0.984615 - Test loss: 0.053313 acc: 0.982456
2020-05-04 03:08:52,708:DEBUG:model_container_pt:[120/200]0m 0.009s: Train loss: 0.069572 acc: 0.978022 - Test loss: 0.056563 acc: 0.982456
2020-05-04 03:08:52,717:DEBUG:model_container_pt:[121/200]0m 0.009s: Train loss: 0.070496 acc: 0.973626 - Test loss: 0.050567 acc: 0.982456
2020-05-04 03:08:52,726:DEBUG:model_container_pt:[122/200]0m 0.009s: Train loss: 0.075928 acc: 0.978022 - Test loss: 0.049553 acc: 0.991228
2020-05-04 03:08:52,735:DEBUG:model_container_pt:[123/200]0m 0.009s: Train loss: 0.074838 acc: 0.978022 - Test loss: 0.055985 acc: 0.982456
2020-05-04 03:08:52,744:DEBUG:model_container_pt:[124/200]0m 0.009s: Train loss: 0.075330 acc: 0.980220 - Test loss: 0.068153 acc: 0.973684
2020-05-04 03:08:52,753:DEBUG:model_container_pt:[125/200]0m 0.009s: Train loss: 0.071865 acc: 0.980220 - Test loss: 0.055396 acc: 0.991228
2020-05-04 03:08:52,762:DEBUG:model_container_pt:[126/200]0m 0.009s: Train loss: 0.074725 acc: 0.975824 - Test loss: 0.050980 acc: 0.991228
2020-05-04 03:08:52,772:DEBUG:model_container_pt:[127/200]0m 0.009s: Train loss: 0.073750 acc: 0.975824 - Test loss: 0.060026 acc: 0.982456
2020-05-04 03:08:52,781:DEBUG:model_container_pt:[128/200]0m 0.009s: Train loss: 0.071273 acc: 0.978022 - Test loss: 0.059437 acc: 0.982456
2020-05-04 03:08:52,790:DEBUG:model_container_pt:[129/200]0m 0.009s: Train loss: 0.073957 acc: 0.978022 - Test loss: 0.053831 acc: 0.982456
2020-05-04 03:08:52,798:DEBUG:model_container_pt:[130/200]0m 0.009s: Train loss: 0.069288 acc: 0.982418 - Test loss: 0.053422 acc: 0.982456
2020-05-04 03:08:52,807:DEBUG:model_container_pt:[131/200]0m 0.009s: Train loss: 0.072775 acc: 0.982418 - Test loss: 0.051114 acc: 0.982456
2020-05-04 03:08:52,816:DEBUG:model_container_pt:[132/200]0m 0.009s: Train loss: 0.069596 acc: 0.980220 - Test loss: 0.053946 acc: 0.991228
2020-05-04 03:08:52,826:DEBUG:model_container_pt:[133/200]0m 0.009s: Train loss: 0.069965 acc: 0.984615 - Test loss: 0.054815 acc: 0.973684
2020-05-04 03:08:52,835:DEBUG:model_container_pt:[134/200]0m 0.009s: Train loss: 0.072779 acc: 0.980220 - Test loss: 0.053087 acc: 0.991228
2020-05-04 03:08:52,844:DEBUG:model_container_pt:[135/200]0m 0.009s: Train loss: 0.069951 acc: 0.980220 - Test loss: 0.055166 acc: 0.982456
2020-05-04 03:08:52,853:DEBUG:model_container_pt:[136/200]0m 0.009s: Train loss: 0.068752 acc: 0.982418 - Test loss: 0.054138 acc: 0.973684
2020-05-04 03:08:52,862:DEBUG:model_container_pt:[137/200]0m 0.009s: Train loss: 0.070755 acc: 0.982418 - Test loss: 0.050850 acc: 0.982456
2020-05-04 03:08:52,871:DEBUG:model_container_pt:[138/200]0m 0.009s: Train loss: 0.069503 acc: 0.982418 - Test loss: 0.051575 acc: 0.982456
2020-05-04 03:08:52,880:DEBUG:model_container_pt:[139/200]0m 0.009s: Train loss: 0.068578 acc: 0.982418 - Test loss: 0.050502 acc: 0.982456
2020-05-04 03:08:52,888:DEBUG:model_container_pt:[140/200]0m 0.009s: Train loss: 0.069880 acc: 0.984615 - Test loss: 0.050578 acc: 0.982456
2020-05-04 03:08:52,897:DEBUG:model_container_pt:[141/200]0m 0.009s: Train loss: 0.068372 acc: 0.982418 - Test loss: 0.051241 acc: 0.991228
2020-05-04 03:08:52,907:DEBUG:model_container_pt:[142/200]0m 0.009s: Train loss: 0.069390 acc: 0.982418 - Test loss: 0.051320 acc: 0.982456
2020-05-04 03:08:52,916:DEBUG:model_container_pt:[143/200]0m 0.009s: Train loss: 0.068763 acc: 0.982418 - Test loss: 0.051400 acc: 0.991228
2020-05-04 03:08:52,925:DEBUG:model_container_pt:[144/200]0m 0.009s: Train loss: 0.068706 acc: 0.982418 - Test loss: 0.052528 acc: 0.982456
2020-05-04 03:08:52,934:DEBUG:model_container_pt:[145/200]0m 0.009s: Train loss: 0.068585 acc: 0.984615 - Test loss: 0.053285 acc: 0.991228
2020-05-04 03:08:52,943:DEBUG:model_container_pt:[146/200]0m 0.009s: Train loss: 0.068457 acc: 0.984615 - Test loss: 0.050112 acc: 0.982456
2020-05-04 03:08:52,952:DEBUG:model_container_pt:[147/200]0m 0.009s: Train loss: 0.068062 acc: 0.984615 - Test loss: 0.050648 acc: 0.982456
2020-05-04 03:08:52,961:DEBUG:model_container_pt:[148/200]0m 0.009s: Train loss: 0.068556 acc: 0.982418 - Test loss: 0.052276 acc: 0.991228
2020-05-04 03:08:52,970:DEBUG:model_container_pt:[149/200]0m 0.009s: Train loss: 0.067215 acc: 0.982418 - Test loss: 0.050484 acc: 0.982456
2020-05-04 03:08:52,979:DEBUG:model_container_pt:[150/200]0m 0.009s: Train loss: 0.068858 acc: 0.984615 - Test loss: 0.049193 acc: 0.982456
2020-05-04 03:08:52,988:DEBUG:model_container_pt:[151/200]0m 0.009s: Train loss: 0.067358 acc: 0.982418 - Test loss: 0.050565 acc: 0.991228
2020-05-04 03:08:52,997:DEBUG:model_container_pt:[152/200]0m 0.009s: Train loss: 0.067942 acc: 0.980220 - Test loss: 0.049911 acc: 0.982456
2020-05-04 03:08:53,006:DEBUG:model_container_pt:[153/200]0m 0.009s: Train loss: 0.067948 acc: 0.982418 - Test loss: 0.051024 acc: 0.991228
2020-05-04 03:08:53,015:DEBUG:model_container_pt:[154/200]0m 0.009s: Train loss: 0.067234 acc: 0.984615 - Test loss: 0.050403 acc: 0.982456
2020-05-04 03:08:53,024:DEBUG:model_container_pt:[155/200]0m 0.009s: Train loss: 0.069032 acc: 0.984615 - Test loss: 0.048964 acc: 0.982456
2020-05-04 03:08:53,033:DEBUG:model_container_pt:[156/200]0m 0.009s: Train loss: 0.072388 acc: 0.978022 - Test loss: 0.050917 acc: 0.991228
2020-05-04 03:08:53,043:DEBUG:model_container_pt:[157/200]0m 0.009s: Train loss: 0.072592 acc: 0.982418 - Test loss: 0.054656 acc: 0.973684
2020-05-04 03:08:53,051:DEBUG:model_container_pt:[158/200]0m 0.009s: Train loss: 0.070683 acc: 0.978022 - Test loss: 0.056487 acc: 0.991228
2020-05-04 03:08:53,061:DEBUG:model_container_pt:[159/200]0m 0.009s: Train loss: 0.073705 acc: 0.975824 - Test loss: 0.055672 acc: 0.982456
2020-05-04 03:08:53,070:DEBUG:model_container_pt:[160/200]0m 0.009s: Train loss: 0.072594 acc: 0.980220 - Test loss: 0.051997 acc: 0.991228
2020-05-04 03:08:53,079:DEBUG:model_container_pt:[161/200]0m 0.009s: Train loss: 0.068873 acc: 0.978022 - Test loss: 0.053226 acc: 0.991228
2020-05-04 03:08:53,088:DEBUG:model_container_pt:[162/200]0m 0.009s: Train loss: 0.069739 acc: 0.978022 - Test loss: 0.051892 acc: 0.982456
2020-05-04 03:08:53,097:DEBUG:model_container_pt:[163/200]0m 0.009s: Train loss: 0.069817 acc: 0.982418 - Test loss: 0.052758 acc: 0.991228
2020-05-04 03:08:53,107:DEBUG:model_container_pt:[164/200]0m 0.009s: Train loss: 0.068553 acc: 0.980220 - Test loss: 0.051921 acc: 0.982456
2020-05-04 03:08:53,115:DEBUG:model_container_pt:[165/200]0m 0.009s: Train loss: 0.069804 acc: 0.980220 - Test loss: 0.053605 acc: 0.991228
2020-05-04 03:08:53,125:DEBUG:model_container_pt:[166/200]0m 0.009s: Train loss: 0.068785 acc: 0.982418 - Test loss: 0.050882 acc: 0.991228
2020-05-04 03:08:53,134:DEBUG:model_container_pt:[167/200]0m 0.009s: Train loss: 0.069320 acc: 0.982418 - Test loss: 0.051112 acc: 0.991228
2020-05-04 03:08:53,143:DEBUG:model_container_pt:[168/200]0m 0.009s: Train loss: 0.068151 acc: 0.982418 - Test loss: 0.050658 acc: 0.982456
2020-05-04 03:08:53,152:DEBUG:model_container_pt:[169/200]0m 0.009s: Train loss: 0.068703 acc: 0.980220 - Test loss: 0.053271 acc: 0.991228
2020-05-04 03:08:53,161:DEBUG:model_container_pt:[170/200]0m 0.009s: Train loss: 0.068067 acc: 0.984615 - Test loss: 0.052000 acc: 0.991228
2020-05-04 03:08:53,171:DEBUG:model_container_pt:[171/200]0m 0.009s: Train loss: 0.067706 acc: 0.984615 - Test loss: 0.049587 acc: 0.982456
2020-05-04 03:08:53,180:DEBUG:model_container_pt:[172/200]0m 0.009s: Train loss: 0.067688 acc: 0.982418 - Test loss: 0.050219 acc: 0.982456
2020-05-04 03:08:53,189:DEBUG:model_container_pt:[173/200]0m 0.009s: Train loss: 0.068914 acc: 0.982418 - Test loss: 0.049971 acc: 0.982456
2020-05-04 03:08:53,197:DEBUG:model_container_pt:[174/200]0m 0.009s: Train loss: 0.068845 acc: 0.984615 - Test loss: 0.054684 acc: 0.982456
2020-05-04 03:08:53,206:DEBUG:model_container_pt:[175/200]0m 0.009s: Train loss: 0.069793 acc: 0.975824 - Test loss: 0.052111 acc: 0.991228
2020-05-04 03:08:53,216:DEBUG:model_container_pt:[176/200]0m 0.009s: Train loss: 0.068783 acc: 0.982418 - Test loss: 0.052883 acc: 0.982456
2020-05-04 03:08:53,225:DEBUG:model_container_pt:[177/200]0m 0.009s: Train loss: 0.072158 acc: 0.984615 - Test loss: 0.052083 acc: 0.991228
2020-05-04 03:08:53,234:DEBUG:model_container_pt:[178/200]0m 0.009s: Train loss: 0.072014 acc: 0.982418 - Test loss: 0.054474 acc: 0.973684
2020-05-04 03:08:53,243:DEBUG:model_container_pt:[179/200]0m 0.009s: Train loss: 0.068783 acc: 0.980220 - Test loss: 0.052354 acc: 0.991228
2020-05-04 03:08:53,252:DEBUG:model_container_pt:[180/200]0m 0.009s: Train loss: 0.067324 acc: 0.982418 - Test loss: 0.051489 acc: 0.982456
2020-05-04 03:08:53,261:DEBUG:model_container_pt:[181/200]0m 0.009s: Train loss: 0.068957 acc: 0.984615 - Test loss: 0.051047 acc: 0.982456
2020-05-04 03:08:53,270:DEBUG:model_container_pt:[182/200]0m 0.009s: Train loss: 0.068407 acc: 0.978022 - Test loss: 0.054636 acc: 0.991228
2020-05-04 03:08:53,279:DEBUG:model_container_pt:[183/200]0m 0.009s: Train loss: 0.068996 acc: 0.978022 - Test loss: 0.052166 acc: 0.991228
2020-05-04 03:08:53,288:DEBUG:model_container_pt:[184/200]0m 0.009s: Train loss: 0.070858 acc: 0.982418 - Test loss: 0.049140 acc: 0.982456
2020-05-04 03:08:53,297:DEBUG:model_container_pt:[185/200]0m 0.009s: Train loss: 0.069272 acc: 0.984615 - Test loss: 0.050420 acc: 0.991228
2020-05-04 03:08:53,307:DEBUG:model_container_pt:[186/200]0m 0.009s: Train loss: 0.071668 acc: 0.980220 - Test loss: 0.050640 acc: 0.982456
2020-05-04 03:08:53,316:DEBUG:model_container_pt:[187/200]0m 0.009s: Train loss: 0.068019 acc: 0.975824 - Test loss: 0.052428 acc: 0.991228
2020-05-04 03:08:53,325:DEBUG:model_container_pt:[188/200]0m 0.009s: Train loss: 0.067182 acc: 0.982418 - Test loss: 0.054614 acc: 0.973684
2020-05-04 03:08:53,334:DEBUG:model_container_pt:[189/200]0m 0.009s: Train loss: 0.068259 acc: 0.984615 - Test loss: 0.051768 acc: 0.991228
2020-05-04 03:08:53,343:DEBUG:model_container_pt:[190/200]0m 0.009s: Train loss: 0.066884 acc: 0.978022 - Test loss: 0.049747 acc: 0.982456
2020-05-04 03:08:53,352:DEBUG:model_container_pt:[191/200]0m 0.009s: Train loss: 0.068734 acc: 0.982418 - Test loss: 0.048854 acc: 0.982456
2020-05-04 03:08:53,361:DEBUG:model_container_pt:[192/200]0m 0.009s: Train loss: 0.068147 acc: 0.982418 - Test loss: 0.050549 acc: 0.991228
2020-05-04 03:08:53,370:DEBUG:model_container_pt:[193/200]0m 0.009s: Train loss: 0.067028 acc: 0.984615 - Test loss: 0.051279 acc: 0.991228
2020-05-04 03:08:53,380:DEBUG:model_container_pt:[194/200]0m 0.009s: Train loss: 0.068090 acc: 0.984615 - Test loss: 0.049494 acc: 0.982456
2020-05-04 03:08:53,389:DEBUG:model_container_pt:[195/200]0m 0.009s: Train loss: 0.067197 acc: 0.982418 - Test loss: 0.050870 acc: 0.982456
2020-05-04 03:08:53,398:DEBUG:model_container_pt:[196/200]0m 0.009s: Train loss: 0.068517 acc: 0.980220 - Test loss: 0.051221 acc: 0.991228
2020-05-04 03:08:53,407:DEBUG:model_container_pt:[197/200]0m 0.009s: Train loss: 0.066473 acc: 0.984615 - Test loss: 0.049469 acc: 0.982456
2020-05-04 03:08:53,416:DEBUG:model_container_pt:[198/200]0m 0.009s: Train loss: 0.069248 acc: 0.984615 - Test loss: 0.049819 acc: 0.982456
2020-05-04 03:08:53,425:DEBUG:model_container_pt:[199/200]0m 0.009s: Train loss: 0.069125 acc: 0.984615 - Test loss: 0.053015 acc: 0.991228
2020-05-04 03:08:53,434:DEBUG:model_container_pt:[200/200]0m 0.009s: Train loss: 0.073291 acc: 0.978022 - Test loss: 0.055221 acc: 0.991228
2020-05-04 03:08:53,435:INFO:model_container_pt:Time to complete training: 0m 1.837s
2020-05-04 03:08:53,435:DEBUG:detector_container:Time to complete [Train binary]: 0m 1.837s
2020-05-04 03:08:53,435:DEBUG:feature_squeezing:Start training normal squeezing model...
2020-05-04 03:08:53,443:DEBUG:model_container_pt:[1/200]0m 0.008s: Train loss: 282.465190 acc: 0.373626 - Test loss: 236.235886 acc: 0.368421
2020-05-04 03:08:53,452:DEBUG:model_container_pt:[2/200]0m 0.008s: Train loss: 213.376072 acc: 0.373626 - Test loss: 174.883270 acc: 0.368421
2020-05-04 03:08:53,461:DEBUG:model_container_pt:[3/200]0m 0.008s: Train loss: 155.422676 acc: 0.373626 - Test loss: 121.883575 acc: 0.368421
2020-05-04 03:08:53,470:DEBUG:model_container_pt:[4/200]0m 0.008s: Train loss: 105.936130 acc: 0.373626 - Test loss: 73.728050 acc: 0.368421
2020-05-04 03:08:53,479:DEBUG:model_container_pt:[5/200]0m 0.008s: Train loss: 57.762756 acc: 0.373626 - Test loss: 27.964161 acc: 0.368421
2020-05-04 03:08:53,487:DEBUG:model_container_pt:[6/200]0m 0.008s: Train loss: 13.791350 acc: 0.446154 - Test loss: 1.678104 acc: 0.631579
2020-05-04 03:08:53,496:DEBUG:model_container_pt:[7/200]0m 0.008s: Train loss: 1.993150 acc: 0.626374 - Test loss: 2.128003 acc: 0.631579
2020-05-04 03:08:53,505:DEBUG:model_container_pt:[8/200]0m 0.008s: Train loss: 2.070229 acc: 0.626374 - Test loss: 1.761776 acc: 0.631579
2020-05-04 03:08:53,514:DEBUG:model_container_pt:[9/200]0m 0.008s: Train loss: 1.615166 acc: 0.626374 - Test loss: 1.227611 acc: 0.631579
2020-05-04 03:08:53,523:DEBUG:model_container_pt:[10/200]0m 0.008s: Train loss: 1.089529 acc: 0.626374 - Test loss: 0.800266 acc: 0.631579
2020-05-04 03:08:53,531:DEBUG:model_container_pt:[11/200]0m 0.008s: Train loss: 0.736271 acc: 0.626374 - Test loss: 0.664769 acc: 0.631579
2020-05-04 03:08:53,540:DEBUG:model_container_pt:[12/200]0m 0.008s: Train loss: 0.665790 acc: 0.626374 - Test loss: 0.671126 acc: 0.631579
2020-05-04 03:08:53,549:DEBUG:model_container_pt:[13/200]0m 0.008s: Train loss: 0.681407 acc: 0.626374 - Test loss: 0.685358 acc: 0.631579
2020-05-04 03:08:53,558:DEBUG:model_container_pt:[14/200]0m 0.008s: Train loss: 0.681992 acc: 0.626374 - Test loss: 0.671339 acc: 0.631579
2020-05-04 03:08:53,566:DEBUG:model_container_pt:[15/200]0m 0.008s: Train loss: 0.666935 acc: 0.626374 - Test loss: 0.658956 acc: 0.631579
2020-05-04 03:08:53,575:DEBUG:model_container_pt:[16/200]0m 0.008s: Train loss: 0.666165 acc: 0.626374 - Test loss: 0.661438 acc: 0.631579
2020-05-04 03:08:53,584:DEBUG:model_container_pt:[17/200]0m 0.008s: Train loss: 0.664779 acc: 0.626374 - Test loss: 0.659355 acc: 0.631579
2020-05-04 03:08:53,593:DEBUG:model_container_pt:[18/200]0m 0.008s: Train loss: 0.663608 acc: 0.626374 - Test loss: 0.658400 acc: 0.631579
2020-05-04 03:08:53,602:DEBUG:model_container_pt:[19/200]0m 0.008s: Train loss: 0.661960 acc: 0.626374 - Test loss: 0.658970 acc: 0.631579
2020-05-04 03:08:53,611:DEBUG:model_container_pt:[20/200]0m 0.008s: Train loss: 0.661574 acc: 0.626374 - Test loss: 0.658857 acc: 0.631579
2020-05-04 03:08:53,619:DEBUG:model_container_pt:[21/200]0m 0.008s: Train loss: 0.661381 acc: 0.626374 - Test loss: 0.658471 acc: 0.631579
2020-05-04 03:08:53,628:DEBUG:model_container_pt:[22/200]0m 0.008s: Train loss: 0.661340 acc: 0.626374 - Test loss: 0.658316 acc: 0.631579
2020-05-04 03:08:53,637:DEBUG:model_container_pt:[23/200]0m 0.008s: Train loss: 0.661205 acc: 0.626374 - Test loss: 0.658314 acc: 0.631579
2020-05-04 03:08:53,646:DEBUG:model_container_pt:[24/200]0m 0.008s: Train loss: 0.661270 acc: 0.626374 - Test loss: 0.658457 acc: 0.631579
2020-05-04 03:08:53,655:DEBUG:model_container_pt:[25/200]0m 0.008s: Train loss: 0.661177 acc: 0.626374 - Test loss: 0.658467 acc: 0.631579
2020-05-04 03:08:53,663:DEBUG:model_container_pt:[26/200]0m 0.008s: Train loss: 0.661158 acc: 0.626374 - Test loss: 0.658368 acc: 0.631579
2020-05-04 03:08:53,672:DEBUG:model_container_pt:[27/200]0m 0.008s: Train loss: 0.661171 acc: 0.626374 - Test loss: 0.658325 acc: 0.631579
2020-05-04 03:08:53,681:DEBUG:model_container_pt:[28/200]0m 0.008s: Train loss: 0.661200 acc: 0.626374 - Test loss: 0.658386 acc: 0.631579
2020-05-04 03:08:53,689:DEBUG:model_container_pt:[29/200]0m 0.008s: Train loss: 0.661172 acc: 0.626374 - Test loss: 0.658321 acc: 0.631579
2020-05-04 03:08:53,698:DEBUG:model_container_pt:[30/200]0m 0.008s: Train loss: 0.661888 acc: 0.626374 - Test loss: 0.658334 acc: 0.631579
2020-05-04 03:08:53,707:DEBUG:model_container_pt:[31/200]0m 0.008s: Train loss: 0.661617 acc: 0.626374 - Test loss: 0.658326 acc: 0.631579
2020-05-04 03:08:53,716:DEBUG:model_container_pt:[32/200]0m 0.008s: Train loss: 0.661182 acc: 0.626374 - Test loss: 0.658338 acc: 0.631579
2020-05-04 03:08:53,724:DEBUG:model_container_pt:[33/200]0m 0.008s: Train loss: 0.661074 acc: 0.626374 - Test loss: 0.658423 acc: 0.631579
2020-05-04 03:08:53,733:DEBUG:model_container_pt:[34/200]0m 0.008s: Train loss: 0.661268 acc: 0.626374 - Test loss: 0.658573 acc: 0.631579
2020-05-04 03:08:53,742:DEBUG:model_container_pt:[35/200]0m 0.008s: Train loss: 0.661246 acc: 0.626374 - Test loss: 0.658599 acc: 0.631579
2020-05-04 03:08:53,751:DEBUG:model_container_pt:[36/200]0m 0.008s: Train loss: 0.661165 acc: 0.626374 - Test loss: 0.658486 acc: 0.631579
2020-05-04 03:08:53,759:DEBUG:model_container_pt:[37/200]0m 0.008s: Train loss: 0.661186 acc: 0.626374 - Test loss: 0.658371 acc: 0.631579
2020-05-04 03:08:53,768:DEBUG:model_container_pt:[38/200]0m 0.008s: Train loss: 0.660946 acc: 0.626374 - Test loss: 0.658293 acc: 0.631579
2020-05-04 03:08:53,777:DEBUG:model_container_pt:[39/200]0m 0.008s: Train loss: 0.661291 acc: 0.626374 - Test loss: 0.658339 acc: 0.631579
2020-05-04 03:08:53,786:DEBUG:model_container_pt:[40/200]0m 0.008s: Train loss: 0.661314 acc: 0.626374 - Test loss: 0.658292 acc: 0.631579
2020-05-04 03:08:53,794:DEBUG:model_container_pt:[41/200]0m 0.008s: Train loss: 0.661641 acc: 0.626374 - Test loss: 0.658372 acc: 0.631579
2020-05-04 03:08:53,803:DEBUG:model_container_pt:[42/200]0m 0.008s: Train loss: 0.660955 acc: 0.626374 - Test loss: 0.658289 acc: 0.631579
2020-05-04 03:08:53,812:DEBUG:model_container_pt:[43/200]0m 0.008s: Train loss: 0.661187 acc: 0.626374 - Test loss: 0.658287 acc: 0.631579
2020-05-04 03:08:53,820:DEBUG:model_container_pt:[44/200]0m 0.008s: Train loss: 0.661074 acc: 0.626374 - Test loss: 0.658396 acc: 0.631579
2020-05-04 03:08:53,829:DEBUG:model_container_pt:[45/200]0m 0.008s: Train loss: 0.661509 acc: 0.626374 - Test loss: 0.658466 acc: 0.631579
2020-05-04 03:08:53,838:DEBUG:model_container_pt:[46/200]0m 0.008s: Train loss: 0.661431 acc: 0.626374 - Test loss: 0.658326 acc: 0.631579
2020-05-04 03:08:53,847:DEBUG:model_container_pt:[47/200]0m 0.009s: Train loss: 0.661762 acc: 0.626374 - Test loss: 0.658456 acc: 0.631579
2020-05-04 03:08:53,856:DEBUG:model_container_pt:[48/200]0m 0.008s: Train loss: 0.661625 acc: 0.626374 - Test loss: 0.658717 acc: 0.631579
2020-05-04 03:08:53,865:DEBUG:model_container_pt:[49/200]0m 0.008s: Train loss: 0.661609 acc: 0.626374 - Test loss: 0.658355 acc: 0.631579
2020-05-04 03:08:53,873:DEBUG:model_container_pt:[50/200]0m 0.008s: Train loss: 0.661246 acc: 0.626374 - Test loss: 0.658312 acc: 0.631579
2020-05-04 03:08:53,882:DEBUG:model_container_pt:[51/200]0m 0.008s: Train loss: 0.661143 acc: 0.626374 - Test loss: 0.658362 acc: 0.631579
2020-05-04 03:08:53,891:DEBUG:model_container_pt:[52/200]0m 0.008s: Train loss: 0.661174 acc: 0.626374 - Test loss: 0.658685 acc: 0.631579
2020-05-04 03:08:53,900:DEBUG:model_container_pt:[53/200]0m 0.008s: Train loss: 0.661559 acc: 0.626374 - Test loss: 0.658890 acc: 0.631579
2020-05-04 03:08:53,908:DEBUG:model_container_pt:[54/200]0m 0.008s: Train loss: 0.662170 acc: 0.626374 - Test loss: 0.658339 acc: 0.631579
2020-05-04 03:08:53,917:DEBUG:model_container_pt:[55/200]0m 0.008s: Train loss: 0.661088 acc: 0.626374 - Test loss: 0.658336 acc: 0.631579
2020-05-04 03:08:53,926:DEBUG:model_container_pt:[56/200]0m 0.008s: Train loss: 0.660995 acc: 0.626374 - Test loss: 0.658392 acc: 0.631579
2020-05-04 03:08:53,935:DEBUG:model_container_pt:[57/200]0m 0.008s: Train loss: 0.661094 acc: 0.626374 - Test loss: 0.658450 acc: 0.631579
2020-05-04 03:08:53,943:DEBUG:model_container_pt:[58/200]0m 0.008s: Train loss: 0.661445 acc: 0.626374 - Test loss: 0.658656 acc: 0.631579
2020-05-04 03:08:53,952:DEBUG:model_container_pt:[59/200]0m 0.008s: Train loss: 0.661261 acc: 0.626374 - Test loss: 0.658364 acc: 0.631579
2020-05-04 03:08:53,961:DEBUG:model_container_pt:[60/200]0m 0.008s: Train loss: 0.661085 acc: 0.626374 - Test loss: 0.658337 acc: 0.631579
2020-05-04 03:08:53,970:DEBUG:model_container_pt:[61/200]0m 0.008s: Train loss: 0.661253 acc: 0.626374 - Test loss: 0.658260 acc: 0.631579
2020-05-04 03:08:53,978:DEBUG:model_container_pt:[62/200]0m 0.008s: Train loss: 0.661284 acc: 0.626374 - Test loss: 0.658259 acc: 0.631579
2020-05-04 03:08:53,987:DEBUG:model_container_pt:[63/200]0m 0.008s: Train loss: 0.661579 acc: 0.626374 - Test loss: 0.658489 acc: 0.631579
2020-05-04 03:08:53,996:DEBUG:model_container_pt:[64/200]0m 0.008s: Train loss: 0.661309 acc: 0.626374 - Test loss: 0.658483 acc: 0.631579
2020-05-04 03:08:54,005:DEBUG:model_container_pt:[65/200]0m 0.008s: Train loss: 0.661135 acc: 0.626374 - Test loss: 0.658764 acc: 0.631579
2020-05-04 03:08:54,014:DEBUG:model_container_pt:[66/200]0m 0.008s: Train loss: 0.661257 acc: 0.626374 - Test loss: 0.658647 acc: 0.631579
2020-05-04 03:08:54,022:DEBUG:model_container_pt:[67/200]0m 0.008s: Train loss: 0.661198 acc: 0.626374 - Test loss: 0.658535 acc: 0.631579
2020-05-04 03:08:54,031:DEBUG:model_container_pt:[68/200]0m 0.008s: Train loss: 0.661095 acc: 0.626374 - Test loss: 0.658414 acc: 0.631579
2020-05-04 03:08:54,040:DEBUG:model_container_pt:[69/200]0m 0.008s: Train loss: 0.661117 acc: 0.626374 - Test loss: 0.658256 acc: 0.631579
2020-05-04 03:08:54,049:DEBUG:model_container_pt:[70/200]0m 0.008s: Train loss: 0.661519 acc: 0.626374 - Test loss: 0.658281 acc: 0.631579
2020-05-04 03:08:54,057:DEBUG:model_container_pt:[71/200]0m 0.008s: Train loss: 0.661399 acc: 0.626374 - Test loss: 0.658265 acc: 0.631579
2020-05-04 03:08:54,066:DEBUG:model_container_pt:[72/200]0m 0.008s: Train loss: 0.661039 acc: 0.626374 - Test loss: 0.658288 acc: 0.631579
2020-05-04 03:08:54,075:DEBUG:model_container_pt:[73/200]0m 0.008s: Train loss: 0.661030 acc: 0.626374 - Test loss: 0.658346 acc: 0.631579
2020-05-04 03:08:54,083:DEBUG:model_container_pt:[74/200]0m 0.008s: Train loss: 0.661037 acc: 0.626374 - Test loss: 0.658394 acc: 0.631579
2020-05-04 03:08:54,092:DEBUG:model_container_pt:[75/200]0m 0.008s: Train loss: 0.661013 acc: 0.626374 - Test loss: 0.658571 acc: 0.631579
2020-05-04 03:08:54,101:DEBUG:model_container_pt:[76/200]0m 0.008s: Train loss: 0.661150 acc: 0.626374 - Test loss: 0.658482 acc: 0.631579
2020-05-04 03:08:54,110:DEBUG:model_container_pt:[77/200]0m 0.008s: Train loss: 0.661077 acc: 0.626374 - Test loss: 0.658465 acc: 0.631579
2020-05-04 03:08:54,119:DEBUG:model_container_pt:[78/200]0m 0.008s: Train loss: 0.661001 acc: 0.626374 - Test loss: 0.658322 acc: 0.631579
2020-05-04 03:08:54,127:DEBUG:model_container_pt:[79/200]0m 0.008s: Train loss: 0.661738 acc: 0.626374 - Test loss: 0.658240 acc: 0.631579
2020-05-04 03:08:54,136:DEBUG:model_container_pt:[80/200]0m 0.008s: Train loss: 0.661078 acc: 0.626374 - Test loss: 0.658253 acc: 0.631579
2020-05-04 03:08:54,145:DEBUG:model_container_pt:[81/200]0m 0.008s: Train loss: 0.661087 acc: 0.626374 - Test loss: 0.658287 acc: 0.631579
2020-05-04 03:08:54,154:DEBUG:model_container_pt:[82/200]0m 0.008s: Train loss: 0.661184 acc: 0.626374 - Test loss: 0.658484 acc: 0.631579
2020-05-04 03:08:54,162:DEBUG:model_container_pt:[83/200]0m 0.008s: Train loss: 0.661191 acc: 0.626374 - Test loss: 0.658368 acc: 0.631579
2020-05-04 03:08:54,171:DEBUG:model_container_pt:[84/200]0m 0.008s: Train loss: 0.661054 acc: 0.626374 - Test loss: 0.658341 acc: 0.631579
2020-05-04 03:08:54,180:DEBUG:model_container_pt:[85/200]0m 0.008s: Train loss: 0.661118 acc: 0.626374 - Test loss: 0.658349 acc: 0.631579
2020-05-04 03:08:54,188:DEBUG:model_container_pt:[86/200]0m 0.008s: Train loss: 0.661044 acc: 0.626374 - Test loss: 0.658315 acc: 0.631579
2020-05-04 03:08:54,197:DEBUG:model_container_pt:[87/200]0m 0.008s: Train loss: 0.661354 acc: 0.626374 - Test loss: 0.658236 acc: 0.631579
2020-05-04 03:08:54,206:DEBUG:model_container_pt:[88/200]0m 0.008s: Train loss: 0.661054 acc: 0.626374 - Test loss: 0.658321 acc: 0.631579
2020-05-04 03:08:54,215:DEBUG:model_container_pt:[89/200]0m 0.008s: Train loss: 0.661117 acc: 0.626374 - Test loss: 0.658273 acc: 0.631579
2020-05-04 03:08:54,224:DEBUG:model_container_pt:[90/200]0m 0.008s: Train loss: 0.661280 acc: 0.626374 - Test loss: 0.658401 acc: 0.631579
2020-05-04 03:08:54,233:DEBUG:model_container_pt:[91/200]0m 0.008s: Train loss: 0.661230 acc: 0.626374 - Test loss: 0.658324 acc: 0.631579
2020-05-04 03:08:54,241:DEBUG:model_container_pt:[92/200]0m 0.008s: Train loss: 0.661214 acc: 0.626374 - Test loss: 0.658221 acc: 0.631579
2020-05-04 03:08:54,250:DEBUG:model_container_pt:[93/200]0m 0.008s: Train loss: 0.661094 acc: 0.626374 - Test loss: 0.658228 acc: 0.631579
2020-05-04 03:08:54,259:DEBUG:model_container_pt:[94/200]0m 0.009s: Train loss: 0.661240 acc: 0.626374 - Test loss: 0.658229 acc: 0.631579
2020-05-04 03:08:54,268:DEBUG:model_container_pt:[95/200]0m 0.008s: Train loss: 0.661049 acc: 0.626374 - Test loss: 0.658246 acc: 0.631579
2020-05-04 03:08:54,277:DEBUG:model_container_pt:[96/200]0m 0.008s: Train loss: 0.660967 acc: 0.626374 - Test loss: 0.658472 acc: 0.631579
2020-05-04 03:08:54,286:DEBUG:model_container_pt:[97/200]0m 0.008s: Train loss: 0.661124 acc: 0.626374 - Test loss: 0.658543 acc: 0.631579
2020-05-04 03:08:54,294:DEBUG:model_container_pt:[98/200]0m 0.008s: Train loss: 0.661086 acc: 0.626374 - Test loss: 0.658363 acc: 0.631579
2020-05-04 03:08:54,303:DEBUG:model_container_pt:[99/200]0m 0.008s: Train loss: 0.661395 acc: 0.626374 - Test loss: 0.658234 acc: 0.631579
2020-05-04 03:08:54,312:DEBUG:model_container_pt:[100/200]0m 0.008s: Train loss: 0.660962 acc: 0.626374 - Test loss: 0.658296 acc: 0.631579
2020-05-04 03:08:54,321:DEBUG:model_container_pt:[101/200]0m 0.008s: Train loss: 0.660998 acc: 0.626374 - Test loss: 0.658367 acc: 0.631579
2020-05-04 03:08:54,330:DEBUG:model_container_pt:[102/200]0m 0.008s: Train loss: 0.661054 acc: 0.626374 - Test loss: 0.658511 acc: 0.631579
2020-05-04 03:08:54,339:DEBUG:model_container_pt:[103/200]0m 0.008s: Train loss: 0.661094 acc: 0.626374 - Test loss: 0.658597 acc: 0.631579
2020-05-04 03:08:54,347:DEBUG:model_container_pt:[104/200]0m 0.008s: Train loss: 0.661131 acc: 0.626374 - Test loss: 0.658427 acc: 0.631579
2020-05-04 03:08:54,356:DEBUG:model_container_pt:[105/200]0m 0.008s: Train loss: 0.661072 acc: 0.626374 - Test loss: 0.658375 acc: 0.631579
2020-05-04 03:08:54,365:DEBUG:model_container_pt:[106/200]0m 0.008s: Train loss: 0.660904 acc: 0.626374 - Test loss: 0.658211 acc: 0.631579
2020-05-04 03:08:54,374:DEBUG:model_container_pt:[107/200]0m 0.008s: Train loss: 0.662164 acc: 0.626374 - Test loss: 0.658250 acc: 0.631579
2020-05-04 03:08:54,383:DEBUG:model_container_pt:[108/200]0m 0.008s: Train loss: 0.660962 acc: 0.626374 - Test loss: 0.658326 acc: 0.631579
2020-05-04 03:08:54,391:DEBUG:model_container_pt:[109/200]0m 0.008s: Train loss: 0.661100 acc: 0.626374 - Test loss: 0.658716 acc: 0.631579
2020-05-04 03:08:54,400:DEBUG:model_container_pt:[110/200]0m 0.008s: Train loss: 0.661396 acc: 0.626374 - Test loss: 0.658831 acc: 0.631579
2020-05-04 03:08:54,409:DEBUG:model_container_pt:[111/200]0m 0.008s: Train loss: 0.661151 acc: 0.626374 - Test loss: 0.658415 acc: 0.631579
2020-05-04 03:08:54,418:DEBUG:model_container_pt:[112/200]0m 0.008s: Train loss: 0.661025 acc: 0.626374 - Test loss: 0.658250 acc: 0.631579
2020-05-04 03:08:54,427:DEBUG:model_container_pt:[113/200]0m 0.008s: Train loss: 0.660868 acc: 0.626374 - Test loss: 0.658198 acc: 0.631579
2020-05-04 03:08:54,436:DEBUG:model_container_pt:[114/200]0m 0.008s: Train loss: 0.661181 acc: 0.626374 - Test loss: 0.658265 acc: 0.631579
2020-05-04 03:08:54,445:DEBUG:model_container_pt:[115/200]0m 0.008s: Train loss: 0.661340 acc: 0.626374 - Test loss: 0.658197 acc: 0.631579
2020-05-04 03:08:54,453:DEBUG:model_container_pt:[116/200]0m 0.008s: Train loss: 0.661038 acc: 0.626374 - Test loss: 0.658201 acc: 0.631579
2020-05-04 03:08:54,462:DEBUG:model_container_pt:[117/200]0m 0.009s: Train loss: 0.661002 acc: 0.626374 - Test loss: 0.658201 acc: 0.631579
2020-05-04 03:08:54,471:DEBUG:model_container_pt:[118/200]0m 0.008s: Train loss: 0.661010 acc: 0.626374 - Test loss: 0.658292 acc: 0.631579
2020-05-04 03:08:54,480:DEBUG:model_container_pt:[119/200]0m 0.008s: Train loss: 0.661520 acc: 0.626374 - Test loss: 0.658580 acc: 0.631579
2020-05-04 03:08:54,489:DEBUG:model_container_pt:[120/200]0m 0.008s: Train loss: 0.661356 acc: 0.626374 - Test loss: 0.658352 acc: 0.631579
2020-05-04 03:08:54,497:DEBUG:model_container_pt:[121/200]0m 0.008s: Train loss: 0.661065 acc: 0.626374 - Test loss: 0.658304 acc: 0.631579
2020-05-04 03:08:54,506:DEBUG:model_container_pt:[122/200]0m 0.008s: Train loss: 0.660950 acc: 0.626374 - Test loss: 0.658296 acc: 0.631579
2020-05-04 03:08:54,515:DEBUG:model_container_pt:[123/200]0m 0.008s: Train loss: 0.661453 acc: 0.626374 - Test loss: 0.658196 acc: 0.631579
2020-05-04 03:08:54,524:DEBUG:model_container_pt:[124/200]0m 0.008s: Train loss: 0.661079 acc: 0.626374 - Test loss: 0.658194 acc: 0.631579
2020-05-04 03:08:54,533:DEBUG:model_container_pt:[125/200]0m 0.008s: Train loss: 0.662662 acc: 0.626374 - Test loss: 0.658639 acc: 0.631579
2020-05-04 03:08:54,541:DEBUG:model_container_pt:[126/200]0m 0.008s: Train loss: 0.661070 acc: 0.626374 - Test loss: 0.658370 acc: 0.631579
2020-05-04 03:08:54,550:DEBUG:model_container_pt:[127/200]0m 0.008s: Train loss: 0.660969 acc: 0.626374 - Test loss: 0.658186 acc: 0.631579
2020-05-04 03:08:54,559:DEBUG:model_container_pt:[128/200]0m 0.008s: Train loss: 0.661039 acc: 0.626374 - Test loss: 0.658199 acc: 0.631579
2020-05-04 03:08:54,567:DEBUG:model_container_pt:[129/200]0m 0.008s: Train loss: 0.661131 acc: 0.626374 - Test loss: 0.658218 acc: 0.631579
2020-05-04 03:08:54,576:DEBUG:model_container_pt:[130/200]0m 0.009s: Train loss: 0.661808 acc: 0.626374 - Test loss: 0.658301 acc: 0.631579
2020-05-04 03:08:54,585:DEBUG:model_container_pt:[131/200]0m 0.008s: Train loss: 0.661479 acc: 0.626374 - Test loss: 0.658183 acc: 0.631579
2020-05-04 03:08:54,594:DEBUG:model_container_pt:[132/200]0m 0.008s: Train loss: 0.660979 acc: 0.626374 - Test loss: 0.658195 acc: 0.631579
2020-05-04 03:08:54,603:DEBUG:model_container_pt:[133/200]0m 0.008s: Train loss: 0.661239 acc: 0.626374 - Test loss: 0.658335 acc: 0.631579
2020-05-04 03:08:54,612:DEBUG:model_container_pt:[134/200]0m 0.009s: Train loss: 0.661023 acc: 0.626374 - Test loss: 0.658408 acc: 0.631579
2020-05-04 03:08:54,621:DEBUG:model_container_pt:[135/200]0m 0.009s: Train loss: 0.661132 acc: 0.626374 - Test loss: 0.658506 acc: 0.631579
2020-05-04 03:08:54,630:DEBUG:model_container_pt:[136/200]0m 0.008s: Train loss: 0.661204 acc: 0.626374 - Test loss: 0.658286 acc: 0.631579
2020-05-04 03:08:54,638:DEBUG:model_container_pt:[137/200]0m 0.008s: Train loss: 0.661006 acc: 0.626374 - Test loss: 0.658240 acc: 0.631579
2020-05-04 03:08:54,647:DEBUG:model_container_pt:[138/200]0m 0.008s: Train loss: 0.661002 acc: 0.626374 - Test loss: 0.658206 acc: 0.631579
2020-05-04 03:08:54,656:DEBUG:model_container_pt:[139/200]0m 0.008s: Train loss: 0.661012 acc: 0.626374 - Test loss: 0.658175 acc: 0.631579
2020-05-04 03:08:54,665:DEBUG:model_container_pt:[140/200]0m 0.008s: Train loss: 0.661015 acc: 0.626374 - Test loss: 0.658192 acc: 0.631579
2020-05-04 03:08:54,674:DEBUG:model_container_pt:[141/200]0m 0.008s: Train loss: 0.660959 acc: 0.626374 - Test loss: 0.658183 acc: 0.631579
2020-05-04 03:08:54,683:DEBUG:model_container_pt:[142/200]0m 0.009s: Train loss: 0.661025 acc: 0.626374 - Test loss: 0.658188 acc: 0.631579
2020-05-04 03:08:54,691:DEBUG:model_container_pt:[143/200]0m 0.008s: Train loss: 0.660963 acc: 0.626374 - Test loss: 0.658195 acc: 0.631579
2020-05-04 03:08:54,700:DEBUG:model_container_pt:[144/200]0m 0.008s: Train loss: 0.661007 acc: 0.626374 - Test loss: 0.658335 acc: 0.631579
2020-05-04 03:08:54,709:DEBUG:model_container_pt:[145/200]0m 0.009s: Train loss: 0.660926 acc: 0.626374 - Test loss: 0.658411 acc: 0.631579
2020-05-04 03:08:54,718:DEBUG:model_container_pt:[146/200]0m 0.008s: Train loss: 0.661054 acc: 0.626374 - Test loss: 0.658488 acc: 0.631579
2020-05-04 03:08:54,727:DEBUG:model_container_pt:[147/200]0m 0.009s: Train loss: 0.661017 acc: 0.626374 - Test loss: 0.658350 acc: 0.631579
2020-05-04 03:08:54,736:DEBUG:model_container_pt:[148/200]0m 0.008s: Train loss: 0.661019 acc: 0.626374 - Test loss: 0.658227 acc: 0.631579
2020-05-04 03:08:54,745:DEBUG:model_container_pt:[149/200]0m 0.009s: Train loss: 0.661110 acc: 0.626374 - Test loss: 0.658179 acc: 0.631579
2020-05-04 03:08:54,754:DEBUG:model_container_pt:[150/200]0m 0.008s: Train loss: 0.661166 acc: 0.626374 - Test loss: 0.658200 acc: 0.631579
2020-05-04 03:08:54,763:DEBUG:model_container_pt:[151/200]0m 0.009s: Train loss: 0.661110 acc: 0.626374 - Test loss: 0.658167 acc: 0.631579
2020-05-04 03:08:54,772:DEBUG:model_container_pt:[152/200]0m 0.008s: Train loss: 0.660953 acc: 0.626374 - Test loss: 0.658176 acc: 0.631579
2020-05-04 03:08:54,781:DEBUG:model_container_pt:[153/200]0m 0.009s: Train loss: 0.660835 acc: 0.626374 - Test loss: 0.658275 acc: 0.631579
2020-05-04 03:08:54,789:DEBUG:model_container_pt:[154/200]0m 0.008s: Train loss: 0.660981 acc: 0.626374 - Test loss: 0.658497 acc: 0.631579
2020-05-04 03:08:54,798:DEBUG:model_container_pt:[155/200]0m 0.008s: Train loss: 0.661108 acc: 0.626374 - Test loss: 0.658596 acc: 0.631579
2020-05-04 03:08:54,807:DEBUG:model_container_pt:[156/200]0m 0.009s: Train loss: 0.661095 acc: 0.626374 - Test loss: 0.658592 acc: 0.631579
2020-05-04 03:08:54,816:DEBUG:model_container_pt:[157/200]0m 0.008s: Train loss: 0.661175 acc: 0.626374 - Test loss: 0.658451 acc: 0.631579
2020-05-04 03:08:54,825:DEBUG:model_container_pt:[158/200]0m 0.008s: Train loss: 0.661063 acc: 0.626374 - Test loss: 0.658314 acc: 0.631579
2020-05-04 03:08:54,834:DEBUG:model_container_pt:[159/200]0m 0.009s: Train loss: 0.661002 acc: 0.626374 - Test loss: 0.658193 acc: 0.631579
2020-05-04 03:08:54,843:DEBUG:model_container_pt:[160/200]0m 0.009s: Train loss: 0.660988 acc: 0.626374 - Test loss: 0.658177 acc: 0.631579
2020-05-04 03:08:54,852:DEBUG:model_container_pt:[161/200]0m 0.008s: Train loss: 0.660940 acc: 0.626374 - Test loss: 0.658161 acc: 0.631579
2020-05-04 03:08:54,861:DEBUG:model_container_pt:[162/200]0m 0.009s: Train loss: 0.660959 acc: 0.626374 - Test loss: 0.658163 acc: 0.631579
2020-05-04 03:08:54,870:DEBUG:model_container_pt:[163/200]0m 0.008s: Train loss: 0.660943 acc: 0.626374 - Test loss: 0.658172 acc: 0.631579
2020-05-04 03:08:54,878:DEBUG:model_container_pt:[164/200]0m 0.009s: Train loss: 0.661123 acc: 0.626374 - Test loss: 0.658266 acc: 0.631579
2020-05-04 03:08:54,887:DEBUG:model_container_pt:[165/200]0m 0.009s: Train loss: 0.660922 acc: 0.626374 - Test loss: 0.658269 acc: 0.631579
2020-05-04 03:08:54,896:DEBUG:model_container_pt:[166/200]0m 0.009s: Train loss: 0.661611 acc: 0.626374 - Test loss: 0.658165 acc: 0.631579
2020-05-04 03:08:54,905:DEBUG:model_container_pt:[167/200]0m 0.008s: Train loss: 0.660914 acc: 0.626374 - Test loss: 0.658216 acc: 0.631579
2020-05-04 03:08:54,914:DEBUG:model_container_pt:[168/200]0m 0.009s: Train loss: 0.660846 acc: 0.626374 - Test loss: 0.658408 acc: 0.631579
2020-05-04 03:08:54,923:DEBUG:model_container_pt:[169/200]0m 0.009s: Train loss: 0.660944 acc: 0.626374 - Test loss: 0.658547 acc: 0.631579
2020-05-04 03:08:54,932:DEBUG:model_container_pt:[170/200]0m 0.008s: Train loss: 0.661281 acc: 0.626374 - Test loss: 0.658645 acc: 0.631579
2020-05-04 03:08:54,941:DEBUG:model_container_pt:[171/200]0m 0.009s: Train loss: 0.661259 acc: 0.626374 - Test loss: 0.658714 acc: 0.631579
2020-05-04 03:08:54,950:DEBUG:model_container_pt:[172/200]0m 0.008s: Train loss: 0.661187 acc: 0.626374 - Test loss: 0.658603 acc: 0.631579
2020-05-04 03:08:54,959:DEBUG:model_container_pt:[173/200]0m 0.009s: Train loss: 0.661546 acc: 0.626374 - Test loss: 0.658205 acc: 0.631579
2020-05-04 03:08:54,967:DEBUG:model_container_pt:[174/200]0m 0.008s: Train loss: 0.660879 acc: 0.626374 - Test loss: 0.658153 acc: 0.631579
2020-05-04 03:08:54,976:DEBUG:model_container_pt:[175/200]0m 0.009s: Train loss: 0.660905 acc: 0.626374 - Test loss: 0.658183 acc: 0.631579
2020-05-04 03:08:54,985:DEBUG:model_container_pt:[176/200]0m 0.008s: Train loss: 0.661342 acc: 0.626374 - Test loss: 0.658288 acc: 0.631579
2020-05-04 03:08:54,994:DEBUG:model_container_pt:[177/200]0m 0.009s: Train loss: 0.661354 acc: 0.626374 - Test loss: 0.658199 acc: 0.631579
2020-05-04 03:08:55,003:DEBUG:model_container_pt:[178/200]0m 0.009s: Train loss: 0.661273 acc: 0.626374 - Test loss: 0.658263 acc: 0.631579
2020-05-04 03:08:55,012:DEBUG:model_container_pt:[179/200]0m 0.009s: Train loss: 0.660949 acc: 0.626374 - Test loss: 0.658449 acc: 0.631579
2020-05-04 03:08:55,021:DEBUG:model_container_pt:[180/200]0m 0.009s: Train loss: 0.661222 acc: 0.626374 - Test loss: 0.658898 acc: 0.631579
2020-05-04 03:08:55,030:DEBUG:model_container_pt:[181/200]0m 0.008s: Train loss: 0.661252 acc: 0.626374 - Test loss: 0.658495 acc: 0.631579
2020-05-04 03:08:55,039:DEBUG:model_container_pt:[182/200]0m 0.009s: Train loss: 0.663152 acc: 0.626374 - Test loss: 0.658150 acc: 0.631579
2020-05-04 03:08:55,048:DEBUG:model_container_pt:[183/200]0m 0.009s: Train loss: 0.661729 acc: 0.626374 - Test loss: 0.658620 acc: 0.631579
2020-05-04 03:08:55,057:DEBUG:model_container_pt:[184/200]0m 0.009s: Train loss: 0.661197 acc: 0.626374 - Test loss: 0.658669 acc: 0.631579
2020-05-04 03:08:55,066:DEBUG:model_container_pt:[185/200]0m 0.009s: Train loss: 0.661237 acc: 0.626374 - Test loss: 0.658332 acc: 0.631579
2020-05-04 03:08:55,074:DEBUG:model_container_pt:[186/200]0m 0.008s: Train loss: 0.660975 acc: 0.626374 - Test loss: 0.658224 acc: 0.631579
2020-05-04 03:08:55,083:DEBUG:model_container_pt:[187/200]0m 0.009s: Train loss: 0.661126 acc: 0.626374 - Test loss: 0.658271 acc: 0.631579
2020-05-04 03:08:55,092:DEBUG:model_container_pt:[188/200]0m 0.009s: Train loss: 0.660940 acc: 0.626374 - Test loss: 0.658200 acc: 0.631579
2020-05-04 03:08:55,101:DEBUG:model_container_pt:[189/200]0m 0.009s: Train loss: 0.660940 acc: 0.626374 - Test loss: 0.658166 acc: 0.631579
2020-05-04 03:08:55,110:DEBUG:model_container_pt:[190/200]0m 0.008s: Train loss: 0.660966 acc: 0.626374 - Test loss: 0.658161 acc: 0.631579
2020-05-04 03:08:55,119:DEBUG:model_container_pt:[191/200]0m 0.009s: Train loss: 0.661108 acc: 0.626374 - Test loss: 0.658227 acc: 0.631579
2020-05-04 03:08:55,128:DEBUG:model_container_pt:[192/200]0m 0.009s: Train loss: 0.660895 acc: 0.626374 - Test loss: 0.658261 acc: 0.631579
2020-05-04 03:08:55,137:DEBUG:model_container_pt:[193/200]0m 0.009s: Train loss: 0.661288 acc: 0.626374 - Test loss: 0.658399 acc: 0.631579
2020-05-04 03:08:55,146:DEBUG:model_container_pt:[194/200]0m 0.009s: Train loss: 0.661073 acc: 0.626374 - Test loss: 0.658507 acc: 0.631579
2020-05-04 03:08:55,155:DEBUG:model_container_pt:[195/200]0m 0.009s: Train loss: 0.661076 acc: 0.626374 - Test loss: 0.658642 acc: 0.631579
2020-05-04 03:08:55,164:DEBUG:model_container_pt:[196/200]0m 0.009s: Train loss: 0.661171 acc: 0.626374 - Test loss: 0.658537 acc: 0.631579
2020-05-04 03:08:55,173:DEBUG:model_container_pt:[197/200]0m 0.009s: Train loss: 0.661209 acc: 0.626374 - Test loss: 0.658354 acc: 0.631579
2020-05-04 03:08:55,182:DEBUG:model_container_pt:[198/200]0m 0.009s: Train loss: 0.660943 acc: 0.626374 - Test loss: 0.658358 acc: 0.631579
2020-05-04 03:08:55,191:DEBUG:model_container_pt:[199/200]0m 0.009s: Train loss: 0.660951 acc: 0.626374 - Test loss: 0.658351 acc: 0.631579
2020-05-04 03:08:55,200:DEBUG:model_container_pt:[200/200]0m 0.008s: Train loss: 0.660983 acc: 0.626374 - Test loss: 0.658361 acc: 0.631579
2020-05-04 03:08:55,200:INFO:model_container_pt:Time to complete training: 0m 1.766s
2020-05-04 03:08:55,200:DEBUG:detector_container:Time to complete [Train normal]: 0m 1.766s
2020-05-04 03:08:55,201:INFO:model_container_pt:Saved model to save/BCNN_BreastCancerWisconsin_e200_binary.pt
2020-05-04 03:08:55,201:INFO:model_container_pt:Saved model to save/BCNN_BreastCancerWisconsin_e200_normal.pt
2020-05-04 03:08:55,208:DEBUG:defend_squeeze:Load save/BCNN_BreastCancerWisconsin_FGSM_x.npy...
2020-05-04 03:08:55,212:INFO:defend_squeeze:Accuracy on clean set - OG: 1.000000, Squeezer: 1.000000
2020-05-04 03:08:55,214:INFO:defend_squeeze:Blocked 43/114 samples on clean
2020-05-04 03:08:55,215:DEBUG:defend_squeeze:Load save/BCNN_BreastCancerWisconsin_FGSM_adv.npy...
2020-05-04 03:08:55,218:INFO:defend_squeeze:Accuracy on FGSM set - OG: 0.026316, Squeezer: 0.131579
2020-05-04 03:08:55,220:INFO:defend_squeeze:Blocked 79/114 samples on FGSM
2020-05-04 03:08:55,220:DEBUG:defend_squeeze:Load save/BCNN_BreastCancerWisconsin_BIM_adv.npy...
2020-05-04 03:08:55,223:INFO:defend_squeeze:Accuracy on BIM set - OG: 0.008772, Squeezer: 0.008772
2020-05-04 03:08:55,226:INFO:defend_squeeze:Blocked 76/114 samples on BIM
2020-05-04 03:08:55,226:DEBUG:defend_squeeze:Load save/BCNN_BreastCancerWisconsin_DeepFool_adv.npy...
2020-05-04 03:08:55,229:INFO:defend_squeeze:Accuracy on DeepFool set - OG: 0.078947, Squeezer: 0.105263
2020-05-04 03:08:55,232:INFO:defend_squeeze:Blocked 74/114 samples on DeepFool
2020-05-04 03:08:55,232:DEBUG:defend_squeeze:Load save/BCNN_BreastCancerWisconsin_Carlini_adv.npy...
2020-05-04 03:08:55,235:INFO:defend_squeeze:Accuracy on Carlini set - OG: 0.526316, Squeezer: 0.666667
2020-05-04 03:08:55,238:INFO:defend_squeeze:Blocked 101/114 samples on Carlini
