2020-05-04 00:58:36,399:INFO:defend_squeeze:Start at    : 20200504005836
2020-05-04 00:58:36,400:INFO:defend_squeeze:RECEIVED PARAMETERS:
2020-05-04 00:58:36,400:INFO:defend_squeeze:model file  :./save/CifarCnn_SVHN_e50.pt
2020-05-04 00:58:36,400:INFO:defend_squeeze:model       :CifarCnn
2020-05-04 00:58:36,400:INFO:defend_squeeze:dataset     :SVHN
2020-05-04 00:58:36,400:INFO:defend_squeeze:max_epochs  :50
2020-05-04 00:58:36,400:INFO:defend_squeeze:bit_depth   :8
2020-05-04 00:58:36,400:INFO:defend_squeeze:sigma       :0.200000
2020-05-04 00:58:36,400:INFO:defend_squeeze:kernel_size :3
2020-05-04 00:58:36,400:INFO:defend_squeeze:batch_size  :128
2020-05-04 00:58:36,400:INFO:defend_squeeze:seed        :4096
2020-05-04 00:58:36,400:INFO:defend_squeeze:verbose     :True
2020-05-04 00:58:36,400:INFO:defend_squeeze:save_log    :True
2020-05-04 00:58:36,400:INFO:defend_squeeze:need train  :True
2020-05-04 00:58:36,400:INFO:defend_squeeze:filters     :binary, normal, median
2020-05-04 00:58:36,400:INFO:defend_squeeze:attacks     :clean, FGSM, BIM, DeepFool, Carlini, Saliency
2020-05-04 00:58:36,400:INFO:defend_squeeze:pretrained  :CifarCnn_SVHN_e50_binary.pt, CifarCnn_SVHN_e50_normal.pt, CifarCnn_SVHN_e50_median.pt
2020-05-04 00:58:36,400:DEBUG:utils:Setting random seed for PyTorch.
2020-05-04 00:58:36,423:DEBUG:utils:/home/lukec/workspace/aad/aad/../data
2020-05-04 00:58:46,225:INFO:data_container:Train size: 73257 - Test size: 26032
2020-05-04 00:58:46,225:INFO:data_container:Successfully load data. Time to complete: 0m 9.802s
2020-05-04 00:58:47,879:DEBUG:model_container_pt:Using device: cuda
2020-05-04 00:58:47,888:INFO:model_container_pt:Loaded model from ./save/CifarCnn_SVHN_e50.pt
2020-05-04 00:58:48,829:INFO:defend_squeeze:Accuracy on test set: 0.936501
2020-05-04 00:58:49,181:DEBUG:model_container_pt:Using device: cuda
2020-05-04 00:58:51,803:DEBUG:model_container_pt:Using device: cuda
2020-05-04 00:59:03,590:DEBUG:model_container_pt:Using device: cuda
2020-05-04 01:00:20,111:DEBUG:feature_squeezing:Start training binary squeezing model...
2020-05-04 01:00:29,096:DEBUG:model_container_pt:[1/50]0m 8.963s: Train loss: 0.112731 acc: 0.967443 - Test loss: 0.251145 acc: 0.930393
2020-05-04 01:00:38,008:DEBUG:model_container_pt:[2/50]0m 8.910s: Train loss: 0.107093 acc: 0.969273 - Test loss: 0.301819 acc: 0.914490
2020-05-04 01:00:46,915:DEBUG:model_container_pt:[3/50]0m 8.908s: Train loss: 0.107558 acc: 0.968262 - Test loss: 0.243255 acc: 0.931892
2020-05-04 01:00:55,827:DEBUG:model_container_pt:[4/50]0m 8.910s: Train loss: 0.104529 acc: 0.969873 - Test loss: 0.238012 acc: 0.931546
2020-05-04 01:01:04,751:DEBUG:model_container_pt:[5/50]0m 8.924s: Train loss: 0.101475 acc: 0.970324 - Test loss: 0.252513 acc: 0.931008
2020-05-04 01:01:13,661:DEBUG:model_container_pt:[6/50]0m 8.910s: Train loss: 0.104438 acc: 0.969382 - Test loss: 0.271185 acc: 0.924132
2020-05-04 01:01:22,579:DEBUG:model_container_pt:[7/50]0m 8.918s: Train loss: 0.100102 acc: 0.970679 - Test loss: 0.265797 acc: 0.926206
2020-05-04 01:01:31,494:DEBUG:model_container_pt:[8/50]0m 8.915s: Train loss: 0.098221 acc: 0.971225 - Test loss: 0.252998 acc: 0.928742
2020-05-04 01:01:40,412:DEBUG:model_container_pt:[9/50]0m 8.918s: Train loss: 0.102811 acc: 0.969450 - Test loss: 0.245161 acc: 0.934158
2020-05-04 01:01:49,334:DEBUG:model_container_pt:[10/50]0m 8.921s: Train loss: 0.098663 acc: 0.971184 - Test loss: 0.255660 acc: 0.927628
2020-05-04 01:01:58,259:DEBUG:model_container_pt:[11/50]0m 8.925s: Train loss: 0.102599 acc: 0.969668 - Test loss: 0.264678 acc: 0.925707
2020-05-04 01:02:07,183:DEBUG:model_container_pt:[12/50]0m 8.924s: Train loss: 0.095190 acc: 0.972003 - Test loss: 0.263657 acc: 0.927167
2020-05-04 01:02:16,106:DEBUG:model_container_pt:[13/50]0m 8.923s: Train loss: 0.095108 acc: 0.971948 - Test loss: 0.269710 acc: 0.923671
2020-05-04 01:02:25,034:DEBUG:model_container_pt:[14/50]0m 8.928s: Train loss: 0.095870 acc: 0.971839 - Test loss: 0.270880 acc: 0.925092
2020-05-04 01:02:33,963:DEBUG:model_container_pt:[15/50]0m 8.929s: Train loss: 0.094282 acc: 0.972317 - Test loss: 0.264651 acc: 0.926129
2020-05-04 01:02:42,884:DEBUG:model_container_pt:[16/50]0m 8.921s: Train loss: 0.094460 acc: 0.971702 - Test loss: 0.278264 acc: 0.922442
2020-05-04 01:02:51,808:DEBUG:model_container_pt:[17/50]0m 8.924s: Train loss: 0.092044 acc: 0.972999 - Test loss: 0.282468 acc: 0.923479
2020-05-04 01:03:00,730:DEBUG:model_container_pt:[18/50]0m 8.922s: Train loss: 0.093281 acc: 0.972276 - Test loss: 0.279484 acc: 0.922979
2020-05-04 01:03:09,653:DEBUG:model_container_pt:[19/50]0m 8.924s: Train loss: 0.094395 acc: 0.972303 - Test loss: 0.269237 acc: 0.924977
2020-05-04 01:03:18,571:DEBUG:model_container_pt:[20/50]0m 8.918s: Train loss: 0.091785 acc: 0.973259 - Test loss: 0.250835 acc: 0.932276
2020-05-04 01:03:27,491:DEBUG:model_container_pt:[21/50]0m 8.920s: Train loss: 0.092419 acc: 0.972931 - Test loss: 0.282197 acc: 0.921750
2020-05-04 01:03:36,409:DEBUG:model_container_pt:[22/50]0m 8.918s: Train loss: 0.090733 acc: 0.973177 - Test loss: 0.270310 acc: 0.924823
2020-05-04 01:03:45,350:DEBUG:model_container_pt:[23/50]0m 8.940s: Train loss: 0.091740 acc: 0.972685 - Test loss: 0.234648 acc: 0.934619
2020-05-04 01:03:54,314:DEBUG:model_container_pt:[24/50]0m 8.963s: Train loss: 0.088752 acc: 0.974296 - Test loss: 0.278093 acc: 0.922826
2020-05-04 01:04:03,277:DEBUG:model_container_pt:[25/50]0m 8.963s: Train loss: 0.090583 acc: 0.972835 - Test loss: 0.303148 acc: 0.917102
2020-05-04 01:04:12,234:DEBUG:model_container_pt:[26/50]0m 8.957s: Train loss: 0.088773 acc: 0.973914 - Test loss: 0.315529 acc: 0.914298
2020-05-04 01:04:21,184:DEBUG:model_container_pt:[27/50]0m 8.950s: Train loss: 0.089952 acc: 0.972808 - Test loss: 0.268062 acc: 0.925169
2020-05-04 01:04:30,142:DEBUG:model_container_pt:[28/50]0m 8.958s: Train loss: 0.087937 acc: 0.974187 - Test loss: 0.271856 acc: 0.923440
2020-05-04 01:04:39,093:DEBUG:model_container_pt:[29/50]0m 8.951s: Train loss: 0.089329 acc: 0.973600 - Test loss: 0.293615 acc: 0.915719
2020-05-04 01:04:48,037:DEBUG:model_container_pt:[30/50]0m 8.943s: Train loss: 0.088366 acc: 0.973518 - Test loss: 0.279252 acc: 0.922979
2020-05-04 01:04:56,979:DEBUG:model_container_pt:[31/50]0m 8.942s: Train loss: 0.086826 acc: 0.974392 - Test loss: 0.281968 acc: 0.919906
2020-05-04 01:05:05,940:DEBUG:model_container_pt:[32/50]0m 8.961s: Train loss: 0.087712 acc: 0.973286 - Test loss: 0.255271 acc: 0.930778
2020-05-04 01:05:14,901:DEBUG:model_container_pt:[33/50]0m 8.961s: Train loss: 0.087764 acc: 0.973777 - Test loss: 0.280368 acc: 0.921212
2020-05-04 01:05:23,848:DEBUG:model_container_pt:[34/50]0m 8.947s: Train loss: 0.088245 acc: 0.973613 - Test loss: 0.273300 acc: 0.926321
2020-05-04 01:05:32,798:DEBUG:model_container_pt:[35/50]0m 8.950s: Train loss: 0.086325 acc: 0.974746 - Test loss: 0.289272 acc: 0.921520
2020-05-04 01:05:41,746:DEBUG:model_container_pt:[36/50]0m 8.948s: Train loss: 0.086613 acc: 0.974351 - Test loss: 0.272527 acc: 0.924439
2020-05-04 01:05:50,697:DEBUG:model_container_pt:[37/50]0m 8.951s: Train loss: 0.086616 acc: 0.974460 - Test loss: 0.289193 acc: 0.925361
2020-05-04 01:05:59,640:DEBUG:model_container_pt:[38/50]0m 8.943s: Train loss: 0.085595 acc: 0.973859 - Test loss: 0.283840 acc: 0.925899
2020-05-04 01:06:08,593:DEBUG:model_container_pt:[39/50]0m 8.953s: Train loss: 0.088333 acc: 0.973668 - Test loss: 0.267405 acc: 0.926437
2020-05-04 01:06:17,538:DEBUG:model_container_pt:[40/50]0m 8.944s: Train loss: 0.084410 acc: 0.973832 - Test loss: 0.315512 acc: 0.915297
2020-05-04 01:06:26,488:DEBUG:model_container_pt:[41/50]0m 8.950s: Train loss: 0.086571 acc: 0.973559 - Test loss: 0.274194 acc: 0.927090
2020-05-04 01:06:35,440:DEBUG:model_container_pt:[42/50]0m 8.951s: Train loss: 0.082486 acc: 0.975306 - Test loss: 0.298575 acc: 0.920598
2020-05-04 01:06:44,387:DEBUG:model_container_pt:[43/50]0m 8.948s: Train loss: 0.081688 acc: 0.975470 - Test loss: 0.267284 acc: 0.929356
2020-05-04 01:06:53,335:DEBUG:model_container_pt:[44/50]0m 8.947s: Train loss: 0.089266 acc: 0.972849 - Test loss: 0.262944 acc: 0.929241
2020-05-04 01:07:02,287:DEBUG:model_container_pt:[45/50]0m 8.952s: Train loss: 0.080413 acc: 0.975920 - Test loss: 0.256906 acc: 0.930163
2020-05-04 01:07:11,236:DEBUG:model_container_pt:[46/50]0m 8.949s: Train loss: 0.085950 acc: 0.973641 - Test loss: 0.264882 acc: 0.929395
2020-05-04 01:07:20,191:DEBUG:model_container_pt:[47/50]0m 8.955s: Train loss: 0.085712 acc: 0.973832 - Test loss: 0.282871 acc: 0.925899
2020-05-04 01:07:29,139:DEBUG:model_container_pt:[48/50]0m 8.947s: Train loss: 0.082617 acc: 0.975306 - Test loss: 0.265648 acc: 0.926936
2020-05-04 01:07:38,096:DEBUG:model_container_pt:[49/50]0m 8.958s: Train loss: 0.081861 acc: 0.974965 - Test loss: 0.282431 acc: 0.921942
2020-05-04 01:07:47,048:DEBUG:model_container_pt:[50/50]0m 8.952s: Train loss: 0.081457 acc: 0.975252 - Test loss: 0.283498 acc: 0.920675
2020-05-04 01:07:47,049:INFO:model_container_pt:Time to complete training: 7m 26.937s
2020-05-04 01:07:47,049:DEBUG:detector_container:Time to complete [Train binary]: 7m 26.937s
2020-05-04 01:07:47,049:DEBUG:feature_squeezing:Start training normal squeezing model...
2020-05-04 01:07:56,261:DEBUG:model_container_pt:[1/50]0m 9.210s: Train loss: 0.596932 acc: 0.807199 - Test loss: 0.544181 acc: 0.829825
2020-05-04 01:08:05,474:DEBUG:model_container_pt:[2/50]0m 9.212s: Train loss: 0.471129 acc: 0.848151 - Test loss: 0.543808 acc: 0.826905
2020-05-04 01:08:14,673:DEBUG:model_container_pt:[3/50]0m 9.199s: Train loss: 0.432217 acc: 0.861583 - Test loss: 0.521043 acc: 0.837815
2020-05-04 01:08:23,881:DEBUG:model_container_pt:[4/50]0m 9.207s: Train loss: 0.396994 acc: 0.873241 - Test loss: 0.532786 acc: 0.833897
2020-05-04 01:08:33,082:DEBUG:model_container_pt:[5/50]0m 9.201s: Train loss: 0.370492 acc: 0.881499 - Test loss: 0.553636 acc: 0.827021
2020-05-04 01:08:42,283:DEBUG:model_container_pt:[6/50]0m 9.201s: Train loss: 0.347921 acc: 0.888134 - Test loss: 0.542929 acc: 0.829402
2020-05-04 01:08:51,480:DEBUG:model_container_pt:[7/50]0m 9.197s: Train loss: 0.326162 acc: 0.895778 - Test loss: 0.587294 acc: 0.821796
2020-05-04 01:09:00,686:DEBUG:model_container_pt:[8/50]0m 9.206s: Train loss: 0.306857 acc: 0.901607 - Test loss: 0.565913 acc: 0.829710
2020-05-04 01:09:09,887:DEBUG:model_container_pt:[9/50]0m 9.201s: Train loss: 0.288717 acc: 0.906616 - Test loss: 0.564522 acc: 0.830324
2020-05-04 01:09:19,084:DEBUG:model_container_pt:[10/50]0m 9.197s: Train loss: 0.272569 acc: 0.911927 - Test loss: 0.579403 acc: 0.828980
2020-05-04 01:09:28,294:DEBUG:model_container_pt:[11/50]0m 9.210s: Train loss: 0.256764 acc: 0.918178 - Test loss: 0.593791 acc: 0.825023
2020-05-04 01:09:37,502:DEBUG:model_container_pt:[12/50]0m 9.208s: Train loss: 0.243697 acc: 0.920950 - Test loss: 0.629613 acc: 0.819184
2020-05-04 01:09:46,709:DEBUG:model_container_pt:[13/50]0m 9.207s: Train loss: 0.231998 acc: 0.925850 - Test loss: 0.639107 acc: 0.819107
2020-05-04 01:09:56,123:DEBUG:model_container_pt:[14/50]0m 9.415s: Train loss: 0.223057 acc: 0.928621 - Test loss: 0.610163 acc: 0.826483
2020-05-04 01:10:05,450:DEBUG:model_container_pt:[15/50]0m 9.327s: Train loss: 0.212159 acc: 0.931256 - Test loss: 0.610477 acc: 0.828250
2020-05-04 01:10:14,628:DEBUG:model_container_pt:[16/50]0m 9.178s: Train loss: 0.203438 acc: 0.934600 - Test loss: 0.628323 acc: 0.825215
2020-05-04 01:10:23,794:DEBUG:model_container_pt:[17/50]0m 9.167s: Train loss: 0.190945 acc: 0.939200 - Test loss: 0.675045 acc: 0.817071
2020-05-04 01:10:32,962:DEBUG:model_container_pt:[18/50]0m 9.168s: Train loss: 0.187308 acc: 0.939214 - Test loss: 0.659513 acc: 0.819799
2020-05-04 01:10:42,136:DEBUG:model_container_pt:[19/50]0m 9.173s: Train loss: 0.182377 acc: 0.939705 - Test loss: 0.671938 acc: 0.816994
2020-05-04 01:10:51,310:DEBUG:model_container_pt:[20/50]0m 9.175s: Train loss: 0.180339 acc: 0.940770 - Test loss: 0.683982 acc: 0.814305
2020-05-04 01:11:00,485:DEBUG:model_container_pt:[21/50]0m 9.175s: Train loss: 0.169357 acc: 0.945370 - Test loss: 0.701006 acc: 0.810925
2020-05-04 01:11:09,652:DEBUG:model_container_pt:[22/50]0m 9.167s: Train loss: 0.173548 acc: 0.942122 - Test loss: 0.700532 acc: 0.818377
2020-05-04 01:11:18,824:DEBUG:model_container_pt:[23/50]0m 9.171s: Train loss: 0.163489 acc: 0.946544 - Test loss: 0.711019 acc: 0.816956
2020-05-04 01:11:27,994:DEBUG:model_container_pt:[24/50]0m 9.170s: Train loss: 0.160124 acc: 0.947691 - Test loss: 0.754858 acc: 0.808313
2020-05-04 01:11:37,167:DEBUG:model_container_pt:[25/50]0m 9.174s: Train loss: 0.161108 acc: 0.946722 - Test loss: 0.751299 acc: 0.809081
2020-05-04 01:11:46,331:DEBUG:model_container_pt:[26/50]0m 9.163s: Train loss: 0.157183 acc: 0.948647 - Test loss: 0.721517 acc: 0.812039
2020-05-04 01:11:55,500:DEBUG:model_container_pt:[27/50]0m 9.169s: Train loss: 0.148761 acc: 0.951977 - Test loss: 0.707295 acc: 0.817609
2020-05-04 01:12:04,676:DEBUG:model_container_pt:[28/50]0m 9.176s: Train loss: 0.151514 acc: 0.950148 - Test loss: 0.723817 acc: 0.815688
2020-05-04 01:12:13,844:DEBUG:model_container_pt:[29/50]0m 9.169s: Train loss: 0.148213 acc: 0.951172 - Test loss: 0.779477 acc: 0.800092
2020-05-04 01:12:23,011:DEBUG:model_container_pt:[30/50]0m 9.166s: Train loss: 0.147822 acc: 0.951813 - Test loss: 0.770928 acc: 0.798171
2020-05-04 01:12:32,183:DEBUG:model_container_pt:[31/50]0m 9.173s: Train loss: 0.145517 acc: 0.952086 - Test loss: 0.747509 acc: 0.811232
2020-05-04 01:12:41,344:DEBUG:model_container_pt:[32/50]0m 9.160s: Train loss: 0.143914 acc: 0.951882 - Test loss: 0.778102 acc: 0.808082
2020-05-04 01:12:50,508:DEBUG:model_container_pt:[33/50]0m 9.165s: Train loss: 0.145889 acc: 0.952250 - Test loss: 0.717255 acc: 0.810464
2020-05-04 01:12:59,677:DEBUG:model_container_pt:[34/50]0m 9.169s: Train loss: 0.143337 acc: 0.952387 - Test loss: 0.731880 acc: 0.813230
2020-05-04 01:13:08,834:DEBUG:model_container_pt:[35/50]0m 9.157s: Train loss: 0.136531 acc: 0.955485 - Test loss: 0.774130 acc: 0.807698
2020-05-04 01:13:17,997:DEBUG:model_container_pt:[36/50]0m 9.163s: Train loss: 0.141328 acc: 0.953738 - Test loss: 0.773870 acc: 0.803165
2020-05-04 01:13:27,152:DEBUG:model_container_pt:[37/50]0m 9.155s: Train loss: 0.139547 acc: 0.953574 - Test loss: 0.734259 acc: 0.809235
2020-05-04 01:13:36,309:DEBUG:model_container_pt:[38/50]0m 9.157s: Train loss: 0.138090 acc: 0.954571 - Test loss: 0.788814 acc: 0.808236
2020-05-04 01:13:45,469:DEBUG:model_container_pt:[39/50]0m 9.160s: Train loss: 0.137800 acc: 0.954735 - Test loss: 0.746581 acc: 0.814997
2020-05-04 01:13:54,633:DEBUG:model_container_pt:[40/50]0m 9.163s: Train loss: 0.134062 acc: 0.955854 - Test loss: 0.773255 acc: 0.807660
2020-05-04 01:14:03,799:DEBUG:model_container_pt:[41/50]0m 9.166s: Train loss: 0.137457 acc: 0.955185 - Test loss: 0.707062 acc: 0.813844
2020-05-04 01:14:12,961:DEBUG:model_container_pt:[42/50]0m 9.162s: Train loss: 0.131337 acc: 0.956632 - Test loss: 0.764010 acc: 0.807967
2020-05-04 01:14:22,131:DEBUG:model_container_pt:[43/50]0m 9.169s: Train loss: 0.131217 acc: 0.956796 - Test loss: 0.734536 acc: 0.808889
2020-05-04 01:14:31,290:DEBUG:model_container_pt:[44/50]0m 9.159s: Train loss: 0.135459 acc: 0.955199 - Test loss: 0.756551 acc: 0.807967
2020-05-04 01:14:40,449:DEBUG:model_container_pt:[45/50]0m 9.160s: Train loss: 0.130185 acc: 0.956605 - Test loss: 0.749262 acc: 0.817033
2020-05-04 01:14:49,614:DEBUG:model_container_pt:[46/50]0m 9.164s: Train loss: 0.128213 acc: 0.957806 - Test loss: 0.776771 acc: 0.804010
2020-05-04 01:14:58,780:DEBUG:model_container_pt:[47/50]0m 9.166s: Train loss: 0.130321 acc: 0.956905 - Test loss: 0.790652 acc: 0.800438
2020-05-04 01:15:07,954:DEBUG:model_container_pt:[48/50]0m 9.175s: Train loss: 0.135590 acc: 0.955554 - Test loss: 0.793301 acc: 0.801744
2020-05-04 01:15:17,131:DEBUG:model_container_pt:[49/50]0m 9.176s: Train loss: 0.131319 acc: 0.956359 - Test loss: 0.745771 acc: 0.811501
2020-05-04 01:15:26,297:DEBUG:model_container_pt:[50/50]0m 9.166s: Train loss: 0.127558 acc: 0.957902 - Test loss: 0.741524 acc: 0.811463
2020-05-04 01:15:26,298:INFO:model_container_pt:Time to complete training: 7m 39.248s
2020-05-04 01:15:26,298:DEBUG:detector_container:Time to complete [Train normal]: 7m 39.249s
2020-05-04 01:15:26,298:DEBUG:feature_squeezing:Start training median squeezing model...
2020-05-04 01:15:35,190:DEBUG:model_container_pt:[1/50]0m 8.891s: Train loss: 0.136118 acc: 0.959321 - Test loss: 0.244833 acc: 0.929279
2020-05-04 01:15:44,072:DEBUG:model_container_pt:[2/50]0m 8.880s: Train loss: 0.121782 acc: 0.963348 - Test loss: 0.244684 acc: 0.932660
2020-05-04 01:15:52,968:DEBUG:model_container_pt:[3/50]0m 8.894s: Train loss: 0.118095 acc: 0.964891 - Test loss: 0.267674 acc: 0.921789
2020-05-04 01:16:01,864:DEBUG:model_container_pt:[4/50]0m 8.896s: Train loss: 0.116836 acc: 0.965642 - Test loss: 0.266861 acc: 0.925323
2020-05-04 01:16:10,759:DEBUG:model_container_pt:[5/50]0m 8.895s: Train loss: 0.117100 acc: 0.965068 - Test loss: 0.255235 acc: 0.929625
2020-05-04 01:16:19,656:DEBUG:model_container_pt:[6/50]0m 8.896s: Train loss: 0.112246 acc: 0.966665 - Test loss: 0.272451 acc: 0.924554
2020-05-04 01:16:28,546:DEBUG:model_container_pt:[7/50]0m 8.890s: Train loss: 0.113883 acc: 0.966051 - Test loss: 0.240557 acc: 0.933774
2020-05-04 01:16:37,436:DEBUG:model_container_pt:[8/50]0m 8.888s: Train loss: 0.109175 acc: 0.968044 - Test loss: 0.248658 acc: 0.929587
2020-05-04 01:16:46,331:DEBUG:model_container_pt:[9/50]0m 8.895s: Train loss: 0.109297 acc: 0.967948 - Test loss: 0.267007 acc: 0.924093
2020-05-04 01:16:55,229:DEBUG:model_container_pt:[10/50]0m 8.898s: Train loss: 0.108088 acc: 0.968140 - Test loss: 0.250063 acc: 0.930278
2020-05-04 01:17:04,185:DEBUG:model_container_pt:[11/50]0m 8.956s: Train loss: 0.106589 acc: 0.968467 - Test loss: 0.280623 acc: 0.920867
2020-05-04 01:17:13,191:DEBUG:model_container_pt:[12/50]0m 9.006s: Train loss: 0.105969 acc: 0.967962 - Test loss: 0.248494 acc: 0.931776
2020-05-04 01:17:22,186:DEBUG:model_container_pt:[13/50]0m 8.994s: Train loss: 0.103833 acc: 0.969641 - Test loss: 0.272536 acc: 0.923940
2020-05-04 01:17:31,763:DEBUG:model_container_pt:[14/50]0m 9.577s: Train loss: 0.103900 acc: 0.968836 - Test loss: 0.253910 acc: 0.927973
2020-05-04 01:17:41,491:DEBUG:model_container_pt:[15/50]0m 9.729s: Train loss: 0.102758 acc: 0.969914 - Test loss: 0.262527 acc: 0.926859
2020-05-04 01:17:50,457:DEBUG:model_container_pt:[16/50]0m 8.965s: Train loss: 0.098868 acc: 0.971334 - Test loss: 0.262913 acc: 0.925592
2020-05-04 01:17:59,567:DEBUG:model_container_pt:[17/50]0m 9.110s: Train loss: 0.102272 acc: 0.969450 - Test loss: 0.253825 acc: 0.930278
2020-05-04 01:18:09,048:DEBUG:model_container_pt:[18/50]0m 9.481s: Train loss: 0.099467 acc: 0.970269 - Test loss: 0.273761 acc: 0.924785
2020-05-04 01:18:18,337:DEBUG:model_container_pt:[19/50]0m 9.288s: Train loss: 0.100466 acc: 0.970583 - Test loss: 0.290670 acc: 0.917525
2020-05-04 01:18:28,583:DEBUG:model_container_pt:[20/50]0m 10.246s: Train loss: 0.096130 acc: 0.971416 - Test loss: 0.281292 acc: 0.919138
2020-05-04 01:18:38,679:DEBUG:model_container_pt:[21/50]0m 10.096s: Train loss: 0.099913 acc: 0.969682 - Test loss: 0.256963 acc: 0.928319
2020-05-04 01:18:48,510:DEBUG:model_container_pt:[22/50]0m 9.831s: Train loss: 0.095986 acc: 0.972794 - Test loss: 0.258447 acc: 0.927820
2020-05-04 01:18:58,331:DEBUG:model_container_pt:[23/50]0m 9.821s: Train loss: 0.097786 acc: 0.971156 - Test loss: 0.290176 acc: 0.918677
2020-05-04 01:19:08,158:DEBUG:model_container_pt:[24/50]0m 9.827s: Train loss: 0.100241 acc: 0.970078 - Test loss: 0.273639 acc: 0.924939
2020-05-04 01:19:17,985:DEBUG:model_container_pt:[25/50]0m 9.827s: Train loss: 0.093817 acc: 0.972344 - Test loss: 0.272045 acc: 0.925745
2020-05-04 01:19:27,807:DEBUG:model_container_pt:[26/50]0m 9.822s: Train loss: 0.092904 acc: 0.972972 - Test loss: 0.278611 acc: 0.926321
2020-05-04 01:19:37,633:DEBUG:model_container_pt:[27/50]0m 9.826s: Train loss: 0.095080 acc: 0.971170 - Test loss: 0.260309 acc: 0.926974
2020-05-04 01:19:47,454:DEBUG:model_container_pt:[28/50]0m 9.820s: Train loss: 0.093570 acc: 0.972330 - Test loss: 0.275324 acc: 0.926398
2020-05-04 01:19:57,282:DEBUG:model_container_pt:[29/50]0m 9.828s: Train loss: 0.094336 acc: 0.972166 - Test loss: 0.277749 acc: 0.925976
2020-05-04 01:20:07,095:DEBUG:model_container_pt:[30/50]0m 9.812s: Train loss: 0.095281 acc: 0.971211 - Test loss: 0.283161 acc: 0.923709
2020-05-04 01:20:16,914:DEBUG:model_container_pt:[31/50]0m 9.819s: Train loss: 0.092538 acc: 0.972576 - Test loss: 0.267836 acc: 0.923556
2020-05-04 01:20:26,518:DEBUG:model_container_pt:[32/50]0m 9.604s: Train loss: 0.091461 acc: 0.972986 - Test loss: 0.295318 acc: 0.921750
2020-05-04 01:20:35,805:DEBUG:model_container_pt:[33/50]0m 9.287s: Train loss: 0.091002 acc: 0.972767 - Test loss: 0.288157 acc: 0.922787
2020-05-04 01:20:44,920:DEBUG:model_container_pt:[34/50]0m 9.115s: Train loss: 0.089529 acc: 0.973231 - Test loss: 0.283443 acc: 0.921020
2020-05-04 01:20:54,041:DEBUG:model_container_pt:[35/50]0m 9.121s: Train loss: 0.090119 acc: 0.973149 - Test loss: 0.279671 acc: 0.922442
2020-05-04 01:21:04,144:DEBUG:model_container_pt:[36/50]0m 10.103s: Train loss: 0.089900 acc: 0.973286 - Test loss: 0.258471 acc: 0.930432
2020-05-04 01:21:14,222:DEBUG:model_container_pt:[37/50]0m 10.079s: Train loss: 0.089838 acc: 0.973395 - Test loss: 0.266767 acc: 0.925400
2020-05-04 01:21:24,569:DEBUG:model_container_pt:[38/50]0m 10.346s: Train loss: 0.091088 acc: 0.973231 - Test loss: 0.261814 acc: 0.929164
2020-05-04 01:21:34,866:DEBUG:model_container_pt:[39/50]0m 10.297s: Train loss: 0.089702 acc: 0.973081 - Test loss: 0.294346 acc: 0.918639
2020-05-04 01:21:45,251:DEBUG:model_container_pt:[40/50]0m 10.385s: Train loss: 0.089602 acc: 0.973095 - Test loss: 0.285563 acc: 0.922941
2020-05-04 01:21:55,597:DEBUG:model_container_pt:[41/50]0m 10.346s: Train loss: 0.086932 acc: 0.974214 - Test loss: 0.287507 acc: 0.924823
2020-05-04 01:22:05,670:DEBUG:model_container_pt:[42/50]0m 10.073s: Train loss: 0.087588 acc: 0.973873 - Test loss: 0.295361 acc: 0.918600
2020-05-04 01:22:15,676:DEBUG:model_container_pt:[43/50]0m 10.006s: Train loss: 0.088435 acc: 0.973395 - Test loss: 0.337790 acc: 0.905616
2020-05-04 01:22:25,965:DEBUG:model_container_pt:[44/50]0m 10.289s: Train loss: 0.089513 acc: 0.972303 - Test loss: 0.276554 acc: 0.924247
2020-05-04 01:22:36,241:DEBUG:model_container_pt:[45/50]0m 10.276s: Train loss: 0.085851 acc: 0.974446 - Test loss: 0.281489 acc: 0.923287
2020-05-04 01:22:46,402:DEBUG:model_container_pt:[46/50]0m 10.160s: Train loss: 0.087028 acc: 0.973764 - Test loss: 0.268327 acc: 0.930624
2020-05-04 01:22:56,709:DEBUG:model_container_pt:[47/50]0m 10.308s: Train loss: 0.088488 acc: 0.973218 - Test loss: 0.269121 acc: 0.925860
2020-05-04 01:23:06,631:DEBUG:model_container_pt:[48/50]0m 9.922s: Train loss: 0.089470 acc: 0.972180 - Test loss: 0.271523 acc: 0.925707
2020-05-04 01:23:16,474:DEBUG:model_container_pt:[49/50]0m 9.843s: Train loss: 0.086246 acc: 0.974419 - Test loss: 0.260601 acc: 0.932737
2020-05-04 01:23:26,464:DEBUG:model_container_pt:[50/50]0m 9.990s: Train loss: 0.087119 acc: 0.973299 - Test loss: 0.284469 acc: 0.921712
2020-05-04 01:23:26,465:INFO:model_container_pt:Time to complete training: 8m 0.167s
2020-05-04 01:23:26,465:DEBUG:detector_container:Time to complete [Train median]: 8m 0.167s
2020-05-04 01:23:26,477:INFO:model_container_pt:Saved model to save/CifarCnn_SVHN_e50_binary.pt
2020-05-04 01:23:26,482:INFO:model_container_pt:Saved model to save/CifarCnn_SVHN_e50_normal.pt
2020-05-04 01:23:26,487:INFO:model_container_pt:Saved model to save/CifarCnn_SVHN_e50_median.pt
2020-05-04 01:23:26,488:DEBUG:defend_squeeze:Load save/CifarCnn_SVHN_FGSM_x.npy...
2020-05-04 01:23:27,580:INFO:defend_squeeze:Accuracy on clean set - OG: 1.000000, Squeezer: 0.951000
2020-05-04 01:23:28,626:INFO:defend_squeeze:Blocked 209/1000 samples on clean
2020-05-04 01:23:28,626:DEBUG:defend_squeeze:Load save/CifarCnn_SVHN_FGSM_adv.npy...
2020-05-04 01:23:29,787:INFO:defend_squeeze:Accuracy on FGSM set - OG: 0.045000, Squeezer: 0.087000
2020-05-04 01:23:30,895:INFO:defend_squeeze:Blocked 875/1000 samples on FGSM
2020-05-04 01:23:30,895:DEBUG:defend_squeeze:Load save/CifarCnn_SVHN_BIM_adv.npy...
2020-05-04 01:23:32,068:INFO:defend_squeeze:Accuracy on BIM set - OG: 0.000000, Squeezer: 0.000000
2020-05-04 01:23:33,190:INFO:defend_squeeze:Blocked 49/1000 samples on BIM
2020-05-04 01:23:33,190:DEBUG:defend_squeeze:Load save/CifarCnn_SVHN_DeepFool_adv.npy...
2020-05-04 01:23:34,345:INFO:defend_squeeze:Accuracy on DeepFool set - OG: 0.340000, Squeezer: 0.865000
2020-05-04 01:23:35,433:INFO:defend_squeeze:Blocked 752/1000 samples on DeepFool
2020-05-04 01:23:35,434:DEBUG:defend_squeeze:Load save/CifarCnn_SVHN_Carlini_adv.npy...
2020-05-04 01:23:36,568:INFO:defend_squeeze:Accuracy on Carlini set - OG: 0.117000, Squeezer: 0.119000
2020-05-04 01:23:37,658:INFO:defend_squeeze:Blocked 983/1000 samples on Carlini
2020-05-04 01:23:37,658:DEBUG:defend_squeeze:Load save/CifarCnn_SVHN_Saliency_adv.npy...
2020-05-04 01:23:38,782:INFO:defend_squeeze:Accuracy on Saliency set - OG: 0.000000, Squeezer: 0.839000
2020-05-04 01:23:39,847:INFO:defend_squeeze:Blocked 998/1000 samples on Saliency
