2020-05-03 23:46:35,144:INFO:defend_squeeze:Start at    : 20200503234635
2020-05-03 23:46:35,151:INFO:defend_squeeze:RECEIVED PARAMETERS:
2020-05-03 23:46:35,151:INFO:defend_squeeze:model file  :./save/CifarResnet50_CIFAR10_e50.pt
2020-05-03 23:46:35,151:INFO:defend_squeeze:model       :CifarResnet50
2020-05-03 23:46:35,151:INFO:defend_squeeze:dataset     :CIFAR10
2020-05-03 23:46:35,151:INFO:defend_squeeze:max_epochs  :50
2020-05-03 23:46:35,152:INFO:defend_squeeze:bit_depth   :8
2020-05-03 23:46:35,152:INFO:defend_squeeze:sigma       :0.200000
2020-05-03 23:46:35,152:INFO:defend_squeeze:kernel_size :3
2020-05-03 23:46:35,152:INFO:defend_squeeze:batch_size  :128
2020-05-03 23:46:35,152:INFO:defend_squeeze:seed        :4096
2020-05-03 23:46:35,152:INFO:defend_squeeze:verbose     :True
2020-05-03 23:46:35,152:INFO:defend_squeeze:save_log    :True
2020-05-03 23:46:35,152:INFO:defend_squeeze:need train  :True
2020-05-03 23:46:35,152:INFO:defend_squeeze:filters     :binary, normal, median
2020-05-03 23:46:35,152:INFO:defend_squeeze:attacks     :clean, FGSM, BIM, DeepFool, Carlini, Saliency
2020-05-03 23:46:35,152:INFO:defend_squeeze:pretrained  :CifarResnet50_CIFAR10_e50_binary.pt, CifarResnet50_CIFAR10_e50_normal.pt, CifarResnet50_CIFAR10_e50_median.pt
2020-05-03 23:46:35,152:DEBUG:utils:Setting random seed for PyTorch.
2020-05-03 23:46:35,173:DEBUG:utils:/home/lukec/workspace/aad/aad/../data
2020-05-03 23:46:40,710:INFO:data_container:Train size: 50000 - Test size: 10000
2020-05-03 23:46:40,710:INFO:data_container:Successfully load data. Time to complete: 0m 5.537s
2020-05-03 23:46:42,686:DEBUG:model_container_pt:Using device: cuda
2020-05-03 23:46:42,742:INFO:model_container_pt:Loaded model from ./save/CifarResnet50_CIFAR10_e50.pt
2020-05-03 23:46:43,895:INFO:defend_squeeze:Accuracy on test set: 0.823500
2020-05-03 23:46:44,485:DEBUG:model_container_pt:Using device: cuda
2020-05-03 23:46:46,368:DEBUG:model_container_pt:Using device: cuda
2020-05-03 23:46:53,734:DEBUG:model_container_pt:Using device: cuda
2020-05-03 23:47:41,572:DEBUG:feature_squeezing:Start training binary squeezing model...
2020-05-03 23:48:10,634:DEBUG:model_container_pt:[1/50]0m 29.039s: Train loss: 0.003535 acc: 0.999080 - Test loss: 1.014690 acc: 0.819700
2020-05-03 23:48:39,450:DEBUG:model_container_pt:[2/50]0m 28.801s: Train loss: 0.005586 acc: 0.998420 - Test loss: 1.053913 acc: 0.815800
2020-05-03 23:49:07,741:DEBUG:model_container_pt:[3/50]0m 28.291s: Train loss: 0.006737 acc: 0.998040 - Test loss: 1.063394 acc: 0.812300
2020-05-03 23:49:36,081:DEBUG:model_container_pt:[4/50]0m 28.340s: Train loss: 0.011068 acc: 0.996480 - Test loss: 1.087791 acc: 0.810200
2020-05-03 23:50:04,513:DEBUG:model_container_pt:[5/50]0m 28.432s: Train loss: 0.016688 acc: 0.994700 - Test loss: 1.138265 acc: 0.801200
2020-05-03 23:50:32,953:DEBUG:model_container_pt:[6/50]0m 28.440s: Train loss: 0.023372 acc: 0.992500 - Test loss: 1.046305 acc: 0.810400
2020-05-03 23:51:01,402:DEBUG:model_container_pt:[7/50]0m 28.449s: Train loss: 0.024050 acc: 0.991840 - Test loss: 1.019862 acc: 0.814700
2020-05-03 23:51:29,858:DEBUG:model_container_pt:[8/50]0m 28.456s: Train loss: 0.020366 acc: 0.993420 - Test loss: 1.037901 acc: 0.814100
2020-05-03 23:51:58,348:DEBUG:model_container_pt:[9/50]0m 28.490s: Train loss: 0.021752 acc: 0.992740 - Test loss: 1.018725 acc: 0.817300
2020-05-03 23:52:26,807:DEBUG:model_container_pt:[10/50]0m 28.459s: Train loss: 0.020303 acc: 0.993340 - Test loss: 1.038058 acc: 0.815300
2020-05-03 23:52:55,261:DEBUG:model_container_pt:[11/50]0m 28.454s: Train loss: 0.014132 acc: 0.995340 - Test loss: 1.006933 acc: 0.822000
2020-05-03 23:53:23,891:DEBUG:model_container_pt:[12/50]0m 28.616s: Train loss: 0.006160 acc: 0.998400 - Test loss: 0.997745 acc: 0.823400
2020-05-03 23:53:52,358:DEBUG:model_container_pt:[13/50]0m 28.453s: Train loss: 0.006443 acc: 0.998200 - Test loss: 0.998884 acc: 0.823600
2020-05-03 23:54:20,831:DEBUG:model_container_pt:[14/50]0m 28.458s: Train loss: 0.004240 acc: 0.999000 - Test loss: 1.010534 acc: 0.823900
2020-05-03 23:54:49,298:DEBUG:model_container_pt:[15/50]0m 28.452s: Train loss: 0.004783 acc: 0.998640 - Test loss: 1.005469 acc: 0.821600
2020-05-03 23:55:17,166:DEBUG:model_container_pt:[16/50]0m 27.868s: Train loss: 0.003598 acc: 0.999100 - Test loss: 1.014643 acc: 0.823500
2020-05-03 23:55:46,054:DEBUG:model_container_pt:[17/50]0m 28.888s: Train loss: 0.003079 acc: 0.999100 - Test loss: 1.023941 acc: 0.822400
2020-05-03 23:56:13,964:DEBUG:model_container_pt:[18/50]0m 27.909s: Train loss: 0.002755 acc: 0.999340 - Test loss: 1.011465 acc: 0.825000
2020-05-03 23:56:42,918:DEBUG:model_container_pt:[19/50]0m 28.940s: Train loss: 0.002358 acc: 0.999440 - Test loss: 1.033454 acc: 0.824900
2020-05-03 23:57:11,486:DEBUG:model_container_pt:[20/50]0m 28.568s: Train loss: 0.003008 acc: 0.999220 - Test loss: 1.048800 acc: 0.824600
2020-05-03 23:57:39,579:DEBUG:model_container_pt:[21/50]0m 28.092s: Train loss: 0.002356 acc: 0.999460 - Test loss: 1.034983 acc: 0.824800
2020-05-03 23:58:08,138:DEBUG:model_container_pt:[22/50]0m 28.559s: Train loss: 0.001925 acc: 0.999540 - Test loss: 1.032859 acc: 0.825500
2020-05-03 23:58:36,603:DEBUG:model_container_pt:[23/50]0m 28.450s: Train loss: 0.002396 acc: 0.999440 - Test loss: 1.025548 acc: 0.824200
2020-05-03 23:59:05,036:DEBUG:model_container_pt:[24/50]0m 28.433s: Train loss: 0.001618 acc: 0.999720 - Test loss: 1.036943 acc: 0.825700
2020-05-03 23:59:33,184:DEBUG:model_container_pt:[25/50]0m 28.133s: Train loss: 0.001461 acc: 0.999720 - Test loss: 1.034851 acc: 0.823000
2020-05-04 00:00:01,895:DEBUG:model_container_pt:[26/50]0m 28.711s: Train loss: 0.001497 acc: 0.999780 - Test loss: 1.034896 acc: 0.826400
2020-05-04 00:00:31,839:DEBUG:model_container_pt:[27/50]0m 29.930s: Train loss: 0.001526 acc: 0.999700 - Test loss: 1.040244 acc: 0.825700
2020-05-04 00:01:00,414:DEBUG:model_container_pt:[28/50]0m 28.575s: Train loss: 0.001267 acc: 0.999740 - Test loss: 1.034948 acc: 0.825900
2020-05-04 00:01:28,853:DEBUG:model_container_pt:[29/50]0m 28.439s: Train loss: 0.001323 acc: 0.999740 - Test loss: 1.029934 acc: 0.826400
2020-05-04 00:01:57,314:DEBUG:model_container_pt:[30/50]0m 28.447s: Train loss: 0.000860 acc: 0.999880 - Test loss: 1.028846 acc: 0.828800
2020-05-04 00:02:25,765:DEBUG:model_container_pt:[31/50]0m 28.436s: Train loss: 0.001193 acc: 0.999780 - Test loss: 1.038433 acc: 0.826700
2020-05-04 00:02:54,202:DEBUG:model_container_pt:[32/50]0m 28.437s: Train loss: 0.001323 acc: 0.999740 - Test loss: 1.038548 acc: 0.825900
2020-05-04 00:03:22,646:DEBUG:model_container_pt:[33/50]0m 28.444s: Train loss: 0.001090 acc: 0.999860 - Test loss: 1.038201 acc: 0.826400
2020-05-04 00:03:51,084:DEBUG:model_container_pt:[34/50]0m 28.438s: Train loss: 0.001149 acc: 0.999780 - Test loss: 1.040998 acc: 0.825800
2020-05-04 00:04:19,513:DEBUG:model_container_pt:[35/50]0m 28.429s: Train loss: 0.000987 acc: 0.999820 - Test loss: 1.044135 acc: 0.825300
2020-05-04 00:04:48,243:DEBUG:model_container_pt:[36/50]0m 28.730s: Train loss: 0.000976 acc: 0.999820 - Test loss: 1.032556 acc: 0.826400
2020-05-04 00:05:16,760:DEBUG:model_container_pt:[37/50]0m 28.517s: Train loss: 0.001146 acc: 0.999840 - Test loss: 1.038546 acc: 0.826500
2020-05-04 00:05:45,297:DEBUG:model_container_pt:[38/50]0m 28.536s: Train loss: 0.001029 acc: 0.999780 - Test loss: 1.038684 acc: 0.824800
2020-05-04 00:06:14,292:DEBUG:model_container_pt:[39/50]0m 28.994s: Train loss: 0.001183 acc: 0.999720 - Test loss: 1.041803 acc: 0.829200
2020-05-04 00:06:43,032:DEBUG:model_container_pt:[40/50]0m 28.726s: Train loss: 0.000941 acc: 0.999920 - Test loss: 1.048949 acc: 0.825900
2020-05-04 00:07:11,533:DEBUG:model_container_pt:[41/50]0m 28.502s: Train loss: 0.000907 acc: 0.999860 - Test loss: 1.043008 acc: 0.827600
2020-05-04 00:07:40,026:DEBUG:model_container_pt:[42/50]0m 28.492s: Train loss: 0.000927 acc: 0.999820 - Test loss: 1.054606 acc: 0.826000
2020-05-04 00:08:08,527:DEBUG:model_container_pt:[43/50]0m 28.501s: Train loss: 0.000765 acc: 0.999900 - Test loss: 1.045754 acc: 0.827300
2020-05-04 00:08:37,027:DEBUG:model_container_pt:[44/50]0m 28.500s: Train loss: 0.001034 acc: 0.999780 - Test loss: 1.034168 acc: 0.827800
2020-05-04 00:09:05,532:DEBUG:model_container_pt:[45/50]0m 28.504s: Train loss: 0.001019 acc: 0.999800 - Test loss: 1.046253 acc: 0.826200
2020-05-04 00:09:34,041:DEBUG:model_container_pt:[46/50]0m 28.509s: Train loss: 0.000742 acc: 0.999960 - Test loss: 1.035234 acc: 0.828400
2020-05-04 00:10:02,562:DEBUG:model_container_pt:[47/50]0m 28.521s: Train loss: 0.001138 acc: 0.999800 - Test loss: 1.042886 acc: 0.828100
2020-05-04 00:10:31,405:DEBUG:model_container_pt:[48/50]0m 28.842s: Train loss: 0.000771 acc: 0.999880 - Test loss: 1.036955 acc: 0.826100
2020-05-04 00:10:59,850:DEBUG:model_container_pt:[49/50]0m 28.445s: Train loss: 0.000989 acc: 0.999840 - Test loss: 1.043683 acc: 0.825800
2020-05-04 00:11:28,637:DEBUG:model_container_pt:[50/50]0m 28.787s: Train loss: 0.000788 acc: 0.999880 - Test loss: 1.040037 acc: 0.827700
2020-05-04 00:11:28,660:INFO:model_container_pt:Time to complete training: 23m 47.088s
2020-05-04 00:11:28,660:DEBUG:detector_container:Time to complete [Train binary]: 23m 47.088s
2020-05-04 00:11:28,660:DEBUG:feature_squeezing:Start training normal squeezing model...
2020-05-04 00:11:57,889:DEBUG:model_container_pt:[1/50]0m 29.211s: Train loss: 1.008314 acc: 0.678200 - Test loss: 0.888201 acc: 0.694400
2020-05-04 00:12:27,190:DEBUG:model_container_pt:[2/50]0m 29.285s: Train loss: 0.558893 acc: 0.805980 - Test loss: 0.926796 acc: 0.700700
2020-05-04 00:12:55,354:DEBUG:model_container_pt:[3/50]0m 28.150s: Train loss: 0.342453 acc: 0.880960 - Test loss: 1.081194 acc: 0.689200
2020-05-04 00:13:22,184:DEBUG:model_container_pt:[4/50]0m 26.830s: Train loss: 0.204661 acc: 0.931440 - Test loss: 1.275188 acc: 0.688300
2020-05-04 00:13:48,842:DEBUG:model_container_pt:[5/50]0m 26.658s: Train loss: 0.142146 acc: 0.952160 - Test loss: 1.358268 acc: 0.691000
2020-05-04 00:14:16,923:DEBUG:model_container_pt:[6/50]0m 28.081s: Train loss: 0.107696 acc: 0.963960 - Test loss: 1.427788 acc: 0.689000
2020-05-04 00:14:45,760:DEBUG:model_container_pt:[7/50]0m 28.837s: Train loss: 0.087529 acc: 0.969760 - Test loss: 1.546931 acc: 0.687200
2020-05-04 00:15:14,332:DEBUG:model_container_pt:[8/50]0m 28.572s: Train loss: 0.071289 acc: 0.976000 - Test loss: 1.562250 acc: 0.691300
2020-05-04 00:15:42,922:DEBUG:model_container_pt:[9/50]0m 28.590s: Train loss: 0.065160 acc: 0.977260 - Test loss: 1.595582 acc: 0.693200
2020-05-04 00:16:11,782:DEBUG:model_container_pt:[10/50]0m 28.860s: Train loss: 0.054753 acc: 0.981860 - Test loss: 1.616201 acc: 0.691400
2020-05-04 00:16:41,339:DEBUG:model_container_pt:[11/50]0m 29.556s: Train loss: 0.027849 acc: 0.990980 - Test loss: 1.624265 acc: 0.700600
2020-05-04 00:17:09,996:DEBUG:model_container_pt:[12/50]0m 28.657s: Train loss: 0.013758 acc: 0.996460 - Test loss: 1.657009 acc: 0.703600
2020-05-04 00:17:38,654:DEBUG:model_container_pt:[13/50]0m 28.643s: Train loss: 0.012149 acc: 0.996780 - Test loss: 1.683158 acc: 0.703700
2020-05-04 00:18:07,346:DEBUG:model_container_pt:[14/50]0m 28.661s: Train loss: 0.008745 acc: 0.998040 - Test loss: 1.686690 acc: 0.707000
2020-05-04 00:18:36,672:DEBUG:model_container_pt:[15/50]0m 29.312s: Train loss: 0.007054 acc: 0.998380 - Test loss: 1.718133 acc: 0.707600
2020-05-04 00:19:05,882:DEBUG:model_container_pt:[16/50]0m 29.195s: Train loss: 0.005923 acc: 0.998760 - Test loss: 1.753162 acc: 0.706500
2020-05-04 00:19:35,004:DEBUG:model_container_pt:[17/50]0m 29.122s: Train loss: 0.004966 acc: 0.998760 - Test loss: 1.740902 acc: 0.706900
2020-05-04 00:20:03,623:DEBUG:model_container_pt:[18/50]0m 28.619s: Train loss: 0.004730 acc: 0.999140 - Test loss: 1.763299 acc: 0.707200
2020-05-04 00:20:32,201:DEBUG:model_container_pt:[19/50]0m 28.577s: Train loss: 0.004242 acc: 0.999100 - Test loss: 1.796367 acc: 0.705200
2020-05-04 00:20:59,926:DEBUG:model_container_pt:[20/50]0m 27.725s: Train loss: 0.004107 acc: 0.999180 - Test loss: 1.782958 acc: 0.708200
2020-05-04 00:21:26,987:DEBUG:model_container_pt:[21/50]0m 27.048s: Train loss: 0.003364 acc: 0.999440 - Test loss: 1.787740 acc: 0.707300
2020-05-04 00:21:53,836:DEBUG:model_container_pt:[22/50]0m 26.849s: Train loss: 0.003321 acc: 0.999280 - Test loss: 1.805145 acc: 0.707300
2020-05-04 00:22:20,754:DEBUG:model_container_pt:[23/50]0m 26.918s: Train loss: 0.002949 acc: 0.999400 - Test loss: 1.802992 acc: 0.709400
2020-05-04 00:22:47,776:DEBUG:model_container_pt:[24/50]0m 27.007s: Train loss: 0.002207 acc: 0.999780 - Test loss: 1.798885 acc: 0.709900
2020-05-04 00:23:15,576:DEBUG:model_container_pt:[25/50]0m 27.786s: Train loss: 0.002908 acc: 0.999440 - Test loss: 1.818880 acc: 0.707400
2020-05-04 00:23:44,254:DEBUG:model_container_pt:[26/50]0m 28.677s: Train loss: 0.002507 acc: 0.999540 - Test loss: 1.835790 acc: 0.706600
2020-05-04 00:24:13,350:DEBUG:model_container_pt:[27/50]0m 29.096s: Train loss: 0.002331 acc: 0.999660 - Test loss: 1.816072 acc: 0.708600
2020-05-04 00:24:43,158:DEBUG:model_container_pt:[28/50]0m 29.808s: Train loss: 0.002070 acc: 0.999580 - Test loss: 1.845502 acc: 0.709900
2020-05-04 00:25:11,842:DEBUG:model_container_pt:[29/50]0m 28.669s: Train loss: 0.001925 acc: 0.999700 - Test loss: 1.841480 acc: 0.708200
2020-05-04 00:25:40,480:DEBUG:model_container_pt:[30/50]0m 28.637s: Train loss: 0.002322 acc: 0.999660 - Test loss: 1.832930 acc: 0.707100
2020-05-04 00:26:09,117:DEBUG:model_container_pt:[31/50]0m 28.637s: Train loss: 0.001819 acc: 0.999740 - Test loss: 1.853874 acc: 0.708400
2020-05-04 00:26:37,819:DEBUG:model_container_pt:[32/50]0m 28.701s: Train loss: 0.001982 acc: 0.999660 - Test loss: 1.844122 acc: 0.708300
2020-05-04 00:27:04,551:DEBUG:model_container_pt:[33/50]0m 26.732s: Train loss: 0.001813 acc: 0.999720 - Test loss: 1.847509 acc: 0.708800
2020-05-04 00:27:32,922:DEBUG:model_container_pt:[34/50]0m 28.371s: Train loss: 0.001781 acc: 0.999700 - Test loss: 1.862002 acc: 0.709500
2020-05-04 00:28:01,546:DEBUG:model_container_pt:[35/50]0m 28.624s: Train loss: 0.001536 acc: 0.999740 - Test loss: 1.849485 acc: 0.708500
2020-05-04 00:28:30,180:DEBUG:model_container_pt:[36/50]0m 28.634s: Train loss: 0.001506 acc: 0.999820 - Test loss: 1.854662 acc: 0.708100
2020-05-04 00:28:58,989:DEBUG:model_container_pt:[37/50]0m 28.809s: Train loss: 0.001833 acc: 0.999700 - Test loss: 1.853750 acc: 0.708900
2020-05-04 00:29:26,449:DEBUG:model_container_pt:[38/50]0m 27.461s: Train loss: 0.001570 acc: 0.999780 - Test loss: 1.854939 acc: 0.708800
2020-05-04 00:29:53,984:DEBUG:model_container_pt:[39/50]0m 27.535s: Train loss: 0.001452 acc: 0.999840 - Test loss: 1.857296 acc: 0.708600
2020-05-04 00:30:21,462:DEBUG:model_container_pt:[40/50]0m 27.478s: Train loss: 0.001772 acc: 0.999660 - Test loss: 1.857398 acc: 0.710200
2020-05-04 00:30:48,830:DEBUG:model_container_pt:[41/50]0m 27.353s: Train loss: 0.001445 acc: 0.999840 - Test loss: 1.854779 acc: 0.707800
2020-05-04 00:31:15,666:DEBUG:model_container_pt:[42/50]0m 26.836s: Train loss: 0.001303 acc: 0.999880 - Test loss: 1.864857 acc: 0.708900
2020-05-04 00:31:43,414:DEBUG:model_container_pt:[43/50]0m 27.748s: Train loss: 0.001352 acc: 0.999860 - Test loss: 1.864265 acc: 0.708500
2020-05-04 00:32:10,945:DEBUG:model_container_pt:[44/50]0m 27.531s: Train loss: 0.001429 acc: 0.999860 - Test loss: 1.873531 acc: 0.707800
2020-05-04 00:32:38,403:DEBUG:model_container_pt:[45/50]0m 27.459s: Train loss: 0.001352 acc: 0.999880 - Test loss: 1.856136 acc: 0.709800
2020-05-04 00:33:05,107:DEBUG:model_container_pt:[46/50]0m 26.704s: Train loss: 0.001608 acc: 0.999700 - Test loss: 1.855390 acc: 0.708400
2020-05-04 00:33:31,818:DEBUG:model_container_pt:[47/50]0m 26.711s: Train loss: 0.001359 acc: 0.999840 - Test loss: 1.864759 acc: 0.707100
2020-05-04 00:33:58,546:DEBUG:model_container_pt:[48/50]0m 26.727s: Train loss: 0.001331 acc: 0.999840 - Test loss: 1.870612 acc: 0.709400
2020-05-04 00:34:25,942:DEBUG:model_container_pt:[49/50]0m 27.396s: Train loss: 0.001200 acc: 0.999880 - Test loss: 1.859653 acc: 0.710000
2020-05-04 00:34:52,889:DEBUG:model_container_pt:[50/50]0m 26.947s: Train loss: 0.001580 acc: 0.999700 - Test loss: 1.883043 acc: 0.708600
2020-05-04 00:34:52,911:INFO:model_container_pt:Time to complete training: 23m 24.251s
2020-05-04 00:34:52,911:DEBUG:detector_container:Time to complete [Train normal]: 23m 24.251s
2020-05-04 00:34:52,911:DEBUG:feature_squeezing:Start training median squeezing model...
2020-05-04 00:35:19,490:DEBUG:model_container_pt:[1/50]0m 26.563s: Train loss: 0.497323 acc: 0.841880 - Test loss: 0.763674 acc: 0.760500
2020-05-04 00:35:46,071:DEBUG:model_container_pt:[2/50]0m 26.567s: Train loss: 0.198426 acc: 0.932780 - Test loss: 0.865094 acc: 0.774000
2020-05-04 00:36:12,654:DEBUG:model_container_pt:[3/50]0m 26.569s: Train loss: 0.109722 acc: 0.962820 - Test loss: 0.953885 acc: 0.771500
2020-05-04 00:36:39,764:DEBUG:model_container_pt:[4/50]0m 27.109s: Train loss: 0.068246 acc: 0.977480 - Test loss: 0.988054 acc: 0.783700
2020-05-04 00:37:07,083:DEBUG:model_container_pt:[5/50]0m 27.305s: Train loss: 0.049168 acc: 0.984040 - Test loss: 1.049629 acc: 0.784000
2020-05-04 00:37:33,920:DEBUG:model_container_pt:[6/50]0m 26.822s: Train loss: 0.040740 acc: 0.986320 - Test loss: 1.066039 acc: 0.784300
2020-05-04 00:38:00,545:DEBUG:model_container_pt:[7/50]0m 26.611s: Train loss: 0.039256 acc: 0.987260 - Test loss: 1.101715 acc: 0.773700
2020-05-04 00:38:27,560:DEBUG:model_container_pt:[8/50]0m 27.015s: Train loss: 0.033805 acc: 0.988420 - Test loss: 1.081263 acc: 0.787900
2020-05-04 00:38:54,045:DEBUG:model_container_pt:[9/50]0m 26.471s: Train loss: 0.029926 acc: 0.990380 - Test loss: 1.129190 acc: 0.779800
2020-05-04 00:39:20,520:DEBUG:model_container_pt:[10/50]0m 26.475s: Train loss: 0.022999 acc: 0.992580 - Test loss: 1.146767 acc: 0.784600
2020-05-04 00:39:46,997:DEBUG:model_container_pt:[11/50]0m 26.477s: Train loss: 0.013048 acc: 0.996460 - Test loss: 1.081662 acc: 0.797900
2020-05-04 00:40:13,478:DEBUG:model_container_pt:[12/50]0m 26.466s: Train loss: 0.007828 acc: 0.997980 - Test loss: 1.080265 acc: 0.799500
2020-05-04 00:40:39,965:DEBUG:model_container_pt:[13/50]0m 26.472s: Train loss: 0.005641 acc: 0.998580 - Test loss: 1.098092 acc: 0.799300
2020-05-04 00:41:06,437:DEBUG:model_container_pt:[14/50]0m 26.472s: Train loss: 0.004752 acc: 0.999040 - Test loss: 1.112471 acc: 0.797600
2020-05-04 00:41:32,925:DEBUG:model_container_pt:[15/50]0m 26.488s: Train loss: 0.004436 acc: 0.999120 - Test loss: 1.116344 acc: 0.801500
2020-05-04 00:41:59,395:DEBUG:model_container_pt:[16/50]0m 26.456s: Train loss: 0.003986 acc: 0.999180 - Test loss: 1.132630 acc: 0.798900
2020-05-04 00:42:27,395:DEBUG:model_container_pt:[17/50]0m 28.000s: Train loss: 0.003834 acc: 0.999000 - Test loss: 1.147434 acc: 0.797900
2020-05-04 00:42:56,728:DEBUG:model_container_pt:[18/50]0m 29.333s: Train loss: 0.003069 acc: 0.999260 - Test loss: 1.152738 acc: 0.795600
2020-05-04 00:43:25,730:DEBUG:model_container_pt:[19/50]0m 29.002s: Train loss: 0.002920 acc: 0.999440 - Test loss: 1.132594 acc: 0.799700
2020-05-04 00:43:54,816:DEBUG:model_container_pt:[20/50]0m 29.085s: Train loss: 0.002930 acc: 0.999340 - Test loss: 1.162790 acc: 0.798600
2020-05-04 00:44:23,054:DEBUG:model_container_pt:[21/50]0m 28.238s: Train loss: 0.002261 acc: 0.999680 - Test loss: 1.150256 acc: 0.798000
2020-05-04 00:44:50,605:DEBUG:model_container_pt:[22/50]0m 27.551s: Train loss: 0.001916 acc: 0.999700 - Test loss: 1.156268 acc: 0.800700
2020-05-04 00:45:17,893:DEBUG:model_container_pt:[23/50]0m 27.288s: Train loss: 0.001898 acc: 0.999640 - Test loss: 1.162377 acc: 0.801500
2020-05-04 00:45:45,092:DEBUG:model_container_pt:[24/50]0m 27.185s: Train loss: 0.002280 acc: 0.999460 - Test loss: 1.154819 acc: 0.800800
2020-05-04 00:46:12,784:DEBUG:model_container_pt:[25/50]0m 27.692s: Train loss: 0.001715 acc: 0.999700 - Test loss: 1.160661 acc: 0.800200
2020-05-04 00:46:41,310:DEBUG:model_container_pt:[26/50]0m 28.526s: Train loss: 0.002237 acc: 0.999560 - Test loss: 1.172447 acc: 0.800200
2020-05-04 00:47:10,038:DEBUG:model_container_pt:[27/50]0m 28.728s: Train loss: 0.001799 acc: 0.999720 - Test loss: 1.173565 acc: 0.799200
2020-05-04 00:47:38,765:DEBUG:model_container_pt:[28/50]0m 28.727s: Train loss: 0.001610 acc: 0.999740 - Test loss: 1.175210 acc: 0.799200
2020-05-04 00:48:07,490:DEBUG:model_container_pt:[29/50]0m 28.725s: Train loss: 0.002048 acc: 0.999600 - Test loss: 1.165108 acc: 0.799000
2020-05-04 00:48:36,438:DEBUG:model_container_pt:[30/50]0m 28.948s: Train loss: 0.001610 acc: 0.999660 - Test loss: 1.172543 acc: 0.798800
2020-05-04 00:49:06,106:DEBUG:model_container_pt:[31/50]0m 29.668s: Train loss: 0.001475 acc: 0.999700 - Test loss: 1.159824 acc: 0.800300
2020-05-04 00:49:34,765:DEBUG:model_container_pt:[32/50]0m 28.658s: Train loss: 0.001953 acc: 0.999620 - Test loss: 1.170915 acc: 0.801500
2020-05-04 00:50:03,718:DEBUG:model_container_pt:[33/50]0m 28.939s: Train loss: 0.001402 acc: 0.999760 - Test loss: 1.175316 acc: 0.800900
2020-05-04 00:50:33,684:DEBUG:model_container_pt:[34/50]0m 29.965s: Train loss: 0.001865 acc: 0.999500 - Test loss: 1.167219 acc: 0.800000
2020-05-04 00:51:03,707:DEBUG:model_container_pt:[35/50]0m 30.023s: Train loss: 0.001507 acc: 0.999700 - Test loss: 1.172984 acc: 0.800000
2020-05-04 00:51:33,815:DEBUG:model_container_pt:[36/50]0m 30.108s: Train loss: 0.001505 acc: 0.999720 - Test loss: 1.183765 acc: 0.800800
2020-05-04 00:52:04,017:DEBUG:model_container_pt:[37/50]0m 30.202s: Train loss: 0.001586 acc: 0.999740 - Test loss: 1.173802 acc: 0.799400
2020-05-04 00:52:34,198:DEBUG:model_container_pt:[38/50]0m 30.181s: Train loss: 0.001319 acc: 0.999820 - Test loss: 1.169327 acc: 0.802800
2020-05-04 00:53:03,566:DEBUG:model_container_pt:[39/50]0m 29.354s: Train loss: 0.001372 acc: 0.999760 - Test loss: 1.164679 acc: 0.800200
2020-05-04 00:53:33,022:DEBUG:model_container_pt:[40/50]0m 29.455s: Train loss: 0.001230 acc: 0.999840 - Test loss: 1.183417 acc: 0.799800
2020-05-04 00:54:03,089:DEBUG:model_container_pt:[41/50]0m 30.067s: Train loss: 0.001051 acc: 0.999880 - Test loss: 1.182124 acc: 0.800000
2020-05-04 00:54:33,116:DEBUG:model_container_pt:[42/50]0m 30.027s: Train loss: 0.001180 acc: 0.999780 - Test loss: 1.184973 acc: 0.798600
2020-05-04 00:55:03,254:DEBUG:model_container_pt:[43/50]0m 30.138s: Train loss: 0.001367 acc: 0.999720 - Test loss: 1.172362 acc: 0.800400
2020-05-04 00:55:33,249:DEBUG:model_container_pt:[44/50]0m 29.995s: Train loss: 0.001131 acc: 0.999840 - Test loss: 1.182217 acc: 0.799000
2020-05-04 00:56:03,132:DEBUG:model_container_pt:[45/50]0m 29.883s: Train loss: 0.001347 acc: 0.999760 - Test loss: 1.176119 acc: 0.801600
2020-05-04 00:56:31,721:DEBUG:model_container_pt:[46/50]0m 28.588s: Train loss: 0.001367 acc: 0.999780 - Test loss: 1.172562 acc: 0.801600
2020-05-04 00:56:58,526:DEBUG:model_container_pt:[47/50]0m 26.805s: Train loss: 0.001209 acc: 0.999760 - Test loss: 1.177546 acc: 0.800600
2020-05-04 00:57:24,985:DEBUG:model_container_pt:[48/50]0m 26.459s: Train loss: 0.001101 acc: 0.999800 - Test loss: 1.168817 acc: 0.800400
2020-05-04 00:57:51,439:DEBUG:model_container_pt:[49/50]0m 26.454s: Train loss: 0.001017 acc: 0.999880 - Test loss: 1.172748 acc: 0.801300
2020-05-04 00:58:17,900:DEBUG:model_container_pt:[50/50]0m 26.461s: Train loss: 0.000978 acc: 0.999860 - Test loss: 1.178050 acc: 0.801700
2020-05-04 00:58:17,923:INFO:model_container_pt:Time to complete training: 23m 25.012s
2020-05-04 00:58:17,923:DEBUG:detector_container:Time to complete [Train median]: 23m 25.012s
2020-05-04 00:58:17,987:INFO:model_container_pt:Saved model to save/CifarResnet50_CIFAR10_e50_binary.pt
2020-05-04 00:58:18,043:INFO:model_container_pt:Saved model to save/CifarResnet50_CIFAR10_e50_normal.pt
2020-05-04 00:58:18,099:INFO:model_container_pt:Saved model to save/CifarResnet50_CIFAR10_e50_median.pt
2020-05-04 00:58:18,102:DEBUG:defend_squeeze:Load save/CifarResnet50_CIFAR10_FGSM_x.npy...
2020-05-04 00:58:19,596:INFO:defend_squeeze:Accuracy on clean set - OG: 1.000000, Squeezer: 0.938000
2020-05-04 00:58:20,972:INFO:defend_squeeze:Blocked 332/1000 samples on clean
2020-05-04 00:58:20,972:DEBUG:defend_squeeze:Load save/CifarResnet50_CIFAR10_FGSM_adv.npy...
2020-05-04 00:58:22,490:INFO:defend_squeeze:Accuracy on FGSM set - OG: 0.078000, Squeezer: 0.166000
2020-05-04 00:58:23,885:INFO:defend_squeeze:Blocked 765/1000 samples on FGSM
2020-05-04 00:58:23,885:DEBUG:defend_squeeze:Load save/CifarResnet50_CIFAR10_BIM_adv.npy...
2020-05-04 00:58:25,421:INFO:defend_squeeze:Accuracy on BIM set - OG: 0.030000, Squeezer: 0.035000
2020-05-04 00:58:26,841:INFO:defend_squeeze:Blocked 296/1000 samples on BIM
2020-05-04 00:58:26,841:DEBUG:defend_squeeze:Load save/CifarResnet50_CIFAR10_DeepFool_adv.npy...
2020-05-04 00:58:28,349:INFO:defend_squeeze:Accuracy on DeepFool set - OG: 0.914000, Squeezer: 0.904000
2020-05-04 00:58:29,736:INFO:defend_squeeze:Blocked 408/1000 samples on DeepFool
2020-05-04 00:58:29,736:DEBUG:defend_squeeze:Load save/CifarResnet50_CIFAR10_Carlini_adv.npy...
2020-05-04 00:58:31,230:INFO:defend_squeeze:Accuracy on Carlini set - OG: 0.094000, Squeezer: 0.101000
2020-05-04 00:58:32,612:INFO:defend_squeeze:Blocked 401/1000 samples on Carlini
2020-05-04 00:58:32,612:DEBUG:defend_squeeze:Load save/CifarResnet50_CIFAR10_Saliency_adv.npy...
2020-05-04 00:58:34,107:INFO:defend_squeeze:Accuracy on Saliency set - OG: 0.778000, Squeezer: 0.830000
2020-05-04 00:58:35,476:INFO:defend_squeeze:Blocked 444/1000 samples on Saliency
