2020-05-04 01:23:40,999:INFO:defend_squeeze:Start at    : 20200504012340
2020-05-04 01:23:41,000:INFO:defend_squeeze:RECEIVED PARAMETERS:
2020-05-04 01:23:41,000:INFO:defend_squeeze:model file  :./save/CifarResnet50_SVHN_e50.pt
2020-05-04 01:23:41,000:INFO:defend_squeeze:model       :CifarResnet50
2020-05-04 01:23:41,000:INFO:defend_squeeze:dataset     :SVHN
2020-05-04 01:23:41,000:INFO:defend_squeeze:max_epochs  :50
2020-05-04 01:23:41,000:INFO:defend_squeeze:bit_depth   :8
2020-05-04 01:23:41,000:INFO:defend_squeeze:sigma       :0.200000
2020-05-04 01:23:41,000:INFO:defend_squeeze:kernel_size :3
2020-05-04 01:23:41,000:INFO:defend_squeeze:batch_size  :128
2020-05-04 01:23:41,000:INFO:defend_squeeze:seed        :4096
2020-05-04 01:23:41,000:INFO:defend_squeeze:verbose     :True
2020-05-04 01:23:41,000:INFO:defend_squeeze:save_log    :True
2020-05-04 01:23:41,000:INFO:defend_squeeze:need train  :True
2020-05-04 01:23:41,000:INFO:defend_squeeze:filters     :binary, normal, median
2020-05-04 01:23:41,000:INFO:defend_squeeze:attacks     :clean, FGSM, BIM, DeepFool, Carlini, Saliency
2020-05-04 01:23:41,000:INFO:defend_squeeze:pretrained  :CifarResnet50_SVHN_e50_binary.pt, CifarResnet50_SVHN_e50_normal.pt, CifarResnet50_SVHN_e50_median.pt
2020-05-04 01:23:41,000:DEBUG:utils:Setting random seed for PyTorch.
2020-05-04 01:23:41,036:DEBUG:utils:/home/lukec/workspace/aad/aad/../data
2020-05-04 01:23:50,705:INFO:data_container:Train size: 73257 - Test size: 26032
2020-05-04 01:23:50,705:INFO:data_container:Successfully load data. Time to complete: 0m 9.669s
2020-05-04 01:23:52,865:DEBUG:model_container_pt:Using device: cuda
2020-05-04 01:23:52,950:INFO:model_container_pt:Loaded model from ./save/CifarResnet50_SVHN_e50.pt
2020-05-04 01:23:55,902:INFO:defend_squeeze:Accuracy on test set: 0.927359
2020-05-04 01:23:56,867:DEBUG:model_container_pt:Using device: cuda
2020-05-04 01:23:59,777:DEBUG:model_container_pt:Using device: cuda
2020-05-04 01:24:11,797:DEBUG:model_container_pt:Using device: cuda
2020-05-04 01:25:27,601:DEBUG:feature_squeezing:Start training binary squeezing model...
2020-05-04 01:26:10,939:DEBUG:model_container_pt:[1/50]0m 43.313s: Train loss: 0.001456 acc: 0.999713 - Test loss: 0.428532 acc: 0.924631
2020-05-04 01:26:54,520:DEBUG:model_container_pt:[2/50]0m 43.567s: Train loss: 0.002877 acc: 0.999358 - Test loss: 0.449713 acc: 0.922288
2020-05-04 01:27:34,566:DEBUG:model_container_pt:[3/50]0m 40.046s: Train loss: 0.007347 acc: 0.997734 - Test loss: 0.443496 acc: 0.918946
2020-05-04 01:28:14,733:DEBUG:model_container_pt:[4/50]0m 40.167s: Train loss: 0.020301 acc: 0.993448 - Test loss: 0.431137 acc: 0.914644
2020-05-04 01:28:54,879:DEBUG:model_container_pt:[5/50]0m 40.145s: Train loss: 0.019082 acc: 0.993898 - Test loss: 0.426828 acc: 0.919330
2020-05-04 01:29:35,050:DEBUG:model_container_pt:[6/50]0m 40.171s: Train loss: 0.020454 acc: 0.993352 - Test loss: 0.434304 acc: 0.914874
2020-05-04 01:30:15,208:DEBUG:model_container_pt:[7/50]0m 40.158s: Train loss: 0.014179 acc: 0.995673 - Test loss: 0.421012 acc: 0.917947
2020-05-04 01:30:55,357:DEBUG:model_container_pt:[8/50]0m 40.149s: Train loss: 0.013490 acc: 0.995714 - Test loss: 0.427859 acc: 0.920598
2020-05-04 01:31:35,507:DEBUG:model_container_pt:[9/50]0m 40.151s: Train loss: 0.012984 acc: 0.995741 - Test loss: 0.413089 acc: 0.920098
2020-05-04 01:32:15,665:DEBUG:model_container_pt:[10/50]0m 40.158s: Train loss: 0.011257 acc: 0.996383 - Test loss: 0.419888 acc: 0.919599
2020-05-04 01:32:55,826:DEBUG:model_container_pt:[11/50]0m 40.160s: Train loss: 0.005274 acc: 0.998621 - Test loss: 0.405660 acc: 0.925323
2020-05-04 01:33:35,972:DEBUG:model_container_pt:[12/50]0m 40.133s: Train loss: 0.002658 acc: 0.999440 - Test loss: 0.404610 acc: 0.926283
2020-05-04 01:34:16,130:DEBUG:model_container_pt:[13/50]0m 40.143s: Train loss: 0.002210 acc: 0.999536 - Test loss: 0.408822 acc: 0.926053
2020-05-04 01:34:56,247:DEBUG:model_container_pt:[14/50]0m 40.117s: Train loss: 0.001960 acc: 0.999550 - Test loss: 0.402961 acc: 0.927205
2020-05-04 01:35:36,384:DEBUG:model_container_pt:[15/50]0m 40.124s: Train loss: 0.001266 acc: 0.999768 - Test loss: 0.407265 acc: 0.928165
2020-05-04 01:36:16,529:DEBUG:model_container_pt:[16/50]0m 40.130s: Train loss: 0.001418 acc: 0.999645 - Test loss: 0.412740 acc: 0.928934
2020-05-04 01:36:57,008:DEBUG:model_container_pt:[17/50]0m 40.465s: Train loss: 0.001518 acc: 0.999618 - Test loss: 0.416620 acc: 0.927051
2020-05-04 01:37:37,071:DEBUG:model_container_pt:[18/50]0m 40.062s: Train loss: 0.000873 acc: 0.999836 - Test loss: 0.409496 acc: 0.928626
2020-05-04 01:38:17,009:DEBUG:model_container_pt:[19/50]0m 39.938s: Train loss: 0.000976 acc: 0.999754 - Test loss: 0.415340 acc: 0.927589
2020-05-04 01:38:56,918:DEBUG:model_container_pt:[20/50]0m 39.909s: Train loss: 0.001026 acc: 0.999754 - Test loss: 0.417208 acc: 0.927013
2020-05-04 01:39:36,825:DEBUG:model_container_pt:[21/50]0m 39.907s: Train loss: 0.000786 acc: 0.999863 - Test loss: 0.421861 acc: 0.928319
2020-05-04 01:40:16,748:DEBUG:model_container_pt:[22/50]0m 39.923s: Train loss: 0.000678 acc: 0.999836 - Test loss: 0.409696 acc: 0.929395
2020-05-04 01:40:56,685:DEBUG:model_container_pt:[23/50]0m 39.923s: Train loss: 0.000761 acc: 0.999836 - Test loss: 0.418307 acc: 0.928588
2020-05-04 01:41:36,596:DEBUG:model_container_pt:[24/50]0m 39.912s: Train loss: 0.000522 acc: 0.999945 - Test loss: 0.422177 acc: 0.927781
2020-05-04 01:42:16,506:DEBUG:model_container_pt:[25/50]0m 39.910s: Train loss: 0.000593 acc: 0.999904 - Test loss: 0.418256 acc: 0.928396
2020-05-04 01:42:56,636:DEBUG:model_container_pt:[26/50]0m 40.129s: Train loss: 0.000698 acc: 0.999850 - Test loss: 0.419276 acc: 0.928703
2020-05-04 01:43:39,886:DEBUG:model_container_pt:[27/50]0m 43.250s: Train loss: 0.000654 acc: 0.999877 - Test loss: 0.412982 acc: 0.929356
2020-05-04 01:44:24,634:DEBUG:model_container_pt:[28/50]0m 44.748s: Train loss: 0.000518 acc: 0.999945 - Test loss: 0.421390 acc: 0.928780
2020-05-04 01:45:09,058:DEBUG:model_container_pt:[29/50]0m 44.424s: Train loss: 0.000450 acc: 0.999932 - Test loss: 0.424004 acc: 0.928511
2020-05-04 01:45:54,645:DEBUG:model_container_pt:[30/50]0m 45.586s: Train loss: 0.000462 acc: 0.999932 - Test loss: 0.423049 acc: 0.928780
2020-05-04 01:46:38,803:DEBUG:model_container_pt:[31/50]0m 44.158s: Train loss: 0.000417 acc: 0.999945 - Test loss: 0.426410 acc: 0.928204
2020-05-04 01:47:22,102:DEBUG:model_container_pt:[32/50]0m 43.299s: Train loss: 0.000455 acc: 0.999918 - Test loss: 0.425429 acc: 0.927628
2020-05-04 01:48:05,392:DEBUG:model_container_pt:[33/50]0m 43.290s: Train loss: 0.000536 acc: 0.999877 - Test loss: 0.430007 acc: 0.928127
2020-05-04 01:48:47,662:DEBUG:model_container_pt:[34/50]0m 42.270s: Train loss: 0.000395 acc: 0.999959 - Test loss: 0.421235 acc: 0.929087
2020-05-04 01:49:27,681:DEBUG:model_container_pt:[35/50]0m 40.019s: Train loss: 0.000603 acc: 0.999836 - Test loss: 0.424950 acc: 0.929356
2020-05-04 01:50:07,697:DEBUG:model_container_pt:[36/50]0m 40.016s: Train loss: 0.000433 acc: 0.999932 - Test loss: 0.423561 acc: 0.928857
2020-05-04 01:50:47,716:DEBUG:model_container_pt:[37/50]0m 40.019s: Train loss: 0.000576 acc: 0.999809 - Test loss: 0.425563 acc: 0.928319
2020-05-04 01:51:27,731:DEBUG:model_container_pt:[38/50]0m 40.014s: Train loss: 0.000446 acc: 0.999959 - Test loss: 0.420678 acc: 0.929817
2020-05-04 01:52:07,742:DEBUG:model_container_pt:[39/50]0m 39.998s: Train loss: 0.000358 acc: 0.999973 - Test loss: 0.419971 acc: 0.929471
2020-05-04 01:52:47,724:DEBUG:model_container_pt:[40/50]0m 39.982s: Train loss: 0.000367 acc: 0.999973 - Test loss: 0.424082 acc: 0.928934
2020-05-04 01:53:27,726:DEBUG:model_container_pt:[41/50]0m 40.002s: Train loss: 0.000443 acc: 0.999945 - Test loss: 0.423427 acc: 0.929625
2020-05-04 01:54:07,722:DEBUG:model_container_pt:[42/50]0m 39.996s: Train loss: 0.000466 acc: 0.999877 - Test loss: 0.427524 acc: 0.929126
2020-05-04 01:54:48,589:DEBUG:model_container_pt:[43/50]0m 40.867s: Train loss: 0.000341 acc: 0.999945 - Test loss: 0.421226 acc: 0.929087
2020-05-04 01:55:29,241:DEBUG:model_container_pt:[44/50]0m 40.652s: Train loss: 0.000405 acc: 0.999932 - Test loss: 0.429339 acc: 0.928165
2020-05-04 01:56:09,221:DEBUG:model_container_pt:[45/50]0m 39.980s: Train loss: 0.000435 acc: 0.999918 - Test loss: 0.428770 acc: 0.929203
2020-05-04 01:56:49,190:DEBUG:model_container_pt:[46/50]0m 39.968s: Train loss: 0.000379 acc: 0.999932 - Test loss: 0.427869 acc: 0.928549
2020-05-04 01:57:29,184:DEBUG:model_container_pt:[47/50]0m 39.994s: Train loss: 0.000335 acc: 0.999932 - Test loss: 0.425594 acc: 0.928473
2020-05-04 01:58:09,193:DEBUG:model_container_pt:[48/50]0m 40.009s: Train loss: 0.000393 acc: 0.999932 - Test loss: 0.429298 acc: 0.929087
2020-05-04 01:58:49,207:DEBUG:model_container_pt:[49/50]0m 40.014s: Train loss: 0.000538 acc: 0.999863 - Test loss: 0.427312 acc: 0.929548
2020-05-04 01:59:29,232:DEBUG:model_container_pt:[50/50]0m 40.025s: Train loss: 0.000379 acc: 0.999877 - Test loss: 0.429136 acc: 0.928281
2020-05-04 01:59:29,255:INFO:model_container_pt:Time to complete training: 34m 1.654s
2020-05-04 01:59:29,255:DEBUG:detector_container:Time to complete [Train binary]: 34m 1.654s
2020-05-04 01:59:29,255:DEBUG:feature_squeezing:Start training normal squeezing model...
2020-05-04 02:00:09,554:DEBUG:model_container_pt:[1/50]0m 40.277s: Train loss: 0.756295 acc: 0.766248 - Test loss: 0.574675 acc: 0.818915
2020-05-04 02:00:49,807:DEBUG:model_container_pt:[2/50]0m 40.238s: Train loss: 0.488294 acc: 0.841531 - Test loss: 0.558182 acc: 0.823563
2020-05-04 02:01:30,102:DEBUG:model_container_pt:[3/50]0m 40.280s: Train loss: 0.375330 acc: 0.878496 - Test loss: 0.573945 acc: 0.824677
2020-05-04 02:02:10,373:DEBUG:model_container_pt:[4/50]0m 40.257s: Train loss: 0.286080 acc: 0.906070 - Test loss: 0.642707 acc: 0.818339
2020-05-04 02:02:50,640:DEBUG:model_container_pt:[5/50]0m 40.267s: Train loss: 0.223484 acc: 0.925686 - Test loss: 0.714669 acc: 0.811924
2020-05-04 02:03:30,882:DEBUG:model_container_pt:[6/50]0m 40.242s: Train loss: 0.176490 acc: 0.940852 - Test loss: 0.791093 acc: 0.810003
2020-05-04 02:04:11,129:DEBUG:model_container_pt:[7/50]0m 40.246s: Train loss: 0.142561 acc: 0.952619 - Test loss: 0.796201 acc: 0.814421
2020-05-04 02:04:51,380:DEBUG:model_container_pt:[8/50]0m 40.252s: Train loss: 0.112551 acc: 0.962748 - Test loss: 0.821882 acc: 0.816956
2020-05-04 02:05:31,960:DEBUG:model_container_pt:[9/50]0m 40.579s: Train loss: 0.089786 acc: 0.969163 - Test loss: 0.902391 acc: 0.813268
2020-05-04 02:06:12,131:DEBUG:model_container_pt:[10/50]0m 40.171s: Train loss: 0.074167 acc: 0.974992 - Test loss: 0.973571 acc: 0.814382
2020-05-04 02:06:52,305:DEBUG:model_container_pt:[11/50]0m 40.174s: Train loss: 0.033977 acc: 0.989052 - Test loss: 0.970213 acc: 0.822180
2020-05-04 02:07:32,470:DEBUG:model_container_pt:[12/50]0m 40.165s: Train loss: 0.013739 acc: 0.996519 - Test loss: 1.004197 acc: 0.826291
2020-05-04 02:08:12,663:DEBUG:model_container_pt:[13/50]0m 40.179s: Train loss: 0.008494 acc: 0.998103 - Test loss: 1.017856 acc: 0.828250
2020-05-04 02:08:52,863:DEBUG:model_container_pt:[14/50]0m 40.186s: Train loss: 0.006788 acc: 0.998485 - Test loss: 1.067934 acc: 0.824600
2020-05-04 02:09:33,047:DEBUG:model_container_pt:[15/50]0m 40.183s: Train loss: 0.005660 acc: 0.998594 - Test loss: 1.067144 acc: 0.826790
2020-05-04 02:10:13,224:DEBUG:model_container_pt:[16/50]0m 40.177s: Train loss: 0.004745 acc: 0.998922 - Test loss: 1.083091 acc: 0.826867
2020-05-04 02:10:53,399:DEBUG:model_container_pt:[17/50]0m 40.176s: Train loss: 0.003837 acc: 0.999154 - Test loss: 1.095114 acc: 0.825407
2020-05-04 02:11:33,572:DEBUG:model_container_pt:[18/50]0m 40.173s: Train loss: 0.003967 acc: 0.999126 - Test loss: 1.109168 acc: 0.824408
2020-05-04 02:12:13,750:DEBUG:model_container_pt:[19/50]0m 40.178s: Train loss: 0.003502 acc: 0.999317 - Test loss: 1.107663 acc: 0.825330
2020-05-04 02:12:56,090:DEBUG:model_container_pt:[20/50]0m 42.340s: Train loss: 0.002640 acc: 0.999618 - Test loss: 1.113961 acc: 0.825215
2020-05-04 02:13:38,750:DEBUG:model_container_pt:[21/50]0m 42.660s: Train loss: 0.002454 acc: 0.999536 - Test loss: 1.104178 acc: 0.827021
2020-05-04 02:14:21,381:DEBUG:model_container_pt:[22/50]0m 42.630s: Train loss: 0.001765 acc: 0.999741 - Test loss: 1.114943 acc: 0.827827
2020-05-04 02:15:02,104:DEBUG:model_container_pt:[23/50]0m 40.723s: Train loss: 0.001854 acc: 0.999659 - Test loss: 1.131071 acc: 0.826060
2020-05-04 02:15:43,707:DEBUG:model_container_pt:[24/50]0m 41.603s: Train loss: 0.001714 acc: 0.999795 - Test loss: 1.129436 acc: 0.827712
2020-05-04 02:16:24,359:DEBUG:model_container_pt:[25/50]0m 40.652s: Train loss: 0.001413 acc: 0.999836 - Test loss: 1.139141 acc: 0.826022
2020-05-04 02:17:04,654:DEBUG:model_container_pt:[26/50]0m 40.295s: Train loss: 0.001337 acc: 0.999809 - Test loss: 1.146106 acc: 0.826291
2020-05-04 02:17:45,841:DEBUG:model_container_pt:[27/50]0m 41.186s: Train loss: 0.001911 acc: 0.999659 - Test loss: 1.157464 acc: 0.823832
2020-05-04 02:18:28,249:DEBUG:model_container_pt:[28/50]0m 42.408s: Train loss: 0.001742 acc: 0.999672 - Test loss: 1.145676 acc: 0.826368
2020-05-04 02:19:09,680:DEBUG:model_container_pt:[29/50]0m 41.431s: Train loss: 0.001538 acc: 0.999768 - Test loss: 1.149160 acc: 0.826406
2020-05-04 02:19:51,300:DEBUG:model_container_pt:[30/50]0m 41.620s: Train loss: 0.001183 acc: 0.999863 - Test loss: 1.156071 acc: 0.827635
2020-05-04 02:20:32,999:DEBUG:model_container_pt:[31/50]0m 41.699s: Train loss: 0.001364 acc: 0.999754 - Test loss: 1.146451 acc: 0.826790
2020-05-04 02:21:14,957:DEBUG:model_container_pt:[32/50]0m 41.957s: Train loss: 0.001109 acc: 0.999836 - Test loss: 1.152885 acc: 0.827750
2020-05-04 02:21:56,526:DEBUG:model_container_pt:[33/50]0m 41.569s: Train loss: 0.000996 acc: 0.999863 - Test loss: 1.160261 acc: 0.827251
2020-05-04 02:22:36,775:DEBUG:model_container_pt:[34/50]0m 40.249s: Train loss: 0.001109 acc: 0.999863 - Test loss: 1.153616 acc: 0.827289
2020-05-04 02:23:17,142:DEBUG:model_container_pt:[35/50]0m 40.367s: Train loss: 0.001070 acc: 0.999809 - Test loss: 1.172053 acc: 0.826291
2020-05-04 02:23:59,295:DEBUG:model_container_pt:[36/50]0m 42.153s: Train loss: 0.000841 acc: 0.999891 - Test loss: 1.160165 acc: 0.826636
2020-05-04 02:24:40,844:DEBUG:model_container_pt:[37/50]0m 41.549s: Train loss: 0.000993 acc: 0.999836 - Test loss: 1.180257 acc: 0.827097
2020-05-04 02:25:22,529:DEBUG:model_container_pt:[38/50]0m 41.684s: Train loss: 0.001074 acc: 0.999823 - Test loss: 1.164857 acc: 0.827443
2020-05-04 02:26:04,520:DEBUG:model_container_pt:[39/50]0m 41.992s: Train loss: 0.000916 acc: 0.999891 - Test loss: 1.156739 acc: 0.827213
2020-05-04 02:26:45,116:DEBUG:model_container_pt:[40/50]0m 40.596s: Train loss: 0.000918 acc: 0.999891 - Test loss: 1.168080 acc: 0.825330
2020-05-04 02:27:25,822:DEBUG:model_container_pt:[41/50]0m 40.706s: Train loss: 0.000860 acc: 0.999877 - Test loss: 1.164853 acc: 0.828135
2020-05-04 02:28:07,379:DEBUG:model_container_pt:[42/50]0m 41.557s: Train loss: 0.000936 acc: 0.999863 - Test loss: 1.160208 acc: 0.828404
2020-05-04 02:28:49,065:DEBUG:model_container_pt:[43/50]0m 41.672s: Train loss: 0.000861 acc: 0.999904 - Test loss: 1.165225 acc: 0.827597
2020-05-04 02:29:29,341:DEBUG:model_container_pt:[44/50]0m 40.276s: Train loss: 0.000931 acc: 0.999891 - Test loss: 1.180733 acc: 0.827789
2020-05-04 02:30:09,606:DEBUG:model_container_pt:[45/50]0m 40.265s: Train loss: 0.000851 acc: 0.999863 - Test loss: 1.169704 acc: 0.826713
2020-05-04 02:30:49,858:DEBUG:model_container_pt:[46/50]0m 40.252s: Train loss: 0.000779 acc: 0.999891 - Test loss: 1.168666 acc: 0.826483
2020-05-04 02:31:30,567:DEBUG:model_container_pt:[47/50]0m 40.709s: Train loss: 0.000794 acc: 0.999891 - Test loss: 1.166188 acc: 0.828672
2020-05-04 02:32:12,566:DEBUG:model_container_pt:[48/50]0m 41.985s: Train loss: 0.000818 acc: 0.999904 - Test loss: 1.165970 acc: 0.828826
2020-05-04 02:32:54,077:DEBUG:model_container_pt:[49/50]0m 41.463s: Train loss: 0.000666 acc: 0.999945 - Test loss: 1.167162 acc: 0.828250
2020-05-04 02:33:36,365:DEBUG:model_container_pt:[50/50]0m 42.288s: Train loss: 0.000881 acc: 0.999904 - Test loss: 1.168236 acc: 0.827904
2020-05-04 02:33:36,388:INFO:model_container_pt:Time to complete training: 34m 7.133s
2020-05-04 02:33:36,388:DEBUG:detector_container:Time to complete [Train normal]: 34m 7.133s
2020-05-04 02:33:36,388:DEBUG:feature_squeezing:Start training median squeezing model...
2020-05-04 02:34:18,323:DEBUG:model_container_pt:[1/50]0m 41.918s: Train loss: 0.099953 acc: 0.968508 - Test loss: 0.381424 acc: 0.908958
2020-05-04 02:34:59,559:DEBUG:model_container_pt:[2/50]0m 41.222s: Train loss: 0.051982 acc: 0.983060 - Test loss: 0.351902 acc: 0.921520
2020-05-04 02:35:41,404:DEBUG:model_container_pt:[3/50]0m 41.830s: Train loss: 0.032259 acc: 0.989339 - Test loss: 0.355182 acc: 0.922211
2020-05-04 02:36:24,542:DEBUG:model_container_pt:[4/50]0m 43.124s: Train loss: 0.024987 acc: 0.991810 - Test loss: 0.413891 acc: 0.914106
2020-05-04 02:37:06,533:DEBUG:model_container_pt:[5/50]0m 41.991s: Train loss: 0.016630 acc: 0.994731 - Test loss: 0.401632 acc: 0.920482
2020-05-04 02:37:48,937:DEBUG:model_container_pt:[6/50]0m 42.403s: Train loss: 0.014847 acc: 0.995386 - Test loss: 0.412013 acc: 0.918254
2020-05-04 02:38:31,244:DEBUG:model_container_pt:[7/50]0m 42.307s: Train loss: 0.016845 acc: 0.994472 - Test loss: 0.425499 acc: 0.916372
2020-05-04 02:39:13,341:DEBUG:model_container_pt:[8/50]0m 42.097s: Train loss: 0.010730 acc: 0.996888 - Test loss: 0.384914 acc: 0.927512
2020-05-04 02:39:55,381:DEBUG:model_container_pt:[9/50]0m 42.026s: Train loss: 0.009531 acc: 0.997215 - Test loss: 0.382133 acc: 0.928050
2020-05-04 02:40:35,599:DEBUG:model_container_pt:[10/50]0m 40.204s: Train loss: 0.008946 acc: 0.997270 - Test loss: 0.399221 acc: 0.924285
2020-05-04 02:41:16,275:DEBUG:model_container_pt:[11/50]0m 40.676s: Train loss: 0.004266 acc: 0.998853 - Test loss: 0.384020 acc: 0.928857
2020-05-04 02:41:57,544:DEBUG:model_container_pt:[12/50]0m 41.255s: Train loss: 0.002577 acc: 0.999345 - Test loss: 0.389755 acc: 0.928934
2020-05-04 02:42:39,587:DEBUG:model_container_pt:[13/50]0m 42.029s: Train loss: 0.002007 acc: 0.999577 - Test loss: 0.394596 acc: 0.932084
2020-05-04 02:43:21,348:DEBUG:model_container_pt:[14/50]0m 41.746s: Train loss: 0.001794 acc: 0.999604 - Test loss: 0.390071 acc: 0.931853
2020-05-04 02:44:02,494:DEBUG:model_container_pt:[15/50]0m 41.146s: Train loss: 0.001395 acc: 0.999782 - Test loss: 0.403632 acc: 0.930086
2020-05-04 02:44:43,835:DEBUG:model_container_pt:[16/50]0m 41.341s: Train loss: 0.001611 acc: 0.999645 - Test loss: 0.402911 acc: 0.931162
2020-05-04 02:45:25,293:DEBUG:model_container_pt:[17/50]0m 41.458s: Train loss: 0.001601 acc: 0.999618 - Test loss: 0.401410 acc: 0.931584
2020-05-04 02:46:07,856:DEBUG:model_container_pt:[18/50]0m 42.563s: Train loss: 0.001089 acc: 0.999823 - Test loss: 0.401001 acc: 0.932314
2020-05-04 02:46:48,671:DEBUG:model_container_pt:[19/50]0m 40.801s: Train loss: 0.000959 acc: 0.999823 - Test loss: 0.407019 acc: 0.930124
2020-05-04 02:47:29,527:DEBUG:model_container_pt:[20/50]0m 40.856s: Train loss: 0.000923 acc: 0.999782 - Test loss: 0.401960 acc: 0.932352
2020-05-04 02:48:10,470:DEBUG:model_container_pt:[21/50]0m 40.928s: Train loss: 0.000873 acc: 0.999809 - Test loss: 0.401961 acc: 0.932160
2020-05-04 02:48:51,917:DEBUG:model_container_pt:[22/50]0m 41.447s: Train loss: 0.000824 acc: 0.999768 - Test loss: 0.409654 acc: 0.931815
2020-05-04 02:49:31,921:DEBUG:model_container_pt:[23/50]0m 40.004s: Train loss: 0.000698 acc: 0.999863 - Test loss: 0.408663 acc: 0.931738
2020-05-04 02:50:11,918:DEBUG:model_container_pt:[24/50]0m 39.997s: Train loss: 0.000651 acc: 0.999891 - Test loss: 0.408758 acc: 0.932429
2020-05-04 02:50:51,931:DEBUG:model_container_pt:[25/50]0m 39.999s: Train loss: 0.000669 acc: 0.999891 - Test loss: 0.410027 acc: 0.933006
2020-05-04 02:51:32,760:DEBUG:model_container_pt:[26/50]0m 40.814s: Train loss: 0.000610 acc: 0.999891 - Test loss: 0.411543 acc: 0.933313
2020-05-04 02:52:15,117:DEBUG:model_container_pt:[27/50]0m 42.343s: Train loss: 0.000774 acc: 0.999809 - Test loss: 0.404968 acc: 0.933121
2020-05-04 02:52:59,228:DEBUG:model_container_pt:[28/50]0m 44.111s: Train loss: 0.000667 acc: 0.999863 - Test loss: 0.406395 acc: 0.933159
2020-05-04 02:53:42,398:DEBUG:model_container_pt:[29/50]0m 43.169s: Train loss: 0.000602 acc: 0.999891 - Test loss: 0.405655 acc: 0.933351
2020-05-04 02:54:24,180:DEBUG:model_container_pt:[30/50]0m 41.769s: Train loss: 0.000692 acc: 0.999823 - Test loss: 0.410996 acc: 0.933082
2020-05-04 02:55:05,787:DEBUG:model_container_pt:[31/50]0m 41.606s: Train loss: 0.000590 acc: 0.999850 - Test loss: 0.407899 acc: 0.932775
2020-05-04 02:55:48,903:DEBUG:model_container_pt:[32/50]0m 43.116s: Train loss: 0.000519 acc: 0.999877 - Test loss: 0.411254 acc: 0.933006
2020-05-04 02:56:31,413:DEBUG:model_container_pt:[33/50]0m 42.510s: Train loss: 0.000578 acc: 0.999904 - Test loss: 0.407933 acc: 0.932775
2020-05-04 02:57:14,222:DEBUG:model_container_pt:[34/50]0m 42.809s: Train loss: 0.000356 acc: 0.999959 - Test loss: 0.415314 acc: 0.932775
2020-05-04 02:57:55,420:DEBUG:model_container_pt:[35/50]0m 41.198s: Train loss: 0.000476 acc: 0.999877 - Test loss: 0.417501 acc: 0.932352
2020-05-04 02:58:35,542:DEBUG:model_container_pt:[36/50]0m 40.122s: Train loss: 0.000416 acc: 0.999904 - Test loss: 0.410838 acc: 0.932583
2020-05-04 02:59:16,468:DEBUG:model_container_pt:[37/50]0m 40.926s: Train loss: 0.000456 acc: 0.999932 - Test loss: 0.420883 acc: 0.931699
2020-05-04 02:59:58,508:DEBUG:model_container_pt:[38/50]0m 42.040s: Train loss: 0.000403 acc: 0.999932 - Test loss: 0.412388 acc: 0.932506
2020-05-04 03:00:39,643:DEBUG:model_container_pt:[39/50]0m 41.136s: Train loss: 0.000404 acc: 0.999945 - Test loss: 0.415508 acc: 0.933505
2020-05-04 03:01:21,036:DEBUG:model_container_pt:[40/50]0m 41.378s: Train loss: 0.000399 acc: 0.999959 - Test loss: 0.412878 acc: 0.933390
2020-05-04 03:02:02,816:DEBUG:model_container_pt:[41/50]0m 41.780s: Train loss: 0.000440 acc: 0.999945 - Test loss: 0.414030 acc: 0.933159
2020-05-04 03:02:44,833:DEBUG:model_container_pt:[42/50]0m 42.017s: Train loss: 0.000351 acc: 0.999959 - Test loss: 0.416109 acc: 0.933351
2020-05-04 03:03:28,678:DEBUG:model_container_pt:[43/50]0m 43.845s: Train loss: 0.000382 acc: 0.999945 - Test loss: 0.414335 acc: 0.933236
2020-05-04 03:04:12,435:DEBUG:model_container_pt:[44/50]0m 43.757s: Train loss: 0.000373 acc: 0.999945 - Test loss: 0.414218 acc: 0.933082
2020-05-04 03:04:54,873:DEBUG:model_container_pt:[45/50]0m 42.438s: Train loss: 0.000414 acc: 0.999945 - Test loss: 0.412796 acc: 0.933006
2020-05-04 03:05:35,193:DEBUG:model_container_pt:[46/50]0m 40.320s: Train loss: 0.000422 acc: 0.999918 - Test loss: 0.410213 acc: 0.933467
2020-05-04 03:06:15,916:DEBUG:model_container_pt:[47/50]0m 40.723s: Train loss: 0.000350 acc: 0.999945 - Test loss: 0.408734 acc: 0.933927
2020-05-04 03:06:58,486:DEBUG:model_container_pt:[48/50]0m 42.556s: Train loss: 0.000335 acc: 0.999932 - Test loss: 0.417391 acc: 0.931930
2020-05-04 03:07:39,857:DEBUG:model_container_pt:[49/50]0m 41.370s: Train loss: 0.000390 acc: 0.999945 - Test loss: 0.407389 acc: 0.933966
2020-05-04 03:08:20,797:DEBUG:model_container_pt:[50/50]0m 40.925s: Train loss: 0.000495 acc: 0.999918 - Test loss: 0.415872 acc: 0.932967
2020-05-04 03:08:20,819:INFO:model_container_pt:Time to complete training: 34m 44.431s
2020-05-04 03:08:20,819:DEBUG:detector_container:Time to complete [Train median]: 34m 44.431s
2020-05-04 03:08:20,883:INFO:model_container_pt:Saved model to save/CifarResnet50_SVHN_e50_binary.pt
2020-05-04 03:08:20,942:INFO:model_container_pt:Saved model to save/CifarResnet50_SVHN_e50_normal.pt
2020-05-04 03:08:20,999:INFO:model_container_pt:Saved model to save/CifarResnet50_SVHN_e50_median.pt
2020-05-04 03:08:21,003:DEBUG:defend_squeeze:Load save/CifarResnet50_SVHN_FGSM_x.npy...
2020-05-04 03:08:22,463:INFO:defend_squeeze:Accuracy on clean set - OG: 1.000000, Squeezer: 0.968000
2020-05-04 03:08:23,785:INFO:defend_squeeze:Blocked 215/1000 samples on clean
2020-05-04 03:08:23,785:DEBUG:defend_squeeze:Load save/CifarResnet50_SVHN_FGSM_adv.npy...
2020-05-04 03:08:25,271:INFO:defend_squeeze:Accuracy on FGSM set - OG: 0.077000, Squeezer: 0.217000
2020-05-04 03:08:26,634:INFO:defend_squeeze:Blocked 893/1000 samples on FGSM
2020-05-04 03:08:26,634:DEBUG:defend_squeeze:Load save/CifarResnet50_SVHN_BIM_adv.npy...
2020-05-04 03:08:28,161:INFO:defend_squeeze:Accuracy on BIM set - OG: 0.000000, Squeezer: 0.000000
2020-05-04 03:08:29,577:INFO:defend_squeeze:Blocked 442/1000 samples on BIM
2020-05-04 03:08:29,577:DEBUG:defend_squeeze:Load save/CifarResnet50_SVHN_DeepFool_adv.npy...
2020-05-04 03:08:31,035:INFO:defend_squeeze:Accuracy on DeepFool set - OG: 0.190000, Squeezer: 0.877000
2020-05-04 03:08:32,373:INFO:defend_squeeze:Blocked 839/1000 samples on DeepFool
2020-05-04 03:08:32,373:DEBUG:defend_squeeze:Load save/CifarResnet50_SVHN_Carlini_adv.npy...
2020-05-04 03:08:33,829:INFO:defend_squeeze:Accuracy on Carlini set - OG: 0.098000, Squeezer: 0.136000
2020-05-04 03:08:35,165:INFO:defend_squeeze:Blocked 982/1000 samples on Carlini
2020-05-04 03:08:35,165:DEBUG:defend_squeeze:Load save/CifarResnet50_SVHN_Saliency_adv.npy...
2020-05-04 03:08:36,599:INFO:defend_squeeze:Accuracy on Saliency set - OG: 0.001000, Squeezer: 0.838000
2020-05-04 03:08:37,913:INFO:defend_squeeze:Blocked 998/1000 samples on Saliency
