2020-05-03 23:44:59,205:INFO:defend_squeeze:Start at    : 20200503234459
2020-05-03 23:44:59,205:INFO:defend_squeeze:RECEIVED PARAMETERS:
2020-05-03 23:44:59,205:INFO:defend_squeeze:model file  :./save/MnistCnnV2_MNIST_e50.pt
2020-05-03 23:44:59,205:INFO:defend_squeeze:model       :MnistCnnV2
2020-05-03 23:44:59,205:INFO:defend_squeeze:dataset     :MNIST
2020-05-03 23:44:59,205:INFO:defend_squeeze:max_epochs  :50
2020-05-03 23:44:59,205:INFO:defend_squeeze:bit_depth   :8
2020-05-03 23:44:59,206:INFO:defend_squeeze:sigma       :0.200000
2020-05-03 23:44:59,206:INFO:defend_squeeze:kernel_size :3
2020-05-03 23:44:59,206:INFO:defend_squeeze:batch_size  :128
2020-05-03 23:44:59,206:INFO:defend_squeeze:seed        :4096
2020-05-03 23:44:59,206:INFO:defend_squeeze:verbose     :True
2020-05-03 23:44:59,206:INFO:defend_squeeze:save_log    :True
2020-05-03 23:44:59,206:INFO:defend_squeeze:need train  :False
2020-05-03 23:44:59,206:INFO:defend_squeeze:filters     :binary, normal, median
2020-05-03 23:44:59,206:INFO:defend_squeeze:attacks     :clean, FGSM, BIM, DeepFool, Carlini, Saliency
2020-05-03 23:44:59,206:INFO:defend_squeeze:pretrained  :MnistCnnV2_MNIST_e50_binary.pt, MnistCnnV2_MNIST_e50_normal.pt, MnistCnnV2_MNIST_e50_median.pt
2020-05-03 23:44:59,206:DEBUG:utils:Setting random seed for PyTorch.
2020-05-03 23:44:59,227:DEBUG:utils:/home/lukec/workspace/aad/aad/../data
2020-05-03 23:45:03,145:INFO:data_container:Train size: 60000 - Test size: 10000
2020-05-03 23:45:03,145:INFO:data_container:Successfully load data. Time to complete: 0m 3.917s
2020-05-03 23:45:04,867:DEBUG:model_container_pt:Using device: cuda
2020-05-03 23:45:04,869:INFO:model_container_pt:Loaded model from ./save/MnistCnnV2_MNIST_e50.pt
2020-05-03 23:45:05,025:INFO:defend_squeeze:Accuracy on test set: 0.994400
2020-05-03 23:45:05,090:DEBUG:model_container_pt:Using device: cuda
2020-05-03 23:45:05,551:DEBUG:model_container_pt:Using device: cuda
2020-05-03 23:45:07,728:DEBUG:model_container_pt:Using device: cuda
2020-05-03 23:45:12,602:INFO:model_container_pt:Loaded model from ./save/MnistCnnV2_MNIST_e50_binary.pt
2020-05-03 23:45:12,603:INFO:model_container_pt:Loaded model from ./save/MnistCnnV2_MNIST_e50_normal.pt
2020-05-03 23:45:12,604:INFO:model_container_pt:Loaded model from ./save/MnistCnnV2_MNIST_e50_median.pt
2020-05-03 23:45:12,604:DEBUG:defend_squeeze:Load save/MnistCnnV2_MNIST_FGSM_x.npy...
2020-05-03 23:45:12,790:INFO:defend_squeeze:Accuracy on clean set - OG: 1.000000, Squeezer: 0.999000
2020-05-03 23:45:12,956:INFO:defend_squeeze:Blocked 14/1000 samples on clean
2020-05-03 23:45:12,956:DEBUG:defend_squeeze:Load save/MnistCnnV2_MNIST_FGSM_adv.npy...
2020-05-03 23:45:13,176:INFO:defend_squeeze:Accuracy on FGSM set - OG: 0.705000, Squeezer: 0.805000
2020-05-03 23:45:13,382:INFO:defend_squeeze:Blocked 524/1000 samples on FGSM
2020-05-03 23:45:13,382:DEBUG:defend_squeeze:Load save/MnistCnnV2_MNIST_BIM_adv.npy...
2020-05-03 23:45:13,620:INFO:defend_squeeze:Accuracy on BIM set - OG: 0.000000, Squeezer: 0.013000
2020-05-03 23:45:13,839:INFO:defend_squeeze:Blocked 354/1000 samples on BIM
2020-05-03 23:45:13,839:DEBUG:defend_squeeze:Load save/MnistCnnV2_MNIST_DeepFool_adv.npy...
2020-05-03 23:45:14,086:INFO:defend_squeeze:Accuracy on DeepFool set - OG: 0.366000, Squeezer: 0.848000
2020-05-03 23:45:14,315:INFO:defend_squeeze:Blocked 816/1000 samples on DeepFool
2020-05-03 23:45:14,315:DEBUG:defend_squeeze:Load save/MnistCnnV2_MNIST_Carlini_adv.npy...
2020-05-03 23:45:14,567:INFO:defend_squeeze:Accuracy on Carlini set - OG: 0.103000, Squeezer: 0.102000
2020-05-03 23:45:14,799:INFO:defend_squeeze:Blocked 996/1000 samples on Carlini
2020-05-03 23:45:14,799:DEBUG:defend_squeeze:Load save/MnistCnnV2_MNIST_Saliency_adv.npy...
2020-05-03 23:45:14,991:INFO:defend_squeeze:Accuracy on Saliency set - OG: 0.000000, Squeezer: 0.746000
2020-05-03 23:45:15,165:INFO:defend_squeeze:Blocked 997/1000 samples on Saliency
