2020-05-04 03:47:06,441:INFO:defend_squeeze:Start at    : 20200504034706
2020-05-04 03:47:06,441:INFO:defend_squeeze:RECEIVED PARAMETERS:
2020-05-04 03:47:06,441:INFO:defend_squeeze:model file  :./save/IrisNN_WheatSeed_e300.pt
2020-05-04 03:47:06,441:INFO:defend_squeeze:model       :IrisNN
2020-05-04 03:47:06,441:INFO:defend_squeeze:dataset     :WheatSeed
2020-05-04 03:47:06,441:INFO:defend_squeeze:max_epochs  :300
2020-05-04 03:47:06,441:INFO:defend_squeeze:bit_depth   :8
2020-05-04 03:47:06,441:INFO:defend_squeeze:sigma       :0.200000
2020-05-04 03:47:06,442:INFO:defend_squeeze:kernel_size :0
2020-05-04 03:47:06,442:INFO:defend_squeeze:batch_size  :128
2020-05-04 03:47:06,442:INFO:defend_squeeze:seed        :4096
2020-05-04 03:47:06,442:INFO:defend_squeeze:verbose     :True
2020-05-04 03:47:06,442:INFO:defend_squeeze:save_log    :True
2020-05-04 03:47:06,442:INFO:defend_squeeze:need train  :True
2020-05-04 03:47:06,442:INFO:defend_squeeze:filters     :binary, normal
2020-05-04 03:47:06,442:INFO:defend_squeeze:attacks     :clean, FGSM, BIM, DeepFool, Carlini
2020-05-04 03:47:06,442:INFO:defend_squeeze:pretrained  :IrisNN_WheatSeed_e300_binary.pt, IrisNN_WheatSeed_e300_normal.pt
2020-05-04 03:47:06,442:DEBUG:utils:Setting random seed for PyTorch.
2020-05-04 03:47:06,464:DEBUG:utils:/home/lukec/workspace/aad/aad/../data
2020-05-04 03:47:06,464:DEBUG:data_container:Reading file /home/lukec/workspace/aad/aad/../data/seeds_dataset.txt
2020-05-04 03:47:06,470:INFO:data_container:Train size: 168 - Test size: 42
2020-05-04 03:47:06,470:INFO:data_container:Successfully load data. Time to complete: 0m 0.005s
2020-05-04 03:47:08,064:DEBUG:model_container_pt:Using device: cuda
2020-05-04 03:47:08,065:INFO:model_container_pt:Loaded model from ./save/IrisNN_WheatSeed_e300.pt
2020-05-04 03:47:08,085:INFO:defend_squeeze:Accuracy on test set: 0.904762
2020-05-04 03:47:08,087:DEBUG:model_container_pt:Using device: cuda
2020-05-04 03:47:08,088:DEBUG:model_container_pt:Using device: cuda
2020-05-04 03:47:08,088:DEBUG:feature_squeezing:Start training binary squeezing model...
2020-05-04 03:47:08,092:DEBUG:model_container_pt:[1/300]0m 0.004s: Train loss: 0.190488 acc: 0.916667 - Test loss: 0.237200 acc: 0.880952
2020-05-04 03:47:08,096:DEBUG:model_container_pt:[2/300]0m 0.003s: Train loss: 0.189324 acc: 0.916667 - Test loss: 0.229818 acc: 0.880952
2020-05-04 03:47:08,099:DEBUG:model_container_pt:[3/300]0m 0.003s: Train loss: 0.187932 acc: 0.916667 - Test loss: 0.224179 acc: 0.880952
2020-05-04 03:47:08,103:DEBUG:model_container_pt:[4/300]0m 0.003s: Train loss: 0.188259 acc: 0.922619 - Test loss: 0.220825 acc: 0.880952
2020-05-04 03:47:08,106:DEBUG:model_container_pt:[5/300]0m 0.003s: Train loss: 0.189386 acc: 0.928571 - Test loss: 0.222030 acc: 0.880952
2020-05-04 03:47:08,109:DEBUG:model_container_pt:[6/300]0m 0.003s: Train loss: 0.190986 acc: 0.934524 - Test loss: 0.225107 acc: 0.880952
2020-05-04 03:47:08,113:DEBUG:model_container_pt:[7/300]0m 0.003s: Train loss: 0.189924 acc: 0.934524 - Test loss: 0.225675 acc: 0.880952
2020-05-04 03:47:08,116:DEBUG:model_container_pt:[8/300]0m 0.003s: Train loss: 0.189389 acc: 0.934524 - Test loss: 0.226910 acc: 0.880952
2020-05-04 03:47:08,119:DEBUG:model_container_pt:[9/300]0m 0.003s: Train loss: 0.187411 acc: 0.928571 - Test loss: 0.229609 acc: 0.880952
2020-05-04 03:47:08,123:DEBUG:model_container_pt:[10/300]0m 0.003s: Train loss: 0.185087 acc: 0.922619 - Test loss: 0.232019 acc: 0.880952
2020-05-04 03:47:08,126:DEBUG:model_container_pt:[11/300]0m 0.003s: Train loss: 0.183598 acc: 0.922619 - Test loss: 0.233839 acc: 0.880952
2020-05-04 03:47:08,129:DEBUG:model_container_pt:[12/300]0m 0.003s: Train loss: 0.183257 acc: 0.922619 - Test loss: 0.232424 acc: 0.880952
2020-05-04 03:47:08,133:DEBUG:model_container_pt:[13/300]0m 0.003s: Train loss: 0.184115 acc: 0.922619 - Test loss: 0.229608 acc: 0.880952
2020-05-04 03:47:08,136:DEBUG:model_container_pt:[14/300]0m 0.003s: Train loss: 0.182928 acc: 0.922619 - Test loss: 0.225953 acc: 0.880952
2020-05-04 03:47:08,139:DEBUG:model_container_pt:[15/300]0m 0.003s: Train loss: 0.181515 acc: 0.922619 - Test loss: 0.219882 acc: 0.880952
2020-05-04 03:47:08,143:DEBUG:model_container_pt:[16/300]0m 0.003s: Train loss: 0.180411 acc: 0.922619 - Test loss: 0.215831 acc: 0.880952
2020-05-04 03:47:08,146:DEBUG:model_container_pt:[17/300]0m 0.003s: Train loss: 0.179217 acc: 0.922619 - Test loss: 0.215354 acc: 0.880952
2020-05-04 03:47:08,149:DEBUG:model_container_pt:[18/300]0m 0.003s: Train loss: 0.178706 acc: 0.934524 - Test loss: 0.215652 acc: 0.880952
2020-05-04 03:47:08,152:DEBUG:model_container_pt:[19/300]0m 0.003s: Train loss: 0.178611 acc: 0.934524 - Test loss: 0.216535 acc: 0.880952
2020-05-04 03:47:08,156:DEBUG:model_container_pt:[20/300]0m 0.003s: Train loss: 0.178401 acc: 0.934524 - Test loss: 0.216915 acc: 0.880952
2020-05-04 03:47:08,159:DEBUG:model_container_pt:[21/300]0m 0.003s: Train loss: 0.176473 acc: 0.934524 - Test loss: 0.215632 acc: 0.880952
2020-05-04 03:47:08,162:DEBUG:model_container_pt:[22/300]0m 0.003s: Train loss: 0.175308 acc: 0.934524 - Test loss: 0.215799 acc: 0.880952
2020-05-04 03:47:08,166:DEBUG:model_container_pt:[23/300]0m 0.003s: Train loss: 0.174274 acc: 0.922619 - Test loss: 0.215632 acc: 0.880952
2020-05-04 03:47:08,169:DEBUG:model_container_pt:[24/300]0m 0.003s: Train loss: 0.173639 acc: 0.922619 - Test loss: 0.216278 acc: 0.880952
2020-05-04 03:47:08,173:DEBUG:model_container_pt:[25/300]0m 0.003s: Train loss: 0.171925 acc: 0.922619 - Test loss: 0.221519 acc: 0.880952
2020-05-04 03:47:08,176:DEBUG:model_container_pt:[26/300]0m 0.003s: Train loss: 0.173184 acc: 0.922619 - Test loss: 0.226306 acc: 0.880952
2020-05-04 03:47:08,179:DEBUG:model_container_pt:[27/300]0m 0.003s: Train loss: 0.172866 acc: 0.928571 - Test loss: 0.226297 acc: 0.880952
2020-05-04 03:47:08,183:DEBUG:model_container_pt:[28/300]0m 0.003s: Train loss: 0.171575 acc: 0.928571 - Test loss: 0.221522 acc: 0.880952
2020-05-04 03:47:08,186:DEBUG:model_container_pt:[29/300]0m 0.003s: Train loss: 0.170430 acc: 0.928571 - Test loss: 0.215179 acc: 0.880952
2020-05-04 03:47:08,189:DEBUG:model_container_pt:[30/300]0m 0.003s: Train loss: 0.168681 acc: 0.940476 - Test loss: 0.211345 acc: 0.880952
2020-05-04 03:47:08,193:DEBUG:model_container_pt:[31/300]0m 0.003s: Train loss: 0.168400 acc: 0.940476 - Test loss: 0.208854 acc: 0.880952
2020-05-04 03:47:08,196:DEBUG:model_container_pt:[32/300]0m 0.003s: Train loss: 0.168215 acc: 0.940476 - Test loss: 0.208531 acc: 0.880952
2020-05-04 03:47:08,199:DEBUG:model_container_pt:[33/300]0m 0.003s: Train loss: 0.167710 acc: 0.940476 - Test loss: 0.209402 acc: 0.880952
2020-05-04 03:47:08,203:DEBUG:model_container_pt:[34/300]0m 0.003s: Train loss: 0.166761 acc: 0.940476 - Test loss: 0.211047 acc: 0.880952
2020-05-04 03:47:08,206:DEBUG:model_container_pt:[35/300]0m 0.003s: Train loss: 0.166292 acc: 0.940476 - Test loss: 0.213696 acc: 0.880952
2020-05-04 03:47:08,209:DEBUG:model_container_pt:[36/300]0m 0.003s: Train loss: 0.164252 acc: 0.940476 - Test loss: 0.212653 acc: 0.880952
2020-05-04 03:47:08,213:DEBUG:model_container_pt:[37/300]0m 0.003s: Train loss: 0.163813 acc: 0.940476 - Test loss: 0.210293 acc: 0.880952
2020-05-04 03:47:08,216:DEBUG:model_container_pt:[38/300]0m 0.003s: Train loss: 0.163847 acc: 0.934524 - Test loss: 0.207387 acc: 0.880952
2020-05-04 03:47:08,220:DEBUG:model_container_pt:[39/300]0m 0.003s: Train loss: 0.164153 acc: 0.934524 - Test loss: 0.206352 acc: 0.880952
2020-05-04 03:47:08,223:DEBUG:model_container_pt:[40/300]0m 0.003s: Train loss: 0.164093 acc: 0.934524 - Test loss: 0.205826 acc: 0.880952
2020-05-04 03:47:08,226:DEBUG:model_container_pt:[41/300]0m 0.003s: Train loss: 0.163918 acc: 0.934524 - Test loss: 0.205051 acc: 0.880952
2020-05-04 03:47:08,230:DEBUG:model_container_pt:[42/300]0m 0.003s: Train loss: 0.162416 acc: 0.934524 - Test loss: 0.203438 acc: 0.880952
2020-05-04 03:47:08,233:DEBUG:model_container_pt:[43/300]0m 0.003s: Train loss: 0.161203 acc: 0.940476 - Test loss: 0.205181 acc: 0.880952
2020-05-04 03:47:08,236:DEBUG:model_container_pt:[44/300]0m 0.003s: Train loss: 0.160091 acc: 0.940476 - Test loss: 0.210503 acc: 0.880952
2020-05-04 03:47:08,239:DEBUG:model_container_pt:[45/300]0m 0.003s: Train loss: 0.159080 acc: 0.946429 - Test loss: 0.219476 acc: 0.880952
2020-05-04 03:47:08,243:DEBUG:model_container_pt:[46/300]0m 0.003s: Train loss: 0.161924 acc: 0.940476 - Test loss: 0.224617 acc: 0.880952
2020-05-04 03:47:08,246:DEBUG:model_container_pt:[47/300]0m 0.003s: Train loss: 0.161966 acc: 0.934524 - Test loss: 0.220469 acc: 0.880952
2020-05-04 03:47:08,249:DEBUG:model_container_pt:[48/300]0m 0.003s: Train loss: 0.160166 acc: 0.946429 - Test loss: 0.211967 acc: 0.880952
2020-05-04 03:47:08,253:DEBUG:model_container_pt:[49/300]0m 0.003s: Train loss: 0.156299 acc: 0.952381 - Test loss: 0.205170 acc: 0.880952
2020-05-04 03:47:08,256:DEBUG:model_container_pt:[50/300]0m 0.003s: Train loss: 0.156199 acc: 0.940476 - Test loss: 0.198904 acc: 0.880952
2020-05-04 03:47:08,259:DEBUG:model_container_pt:[51/300]0m 0.003s: Train loss: 0.156474 acc: 0.940476 - Test loss: 0.196108 acc: 0.880952
2020-05-04 03:47:08,263:DEBUG:model_container_pt:[52/300]0m 0.003s: Train loss: 0.157975 acc: 0.934524 - Test loss: 0.195953 acc: 0.880952
2020-05-04 03:47:08,266:DEBUG:model_container_pt:[53/300]0m 0.003s: Train loss: 0.157278 acc: 0.940476 - Test loss: 0.198442 acc: 0.880952
2020-05-04 03:47:08,269:DEBUG:model_container_pt:[54/300]0m 0.003s: Train loss: 0.155451 acc: 0.940476 - Test loss: 0.203205 acc: 0.880952
2020-05-04 03:47:08,273:DEBUG:model_container_pt:[55/300]0m 0.003s: Train loss: 0.154459 acc: 0.946429 - Test loss: 0.207967 acc: 0.880952
2020-05-04 03:47:08,276:DEBUG:model_container_pt:[56/300]0m 0.003s: Train loss: 0.152674 acc: 0.952381 - Test loss: 0.210232 acc: 0.880952
2020-05-04 03:47:08,279:DEBUG:model_container_pt:[57/300]0m 0.003s: Train loss: 0.152495 acc: 0.952381 - Test loss: 0.211136 acc: 0.880952
2020-05-04 03:47:08,283:DEBUG:model_container_pt:[58/300]0m 0.003s: Train loss: 0.151912 acc: 0.952381 - Test loss: 0.209242 acc: 0.880952
2020-05-04 03:47:08,286:DEBUG:model_container_pt:[59/300]0m 0.003s: Train loss: 0.151173 acc: 0.952381 - Test loss: 0.205330 acc: 0.880952
2020-05-04 03:47:08,289:DEBUG:model_container_pt:[60/300]0m 0.003s: Train loss: 0.150808 acc: 0.952381 - Test loss: 0.201781 acc: 0.880952
2020-05-04 03:47:08,292:DEBUG:model_container_pt:[61/300]0m 0.003s: Train loss: 0.151044 acc: 0.940476 - Test loss: 0.200587 acc: 0.880952
2020-05-04 03:47:08,296:DEBUG:model_container_pt:[62/300]0m 0.003s: Train loss: 0.150729 acc: 0.940476 - Test loss: 0.200832 acc: 0.880952
2020-05-04 03:47:08,299:DEBUG:model_container_pt:[63/300]0m 0.003s: Train loss: 0.150105 acc: 0.946429 - Test loss: 0.200736 acc: 0.880952
2020-05-04 03:47:08,303:DEBUG:model_container_pt:[64/300]0m 0.003s: Train loss: 0.149751 acc: 0.946429 - Test loss: 0.201293 acc: 0.880952
2020-05-04 03:47:08,306:DEBUG:model_container_pt:[65/300]0m 0.003s: Train loss: 0.149068 acc: 0.946429 - Test loss: 0.203266 acc: 0.880952
2020-05-04 03:47:08,310:DEBUG:model_container_pt:[66/300]0m 0.003s: Train loss: 0.148367 acc: 0.952381 - Test loss: 0.206866 acc: 0.880952
2020-05-04 03:47:08,314:DEBUG:model_container_pt:[67/300]0m 0.003s: Train loss: 0.147270 acc: 0.952381 - Test loss: 0.210179 acc: 0.880952
2020-05-04 03:47:08,317:DEBUG:model_container_pt:[68/300]0m 0.003s: Train loss: 0.147662 acc: 0.952381 - Test loss: 0.211983 acc: 0.928571
2020-05-04 03:47:08,320:DEBUG:model_container_pt:[69/300]0m 0.003s: Train loss: 0.148428 acc: 0.946429 - Test loss: 0.211441 acc: 0.928571
2020-05-04 03:47:08,323:DEBUG:model_container_pt:[70/300]0m 0.003s: Train loss: 0.149013 acc: 0.946429 - Test loss: 0.212214 acc: 0.928571
2020-05-04 03:47:08,327:DEBUG:model_container_pt:[71/300]0m 0.003s: Train loss: 0.148678 acc: 0.946429 - Test loss: 0.212260 acc: 0.928571
2020-05-04 03:47:08,330:DEBUG:model_container_pt:[72/300]0m 0.003s: Train loss: 0.147712 acc: 0.946429 - Test loss: 0.208770 acc: 0.928571
2020-05-04 03:47:08,333:DEBUG:model_container_pt:[73/300]0m 0.003s: Train loss: 0.144573 acc: 0.952381 - Test loss: 0.200515 acc: 0.928571
2020-05-04 03:47:08,336:DEBUG:model_container_pt:[74/300]0m 0.003s: Train loss: 0.145463 acc: 0.946429 - Test loss: 0.194087 acc: 0.928571
2020-05-04 03:47:08,340:DEBUG:model_container_pt:[75/300]0m 0.003s: Train loss: 0.148146 acc: 0.934524 - Test loss: 0.193331 acc: 0.904762
2020-05-04 03:47:08,343:DEBUG:model_container_pt:[76/300]0m 0.003s: Train loss: 0.146228 acc: 0.934524 - Test loss: 0.198136 acc: 0.928571
2020-05-04 03:47:08,346:DEBUG:model_container_pt:[77/300]0m 0.003s: Train loss: 0.143379 acc: 0.940476 - Test loss: 0.206271 acc: 0.928571
2020-05-04 03:47:08,349:DEBUG:model_container_pt:[78/300]0m 0.003s: Train loss: 0.142664 acc: 0.952381 - Test loss: 0.215816 acc: 0.928571
2020-05-04 03:47:08,353:DEBUG:model_container_pt:[79/300]0m 0.003s: Train loss: 0.144416 acc: 0.952381 - Test loss: 0.221835 acc: 0.904762
2020-05-04 03:47:08,356:DEBUG:model_container_pt:[80/300]0m 0.003s: Train loss: 0.145996 acc: 0.952381 - Test loss: 0.221941 acc: 0.880952
2020-05-04 03:47:08,359:DEBUG:model_container_pt:[81/300]0m 0.003s: Train loss: 0.145151 acc: 0.952381 - Test loss: 0.217149 acc: 0.880952
2020-05-04 03:47:08,362:DEBUG:model_container_pt:[82/300]0m 0.003s: Train loss: 0.143251 acc: 0.952381 - Test loss: 0.210733 acc: 0.880952
2020-05-04 03:47:08,365:DEBUG:model_container_pt:[83/300]0m 0.003s: Train loss: 0.141624 acc: 0.958333 - Test loss: 0.206199 acc: 0.904762
2020-05-04 03:47:08,368:DEBUG:model_container_pt:[84/300]0m 0.003s: Train loss: 0.140479 acc: 0.952381 - Test loss: 0.204505 acc: 0.928571
2020-05-04 03:47:08,371:DEBUG:model_container_pt:[85/300]0m 0.003s: Train loss: 0.140339 acc: 0.952381 - Test loss: 0.204656 acc: 0.928571
2020-05-04 03:47:08,374:DEBUG:model_container_pt:[86/300]0m 0.003s: Train loss: 0.139758 acc: 0.946429 - Test loss: 0.205524 acc: 0.928571
2020-05-04 03:47:08,377:DEBUG:model_container_pt:[87/300]0m 0.003s: Train loss: 0.139498 acc: 0.946429 - Test loss: 0.206736 acc: 0.928571
2020-05-04 03:47:08,381:DEBUG:model_container_pt:[88/300]0m 0.003s: Train loss: 0.138974 acc: 0.952381 - Test loss: 0.209570 acc: 0.928571
2020-05-04 03:47:08,384:DEBUG:model_container_pt:[89/300]0m 0.003s: Train loss: 0.138825 acc: 0.958333 - Test loss: 0.210451 acc: 0.928571
2020-05-04 03:47:08,387:DEBUG:model_container_pt:[90/300]0m 0.003s: Train loss: 0.138386 acc: 0.958333 - Test loss: 0.209240 acc: 0.928571
2020-05-04 03:47:08,391:DEBUG:model_container_pt:[91/300]0m 0.003s: Train loss: 0.137902 acc: 0.952381 - Test loss: 0.207416 acc: 0.928571
2020-05-04 03:47:08,394:DEBUG:model_container_pt:[92/300]0m 0.003s: Train loss: 0.137599 acc: 0.952381 - Test loss: 0.205574 acc: 0.928571
2020-05-04 03:47:08,397:DEBUG:model_container_pt:[93/300]0m 0.003s: Train loss: 0.137015 acc: 0.952381 - Test loss: 0.203250 acc: 0.928571
2020-05-04 03:47:08,400:DEBUG:model_container_pt:[94/300]0m 0.003s: Train loss: 0.136958 acc: 0.940476 - Test loss: 0.201547 acc: 0.928571
2020-05-04 03:47:08,404:DEBUG:model_container_pt:[95/300]0m 0.003s: Train loss: 0.137608 acc: 0.940476 - Test loss: 0.200541 acc: 0.928571
2020-05-04 03:47:08,407:DEBUG:model_container_pt:[96/300]0m 0.003s: Train loss: 0.137362 acc: 0.940476 - Test loss: 0.200584 acc: 0.928571
2020-05-04 03:47:08,410:DEBUG:model_container_pt:[97/300]0m 0.003s: Train loss: 0.136664 acc: 0.940476 - Test loss: 0.203127 acc: 0.928571
2020-05-04 03:47:08,413:DEBUG:model_container_pt:[98/300]0m 0.003s: Train loss: 0.136559 acc: 0.940476 - Test loss: 0.206474 acc: 0.928571
2020-05-04 03:47:08,417:DEBUG:model_container_pt:[99/300]0m 0.003s: Train loss: 0.135407 acc: 0.952381 - Test loss: 0.208232 acc: 0.928571
2020-05-04 03:47:08,424:DEBUG:model_container_pt:[100/300]0m 0.003s: Train loss: 0.135105 acc: 0.952381 - Test loss: 0.211394 acc: 0.928571
2020-05-04 03:47:08,427:DEBUG:model_container_pt:[101/300]0m 0.003s: Train loss: 0.135295 acc: 0.952381 - Test loss: 0.213429 acc: 0.928571
2020-05-04 03:47:08,430:DEBUG:model_container_pt:[102/300]0m 0.003s: Train loss: 0.135177 acc: 0.952381 - Test loss: 0.215040 acc: 0.928571
2020-05-04 03:47:08,433:DEBUG:model_container_pt:[103/300]0m 0.003s: Train loss: 0.135358 acc: 0.946429 - Test loss: 0.216143 acc: 0.928571
2020-05-04 03:47:08,437:DEBUG:model_container_pt:[104/300]0m 0.003s: Train loss: 0.135581 acc: 0.946429 - Test loss: 0.215126 acc: 0.928571
2020-05-04 03:47:08,440:DEBUG:model_container_pt:[105/300]0m 0.003s: Train loss: 0.133930 acc: 0.952381 - Test loss: 0.210571 acc: 0.928571
2020-05-04 03:47:08,443:DEBUG:model_container_pt:[106/300]0m 0.003s: Train loss: 0.133766 acc: 0.958333 - Test loss: 0.206606 acc: 0.928571
2020-05-04 03:47:08,447:DEBUG:model_container_pt:[107/300]0m 0.003s: Train loss: 0.134587 acc: 0.946429 - Test loss: 0.205585 acc: 0.928571
2020-05-04 03:47:08,450:DEBUG:model_container_pt:[108/300]0m 0.003s: Train loss: 0.133060 acc: 0.946429 - Test loss: 0.208083 acc: 0.928571
2020-05-04 03:47:08,453:DEBUG:model_container_pt:[109/300]0m 0.003s: Train loss: 0.132336 acc: 0.946429 - Test loss: 0.212586 acc: 0.928571
2020-05-04 03:47:08,456:DEBUG:model_container_pt:[110/300]0m 0.003s: Train loss: 0.132313 acc: 0.958333 - Test loss: 0.217551 acc: 0.928571
2020-05-04 03:47:08,460:DEBUG:model_container_pt:[111/300]0m 0.003s: Train loss: 0.133581 acc: 0.958333 - Test loss: 0.217921 acc: 0.928571
2020-05-04 03:47:08,463:DEBUG:model_container_pt:[112/300]0m 0.003s: Train loss: 0.133115 acc: 0.958333 - Test loss: 0.214776 acc: 0.928571
2020-05-04 03:47:08,466:DEBUG:model_container_pt:[113/300]0m 0.003s: Train loss: 0.131674 acc: 0.958333 - Test loss: 0.213464 acc: 0.904762
2020-05-04 03:47:08,469:DEBUG:model_container_pt:[114/300]0m 0.003s: Train loss: 0.131110 acc: 0.958333 - Test loss: 0.212332 acc: 0.904762
2020-05-04 03:47:08,472:DEBUG:model_container_pt:[115/300]0m 0.003s: Train loss: 0.130870 acc: 0.952381 - Test loss: 0.209991 acc: 0.904762
2020-05-04 03:47:08,475:DEBUG:model_container_pt:[116/300]0m 0.003s: Train loss: 0.131547 acc: 0.952381 - Test loss: 0.206952 acc: 0.904762
2020-05-04 03:47:08,478:DEBUG:model_container_pt:[117/300]0m 0.003s: Train loss: 0.130964 acc: 0.946429 - Test loss: 0.202917 acc: 0.928571
2020-05-04 03:47:08,482:DEBUG:model_container_pt:[118/300]0m 0.003s: Train loss: 0.130873 acc: 0.946429 - Test loss: 0.201751 acc: 0.928571
2020-05-04 03:47:08,485:DEBUG:model_container_pt:[119/300]0m 0.003s: Train loss: 0.130913 acc: 0.940476 - Test loss: 0.203052 acc: 0.928571
2020-05-04 03:47:08,488:DEBUG:model_container_pt:[120/300]0m 0.003s: Train loss: 0.130739 acc: 0.940476 - Test loss: 0.204973 acc: 0.928571
2020-05-04 03:47:08,491:DEBUG:model_container_pt:[121/300]0m 0.003s: Train loss: 0.130589 acc: 0.946429 - Test loss: 0.207277 acc: 0.928571
2020-05-04 03:47:08,495:DEBUG:model_container_pt:[122/300]0m 0.003s: Train loss: 0.129334 acc: 0.946429 - Test loss: 0.209269 acc: 0.928571
2020-05-04 03:47:08,498:DEBUG:model_container_pt:[123/300]0m 0.003s: Train loss: 0.129066 acc: 0.946429 - Test loss: 0.213330 acc: 0.928571
2020-05-04 03:47:08,501:DEBUG:model_container_pt:[124/300]0m 0.003s: Train loss: 0.128578 acc: 0.958333 - Test loss: 0.217707 acc: 0.904762
2020-05-04 03:47:08,504:DEBUG:model_container_pt:[125/300]0m 0.003s: Train loss: 0.128942 acc: 0.958333 - Test loss: 0.218418 acc: 0.904762
2020-05-04 03:47:08,507:DEBUG:model_container_pt:[126/300]0m 0.003s: Train loss: 0.128632 acc: 0.964286 - Test loss: 0.215555 acc: 0.904762
2020-05-04 03:47:08,510:DEBUG:model_container_pt:[127/300]0m 0.003s: Train loss: 0.127973 acc: 0.958333 - Test loss: 0.210223 acc: 0.904762
2020-05-04 03:47:08,513:DEBUG:model_container_pt:[128/300]0m 0.003s: Train loss: 0.127749 acc: 0.946429 - Test loss: 0.205543 acc: 0.928571
2020-05-04 03:47:08,517:DEBUG:model_container_pt:[129/300]0m 0.003s: Train loss: 0.128971 acc: 0.946429 - Test loss: 0.204081 acc: 0.928571
2020-05-04 03:47:08,520:DEBUG:model_container_pt:[130/300]0m 0.003s: Train loss: 0.128203 acc: 0.946429 - Test loss: 0.205586 acc: 0.928571
2020-05-04 03:47:08,523:DEBUG:model_container_pt:[131/300]0m 0.003s: Train loss: 0.127238 acc: 0.946429 - Test loss: 0.206464 acc: 0.928571
2020-05-04 03:47:08,527:DEBUG:model_container_pt:[132/300]0m 0.003s: Train loss: 0.126727 acc: 0.946429 - Test loss: 0.208174 acc: 0.928571
2020-05-04 03:47:08,530:DEBUG:model_container_pt:[133/300]0m 0.003s: Train loss: 0.126860 acc: 0.946429 - Test loss: 0.210037 acc: 0.928571
2020-05-04 03:47:08,533:DEBUG:model_container_pt:[134/300]0m 0.003s: Train loss: 0.126500 acc: 0.952381 - Test loss: 0.213983 acc: 0.928571
2020-05-04 03:47:08,536:DEBUG:model_container_pt:[135/300]0m 0.003s: Train loss: 0.125978 acc: 0.952381 - Test loss: 0.216951 acc: 0.928571
2020-05-04 03:47:08,540:DEBUG:model_container_pt:[136/300]0m 0.003s: Train loss: 0.125620 acc: 0.958333 - Test loss: 0.218497 acc: 0.928571
2020-05-04 03:47:08,543:DEBUG:model_container_pt:[137/300]0m 0.003s: Train loss: 0.125398 acc: 0.958333 - Test loss: 0.216630 acc: 0.904762
2020-05-04 03:47:08,546:DEBUG:model_container_pt:[138/300]0m 0.003s: Train loss: 0.125700 acc: 0.958333 - Test loss: 0.212319 acc: 0.904762
2020-05-04 03:47:08,549:DEBUG:model_container_pt:[139/300]0m 0.003s: Train loss: 0.126265 acc: 0.952381 - Test loss: 0.209042 acc: 0.904762
2020-05-04 03:47:08,552:DEBUG:model_container_pt:[140/300]0m 0.003s: Train loss: 0.126309 acc: 0.952381 - Test loss: 0.206772 acc: 0.904762
2020-05-04 03:47:08,555:DEBUG:model_container_pt:[141/300]0m 0.003s: Train loss: 0.125486 acc: 0.946429 - Test loss: 0.205898 acc: 0.928571
2020-05-04 03:47:08,559:DEBUG:model_container_pt:[142/300]0m 0.003s: Train loss: 0.123883 acc: 0.946429 - Test loss: 0.209717 acc: 0.928571
2020-05-04 03:47:08,562:DEBUG:model_container_pt:[143/300]0m 0.003s: Train loss: 0.123114 acc: 0.946429 - Test loss: 0.215298 acc: 0.928571
2020-05-04 03:47:08,565:DEBUG:model_container_pt:[144/300]0m 0.003s: Train loss: 0.124810 acc: 0.952381 - Test loss: 0.220887 acc: 0.928571
2020-05-04 03:47:08,569:DEBUG:model_container_pt:[145/300]0m 0.003s: Train loss: 0.128133 acc: 0.946429 - Test loss: 0.222771 acc: 0.928571
2020-05-04 03:47:08,572:DEBUG:model_container_pt:[146/300]0m 0.003s: Train loss: 0.126822 acc: 0.946429 - Test loss: 0.219000 acc: 0.928571
2020-05-04 03:47:08,575:DEBUG:model_container_pt:[147/300]0m 0.003s: Train loss: 0.122888 acc: 0.958333 - Test loss: 0.213625 acc: 0.928571
2020-05-04 03:47:08,579:DEBUG:model_container_pt:[148/300]0m 0.003s: Train loss: 0.121760 acc: 0.958333 - Test loss: 0.209744 acc: 0.904762
2020-05-04 03:47:08,582:DEBUG:model_container_pt:[149/300]0m 0.003s: Train loss: 0.123637 acc: 0.952381 - Test loss: 0.205960 acc: 0.880952
2020-05-04 03:47:08,585:DEBUG:model_container_pt:[150/300]0m 0.003s: Train loss: 0.128391 acc: 0.952381 - Test loss: 0.203196 acc: 0.880952
2020-05-04 03:47:08,588:DEBUG:model_container_pt:[151/300]0m 0.003s: Train loss: 0.132013 acc: 0.946429 - Test loss: 0.202252 acc: 0.880952
2020-05-04 03:47:08,591:DEBUG:model_container_pt:[152/300]0m 0.003s: Train loss: 0.130433 acc: 0.946429 - Test loss: 0.205343 acc: 0.904762
2020-05-04 03:47:08,594:DEBUG:model_container_pt:[153/300]0m 0.003s: Train loss: 0.125719 acc: 0.952381 - Test loss: 0.211779 acc: 0.904762
2020-05-04 03:47:08,597:DEBUG:model_container_pt:[154/300]0m 0.003s: Train loss: 0.123379 acc: 0.952381 - Test loss: 0.216829 acc: 0.928571
2020-05-04 03:47:08,601:DEBUG:model_container_pt:[155/300]0m 0.003s: Train loss: 0.120637 acc: 0.958333 - Test loss: 0.219403 acc: 0.928571
2020-05-04 03:47:08,604:DEBUG:model_container_pt:[156/300]0m 0.003s: Train loss: 0.121104 acc: 0.958333 - Test loss: 0.221574 acc: 0.928571
2020-05-04 03:47:08,607:DEBUG:model_container_pt:[157/300]0m 0.003s: Train loss: 0.121339 acc: 0.958333 - Test loss: 0.221255 acc: 0.928571
2020-05-04 03:47:08,611:DEBUG:model_container_pt:[158/300]0m 0.003s: Train loss: 0.120730 acc: 0.958333 - Test loss: 0.218438 acc: 0.928571
2020-05-04 03:47:08,614:DEBUG:model_container_pt:[159/300]0m 0.003s: Train loss: 0.119470 acc: 0.958333 - Test loss: 0.214739 acc: 0.904762
2020-05-04 03:47:08,617:DEBUG:model_container_pt:[160/300]0m 0.003s: Train loss: 0.120008 acc: 0.952381 - Test loss: 0.211808 acc: 0.904762
2020-05-04 03:47:08,620:DEBUG:model_container_pt:[161/300]0m 0.003s: Train loss: 0.121804 acc: 0.952381 - Test loss: 0.210148 acc: 0.904762
2020-05-04 03:47:08,623:DEBUG:model_container_pt:[162/300]0m 0.003s: Train loss: 0.120762 acc: 0.946429 - Test loss: 0.210911 acc: 0.904762
2020-05-04 03:47:08,626:DEBUG:model_container_pt:[163/300]0m 0.003s: Train loss: 0.119228 acc: 0.952381 - Test loss: 0.211803 acc: 0.928571
2020-05-04 03:47:08,629:DEBUG:model_container_pt:[164/300]0m 0.003s: Train loss: 0.118931 acc: 0.952381 - Test loss: 0.211723 acc: 0.928571
2020-05-04 03:47:08,632:DEBUG:model_container_pt:[165/300]0m 0.003s: Train loss: 0.118760 acc: 0.946429 - Test loss: 0.210351 acc: 0.928571
2020-05-04 03:47:08,635:DEBUG:model_container_pt:[166/300]0m 0.003s: Train loss: 0.119692 acc: 0.946429 - Test loss: 0.209264 acc: 0.928571
2020-05-04 03:47:08,639:DEBUG:model_container_pt:[167/300]0m 0.003s: Train loss: 0.119513 acc: 0.946429 - Test loss: 0.207425 acc: 0.928571
2020-05-04 03:47:08,642:DEBUG:model_container_pt:[168/300]0m 0.003s: Train loss: 0.118734 acc: 0.946429 - Test loss: 0.207248 acc: 0.928571
2020-05-04 03:47:08,645:DEBUG:model_container_pt:[169/300]0m 0.003s: Train loss: 0.118794 acc: 0.946429 - Test loss: 0.208483 acc: 0.928571
2020-05-04 03:47:08,649:DEBUG:model_container_pt:[170/300]0m 0.003s: Train loss: 0.117762 acc: 0.952381 - Test loss: 0.211331 acc: 0.928571
2020-05-04 03:47:08,652:DEBUG:model_container_pt:[171/300]0m 0.003s: Train loss: 0.117349 acc: 0.952381 - Test loss: 0.214241 acc: 0.928571
2020-05-04 03:47:08,656:DEBUG:model_container_pt:[172/300]0m 0.003s: Train loss: 0.116699 acc: 0.952381 - Test loss: 0.216543 acc: 0.928571
2020-05-04 03:47:08,659:DEBUG:model_container_pt:[173/300]0m 0.003s: Train loss: 0.117242 acc: 0.952381 - Test loss: 0.217734 acc: 0.904762
2020-05-04 03:47:08,662:DEBUG:model_container_pt:[174/300]0m 0.003s: Train loss: 0.116953 acc: 0.958333 - Test loss: 0.215884 acc: 0.904762
2020-05-04 03:47:08,665:DEBUG:model_container_pt:[175/300]0m 0.003s: Train loss: 0.116387 acc: 0.958333 - Test loss: 0.214549 acc: 0.904762
2020-05-04 03:47:08,668:DEBUG:model_container_pt:[176/300]0m 0.003s: Train loss: 0.116127 acc: 0.958333 - Test loss: 0.213546 acc: 0.904762
2020-05-04 03:47:08,671:DEBUG:model_container_pt:[177/300]0m 0.003s: Train loss: 0.115833 acc: 0.952381 - Test loss: 0.212300 acc: 0.928571
2020-05-04 03:47:08,674:DEBUG:model_container_pt:[178/300]0m 0.003s: Train loss: 0.115868 acc: 0.952381 - Test loss: 0.209580 acc: 0.904762
2020-05-04 03:47:08,677:DEBUG:model_container_pt:[179/300]0m 0.003s: Train loss: 0.117819 acc: 0.952381 - Test loss: 0.207349 acc: 0.904762
2020-05-04 03:47:08,680:DEBUG:model_container_pt:[180/300]0m 0.003s: Train loss: 0.116684 acc: 0.946429 - Test loss: 0.208142 acc: 0.904762
2020-05-04 03:47:08,683:DEBUG:model_container_pt:[181/300]0m 0.003s: Train loss: 0.115353 acc: 0.952381 - Test loss: 0.211241 acc: 0.928571
2020-05-04 03:47:08,687:DEBUG:model_container_pt:[182/300]0m 0.003s: Train loss: 0.115155 acc: 0.952381 - Test loss: 0.214659 acc: 0.928571
2020-05-04 03:47:08,690:DEBUG:model_container_pt:[183/300]0m 0.003s: Train loss: 0.114614 acc: 0.952381 - Test loss: 0.215966 acc: 0.928571
2020-05-04 03:47:08,693:DEBUG:model_container_pt:[184/300]0m 0.003s: Train loss: 0.114845 acc: 0.952381 - Test loss: 0.216971 acc: 0.928571
2020-05-04 03:47:08,696:DEBUG:model_container_pt:[185/300]0m 0.003s: Train loss: 0.115149 acc: 0.952381 - Test loss: 0.217353 acc: 0.928571
2020-05-04 03:47:08,700:DEBUG:model_container_pt:[186/300]0m 0.003s: Train loss: 0.115543 acc: 0.952381 - Test loss: 0.215669 acc: 0.928571
2020-05-04 03:47:08,703:DEBUG:model_container_pt:[187/300]0m 0.003s: Train loss: 0.115859 acc: 0.952381 - Test loss: 0.214009 acc: 0.928571
2020-05-04 03:47:08,706:DEBUG:model_container_pt:[188/300]0m 0.003s: Train loss: 0.116082 acc: 0.946429 - Test loss: 0.213017 acc: 0.928571
2020-05-04 03:47:08,710:DEBUG:model_container_pt:[189/300]0m 0.003s: Train loss: 0.114533 acc: 0.946429 - Test loss: 0.214780 acc: 0.928571
2020-05-04 03:47:08,713:DEBUG:model_container_pt:[190/300]0m 0.003s: Train loss: 0.113910 acc: 0.946429 - Test loss: 0.217829 acc: 0.928571
2020-05-04 03:47:08,716:DEBUG:model_container_pt:[191/300]0m 0.003s: Train loss: 0.113704 acc: 0.958333 - Test loss: 0.219900 acc: 0.928571
2020-05-04 03:47:08,720:DEBUG:model_container_pt:[192/300]0m 0.003s: Train loss: 0.114099 acc: 0.958333 - Test loss: 0.218600 acc: 0.928571
2020-05-04 03:47:08,723:DEBUG:model_container_pt:[193/300]0m 0.003s: Train loss: 0.112636 acc: 0.958333 - Test loss: 0.213865 acc: 0.904762
2020-05-04 03:47:08,726:DEBUG:model_container_pt:[194/300]0m 0.003s: Train loss: 0.113033 acc: 0.958333 - Test loss: 0.211007 acc: 0.904762
2020-05-04 03:47:08,729:DEBUG:model_container_pt:[195/300]0m 0.003s: Train loss: 0.113283 acc: 0.958333 - Test loss: 0.209906 acc: 0.904762
2020-05-04 03:47:08,732:DEBUG:model_container_pt:[196/300]0m 0.003s: Train loss: 0.112474 acc: 0.958333 - Test loss: 0.211949 acc: 0.928571
2020-05-04 03:47:08,735:DEBUG:model_container_pt:[197/300]0m 0.003s: Train loss: 0.111348 acc: 0.952381 - Test loss: 0.216608 acc: 0.928571
2020-05-04 03:47:08,738:DEBUG:model_container_pt:[198/300]0m 0.003s: Train loss: 0.111638 acc: 0.952381 - Test loss: 0.221402 acc: 0.928571
2020-05-04 03:47:08,742:DEBUG:model_container_pt:[199/300]0m 0.003s: Train loss: 0.113492 acc: 0.958333 - Test loss: 0.222402 acc: 0.928571
2020-05-04 03:47:08,745:DEBUG:model_container_pt:[200/300]0m 0.003s: Train loss: 0.113014 acc: 0.958333 - Test loss: 0.219301 acc: 0.928571
2020-05-04 03:47:08,748:DEBUG:model_container_pt:[201/300]0m 0.003s: Train loss: 0.111525 acc: 0.958333 - Test loss: 0.216347 acc: 0.928571
2020-05-04 03:47:08,751:DEBUG:model_container_pt:[202/300]0m 0.003s: Train loss: 0.110683 acc: 0.952381 - Test loss: 0.214019 acc: 0.928571
2020-05-04 03:47:08,755:DEBUG:model_container_pt:[203/300]0m 0.003s: Train loss: 0.110187 acc: 0.952381 - Test loss: 0.212946 acc: 0.904762
2020-05-04 03:47:08,758:DEBUG:model_container_pt:[204/300]0m 0.003s: Train loss: 0.111617 acc: 0.958333 - Test loss: 0.213374 acc: 0.904762
2020-05-04 03:47:08,761:DEBUG:model_container_pt:[205/300]0m 0.003s: Train loss: 0.111497 acc: 0.958333 - Test loss: 0.215940 acc: 0.904762
2020-05-04 03:47:08,764:DEBUG:model_container_pt:[206/300]0m 0.003s: Train loss: 0.110141 acc: 0.958333 - Test loss: 0.216371 acc: 0.904762
2020-05-04 03:47:08,767:DEBUG:model_container_pt:[207/300]0m 0.003s: Train loss: 0.109531 acc: 0.958333 - Test loss: 0.217406 acc: 0.928571
2020-05-04 03:47:08,770:DEBUG:model_container_pt:[208/300]0m 0.003s: Train loss: 0.109593 acc: 0.952381 - Test loss: 0.217669 acc: 0.928571
2020-05-04 03:47:08,773:DEBUG:model_container_pt:[209/300]0m 0.003s: Train loss: 0.109335 acc: 0.952381 - Test loss: 0.216769 acc: 0.928571
2020-05-04 03:47:08,777:DEBUG:model_container_pt:[210/300]0m 0.003s: Train loss: 0.109156 acc: 0.952381 - Test loss: 0.214967 acc: 0.928571
2020-05-04 03:47:08,780:DEBUG:model_container_pt:[211/300]0m 0.003s: Train loss: 0.108800 acc: 0.952381 - Test loss: 0.213505 acc: 0.928571
2020-05-04 03:47:08,783:DEBUG:model_container_pt:[212/300]0m 0.003s: Train loss: 0.108737 acc: 0.952381 - Test loss: 0.213163 acc: 0.928571
2020-05-04 03:47:08,787:DEBUG:model_container_pt:[213/300]0m 0.003s: Train loss: 0.108780 acc: 0.952381 - Test loss: 0.213850 acc: 0.928571
2020-05-04 03:47:08,790:DEBUG:model_container_pt:[214/300]0m 0.003s: Train loss: 0.108259 acc: 0.952381 - Test loss: 0.215457 acc: 0.904762
2020-05-04 03:47:08,793:DEBUG:model_container_pt:[215/300]0m 0.003s: Train loss: 0.109055 acc: 0.952381 - Test loss: 0.218251 acc: 0.904762
2020-05-04 03:47:08,796:DEBUG:model_container_pt:[216/300]0m 0.003s: Train loss: 0.107476 acc: 0.952381 - Test loss: 0.221756 acc: 0.928571
2020-05-04 03:47:08,799:DEBUG:model_container_pt:[217/300]0m 0.003s: Train loss: 0.108330 acc: 0.958333 - Test loss: 0.225660 acc: 0.928571
2020-05-04 03:47:08,802:DEBUG:model_container_pt:[218/300]0m 0.003s: Train loss: 0.110416 acc: 0.958333 - Test loss: 0.225924 acc: 0.928571
2020-05-04 03:47:08,806:DEBUG:model_container_pt:[219/300]0m 0.003s: Train loss: 0.109479 acc: 0.958333 - Test loss: 0.219920 acc: 0.928571
2020-05-04 03:47:08,809:DEBUG:model_container_pt:[220/300]0m 0.003s: Train loss: 0.108606 acc: 0.958333 - Test loss: 0.212915 acc: 0.928571
2020-05-04 03:47:08,812:DEBUG:model_container_pt:[221/300]0m 0.003s: Train loss: 0.107077 acc: 0.952381 - Test loss: 0.210203 acc: 0.904762
2020-05-04 03:47:08,815:DEBUG:model_container_pt:[222/300]0m 0.003s: Train loss: 0.107596 acc: 0.952381 - Test loss: 0.210409 acc: 0.904762
2020-05-04 03:47:08,818:DEBUG:model_container_pt:[223/300]0m 0.003s: Train loss: 0.108683 acc: 0.952381 - Test loss: 0.212485 acc: 0.904762
2020-05-04 03:47:08,822:DEBUG:model_container_pt:[224/300]0m 0.003s: Train loss: 0.108595 acc: 0.952381 - Test loss: 0.215702 acc: 0.904762
2020-05-04 03:47:08,825:DEBUG:model_container_pt:[225/300]0m 0.003s: Train loss: 0.107689 acc: 0.958333 - Test loss: 0.219235 acc: 0.904762
2020-05-04 03:47:08,828:DEBUG:model_container_pt:[226/300]0m 0.003s: Train loss: 0.106939 acc: 0.958333 - Test loss: 0.221911 acc: 0.904762
2020-05-04 03:47:08,831:DEBUG:model_container_pt:[227/300]0m 0.003s: Train loss: 0.106394 acc: 0.958333 - Test loss: 0.222990 acc: 0.904762
2020-05-04 03:47:08,835:DEBUG:model_container_pt:[228/300]0m 0.003s: Train loss: 0.106591 acc: 0.964286 - Test loss: 0.222619 acc: 0.904762
2020-05-04 03:47:08,838:DEBUG:model_container_pt:[229/300]0m 0.003s: Train loss: 0.105611 acc: 0.958333 - Test loss: 0.221833 acc: 0.904762
2020-05-04 03:47:08,841:DEBUG:model_container_pt:[230/300]0m 0.003s: Train loss: 0.105570 acc: 0.958333 - Test loss: 0.221587 acc: 0.904762
2020-05-04 03:47:08,844:DEBUG:model_container_pt:[231/300]0m 0.003s: Train loss: 0.105151 acc: 0.958333 - Test loss: 0.220954 acc: 0.904762
2020-05-04 03:47:08,847:DEBUG:model_container_pt:[232/300]0m 0.003s: Train loss: 0.104889 acc: 0.958333 - Test loss: 0.220197 acc: 0.904762
2020-05-04 03:47:08,850:DEBUG:model_container_pt:[233/300]0m 0.003s: Train loss: 0.104374 acc: 0.958333 - Test loss: 0.219896 acc: 0.928571
2020-05-04 03:47:08,853:DEBUG:model_container_pt:[234/300]0m 0.003s: Train loss: 0.106938 acc: 0.946429 - Test loss: 0.218014 acc: 0.928571
2020-05-04 03:47:08,856:DEBUG:model_container_pt:[235/300]0m 0.003s: Train loss: 0.105246 acc: 0.946429 - Test loss: 0.213097 acc: 0.928571
2020-05-04 03:47:08,860:DEBUG:model_container_pt:[236/300]0m 0.003s: Train loss: 0.104921 acc: 0.952381 - Test loss: 0.210275 acc: 0.904762
2020-05-04 03:47:08,862:DEBUG:model_container_pt:[237/300]0m 0.003s: Train loss: 0.104844 acc: 0.952381 - Test loss: 0.209553 acc: 0.904762
2020-05-04 03:47:08,865:DEBUG:model_container_pt:[238/300]0m 0.003s: Train loss: 0.105492 acc: 0.952381 - Test loss: 0.210393 acc: 0.904762
2020-05-04 03:47:08,868:DEBUG:model_container_pt:[239/300]0m 0.003s: Train loss: 0.107499 acc: 0.952381 - Test loss: 0.214286 acc: 0.904762
2020-05-04 03:47:08,871:DEBUG:model_container_pt:[240/300]0m 0.003s: Train loss: 0.108440 acc: 0.952381 - Test loss: 0.219276 acc: 0.904762
2020-05-04 03:47:08,875:DEBUG:model_container_pt:[241/300]0m 0.003s: Train loss: 0.105793 acc: 0.958333 - Test loss: 0.221980 acc: 0.904762
2020-05-04 03:47:08,878:DEBUG:model_container_pt:[242/300]0m 0.003s: Train loss: 0.103583 acc: 0.958333 - Test loss: 0.224440 acc: 0.904762
2020-05-04 03:47:08,881:DEBUG:model_container_pt:[243/300]0m 0.003s: Train loss: 0.103081 acc: 0.964286 - Test loss: 0.225835 acc: 0.904762
2020-05-04 03:47:08,884:DEBUG:model_container_pt:[244/300]0m 0.003s: Train loss: 0.103980 acc: 0.958333 - Test loss: 0.224266 acc: 0.928571
2020-05-04 03:47:08,887:DEBUG:model_container_pt:[245/300]0m 0.003s: Train loss: 0.103803 acc: 0.958333 - Test loss: 0.220088 acc: 0.928571
2020-05-04 03:47:08,890:DEBUG:model_container_pt:[246/300]0m 0.003s: Train loss: 0.104213 acc: 0.946429 - Test loss: 0.215778 acc: 0.928571
2020-05-04 03:47:08,893:DEBUG:model_container_pt:[247/300]0m 0.003s: Train loss: 0.103127 acc: 0.946429 - Test loss: 0.214377 acc: 0.928571
2020-05-04 03:47:08,897:DEBUG:model_container_pt:[248/300]0m 0.003s: Train loss: 0.102825 acc: 0.946429 - Test loss: 0.214391 acc: 0.928571
2020-05-04 03:47:08,900:DEBUG:model_container_pt:[249/300]0m 0.003s: Train loss: 0.102337 acc: 0.952381 - Test loss: 0.215267 acc: 0.904762
2020-05-04 03:47:08,903:DEBUG:model_container_pt:[250/300]0m 0.003s: Train loss: 0.102160 acc: 0.952381 - Test loss: 0.215472 acc: 0.904762
2020-05-04 03:47:08,906:DEBUG:model_container_pt:[251/300]0m 0.003s: Train loss: 0.101842 acc: 0.958333 - Test loss: 0.216855 acc: 0.904762
2020-05-04 03:47:08,910:DEBUG:model_container_pt:[252/300]0m 0.003s: Train loss: 0.101108 acc: 0.958333 - Test loss: 0.215641 acc: 0.904762
2020-05-04 03:47:08,913:DEBUG:model_container_pt:[253/300]0m 0.003s: Train loss: 0.101634 acc: 0.958333 - Test loss: 0.213901 acc: 0.904762
2020-05-04 03:47:08,916:DEBUG:model_container_pt:[254/300]0m 0.003s: Train loss: 0.102009 acc: 0.958333 - Test loss: 0.214396 acc: 0.904762
2020-05-04 03:47:08,919:DEBUG:model_container_pt:[255/300]0m 0.003s: Train loss: 0.101971 acc: 0.958333 - Test loss: 0.216190 acc: 0.904762
2020-05-04 03:47:08,922:DEBUG:model_container_pt:[256/300]0m 0.003s: Train loss: 0.100981 acc: 0.958333 - Test loss: 0.220417 acc: 0.904762
2020-05-04 03:47:08,925:DEBUG:model_container_pt:[257/300]0m 0.003s: Train loss: 0.100773 acc: 0.958333 - Test loss: 0.225248 acc: 0.904762
2020-05-04 03:47:08,928:DEBUG:model_container_pt:[258/300]0m 0.003s: Train loss: 0.100809 acc: 0.964286 - Test loss: 0.227477 acc: 0.904762
2020-05-04 03:47:08,931:DEBUG:model_container_pt:[259/300]0m 0.003s: Train loss: 0.100906 acc: 0.964286 - Test loss: 0.226175 acc: 0.904762
2020-05-04 03:47:08,934:DEBUG:model_container_pt:[260/300]0m 0.003s: Train loss: 0.100609 acc: 0.964286 - Test loss: 0.222301 acc: 0.904762
2020-05-04 03:47:08,937:DEBUG:model_container_pt:[261/300]0m 0.003s: Train loss: 0.099494 acc: 0.958333 - Test loss: 0.219772 acc: 0.904762
2020-05-04 03:47:08,940:DEBUG:model_container_pt:[262/300]0m 0.003s: Train loss: 0.099126 acc: 0.958333 - Test loss: 0.216579 acc: 0.904762
2020-05-04 03:47:08,943:DEBUG:model_container_pt:[263/300]0m 0.003s: Train loss: 0.099124 acc: 0.958333 - Test loss: 0.213047 acc: 0.904762
2020-05-04 03:47:08,946:DEBUG:model_container_pt:[264/300]0m 0.003s: Train loss: 0.099456 acc: 0.958333 - Test loss: 0.211738 acc: 0.904762
2020-05-04 03:47:08,949:DEBUG:model_container_pt:[265/300]0m 0.003s: Train loss: 0.100761 acc: 0.958333 - Test loss: 0.210969 acc: 0.904762
2020-05-04 03:47:08,952:DEBUG:model_container_pt:[266/300]0m 0.003s: Train loss: 0.100647 acc: 0.958333 - Test loss: 0.211040 acc: 0.904762
2020-05-04 03:47:08,955:DEBUG:model_container_pt:[267/300]0m 0.003s: Train loss: 0.099640 acc: 0.958333 - Test loss: 0.211439 acc: 0.904762
2020-05-04 03:47:08,958:DEBUG:model_container_pt:[268/300]0m 0.003s: Train loss: 0.098470 acc: 0.958333 - Test loss: 0.211849 acc: 0.904762
2020-05-04 03:47:08,962:DEBUG:model_container_pt:[269/300]0m 0.003s: Train loss: 0.098658 acc: 0.952381 - Test loss: 0.213546 acc: 0.928571
2020-05-04 03:47:08,965:DEBUG:model_container_pt:[270/300]0m 0.003s: Train loss: 0.098976 acc: 0.946429 - Test loss: 0.216176 acc: 0.928571
2020-05-04 03:47:08,968:DEBUG:model_container_pt:[271/300]0m 0.003s: Train loss: 0.100182 acc: 0.946429 - Test loss: 0.217156 acc: 0.928571
2020-05-04 03:47:08,972:DEBUG:model_container_pt:[272/300]0m 0.003s: Train loss: 0.099268 acc: 0.946429 - Test loss: 0.214943 acc: 0.928571
2020-05-04 03:47:08,975:DEBUG:model_container_pt:[273/300]0m 0.003s: Train loss: 0.097644 acc: 0.952381 - Test loss: 0.212622 acc: 0.904762
2020-05-04 03:47:08,978:DEBUG:model_container_pt:[274/300]0m 0.003s: Train loss: 0.096902 acc: 0.952381 - Test loss: 0.210899 acc: 0.904762
2020-05-04 03:47:08,981:DEBUG:model_container_pt:[275/300]0m 0.003s: Train loss: 0.097842 acc: 0.958333 - Test loss: 0.210109 acc: 0.904762
2020-05-04 03:47:08,984:DEBUG:model_container_pt:[276/300]0m 0.003s: Train loss: 0.099260 acc: 0.958333 - Test loss: 0.211023 acc: 0.904762
2020-05-04 03:47:08,987:DEBUG:model_container_pt:[277/300]0m 0.003s: Train loss: 0.098977 acc: 0.958333 - Test loss: 0.212261 acc: 0.904762
2020-05-04 03:47:08,991:DEBUG:model_container_pt:[278/300]0m 0.003s: Train loss: 0.097089 acc: 0.958333 - Test loss: 0.212682 acc: 0.904762
2020-05-04 03:47:08,994:DEBUG:model_container_pt:[279/300]0m 0.003s: Train loss: 0.096478 acc: 0.958333 - Test loss: 0.213984 acc: 0.904762
2020-05-04 03:47:08,997:DEBUG:model_container_pt:[280/300]0m 0.003s: Train loss: 0.096375 acc: 0.958333 - Test loss: 0.217122 acc: 0.904762
2020-05-04 03:47:09,000:DEBUG:model_container_pt:[281/300]0m 0.003s: Train loss: 0.096262 acc: 0.958333 - Test loss: 0.217280 acc: 0.904762
2020-05-04 03:47:09,003:DEBUG:model_container_pt:[282/300]0m 0.003s: Train loss: 0.095388 acc: 0.958333 - Test loss: 0.214611 acc: 0.904762
2020-05-04 03:47:09,006:DEBUG:model_container_pt:[283/300]0m 0.003s: Train loss: 0.095348 acc: 0.958333 - Test loss: 0.212108 acc: 0.904762
2020-05-04 03:47:09,009:DEBUG:model_container_pt:[284/300]0m 0.003s: Train loss: 0.095877 acc: 0.958333 - Test loss: 0.211260 acc: 0.904762
2020-05-04 03:47:09,012:DEBUG:model_container_pt:[285/300]0m 0.003s: Train loss: 0.095947 acc: 0.958333 - Test loss: 0.211781 acc: 0.904762
2020-05-04 03:47:09,015:DEBUG:model_container_pt:[286/300]0m 0.003s: Train loss: 0.094990 acc: 0.958333 - Test loss: 0.214460 acc: 0.904762
2020-05-04 03:47:09,018:DEBUG:model_container_pt:[287/300]0m 0.003s: Train loss: 0.093945 acc: 0.958333 - Test loss: 0.220278 acc: 0.928571
2020-05-04 03:47:09,021:DEBUG:model_container_pt:[288/300]0m 0.003s: Train loss: 0.096384 acc: 0.958333 - Test loss: 0.225425 acc: 0.928571
2020-05-04 03:47:09,025:DEBUG:model_container_pt:[289/300]0m 0.003s: Train loss: 0.097264 acc: 0.952381 - Test loss: 0.227732 acc: 0.928571
2020-05-04 03:47:09,028:DEBUG:model_container_pt:[290/300]0m 0.003s: Train loss: 0.096743 acc: 0.952381 - Test loss: 0.227030 acc: 0.904762
2020-05-04 03:47:09,031:DEBUG:model_container_pt:[291/300]0m 0.003s: Train loss: 0.096524 acc: 0.964286 - Test loss: 0.225930 acc: 0.904762
2020-05-04 03:47:09,034:DEBUG:model_container_pt:[292/300]0m 0.003s: Train loss: 0.094832 acc: 0.964286 - Test loss: 0.226007 acc: 0.904762
2020-05-04 03:47:09,037:DEBUG:model_container_pt:[293/300]0m 0.003s: Train loss: 0.095140 acc: 0.958333 - Test loss: 0.223868 acc: 0.904762
2020-05-04 03:47:09,040:DEBUG:model_container_pt:[294/300]0m 0.003s: Train loss: 0.094517 acc: 0.958333 - Test loss: 0.220084 acc: 0.904762
2020-05-04 03:47:09,043:DEBUG:model_container_pt:[295/300]0m 0.003s: Train loss: 0.093492 acc: 0.958333 - Test loss: 0.217463 acc: 0.904762
2020-05-04 03:47:09,046:DEBUG:model_container_pt:[296/300]0m 0.003s: Train loss: 0.093692 acc: 0.958333 - Test loss: 0.216068 acc: 0.904762
2020-05-04 03:47:09,049:DEBUG:model_container_pt:[297/300]0m 0.003s: Train loss: 0.092699 acc: 0.958333 - Test loss: 0.214442 acc: 0.904762
2020-05-04 03:47:09,052:DEBUG:model_container_pt:[298/300]0m 0.003s: Train loss: 0.092576 acc: 0.958333 - Test loss: 0.212327 acc: 0.904762
2020-05-04 03:47:09,055:DEBUG:model_container_pt:[299/300]0m 0.003s: Train loss: 0.093612 acc: 0.958333 - Test loss: 0.210358 acc: 0.904762
2020-05-04 03:47:09,058:DEBUG:model_container_pt:[300/300]0m 0.003s: Train loss: 0.094719 acc: 0.958333 - Test loss: 0.211794 acc: 0.904762
2020-05-04 03:47:09,059:INFO:model_container_pt:Time to complete training: 0m 0.971s
2020-05-04 03:47:09,059:DEBUG:detector_container:Time to complete [Train binary]: 0m 0.971s
2020-05-04 03:47:09,059:DEBUG:feature_squeezing:Start training normal squeezing model...
2020-05-04 03:47:09,062:DEBUG:model_container_pt:[1/300]0m 0.003s: Train loss: 91.231858 acc: 0.238095 - Test loss: 3.643625 acc: 0.404762
2020-05-04 03:47:09,065:DEBUG:model_container_pt:[2/300]0m 0.003s: Train loss: 4.372810 acc: 0.309524 - Test loss: 4.747670 acc: 0.261905
2020-05-04 03:47:09,068:DEBUG:model_container_pt:[3/300]0m 0.003s: Train loss: 3.474336 acc: 0.339286 - Test loss: 1.662257 acc: 0.333333
2020-05-04 03:47:09,070:DEBUG:model_container_pt:[4/300]0m 0.003s: Train loss: 1.487307 acc: 0.333333 - Test loss: 1.273931 acc: 0.333333
2020-05-04 03:47:09,073:DEBUG:model_container_pt:[5/300]0m 0.003s: Train loss: 1.199177 acc: 0.333333 - Test loss: 1.155122 acc: 0.333333
2020-05-04 03:47:09,076:DEBUG:model_container_pt:[6/300]0m 0.003s: Train loss: 1.113885 acc: 0.321429 - Test loss: 1.113184 acc: 0.261905
2020-05-04 03:47:09,079:DEBUG:model_container_pt:[7/300]0m 0.003s: Train loss: 1.099946 acc: 0.339286 - Test loss: 1.109746 acc: 0.404762
2020-05-04 03:47:09,082:DEBUG:model_container_pt:[8/300]0m 0.003s: Train loss: 1.124234 acc: 0.315476 - Test loss: 1.113272 acc: 0.404762
2020-05-04 03:47:09,085:DEBUG:model_container_pt:[9/300]0m 0.003s: Train loss: 1.131086 acc: 0.315476 - Test loss: 1.102110 acc: 0.404762
2020-05-04 03:47:09,088:DEBUG:model_container_pt:[10/300]0m 0.003s: Train loss: 1.107371 acc: 0.279762 - Test loss: 1.115476 acc: 0.261905
2020-05-04 03:47:09,091:DEBUG:model_container_pt:[11/300]0m 0.003s: Train loss: 1.101696 acc: 0.309524 - Test loss: 1.128015 acc: 0.333333
2020-05-04 03:47:09,094:DEBUG:model_container_pt:[12/300]0m 0.003s: Train loss: 1.106501 acc: 0.333333 - Test loss: 1.128776 acc: 0.333333
2020-05-04 03:47:09,097:DEBUG:model_container_pt:[13/300]0m 0.003s: Train loss: 1.108513 acc: 0.333333 - Test loss: 1.116547 acc: 0.333333
2020-05-04 03:47:09,100:DEBUG:model_container_pt:[14/300]0m 0.003s: Train loss: 1.106136 acc: 0.333333 - Test loss: 1.102199 acc: 0.333333
2020-05-04 03:47:09,103:DEBUG:model_container_pt:[15/300]0m 0.003s: Train loss: 1.101316 acc: 0.333333 - Test loss: 1.098673 acc: 0.333333
2020-05-04 03:47:09,105:DEBUG:model_container_pt:[16/300]0m 0.003s: Train loss: 1.100265 acc: 0.309524 - Test loss: 1.106143 acc: 0.261905
2020-05-04 03:47:09,108:DEBUG:model_container_pt:[17/300]0m 0.003s: Train loss: 1.098817 acc: 0.351190 - Test loss: 1.128781 acc: 0.261905
2020-05-04 03:47:09,111:DEBUG:model_container_pt:[18/300]0m 0.003s: Train loss: 1.102923 acc: 0.351190 - Test loss: 1.124823 acc: 0.261905
2020-05-04 03:47:09,114:DEBUG:model_container_pt:[19/300]0m 0.003s: Train loss: 1.104499 acc: 0.351190 - Test loss: 1.115024 acc: 0.261905
2020-05-04 03:47:09,117:DEBUG:model_container_pt:[20/300]0m 0.003s: Train loss: 1.101024 acc: 0.351190 - Test loss: 1.117493 acc: 0.261905
2020-05-04 03:47:09,120:DEBUG:model_container_pt:[21/300]0m 0.003s: Train loss: 1.099614 acc: 0.351190 - Test loss: 1.114017 acc: 0.261905
2020-05-04 03:47:09,123:DEBUG:model_container_pt:[22/300]0m 0.003s: Train loss: 1.098527 acc: 0.351190 - Test loss: 1.104020 acc: 0.261905
2020-05-04 03:47:09,125:DEBUG:model_container_pt:[23/300]0m 0.003s: Train loss: 1.097778 acc: 0.351190 - Test loss: 1.097395 acc: 0.404762
2020-05-04 03:47:09,128:DEBUG:model_container_pt:[24/300]0m 0.003s: Train loss: 1.101648 acc: 0.291667 - Test loss: 1.098037 acc: 0.404762
2020-05-04 03:47:09,132:DEBUG:model_container_pt:[25/300]0m 0.003s: Train loss: 1.106340 acc: 0.315476 - Test loss: 1.106024 acc: 0.261905
2020-05-04 03:47:09,134:DEBUG:model_container_pt:[26/300]0m 0.003s: Train loss: 1.107627 acc: 0.351190 - Test loss: 1.119068 acc: 0.261905
2020-05-04 03:47:09,137:DEBUG:model_container_pt:[27/300]0m 0.003s: Train loss: 1.096901 acc: 0.351190 - Test loss: 1.096084 acc: 0.333333
2020-05-04 03:47:09,140:DEBUG:model_container_pt:[28/300]0m 0.003s: Train loss: 1.101904 acc: 0.297619 - Test loss: 1.093495 acc: 0.333333
2020-05-04 03:47:09,143:DEBUG:model_container_pt:[29/300]0m 0.003s: Train loss: 1.104954 acc: 0.333333 - Test loss: 1.123717 acc: 0.333333
2020-05-04 03:47:09,146:DEBUG:model_container_pt:[30/300]0m 0.003s: Train loss: 1.107204 acc: 0.333333 - Test loss: 1.154872 acc: 0.333333
2020-05-04 03:47:09,148:DEBUG:model_container_pt:[31/300]0m 0.003s: Train loss: 1.114544 acc: 0.333333 - Test loss: 1.130355 acc: 0.333333
2020-05-04 03:47:09,151:DEBUG:model_container_pt:[32/300]0m 0.003s: Train loss: 1.102811 acc: 0.333333 - Test loss: 1.096708 acc: 0.333333
2020-05-04 03:47:09,154:DEBUG:model_container_pt:[33/300]0m 0.003s: Train loss: 1.103390 acc: 0.303571 - Test loss: 1.092028 acc: 0.404762
2020-05-04 03:47:09,157:DEBUG:model_container_pt:[34/300]0m 0.003s: Train loss: 1.101232 acc: 0.321429 - Test loss: 1.118164 acc: 0.261905
2020-05-04 03:47:09,160:DEBUG:model_container_pt:[35/300]0m 0.003s: Train loss: 1.100664 acc: 0.351190 - Test loss: 1.143654 acc: 0.261905
2020-05-04 03:47:09,163:DEBUG:model_container_pt:[36/300]0m 0.003s: Train loss: 1.106265 acc: 0.351190 - Test loss: 1.125665 acc: 0.261905
2020-05-04 03:47:09,166:DEBUG:model_container_pt:[37/300]0m 0.003s: Train loss: 1.100059 acc: 0.351190 - Test loss: 1.102832 acc: 0.261905
2020-05-04 03:47:09,169:DEBUG:model_container_pt:[38/300]0m 0.003s: Train loss: 1.101350 acc: 0.327381 - Test loss: 1.095181 acc: 0.404762
2020-05-04 03:47:09,172:DEBUG:model_container_pt:[39/300]0m 0.003s: Train loss: 1.099864 acc: 0.303571 - Test loss: 1.111683 acc: 0.261905
2020-05-04 03:47:09,175:DEBUG:model_container_pt:[40/300]0m 0.003s: Train loss: 1.100836 acc: 0.351190 - Test loss: 1.125321 acc: 0.261905
2020-05-04 03:47:09,178:DEBUG:model_container_pt:[41/300]0m 0.003s: Train loss: 1.100133 acc: 0.351190 - Test loss: 1.106830 acc: 0.261905
2020-05-04 03:47:09,181:DEBUG:model_container_pt:[42/300]0m 0.003s: Train loss: 1.102031 acc: 0.303571 - Test loss: 1.097972 acc: 0.404762
2020-05-04 03:47:09,184:DEBUG:model_container_pt:[43/300]0m 0.003s: Train loss: 1.105306 acc: 0.261905 - Test loss: 1.101516 acc: 0.261905
2020-05-04 03:47:09,186:DEBUG:model_container_pt:[44/300]0m 0.003s: Train loss: 1.098689 acc: 0.363095 - Test loss: 1.094093 acc: 0.404762
2020-05-04 03:47:09,189:DEBUG:model_container_pt:[45/300]0m 0.003s: Train loss: 1.103044 acc: 0.315476 - Test loss: 1.098398 acc: 0.404762
2020-05-04 03:47:09,193:DEBUG:model_container_pt:[46/300]0m 0.003s: Train loss: 1.100303 acc: 0.303571 - Test loss: 1.115053 acc: 0.261905
2020-05-04 03:47:09,195:DEBUG:model_container_pt:[47/300]0m 0.003s: Train loss: 1.098962 acc: 0.351190 - Test loss: 1.128898 acc: 0.261905
2020-05-04 03:47:09,198:DEBUG:model_container_pt:[48/300]0m 0.003s: Train loss: 1.107578 acc: 0.351190 - Test loss: 1.130190 acc: 0.261905
2020-05-04 03:47:09,201:DEBUG:model_container_pt:[49/300]0m 0.003s: Train loss: 1.103675 acc: 0.345238 - Test loss: 1.100439 acc: 0.333333
2020-05-04 03:47:09,204:DEBUG:model_container_pt:[50/300]0m 0.003s: Train loss: 1.100204 acc: 0.309524 - Test loss: 1.093663 acc: 0.404762
2020-05-04 03:47:09,207:DEBUG:model_container_pt:[51/300]0m 0.003s: Train loss: 1.101254 acc: 0.315476 - Test loss: 1.101008 acc: 0.333333
2020-05-04 03:47:09,210:DEBUG:model_container_pt:[52/300]0m 0.003s: Train loss: 1.098511 acc: 0.333333 - Test loss: 1.111980 acc: 0.261905
2020-05-04 03:47:09,213:DEBUG:model_container_pt:[53/300]0m 0.003s: Train loss: 1.100012 acc: 0.351190 - Test loss: 1.112403 acc: 0.261905
2020-05-04 03:47:09,216:DEBUG:model_container_pt:[54/300]0m 0.003s: Train loss: 1.098615 acc: 0.297619 - Test loss: 1.099383 acc: 0.333333
2020-05-04 03:47:09,218:DEBUG:model_container_pt:[55/300]0m 0.003s: Train loss: 1.100717 acc: 0.291667 - Test loss: 1.097106 acc: 0.404762
2020-05-04 03:47:09,221:DEBUG:model_container_pt:[56/300]0m 0.003s: Train loss: 1.098879 acc: 0.345238 - Test loss: 1.111009 acc: 0.261905
2020-05-04 03:47:09,224:DEBUG:model_container_pt:[57/300]0m 0.003s: Train loss: 1.097417 acc: 0.351190 - Test loss: 1.133097 acc: 0.261905
2020-05-04 03:47:09,227:DEBUG:model_container_pt:[58/300]0m 0.003s: Train loss: 1.102617 acc: 0.351190 - Test loss: 1.145722 acc: 0.261905
2020-05-04 03:47:09,230:DEBUG:model_container_pt:[59/300]0m 0.003s: Train loss: 1.107679 acc: 0.351190 - Test loss: 1.147639 acc: 0.261905
2020-05-04 03:47:09,233:DEBUG:model_container_pt:[60/300]0m 0.003s: Train loss: 1.108979 acc: 0.351190 - Test loss: 1.128300 acc: 0.261905
2020-05-04 03:47:09,236:DEBUG:model_container_pt:[61/300]0m 0.003s: Train loss: 1.101645 acc: 0.321429 - Test loss: 1.102689 acc: 0.333333
2020-05-04 03:47:09,239:DEBUG:model_container_pt:[62/300]0m 0.003s: Train loss: 1.097707 acc: 0.345238 - Test loss: 1.092831 acc: 0.404762
2020-05-04 03:47:09,242:DEBUG:model_container_pt:[63/300]0m 0.003s: Train loss: 1.103986 acc: 0.315476 - Test loss: 1.098648 acc: 0.404762
2020-05-04 03:47:09,245:DEBUG:model_container_pt:[64/300]0m 0.003s: Train loss: 1.100376 acc: 0.333333 - Test loss: 1.123531 acc: 0.261905
2020-05-04 03:47:09,248:DEBUG:model_container_pt:[65/300]0m 0.003s: Train loss: 1.100848 acc: 0.351190 - Test loss: 1.143790 acc: 0.261905
2020-05-04 03:47:09,251:DEBUG:model_container_pt:[66/300]0m 0.003s: Train loss: 1.106193 acc: 0.351190 - Test loss: 1.137698 acc: 0.261905
2020-05-04 03:47:09,254:DEBUG:model_container_pt:[67/300]0m 0.003s: Train loss: 1.103240 acc: 0.351190 - Test loss: 1.115286 acc: 0.261905
2020-05-04 03:47:09,257:DEBUG:model_container_pt:[68/300]0m 0.003s: Train loss: 1.103279 acc: 0.285714 - Test loss: 1.103126 acc: 0.333333
2020-05-04 03:47:09,260:DEBUG:model_container_pt:[69/300]0m 0.003s: Train loss: 1.098425 acc: 0.333333 - Test loss: 1.107942 acc: 0.261905
2020-05-04 03:47:09,263:DEBUG:model_container_pt:[70/300]0m 0.003s: Train loss: 1.098002 acc: 0.351190 - Test loss: 1.112724 acc: 0.261905
2020-05-04 03:47:09,266:DEBUG:model_container_pt:[71/300]0m 0.003s: Train loss: 1.099491 acc: 0.351190 - Test loss: 1.111856 acc: 0.261905
2020-05-04 03:47:09,269:DEBUG:model_container_pt:[72/300]0m 0.003s: Train loss: 1.098933 acc: 0.351190 - Test loss: 1.113058 acc: 0.261905
2020-05-04 03:47:09,272:DEBUG:model_container_pt:[73/300]0m 0.003s: Train loss: 1.098731 acc: 0.351190 - Test loss: 1.117120 acc: 0.261905
2020-05-04 03:47:09,274:DEBUG:model_container_pt:[74/300]0m 0.003s: Train loss: 1.098681 acc: 0.351190 - Test loss: 1.111902 acc: 0.261905
2020-05-04 03:47:09,277:DEBUG:model_container_pt:[75/300]0m 0.003s: Train loss: 1.100439 acc: 0.315476 - Test loss: 1.100936 acc: 0.333333
2020-05-04 03:47:09,280:DEBUG:model_container_pt:[76/300]0m 0.003s: Train loss: 1.102306 acc: 0.285714 - Test loss: 1.091063 acc: 0.404762
2020-05-04 03:47:09,283:DEBUG:model_container_pt:[77/300]0m 0.003s: Train loss: 1.102361 acc: 0.315476 - Test loss: 1.095691 acc: 0.404762
2020-05-04 03:47:09,287:DEBUG:model_container_pt:[78/300]0m 0.003s: Train loss: 1.099208 acc: 0.315476 - Test loss: 1.106446 acc: 0.261905
2020-05-04 03:47:09,289:DEBUG:model_container_pt:[79/300]0m 0.003s: Train loss: 1.101920 acc: 0.351190 - Test loss: 1.113904 acc: 0.261905
2020-05-04 03:47:09,292:DEBUG:model_container_pt:[80/300]0m 0.003s: Train loss: 1.098334 acc: 0.351190 - Test loss: 1.105525 acc: 0.261905
2020-05-04 03:47:09,295:DEBUG:model_container_pt:[81/300]0m 0.003s: Train loss: 1.097881 acc: 0.351190 - Test loss: 1.099343 acc: 0.261905
2020-05-04 03:47:09,298:DEBUG:model_container_pt:[82/300]0m 0.003s: Train loss: 1.099332 acc: 0.333333 - Test loss: 1.095855 acc: 0.404762
2020-05-04 03:47:09,301:DEBUG:model_container_pt:[83/300]0m 0.003s: Train loss: 1.099867 acc: 0.309524 - Test loss: 1.100296 acc: 0.333333
2020-05-04 03:47:09,304:DEBUG:model_container_pt:[84/300]0m 0.003s: Train loss: 1.099812 acc: 0.333333 - Test loss: 1.102958 acc: 0.333333
2020-05-04 03:47:09,307:DEBUG:model_container_pt:[85/300]0m 0.003s: Train loss: 1.098770 acc: 0.333333 - Test loss: 1.100323 acc: 0.333333
2020-05-04 03:47:09,310:DEBUG:model_container_pt:[86/300]0m 0.003s: Train loss: 1.099137 acc: 0.333333 - Test loss: 1.099113 acc: 0.333333
2020-05-04 03:47:09,313:DEBUG:model_container_pt:[87/300]0m 0.003s: Train loss: 1.099014 acc: 0.333333 - Test loss: 1.099430 acc: 0.333333
2020-05-04 03:47:09,316:DEBUG:model_container_pt:[88/300]0m 0.003s: Train loss: 1.098266 acc: 0.345238 - Test loss: 1.104120 acc: 0.261905
2020-05-04 03:47:09,319:DEBUG:model_container_pt:[89/300]0m 0.003s: Train loss: 1.098187 acc: 0.351190 - Test loss: 1.114576 acc: 0.261905
2020-05-04 03:47:09,322:DEBUG:model_container_pt:[90/300]0m 0.003s: Train loss: 1.098748 acc: 0.351190 - Test loss: 1.121887 acc: 0.261905
2020-05-04 03:47:09,325:DEBUG:model_container_pt:[91/300]0m 0.003s: Train loss: 1.103436 acc: 0.351190 - Test loss: 1.121776 acc: 0.261905
2020-05-04 03:47:09,327:DEBUG:model_container_pt:[92/300]0m 0.003s: Train loss: 1.101577 acc: 0.351190 - Test loss: 1.107776 acc: 0.261905
2020-05-04 03:47:09,330:DEBUG:model_container_pt:[93/300]0m 0.003s: Train loss: 1.099098 acc: 0.351190 - Test loss: 1.098538 acc: 0.404762
2020-05-04 03:47:09,333:DEBUG:model_container_pt:[94/300]0m 0.003s: Train loss: 1.098799 acc: 0.315476 - Test loss: 1.098787 acc: 0.333333
2020-05-04 03:47:09,336:DEBUG:model_container_pt:[95/300]0m 0.003s: Train loss: 1.101906 acc: 0.333333 - Test loss: 1.103930 acc: 0.333333
2020-05-04 03:47:09,339:DEBUG:model_container_pt:[96/300]0m 0.003s: Train loss: 1.102007 acc: 0.333333 - Test loss: 1.104786 acc: 0.333333
2020-05-04 03:47:09,342:DEBUG:model_container_pt:[97/300]0m 0.003s: Train loss: 1.101992 acc: 0.333333 - Test loss: 1.110016 acc: 0.333333
2020-05-04 03:47:09,345:DEBUG:model_container_pt:[98/300]0m 0.003s: Train loss: 1.100736 acc: 0.333333 - Test loss: 1.107506 acc: 0.333333
2020-05-04 03:47:09,348:DEBUG:model_container_pt:[99/300]0m 0.003s: Train loss: 1.097863 acc: 0.339286 - Test loss: 1.099317 acc: 0.261905
2020-05-04 03:47:09,351:DEBUG:model_container_pt:[100/300]0m 0.003s: Train loss: 1.098899 acc: 0.327381 - Test loss: 1.097074 acc: 0.404762
2020-05-04 03:47:09,354:DEBUG:model_container_pt:[101/300]0m 0.003s: Train loss: 1.105793 acc: 0.315476 - Test loss: 1.104954 acc: 0.261905
2020-05-04 03:47:09,357:DEBUG:model_container_pt:[102/300]0m 0.003s: Train loss: 1.103010 acc: 0.351190 - Test loss: 1.122355 acc: 0.261905
2020-05-04 03:47:09,360:DEBUG:model_container_pt:[103/300]0m 0.003s: Train loss: 1.101953 acc: 0.351190 - Test loss: 1.140490 acc: 0.261905
2020-05-04 03:47:09,363:DEBUG:model_container_pt:[104/300]0m 0.003s: Train loss: 1.104623 acc: 0.351190 - Test loss: 1.141625 acc: 0.261905
2020-05-04 03:47:09,366:DEBUG:model_container_pt:[105/300]0m 0.003s: Train loss: 1.106283 acc: 0.351190 - Test loss: 1.124009 acc: 0.261905
2020-05-04 03:47:09,369:DEBUG:model_container_pt:[106/300]0m 0.003s: Train loss: 1.099299 acc: 0.351190 - Test loss: 1.098889 acc: 0.285714
2020-05-04 03:47:09,371:DEBUG:model_container_pt:[107/300]0m 0.003s: Train loss: 1.097914 acc: 0.279762 - Test loss: 1.088806 acc: 0.404762
2020-05-04 03:47:09,375:DEBUG:model_container_pt:[108/300]0m 0.003s: Train loss: 1.108216 acc: 0.315476 - Test loss: 1.086638 acc: 0.404762
2020-05-04 03:47:09,378:DEBUG:model_container_pt:[109/300]0m 0.003s: Train loss: 1.109347 acc: 0.315476 - Test loss: 1.092925 acc: 0.404762
2020-05-04 03:47:09,381:DEBUG:model_container_pt:[110/300]0m 0.003s: Train loss: 1.099839 acc: 0.386905 - Test loss: 1.107865 acc: 0.333333
2020-05-04 03:47:09,384:DEBUG:model_container_pt:[111/300]0m 0.003s: Train loss: 1.098270 acc: 0.333333 - Test loss: 1.134722 acc: 0.333333
2020-05-04 03:47:09,386:DEBUG:model_container_pt:[112/300]0m 0.003s: Train loss: 1.109961 acc: 0.333333 - Test loss: 1.148371 acc: 0.333333
2020-05-04 03:47:09,390:DEBUG:model_container_pt:[113/300]0m 0.003s: Train loss: 1.112352 acc: 0.333333 - Test loss: 1.139367 acc: 0.261905
2020-05-04 03:47:09,392:DEBUG:model_container_pt:[114/300]0m 0.003s: Train loss: 1.106194 acc: 0.351190 - Test loss: 1.127975 acc: 0.261905
2020-05-04 03:47:09,395:DEBUG:model_container_pt:[115/300]0m 0.003s: Train loss: 1.100674 acc: 0.351190 - Test loss: 1.111246 acc: 0.261905
2020-05-04 03:47:09,398:DEBUG:model_container_pt:[116/300]0m 0.003s: Train loss: 1.099349 acc: 0.351190 - Test loss: 1.099637 acc: 0.404762
2020-05-04 03:47:09,401:DEBUG:model_container_pt:[117/300]0m 0.003s: Train loss: 1.100007 acc: 0.315476 - Test loss: 1.095981 acc: 0.404762
2020-05-04 03:47:09,404:DEBUG:model_container_pt:[118/300]0m 0.003s: Train loss: 1.100989 acc: 0.315476 - Test loss: 1.098184 acc: 0.404762
2020-05-04 03:47:09,408:DEBUG:model_container_pt:[119/300]0m 0.003s: Train loss: 1.098837 acc: 0.315476 - Test loss: 1.108176 acc: 0.333333
2020-05-04 03:47:09,410:DEBUG:model_container_pt:[120/300]0m 0.003s: Train loss: 1.099770 acc: 0.339286 - Test loss: 1.114505 acc: 0.333333
2020-05-04 03:47:09,413:DEBUG:model_container_pt:[121/300]0m 0.003s: Train loss: 1.098953 acc: 0.345238 - Test loss: 1.112491 acc: 0.261905
2020-05-04 03:47:09,416:DEBUG:model_container_pt:[122/300]0m 0.003s: Train loss: 1.098750 acc: 0.351190 - Test loss: 1.111956 acc: 0.261905
2020-05-04 03:47:09,419:DEBUG:model_container_pt:[123/300]0m 0.003s: Train loss: 1.098210 acc: 0.351190 - Test loss: 1.116857 acc: 0.261905
2020-05-04 03:47:09,421:DEBUG:model_container_pt:[124/300]0m 0.003s: Train loss: 1.099474 acc: 0.351190 - Test loss: 1.119961 acc: 0.261905
2020-05-04 03:47:09,424:DEBUG:model_container_pt:[125/300]0m 0.003s: Train loss: 1.099116 acc: 0.351190 - Test loss: 1.115941 acc: 0.261905
2020-05-04 03:47:09,427:DEBUG:model_container_pt:[126/300]0m 0.003s: Train loss: 1.098941 acc: 0.351190 - Test loss: 1.111433 acc: 0.261905
2020-05-04 03:47:09,430:DEBUG:model_container_pt:[127/300]0m 0.003s: Train loss: 1.098809 acc: 0.351190 - Test loss: 1.111118 acc: 0.261905
2020-05-04 03:47:09,433:DEBUG:model_container_pt:[128/300]0m 0.003s: Train loss: 1.098034 acc: 0.351190 - Test loss: 1.111794 acc: 0.261905
2020-05-04 03:47:09,436:DEBUG:model_container_pt:[129/300]0m 0.003s: Train loss: 1.099423 acc: 0.351190 - Test loss: 1.105444 acc: 0.261905
2020-05-04 03:47:09,439:DEBUG:model_container_pt:[130/300]0m 0.003s: Train loss: 1.099272 acc: 0.333333 - Test loss: 1.096842 acc: 0.404762
2020-05-04 03:47:09,442:DEBUG:model_container_pt:[131/300]0m 0.003s: Train loss: 1.104139 acc: 0.315476 - Test loss: 1.095943 acc: 0.404762
2020-05-04 03:47:09,445:DEBUG:model_container_pt:[132/300]0m 0.003s: Train loss: 1.102756 acc: 0.315476 - Test loss: 1.102164 acc: 0.261905
2020-05-04 03:47:09,448:DEBUG:model_container_pt:[133/300]0m 0.003s: Train loss: 1.101277 acc: 0.351190 - Test loss: 1.108856 acc: 0.261905
2020-05-04 03:47:09,451:DEBUG:model_container_pt:[134/300]0m 0.003s: Train loss: 1.098263 acc: 0.351190 - Test loss: 1.109542 acc: 0.261905
2020-05-04 03:47:09,454:DEBUG:model_container_pt:[135/300]0m 0.003s: Train loss: 1.098355 acc: 0.351190 - Test loss: 1.109260 acc: 0.261905
2020-05-04 03:47:09,457:DEBUG:model_container_pt:[136/300]0m 0.003s: Train loss: 1.097575 acc: 0.351190 - Test loss: 1.104321 acc: 0.261905
2020-05-04 03:47:09,459:DEBUG:model_container_pt:[137/300]0m 0.003s: Train loss: 1.099776 acc: 0.351190 - Test loss: 1.099785 acc: 0.404762
2020-05-04 03:47:09,463:DEBUG:model_container_pt:[138/300]0m 0.003s: Train loss: 1.100989 acc: 0.315476 - Test loss: 1.100113 acc: 0.261905
2020-05-04 03:47:09,465:DEBUG:model_container_pt:[139/300]0m 0.003s: Train loss: 1.099272 acc: 0.351190 - Test loss: 1.103939 acc: 0.261905
2020-05-04 03:47:09,468:DEBUG:model_container_pt:[140/300]0m 0.003s: Train loss: 1.098283 acc: 0.351190 - Test loss: 1.109820 acc: 0.261905
2020-05-04 03:47:09,471:DEBUG:model_container_pt:[141/300]0m 0.003s: Train loss: 1.099622 acc: 0.351190 - Test loss: 1.111615 acc: 0.261905
2020-05-04 03:47:09,474:DEBUG:model_container_pt:[142/300]0m 0.003s: Train loss: 1.097731 acc: 0.351190 - Test loss: 1.106074 acc: 0.261905
2020-05-04 03:47:09,477:DEBUG:model_container_pt:[143/300]0m 0.003s: Train loss: 1.099065 acc: 0.351190 - Test loss: 1.103875 acc: 0.261905
2020-05-04 03:47:09,480:DEBUG:model_container_pt:[144/300]0m 0.003s: Train loss: 1.098655 acc: 0.351190 - Test loss: 1.107307 acc: 0.261905
2020-05-04 03:47:09,482:DEBUG:model_container_pt:[145/300]0m 0.003s: Train loss: 1.099041 acc: 0.351190 - Test loss: 1.110102 acc: 0.261905
2020-05-04 03:47:09,485:DEBUG:model_container_pt:[146/300]0m 0.003s: Train loss: 1.098802 acc: 0.351190 - Test loss: 1.113532 acc: 0.261905
2020-05-04 03:47:09,488:DEBUG:model_container_pt:[147/300]0m 0.003s: Train loss: 1.099419 acc: 0.351190 - Test loss: 1.120732 acc: 0.261905
2020-05-04 03:47:09,491:DEBUG:model_container_pt:[148/300]0m 0.003s: Train loss: 1.099610 acc: 0.351190 - Test loss: 1.121276 acc: 0.261905
2020-05-04 03:47:09,494:DEBUG:model_container_pt:[149/300]0m 0.003s: Train loss: 1.099619 acc: 0.351190 - Test loss: 1.114596 acc: 0.261905
2020-05-04 03:47:09,497:DEBUG:model_container_pt:[150/300]0m 0.003s: Train loss: 1.100941 acc: 0.351190 - Test loss: 1.108976 acc: 0.261905
2020-05-04 03:47:09,499:DEBUG:model_container_pt:[151/300]0m 0.003s: Train loss: 1.097970 acc: 0.351190 - Test loss: 1.111014 acc: 0.261905
2020-05-04 03:47:09,502:DEBUG:model_container_pt:[152/300]0m 0.003s: Train loss: 1.098251 acc: 0.351190 - Test loss: 1.112045 acc: 0.261905
2020-05-04 03:47:09,505:DEBUG:model_container_pt:[153/300]0m 0.003s: Train loss: 1.098048 acc: 0.351190 - Test loss: 1.109422 acc: 0.261905
2020-05-04 03:47:09,508:DEBUG:model_container_pt:[154/300]0m 0.003s: Train loss: 1.098209 acc: 0.339286 - Test loss: 1.103951 acc: 0.333333
2020-05-04 03:47:09,511:DEBUG:model_container_pt:[155/300]0m 0.003s: Train loss: 1.100048 acc: 0.333333 - Test loss: 1.099710 acc: 0.333333
2020-05-04 03:47:09,514:DEBUG:model_container_pt:[156/300]0m 0.003s: Train loss: 1.098600 acc: 0.333333 - Test loss: 1.102576 acc: 0.333333
2020-05-04 03:47:09,517:DEBUG:model_container_pt:[157/300]0m 0.003s: Train loss: 1.098241 acc: 0.333333 - Test loss: 1.107793 acc: 0.261905
2020-05-04 03:47:09,519:DEBUG:model_container_pt:[158/300]0m 0.003s: Train loss: 1.098745 acc: 0.351190 - Test loss: 1.114909 acc: 0.261905
2020-05-04 03:47:09,522:DEBUG:model_container_pt:[159/300]0m 0.003s: Train loss: 1.098709 acc: 0.351190 - Test loss: 1.115010 acc: 0.261905
2020-05-04 03:47:09,525:DEBUG:model_container_pt:[160/300]0m 0.003s: Train loss: 1.098899 acc: 0.351190 - Test loss: 1.110872 acc: 0.261905
2020-05-04 03:47:09,528:DEBUG:model_container_pt:[161/300]0m 0.003s: Train loss: 1.100878 acc: 0.351190 - Test loss: 1.107715 acc: 0.261905
2020-05-04 03:47:09,531:DEBUG:model_container_pt:[162/300]0m 0.003s: Train loss: 1.100400 acc: 0.351190 - Test loss: 1.108710 acc: 0.261905
2020-05-04 03:47:09,534:DEBUG:model_container_pt:[163/300]0m 0.003s: Train loss: 1.099623 acc: 0.351190 - Test loss: 1.109043 acc: 0.261905
2020-05-04 03:47:09,536:DEBUG:model_container_pt:[164/300]0m 0.003s: Train loss: 1.098229 acc: 0.351190 - Test loss: 1.103893 acc: 0.261905
2020-05-04 03:47:09,539:DEBUG:model_container_pt:[165/300]0m 0.003s: Train loss: 1.098385 acc: 0.351190 - Test loss: 1.098461 acc: 0.404762
2020-05-04 03:47:09,543:DEBUG:model_container_pt:[166/300]0m 0.003s: Train loss: 1.100743 acc: 0.315476 - Test loss: 1.100229 acc: 0.261905
2020-05-04 03:47:09,546:DEBUG:model_container_pt:[167/300]0m 0.003s: Train loss: 1.098463 acc: 0.351190 - Test loss: 1.109822 acc: 0.261905
2020-05-04 03:47:09,549:DEBUG:model_container_pt:[168/300]0m 0.003s: Train loss: 1.098739 acc: 0.351190 - Test loss: 1.115954 acc: 0.261905
2020-05-04 03:47:09,551:DEBUG:model_container_pt:[169/300]0m 0.003s: Train loss: 1.098897 acc: 0.351190 - Test loss: 1.113673 acc: 0.261905
2020-05-04 03:47:09,554:DEBUG:model_container_pt:[170/300]0m 0.003s: Train loss: 1.098850 acc: 0.351190 - Test loss: 1.107873 acc: 0.261905
2020-05-04 03:47:09,557:DEBUG:model_container_pt:[171/300]0m 0.003s: Train loss: 1.097802 acc: 0.351190 - Test loss: 1.104851 acc: 0.261905
2020-05-04 03:47:09,560:DEBUG:model_container_pt:[172/300]0m 0.003s: Train loss: 1.099272 acc: 0.351190 - Test loss: 1.102881 acc: 0.261905
2020-05-04 03:47:09,563:DEBUG:model_container_pt:[173/300]0m 0.003s: Train loss: 1.098762 acc: 0.351190 - Test loss: 1.105844 acc: 0.261905
2020-05-04 03:47:09,566:DEBUG:model_container_pt:[174/300]0m 0.003s: Train loss: 1.098028 acc: 0.351190 - Test loss: 1.112289 acc: 0.261905
2020-05-04 03:47:09,568:DEBUG:model_container_pt:[175/300]0m 0.003s: Train loss: 1.097974 acc: 0.351190 - Test loss: 1.119196 acc: 0.261905
2020-05-04 03:47:09,571:DEBUG:model_container_pt:[176/300]0m 0.003s: Train loss: 1.099694 acc: 0.351190 - Test loss: 1.120578 acc: 0.261905
2020-05-04 03:47:09,574:DEBUG:model_container_pt:[177/300]0m 0.003s: Train loss: 1.099087 acc: 0.351190 - Test loss: 1.114624 acc: 0.261905
2020-05-04 03:47:09,577:DEBUG:model_container_pt:[178/300]0m 0.003s: Train loss: 1.097751 acc: 0.351190 - Test loss: 1.106091 acc: 0.261905
2020-05-04 03:47:09,580:DEBUG:model_container_pt:[179/300]0m 0.003s: Train loss: 1.098134 acc: 0.351190 - Test loss: 1.097544 acc: 0.404762
2020-05-04 03:47:09,583:DEBUG:model_container_pt:[180/300]0m 0.003s: Train loss: 1.101722 acc: 0.315476 - Test loss: 1.094311 acc: 0.404762
2020-05-04 03:47:09,586:DEBUG:model_container_pt:[181/300]0m 0.003s: Train loss: 1.106749 acc: 0.315476 - Test loss: 1.095753 acc: 0.404762
2020-05-04 03:47:09,589:DEBUG:model_container_pt:[182/300]0m 0.003s: Train loss: 1.101338 acc: 0.309524 - Test loss: 1.109079 acc: 0.261905
2020-05-04 03:47:09,592:DEBUG:model_container_pt:[183/300]0m 0.003s: Train loss: 1.099332 acc: 0.351190 - Test loss: 1.120702 acc: 0.261905
2020-05-04 03:47:09,595:DEBUG:model_container_pt:[184/300]0m 0.003s: Train loss: 1.099798 acc: 0.351190 - Test loss: 1.124375 acc: 0.261905
2020-05-04 03:47:09,598:DEBUG:model_container_pt:[185/300]0m 0.003s: Train loss: 1.100805 acc: 0.351190 - Test loss: 1.121613 acc: 0.261905
2020-05-04 03:47:09,600:DEBUG:model_container_pt:[186/300]0m 0.003s: Train loss: 1.098718 acc: 0.351190 - Test loss: 1.113023 acc: 0.261905
2020-05-04 03:47:09,603:DEBUG:model_container_pt:[187/300]0m 0.003s: Train loss: 1.099774 acc: 0.351190 - Test loss: 1.108985 acc: 0.261905
2020-05-04 03:47:09,606:DEBUG:model_container_pt:[188/300]0m 0.003s: Train loss: 1.102215 acc: 0.351190 - Test loss: 1.106657 acc: 0.261905
2020-05-04 03:47:09,609:DEBUG:model_container_pt:[189/300]0m 0.003s: Train loss: 1.101774 acc: 0.351190 - Test loss: 1.104211 acc: 0.261905
2020-05-04 03:47:09,612:DEBUG:model_container_pt:[190/300]0m 0.003s: Train loss: 1.098954 acc: 0.351190 - Test loss: 1.105520 acc: 0.261905
2020-05-04 03:47:09,614:DEBUG:model_container_pt:[191/300]0m 0.003s: Train loss: 1.097517 acc: 0.363095 - Test loss: 1.110011 acc: 0.333333
2020-05-04 03:47:09,617:DEBUG:model_container_pt:[192/300]0m 0.003s: Train loss: 1.098722 acc: 0.333333 - Test loss: 1.112870 acc: 0.333333
2020-05-04 03:47:09,620:DEBUG:model_container_pt:[193/300]0m 0.003s: Train loss: 1.101101 acc: 0.333333 - Test loss: 1.112374 acc: 0.333333
2020-05-04 03:47:09,623:DEBUG:model_container_pt:[194/300]0m 0.003s: Train loss: 1.101957 acc: 0.333333 - Test loss: 1.106212 acc: 0.333333
2020-05-04 03:47:09,626:DEBUG:model_container_pt:[195/300]0m 0.003s: Train loss: 1.100476 acc: 0.333333 - Test loss: 1.097631 acc: 0.333333
2020-05-04 03:47:09,628:DEBUG:model_container_pt:[196/300]0m 0.003s: Train loss: 1.099103 acc: 0.345238 - Test loss: 1.095336 acc: 0.404762
2020-05-04 03:47:09,631:DEBUG:model_container_pt:[197/300]0m 0.003s: Train loss: 1.099360 acc: 0.315476 - Test loss: 1.100099 acc: 0.404762
2020-05-04 03:47:09,635:DEBUG:model_container_pt:[198/300]0m 0.003s: Train loss: 1.100375 acc: 0.333333 - Test loss: 1.110044 acc: 0.261905
2020-05-04 03:47:09,637:DEBUG:model_container_pt:[199/300]0m 0.003s: Train loss: 1.101607 acc: 0.351190 - Test loss: 1.120480 acc: 0.261905
2020-05-04 03:47:09,640:DEBUG:model_container_pt:[200/300]0m 0.003s: Train loss: 1.104107 acc: 0.351190 - Test loss: 1.128099 acc: 0.261905
2020-05-04 03:47:09,643:DEBUG:model_container_pt:[201/300]0m 0.003s: Train loss: 1.104781 acc: 0.351190 - Test loss: 1.130684 acc: 0.261905
2020-05-04 03:47:09,646:DEBUG:model_container_pt:[202/300]0m 0.003s: Train loss: 1.102272 acc: 0.351190 - Test loss: 1.127116 acc: 0.261905
2020-05-04 03:47:09,649:DEBUG:model_container_pt:[203/300]0m 0.003s: Train loss: 1.100056 acc: 0.351190 - Test loss: 1.121354 acc: 0.261905
2020-05-04 03:47:09,651:DEBUG:model_container_pt:[204/300]0m 0.003s: Train loss: 1.099836 acc: 0.351190 - Test loss: 1.113273 acc: 0.261905
2020-05-04 03:47:09,654:DEBUG:model_container_pt:[205/300]0m 0.003s: Train loss: 1.098379 acc: 0.351190 - Test loss: 1.105036 acc: 0.333333
2020-05-04 03:47:09,657:DEBUG:model_container_pt:[206/300]0m 0.003s: Train loss: 1.099896 acc: 0.333333 - Test loss: 1.102085 acc: 0.333333
2020-05-04 03:47:09,660:DEBUG:model_container_pt:[207/300]0m 0.003s: Train loss: 1.098976 acc: 0.333333 - Test loss: 1.107482 acc: 0.333333
2020-05-04 03:47:09,663:DEBUG:model_container_pt:[208/300]0m 0.003s: Train loss: 1.100936 acc: 0.333333 - Test loss: 1.112411 acc: 0.333333
2020-05-04 03:47:09,665:DEBUG:model_container_pt:[209/300]0m 0.003s: Train loss: 1.101003 acc: 0.333333 - Test loss: 1.112755 acc: 0.333333
2020-05-04 03:47:09,668:DEBUG:model_container_pt:[210/300]0m 0.003s: Train loss: 1.100004 acc: 0.333333 - Test loss: 1.112756 acc: 0.333333
2020-05-04 03:47:09,671:DEBUG:model_container_pt:[211/300]0m 0.003s: Train loss: 1.097912 acc: 0.392857 - Test loss: 1.108836 acc: 0.261905
2020-05-04 03:47:09,674:DEBUG:model_container_pt:[212/300]0m 0.003s: Train loss: 1.096211 acc: 0.351190 - Test loss: 1.105633 acc: 0.261905
2020-05-04 03:47:09,677:DEBUG:model_container_pt:[213/300]0m 0.003s: Train loss: 1.101567 acc: 0.351190 - Test loss: 1.107095 acc: 0.404762
2020-05-04 03:47:09,680:DEBUG:model_container_pt:[214/300]0m 0.003s: Train loss: 1.108058 acc: 0.315476 - Test loss: 1.108706 acc: 0.261905
2020-05-04 03:47:09,683:DEBUG:model_container_pt:[215/300]0m 0.003s: Train loss: 1.106052 acc: 0.351190 - Test loss: 1.112019 acc: 0.261905
2020-05-04 03:47:09,685:DEBUG:model_container_pt:[216/300]0m 0.003s: Train loss: 1.098912 acc: 0.351190 - Test loss: 1.120234 acc: 0.261905
2020-05-04 03:47:09,688:DEBUG:model_container_pt:[217/300]0m 0.003s: Train loss: 1.099449 acc: 0.351190 - Test loss: 1.130585 acc: 0.261905
2020-05-04 03:47:09,691:DEBUG:model_container_pt:[218/300]0m 0.003s: Train loss: 1.102008 acc: 0.351190 - Test loss: 1.134214 acc: 0.333333
2020-05-04 03:47:09,694:DEBUG:model_container_pt:[219/300]0m 0.003s: Train loss: 1.104877 acc: 0.333333 - Test loss: 1.132837 acc: 0.333333
2020-05-04 03:47:09,697:DEBUG:model_container_pt:[220/300]0m 0.003s: Train loss: 1.104993 acc: 0.333333 - Test loss: 1.128158 acc: 0.333333
2020-05-04 03:47:09,700:DEBUG:model_container_pt:[221/300]0m 0.003s: Train loss: 1.103820 acc: 0.333333 - Test loss: 1.118235 acc: 0.333333
2020-05-04 03:47:09,703:DEBUG:model_container_pt:[222/300]0m 0.003s: Train loss: 1.101052 acc: 0.333333 - Test loss: 1.106740 acc: 0.333333
2020-05-04 03:47:09,706:DEBUG:model_container_pt:[223/300]0m 0.003s: Train loss: 1.098013 acc: 0.351190 - Test loss: 1.099697 acc: 0.261905
2020-05-04 03:47:09,708:DEBUG:model_container_pt:[224/300]0m 0.003s: Train loss: 1.098988 acc: 0.333333 - Test loss: 1.099074 acc: 0.404762
2020-05-04 03:47:09,712:DEBUG:model_container_pt:[225/300]0m 0.003s: Train loss: 1.101555 acc: 0.315476 - Test loss: 1.103543 acc: 0.261905
2020-05-04 03:47:09,714:DEBUG:model_container_pt:[226/300]0m 0.003s: Train loss: 1.098967 acc: 0.351190 - Test loss: 1.113094 acc: 0.261905
2020-05-04 03:47:09,717:DEBUG:model_container_pt:[227/300]0m 0.003s: Train loss: 1.099180 acc: 0.351190 - Test loss: 1.122151 acc: 0.261905
2020-05-04 03:47:09,720:DEBUG:model_container_pt:[228/300]0m 0.003s: Train loss: 1.100645 acc: 0.351190 - Test loss: 1.122752 acc: 0.261905
2020-05-04 03:47:09,723:DEBUG:model_container_pt:[229/300]0m 0.003s: Train loss: 1.099702 acc: 0.351190 - Test loss: 1.115357 acc: 0.261905
2020-05-04 03:47:09,726:DEBUG:model_container_pt:[230/300]0m 0.003s: Train loss: 1.099540 acc: 0.351190 - Test loss: 1.109451 acc: 0.261905
2020-05-04 03:47:09,728:DEBUG:model_container_pt:[231/300]0m 0.003s: Train loss: 1.098037 acc: 0.351190 - Test loss: 1.108241 acc: 0.261905
2020-05-04 03:47:09,731:DEBUG:model_container_pt:[232/300]0m 0.003s: Train loss: 1.098510 acc: 0.351190 - Test loss: 1.109124 acc: 0.261905
2020-05-04 03:47:09,734:DEBUG:model_container_pt:[233/300]0m 0.003s: Train loss: 1.097879 acc: 0.351190 - Test loss: 1.112473 acc: 0.261905
2020-05-04 03:47:09,737:DEBUG:model_container_pt:[234/300]0m 0.003s: Train loss: 1.098461 acc: 0.351190 - Test loss: 1.114429 acc: 0.261905
2020-05-04 03:47:09,740:DEBUG:model_container_pt:[235/300]0m 0.003s: Train loss: 1.098655 acc: 0.351190 - Test loss: 1.112055 acc: 0.261905
2020-05-04 03:47:09,743:DEBUG:model_container_pt:[236/300]0m 0.003s: Train loss: 1.098739 acc: 0.351190 - Test loss: 1.107785 acc: 0.261905
2020-05-04 03:47:09,745:DEBUG:model_container_pt:[237/300]0m 0.003s: Train loss: 1.097831 acc: 0.351190 - Test loss: 1.106936 acc: 0.261905
2020-05-04 03:47:09,748:DEBUG:model_container_pt:[238/300]0m 0.003s: Train loss: 1.097718 acc: 0.351190 - Test loss: 1.107434 acc: 0.261905
2020-05-04 03:47:09,751:DEBUG:model_container_pt:[239/300]0m 0.003s: Train loss: 1.098399 acc: 0.351190 - Test loss: 1.106887 acc: 0.261905
2020-05-04 03:47:09,754:DEBUG:model_container_pt:[240/300]0m 0.003s: Train loss: 1.098912 acc: 0.351190 - Test loss: 1.105157 acc: 0.261905
2020-05-04 03:47:09,757:DEBUG:model_container_pt:[241/300]0m 0.003s: Train loss: 1.099460 acc: 0.351190 - Test loss: 1.105950 acc: 0.261905
2020-05-04 03:47:09,759:DEBUG:model_container_pt:[242/300]0m 0.003s: Train loss: 1.099200 acc: 0.351190 - Test loss: 1.105670 acc: 0.261905
2020-05-04 03:47:09,762:DEBUG:model_container_pt:[243/300]0m 0.003s: Train loss: 1.099860 acc: 0.351190 - Test loss: 1.105765 acc: 0.261905
2020-05-04 03:47:09,765:DEBUG:model_container_pt:[244/300]0m 0.003s: Train loss: 1.099918 acc: 0.351190 - Test loss: 1.108953 acc: 0.261905
2020-05-04 03:47:09,768:DEBUG:model_container_pt:[245/300]0m 0.003s: Train loss: 1.097774 acc: 0.351190 - Test loss: 1.109622 acc: 0.261905
2020-05-04 03:47:09,771:DEBUG:model_container_pt:[246/300]0m 0.003s: Train loss: 1.098327 acc: 0.351190 - Test loss: 1.109232 acc: 0.261905
2020-05-04 03:47:09,774:DEBUG:model_container_pt:[247/300]0m 0.003s: Train loss: 1.098238 acc: 0.351190 - Test loss: 1.107468 acc: 0.261905
2020-05-04 03:47:09,777:DEBUG:model_container_pt:[248/300]0m 0.003s: Train loss: 1.097817 acc: 0.351190 - Test loss: 1.109190 acc: 0.261905
2020-05-04 03:47:09,779:DEBUG:model_container_pt:[249/300]0m 0.003s: Train loss: 1.098478 acc: 0.351190 - Test loss: 1.110896 acc: 0.261905
2020-05-04 03:47:09,782:DEBUG:model_container_pt:[250/300]0m 0.003s: Train loss: 1.098040 acc: 0.351190 - Test loss: 1.108337 acc: 0.261905
2020-05-04 03:47:09,785:DEBUG:model_container_pt:[251/300]0m 0.003s: Train loss: 1.097947 acc: 0.351190 - Test loss: 1.106457 acc: 0.261905
2020-05-04 03:47:09,788:DEBUG:model_container_pt:[252/300]0m 0.003s: Train loss: 1.098338 acc: 0.351190 - Test loss: 1.103238 acc: 0.261905
2020-05-04 03:47:09,791:DEBUG:model_container_pt:[253/300]0m 0.003s: Train loss: 1.099740 acc: 0.339286 - Test loss: 1.099571 acc: 0.261905
2020-05-04 03:47:09,794:DEBUG:model_container_pt:[254/300]0m 0.003s: Train loss: 1.098650 acc: 0.351190 - Test loss: 1.103413 acc: 0.261905
2020-05-04 03:47:09,797:DEBUG:model_container_pt:[255/300]0m 0.003s: Train loss: 1.098235 acc: 0.333333 - Test loss: 1.109897 acc: 0.333333
2020-05-04 03:47:09,799:DEBUG:model_container_pt:[256/300]0m 0.003s: Train loss: 1.099183 acc: 0.333333 - Test loss: 1.112225 acc: 0.333333
2020-05-04 03:47:09,802:DEBUG:model_container_pt:[257/300]0m 0.003s: Train loss: 1.099121 acc: 0.333333 - Test loss: 1.110409 acc: 0.261905
2020-05-04 03:47:09,805:DEBUG:model_container_pt:[258/300]0m 0.003s: Train loss: 1.098777 acc: 0.351190 - Test loss: 1.109089 acc: 0.261905
2020-05-04 03:47:09,808:DEBUG:model_container_pt:[259/300]0m 0.003s: Train loss: 1.098083 acc: 0.351190 - Test loss: 1.104390 acc: 0.261905
2020-05-04 03:47:09,811:DEBUG:model_container_pt:[260/300]0m 0.003s: Train loss: 1.098087 acc: 0.351190 - Test loss: 1.102445 acc: 0.261905
2020-05-04 03:47:09,814:DEBUG:model_container_pt:[261/300]0m 0.003s: Train loss: 1.098180 acc: 0.351190 - Test loss: 1.103370 acc: 0.261905
2020-05-04 03:47:09,817:DEBUG:model_container_pt:[262/300]0m 0.003s: Train loss: 1.098639 acc: 0.351190 - Test loss: 1.105435 acc: 0.261905
2020-05-04 03:47:09,820:DEBUG:model_container_pt:[263/300]0m 0.003s: Train loss: 1.098070 acc: 0.351190 - Test loss: 1.105771 acc: 0.261905
2020-05-04 03:47:09,822:DEBUG:model_container_pt:[264/300]0m 0.003s: Train loss: 1.098583 acc: 0.351190 - Test loss: 1.107012 acc: 0.261905
2020-05-04 03:47:09,825:DEBUG:model_container_pt:[265/300]0m 0.003s: Train loss: 1.097739 acc: 0.351190 - Test loss: 1.104270 acc: 0.261905
2020-05-04 03:47:09,828:DEBUG:model_container_pt:[266/300]0m 0.003s: Train loss: 1.097875 acc: 0.351190 - Test loss: 1.102077 acc: 0.261905
2020-05-04 03:47:09,831:DEBUG:model_container_pt:[267/300]0m 0.003s: Train loss: 1.099021 acc: 0.351190 - Test loss: 1.105066 acc: 0.261905
2020-05-04 03:47:09,834:DEBUG:model_container_pt:[268/300]0m 0.003s: Train loss: 1.098187 acc: 0.351190 - Test loss: 1.113340 acc: 0.261905
2020-05-04 03:47:09,836:DEBUG:model_container_pt:[269/300]0m 0.003s: Train loss: 1.099108 acc: 0.351190 - Test loss: 1.119953 acc: 0.261905
2020-05-04 03:47:09,839:DEBUG:model_container_pt:[270/300]0m 0.003s: Train loss: 1.099277 acc: 0.351190 - Test loss: 1.121828 acc: 0.261905
2020-05-04 03:47:09,842:DEBUG:model_container_pt:[271/300]0m 0.003s: Train loss: 1.099882 acc: 0.351190 - Test loss: 1.121860 acc: 0.261905
2020-05-04 03:47:09,845:DEBUG:model_container_pt:[272/300]0m 0.003s: Train loss: 1.100594 acc: 0.351190 - Test loss: 1.121261 acc: 0.261905
2020-05-04 03:47:09,848:DEBUG:model_container_pt:[273/300]0m 0.003s: Train loss: 1.099340 acc: 0.351190 - Test loss: 1.121627 acc: 0.261905
2020-05-04 03:47:09,851:DEBUG:model_container_pt:[274/300]0m 0.003s: Train loss: 1.100616 acc: 0.351190 - Test loss: 1.118217 acc: 0.261905
2020-05-04 03:47:09,854:DEBUG:model_container_pt:[275/300]0m 0.003s: Train loss: 1.098834 acc: 0.351190 - Test loss: 1.109517 acc: 0.261905
2020-05-04 03:47:09,856:DEBUG:model_container_pt:[276/300]0m 0.003s: Train loss: 1.098866 acc: 0.351190 - Test loss: 1.104255 acc: 0.261905
2020-05-04 03:47:09,859:DEBUG:model_container_pt:[277/300]0m 0.003s: Train loss: 1.097716 acc: 0.351190 - Test loss: 1.104347 acc: 0.333333
2020-05-04 03:47:09,862:DEBUG:model_container_pt:[278/300]0m 0.003s: Train loss: 1.098403 acc: 0.333333 - Test loss: 1.106175 acc: 0.333333
2020-05-04 03:47:09,865:DEBUG:model_container_pt:[279/300]0m 0.003s: Train loss: 1.098916 acc: 0.333333 - Test loss: 1.107298 acc: 0.333333
2020-05-04 03:47:09,868:DEBUG:model_container_pt:[280/300]0m 0.003s: Train loss: 1.099450 acc: 0.333333 - Test loss: 1.108135 acc: 0.333333
2020-05-04 03:47:09,870:DEBUG:model_container_pt:[281/300]0m 0.003s: Train loss: 1.099831 acc: 0.333333 - Test loss: 1.106467 acc: 0.333333
2020-05-04 03:47:09,873:DEBUG:model_container_pt:[282/300]0m 0.003s: Train loss: 1.099395 acc: 0.333333 - Test loss: 1.103475 acc: 0.333333
2020-05-04 03:47:09,876:DEBUG:model_container_pt:[283/300]0m 0.003s: Train loss: 1.099694 acc: 0.333333 - Test loss: 1.103169 acc: 0.333333
2020-05-04 03:47:09,879:DEBUG:model_container_pt:[284/300]0m 0.003s: Train loss: 1.098474 acc: 0.321429 - Test loss: 1.107147 acc: 0.261905
2020-05-04 03:47:09,882:DEBUG:model_container_pt:[285/300]0m 0.003s: Train loss: 1.097834 acc: 0.351190 - Test loss: 1.108945 acc: 0.261905
2020-05-04 03:47:09,885:DEBUG:model_container_pt:[286/300]0m 0.003s: Train loss: 1.098235 acc: 0.351190 - Test loss: 1.109963 acc: 0.261905
2020-05-04 03:47:09,887:DEBUG:model_container_pt:[287/300]0m 0.003s: Train loss: 1.097816 acc: 0.351190 - Test loss: 1.110858 acc: 0.261905
2020-05-04 03:47:09,890:DEBUG:model_container_pt:[288/300]0m 0.003s: Train loss: 1.098120 acc: 0.351190 - Test loss: 1.110633 acc: 0.261905
2020-05-04 03:47:09,893:DEBUG:model_container_pt:[289/300]0m 0.003s: Train loss: 1.098228 acc: 0.351190 - Test loss: 1.109509 acc: 0.261905
2020-05-04 03:47:09,896:DEBUG:model_container_pt:[290/300]0m 0.003s: Train loss: 1.097864 acc: 0.351190 - Test loss: 1.111145 acc: 0.261905
2020-05-04 03:47:09,899:DEBUG:model_container_pt:[291/300]0m 0.003s: Train loss: 1.098470 acc: 0.351190 - Test loss: 1.111948 acc: 0.261905
2020-05-04 03:47:09,902:DEBUG:model_container_pt:[292/300]0m 0.003s: Train loss: 1.098985 acc: 0.351190 - Test loss: 1.110558 acc: 0.261905
2020-05-04 03:47:09,905:DEBUG:model_container_pt:[293/300]0m 0.003s: Train loss: 1.097639 acc: 0.351190 - Test loss: 1.112689 acc: 0.261905
2020-05-04 03:47:09,907:DEBUG:model_container_pt:[294/300]0m 0.003s: Train loss: 1.098086 acc: 0.351190 - Test loss: 1.115374 acc: 0.261905
2020-05-04 03:47:09,910:DEBUG:model_container_pt:[295/300]0m 0.003s: Train loss: 1.098998 acc: 0.363095 - Test loss: 1.116406 acc: 0.333333
2020-05-04 03:47:09,913:DEBUG:model_container_pt:[296/300]0m 0.003s: Train loss: 1.099846 acc: 0.333333 - Test loss: 1.113820 acc: 0.333333
2020-05-04 03:47:09,916:DEBUG:model_container_pt:[297/300]0m 0.003s: Train loss: 1.099095 acc: 0.333333 - Test loss: 1.108198 acc: 0.333333
2020-05-04 03:47:09,919:DEBUG:model_container_pt:[298/300]0m 0.003s: Train loss: 1.098135 acc: 0.291667 - Test loss: 1.102109 acc: 0.261905
2020-05-04 03:47:09,922:DEBUG:model_container_pt:[299/300]0m 0.003s: Train loss: 1.098735 acc: 0.327381 - Test loss: 1.098125 acc: 0.404762
2020-05-04 03:47:09,925:DEBUG:model_container_pt:[300/300]0m 0.003s: Train loss: 1.099016 acc: 0.285714 - Test loss: 1.098588 acc: 0.404762
2020-05-04 03:47:09,925:INFO:model_container_pt:Time to complete training: 0m 0.867s
2020-05-04 03:47:09,925:DEBUG:detector_container:Time to complete [Train normal]: 0m 0.867s
2020-05-04 03:47:09,926:INFO:model_container_pt:Saved model to save/IrisNN_WheatSeed_e300_binary.pt
2020-05-04 03:47:09,926:INFO:model_container_pt:Saved model to save/IrisNN_WheatSeed_e300_normal.pt
2020-05-04 03:47:09,926:DEBUG:defend_squeeze:Load save/IrisNN_WheatSeed_FGSM_x.npy...
2020-05-04 03:47:09,928:INFO:defend_squeeze:Accuracy on clean set - OG: 1.000000, Squeezer: 0.928571
2020-05-04 03:47:09,930:INFO:defend_squeeze:Blocked 26/42 samples on clean
2020-05-04 03:47:09,930:DEBUG:defend_squeeze:Load save/IrisNN_WheatSeed_FGSM_adv.npy...
2020-05-04 03:47:09,932:INFO:defend_squeeze:Accuracy on FGSM set - OG: 0.238095, Squeezer: 0.190476
2020-05-04 03:47:09,933:INFO:defend_squeeze:Blocked 37/42 samples on FGSM
2020-05-04 03:47:09,933:DEBUG:defend_squeeze:Load save/IrisNN_WheatSeed_BIM_adv.npy...
2020-05-04 03:47:09,935:INFO:defend_squeeze:Accuracy on BIM set - OG: 0.071429, Squeezer: 0.071429
2020-05-04 03:47:09,937:INFO:defend_squeeze:Blocked 37/42 samples on BIM
2020-05-04 03:47:09,937:DEBUG:defend_squeeze:Load save/IrisNN_WheatSeed_DeepFool_adv.npy...
2020-05-04 03:47:09,939:INFO:defend_squeeze:Accuracy on DeepFool set - OG: 0.047619, Squeezer: 0.285714
2020-05-04 03:47:09,940:INFO:defend_squeeze:Blocked 41/42 samples on DeepFool
2020-05-04 03:47:09,940:DEBUG:defend_squeeze:Load save/IrisNN_WheatSeed_Carlini_adv.npy...
2020-05-04 03:47:09,942:INFO:defend_squeeze:Accuracy on Carlini set - OG: 0.214286, Squeezer: 0.357143
2020-05-04 03:47:09,944:INFO:defend_squeeze:Blocked 42/42 samples on Carlini
