2020-05-04 03:47:03,912:INFO:defend_squeeze:Start at    : 20200504034703
2020-05-04 03:47:03,912:INFO:defend_squeeze:RECEIVED PARAMETERS:
2020-05-04 03:47:03,912:INFO:defend_squeeze:model file  :./save/IrisNN_BankNote_e200.pt
2020-05-04 03:47:03,912:INFO:defend_squeeze:model       :IrisNN
2020-05-04 03:47:03,912:INFO:defend_squeeze:dataset     :BankNote
2020-05-04 03:47:03,912:INFO:defend_squeeze:max_epochs  :200
2020-05-04 03:47:03,912:INFO:defend_squeeze:bit_depth   :8
2020-05-04 03:47:03,912:INFO:defend_squeeze:sigma       :0.200000
2020-05-04 03:47:03,913:INFO:defend_squeeze:kernel_size :0
2020-05-04 03:47:03,913:INFO:defend_squeeze:batch_size  :128
2020-05-04 03:47:03,913:INFO:defend_squeeze:seed        :4096
2020-05-04 03:47:03,913:INFO:defend_squeeze:verbose     :True
2020-05-04 03:47:03,913:INFO:defend_squeeze:save_log    :True
2020-05-04 03:47:03,913:INFO:defend_squeeze:need train  :False
2020-05-04 03:47:03,913:INFO:defend_squeeze:filters     :binary, normal
2020-05-04 03:47:03,913:INFO:defend_squeeze:attacks     :clean, FGSM, BIM, DeepFool, Carlini
2020-05-04 03:47:03,913:INFO:defend_squeeze:pretrained  :IrisNN_BankNote_e200_binary.pt, IrisNN_BankNote_e200_normal.pt
2020-05-04 03:47:03,913:DEBUG:utils:Setting random seed for PyTorch.
2020-05-04 03:47:03,938:DEBUG:utils:/home/lukec/workspace/aad/aad/../data
2020-05-04 03:47:03,938:DEBUG:data_container:Reading file /home/lukec/workspace/aad/aad/../data/data_banknote_authentication.txt
2020-05-04 03:47:03,944:INFO:data_container:Train size: 1098 - Test size: 274
2020-05-04 03:47:03,944:INFO:data_container:Successfully load data. Time to complete: 0m 0.005s
2020-05-04 03:47:05,576:DEBUG:model_container_pt:Using device: cuda
2020-05-04 03:47:05,578:INFO:model_container_pt:Loaded model from ./save/IrisNN_BankNote_e200.pt
2020-05-04 03:47:05,599:INFO:defend_squeeze:Accuracy on test set: 1.000000
2020-05-04 03:47:05,600:DEBUG:model_container_pt:Using device: cuda
2020-05-04 03:47:05,601:DEBUG:model_container_pt:Using device: cuda
2020-05-04 03:47:05,602:INFO:model_container_pt:Loaded model from ./save/IrisNN_BankNote_e200_binary.pt
2020-05-04 03:47:05,602:INFO:model_container_pt:Loaded model from ./save/IrisNN_BankNote_e200_normal.pt
2020-05-04 03:47:05,603:DEBUG:defend_squeeze:Load save/IrisNN_BankNote_FGSM_x.npy...
2020-05-04 03:47:05,610:INFO:defend_squeeze:Accuracy on clean set - OG: 1.000000, Squeezer: 0.996350
2020-05-04 03:47:05,615:INFO:defend_squeeze:Blocked 63/274 samples on clean
2020-05-04 03:47:05,615:DEBUG:defend_squeeze:Load save/IrisNN_BankNote_FGSM_adv.npy...
2020-05-04 03:47:05,621:INFO:defend_squeeze:Accuracy on FGSM set - OG: 0.007299, Squeezer: 0.029197
2020-05-04 03:47:05,626:INFO:defend_squeeze:Blocked 129/274 samples on FGSM
2020-05-04 03:47:05,626:DEBUG:defend_squeeze:Load save/IrisNN_BankNote_BIM_adv.npy...
2020-05-04 03:47:05,632:INFO:defend_squeeze:Accuracy on BIM set - OG: 0.000000, Squeezer: 0.000000
2020-05-04 03:47:05,637:INFO:defend_squeeze:Blocked 41/274 samples on BIM
2020-05-04 03:47:05,637:DEBUG:defend_squeeze:Load save/IrisNN_BankNote_DeepFool_adv.npy...
2020-05-04 03:47:05,644:INFO:defend_squeeze:Accuracy on DeepFool set - OG: 0.240876, Squeezer: 0.284672
2020-05-04 03:47:05,648:INFO:defend_squeeze:Blocked 163/274 samples on DeepFool
2020-05-04 03:47:05,648:DEBUG:defend_squeeze:Load save/IrisNN_BankNote_Carlini_adv.npy...
2020-05-04 03:47:05,655:INFO:defend_squeeze:Accuracy on Carlini set - OG: 0.478102, Squeezer: 0.525547
2020-05-04 03:47:05,660:INFO:defend_squeeze:Blocked 184/274 samples on Carlini
