2020-05-04 03:08:39,305:INFO:defend_squeeze:Start at    : 20200504030839
2020-05-04 03:08:39,306:INFO:defend_squeeze:RECEIVED PARAMETERS:
2020-05-04 03:08:39,306:INFO:defend_squeeze:model file  :./save/IrisNN_Iris_e200.pt
2020-05-04 03:08:39,306:INFO:defend_squeeze:model       :IrisNN
2020-05-04 03:08:39,306:INFO:defend_squeeze:dataset     :Iris
2020-05-04 03:08:39,306:INFO:defend_squeeze:max_epochs  :200
2020-05-04 03:08:39,306:INFO:defend_squeeze:bit_depth   :8
2020-05-04 03:08:39,306:INFO:defend_squeeze:sigma       :0.200000
2020-05-04 03:08:39,306:INFO:defend_squeeze:kernel_size :0
2020-05-04 03:08:39,306:INFO:defend_squeeze:batch_size  :128
2020-05-04 03:08:39,306:INFO:defend_squeeze:seed        :4096
2020-05-04 03:08:39,306:INFO:defend_squeeze:verbose     :True
2020-05-04 03:08:39,306:INFO:defend_squeeze:save_log    :True
2020-05-04 03:08:39,306:INFO:defend_squeeze:need train  :False
2020-05-04 03:08:39,306:INFO:defend_squeeze:filters     :binary, normal
2020-05-04 03:08:39,306:INFO:defend_squeeze:attacks     :clean, FGSM, BIM, DeepFool, Carlini
2020-05-04 03:08:39,306:INFO:defend_squeeze:pretrained  :IrisNN_Iris_e200_binary.pt, IrisNN_Iris_e200_normal.pt
2020-05-04 03:08:39,306:DEBUG:utils:Setting random seed for PyTorch.
2020-05-04 03:08:39,331:DEBUG:utils:/home/lukec/workspace/aad/aad/../data
2020-05-04 03:08:39,331:DEBUG:data_container:Reading file /home/lukec/workspace/aad/aad/../data/iris.data
2020-05-04 03:08:39,339:INFO:data_container:Train size: 90 - Test size: 60
2020-05-04 03:08:39,339:INFO:data_container:Successfully load data. Time to complete: 0m 0.008s
2020-05-04 03:08:41,424:DEBUG:model_container_pt:Using device: cuda
2020-05-04 03:08:41,425:INFO:model_container_pt:Loaded model from ./save/IrisNN_Iris_e200.pt
2020-05-04 03:08:41,447:INFO:defend_squeeze:Accuracy on test set: 0.933333
2020-05-04 03:08:41,448:DEBUG:model_container_pt:Using device: cuda
2020-05-04 03:08:41,449:DEBUG:model_container_pt:Using device: cuda
2020-05-04 03:08:41,450:INFO:model_container_pt:Loaded model from ./save/IrisNN_Iris_e200_binary.pt
2020-05-04 03:08:41,450:INFO:model_container_pt:Loaded model from ./save/IrisNN_Iris_e200_normal.pt
2020-05-04 03:08:41,451:DEBUG:defend_squeeze:Load save/IrisNN_Iris_FGSM_x.npy...
2020-05-04 03:08:41,453:INFO:defend_squeeze:Accuracy on clean set - OG: 1.000000, Squeezer: 0.966667
2020-05-04 03:08:41,455:INFO:defend_squeeze:Blocked 19/60 samples on clean
2020-05-04 03:08:41,455:DEBUG:defend_squeeze:Load save/IrisNN_Iris_FGSM_adv.npy...
2020-05-04 03:08:41,457:INFO:defend_squeeze:Accuracy on FGSM set - OG: 0.250000, Squeezer: 0.300000
2020-05-04 03:08:41,458:INFO:defend_squeeze:Blocked 36/60 samples on FGSM
2020-05-04 03:08:41,458:DEBUG:defend_squeeze:Load save/IrisNN_Iris_BIM_adv.npy...
2020-05-04 03:08:41,461:INFO:defend_squeeze:Accuracy on BIM set - OG: 0.016667, Squeezer: 0.016667
2020-05-04 03:08:41,462:INFO:defend_squeeze:Blocked 33/60 samples on BIM
2020-05-04 03:08:41,462:DEBUG:defend_squeeze:Load save/IrisNN_Iris_DeepFool_adv.npy...
2020-05-04 03:08:41,465:INFO:defend_squeeze:Accuracy on DeepFool set - OG: 0.466667, Squeezer: 0.400000
2020-05-04 03:08:41,466:INFO:defend_squeeze:Blocked 28/60 samples on DeepFool
2020-05-04 03:08:41,466:DEBUG:defend_squeeze:Load save/IrisNN_Iris_Carlini_adv.npy...
2020-05-04 03:08:41,469:INFO:defend_squeeze:Accuracy on Carlini set - OG: 0.366667, Squeezer: 0.316667
2020-05-04 03:08:41,470:INFO:defend_squeeze:Blocked 45/60 samples on Carlini
