2020-05-07 01:35:31,491:INFO:defend_tree:Start at    : 20200507013531
2020-05-07 01:35:31,492:INFO:defend_tree:RECEIVED PARAMETERS:
2020-05-07 01:35:31,492:INFO:defend_tree:model       :IrisNN
2020-05-07 01:35:31,492:INFO:defend_tree:dataset     :Iris
2020-05-07 01:35:31,492:INFO:defend_tree:param file  :./cmd/AdParamsNumeral.json
2020-05-07 01:35:31,492:INFO:defend_tree:seed        :4096
2020-05-07 01:35:31,492:INFO:defend_tree:verbose     :True
2020-05-07 01:35:31,492:INFO:defend_tree:save_log    :True
2020-05-07 01:35:31,492:INFO:defend_tree:attacks     :clean, FGSM, BIM, DeepFool, Carlini
2020-05-07 01:35:31,492:DEBUG:defend_tree:params     : {'k2': 1, 'reliability': 1.0, 'sample_ratio': 1.0, 'kappa': 6, 'confidence': 0.8, 'disable_s2': False}
2020-05-07 01:35:31,492:DEBUG:utils:Setting random seed for PyTorch.
2020-05-07 01:35:31,516:DEBUG:utils:/home/lukec/workspace/aad/aad/../data
2020-05-07 01:35:31,516:DEBUG:data_container:Reading file /home/lukec/workspace/aad/aad/../data/iris.data
2020-05-07 01:35:31,521:INFO:data_container:Train size: 90 - Test size: 60
2020-05-07 01:35:31,521:INFO:data_container:Successfully load data. Time to complete: 0m 0.005s
2020-05-07 01:35:31,522:INFO:model_container_tree:Time to complete training: 0m 0.000s
2020-05-07 01:35:31,535:INFO:decision_tree_attack:Success rate of decision tree attack: 100.00%
2020-05-07 01:35:31,536:DEBUG:applicability_domain:Number of input attributes: 4
2020-05-07 01:35:31,537:DEBUG:detector_container:Time to complete [AD Stage 1]: 0m 0.000s
2020-05-07 01:35:31,853:DEBUG:detector_container:Time to complete [AD Stage 2]: 0m 0.316s
2020-05-07 01:35:31,853:DEBUG:applicability_domain:k for Stage 3: 18
2020-05-07 01:35:31,855:DEBUG:applicability_domain:[AD Stage 3]: Size of train set: 90
2020-05-07 01:35:31,976:DEBUG:applicability_domain:Train set likelihood: 0.904321
2020-05-07 01:35:31,977:DEBUG:detector_container:Time to complete [AD Stage 3]: 0m 0.124s
2020-05-07 01:35:31,977:INFO:defend_tree:Accuracy on DecisionTreeAttack set: 0.016667
2020-05-07 01:35:31,978:DEBUG:applicability_domain:Stage 1: blocked 1 inputs
2020-05-07 01:35:32,290:DEBUG:applicability_domain:Stage 2: blocked 59 inputs
2020-05-07 01:35:32,291:DEBUG:applicability_domain:Stage 3: blocked 1 inputs
2020-05-07 01:35:32,291:INFO:defend_tree:Blocked 60/60 samples on DecisionTreeAttack
2020-05-07 01:35:32,291:DEBUG:defend_tree:Load save/IrisNN_Iris_FGSM_x.npy...
2020-05-07 01:35:32,293:INFO:defend_tree:Accuracy on clean set: 0.983333
2020-05-07 01:35:32,295:DEBUG:applicability_domain:Stage 1: blocked 0 inputs
2020-05-07 01:35:32,607:DEBUG:applicability_domain:Stage 2: blocked 11 inputs
2020-05-07 01:35:32,725:DEBUG:applicability_domain:Mean likelihood on adv: 0.897959
2020-05-07 01:35:32,725:DEBUG:applicability_domain:Stage 3: blocked 5 inputs
2020-05-07 01:35:32,725:INFO:defend_tree:Blocked 16/60 samples on clean
2020-05-07 01:35:32,725:DEBUG:defend_tree:Load save/IrisNN_Iris_FGSM_adv.npy...
2020-05-07 01:35:32,726:INFO:defend_tree:Accuracy on FGSM set: 0.233333
2020-05-07 01:35:32,726:DEBUG:applicability_domain:Stage 1: blocked 0 inputs
2020-05-07 01:35:33,038:DEBUG:applicability_domain:Stage 2: blocked 44 inputs
2020-05-07 01:35:33,156:DEBUG:applicability_domain:Mean likelihood on adv: 0.677083
2020-05-07 01:35:33,157:DEBUG:applicability_domain:Stage 3: blocked 1 inputs
2020-05-07 01:35:33,157:INFO:defend_tree:Blocked 45/60 samples on FGSM
2020-05-07 01:35:33,158:DEBUG:defend_tree:Load save/IrisNN_Iris_BIM_adv.npy...
2020-05-07 01:35:33,160:INFO:defend_tree:Accuracy on BIM set: 0.166667
2020-05-07 01:35:33,164:DEBUG:applicability_domain:Stage 1: blocked 0 inputs
2020-05-07 01:35:33,481:DEBUG:applicability_domain:Stage 2: blocked 57 inputs
2020-05-07 01:35:33,592:DEBUG:applicability_domain:Mean likelihood on adv: 1.000000
2020-05-07 01:35:33,593:DEBUG:applicability_domain:Stage 3: blocked 0 inputs
2020-05-07 01:35:33,600:INFO:defend_tree:Blocked 57/60 samples on BIM
2020-05-07 01:35:33,600:DEBUG:defend_tree:Load save/IrisNN_Iris_DeepFool_adv.npy...
2020-05-07 01:35:33,602:INFO:defend_tree:Accuracy on DeepFool set: 0.300000
2020-05-07 01:35:33,606:DEBUG:applicability_domain:Stage 1: blocked 0 inputs
2020-05-07 01:35:33,819:DEBUG:applicability_domain:Stage 2: blocked 38 inputs
2020-05-07 01:35:33,935:DEBUG:applicability_domain:Mean likelihood on adv: 0.573232
2020-05-07 01:35:33,935:DEBUG:applicability_domain:Stage 3: blocked 6 inputs
2020-05-07 01:35:33,935:INFO:defend_tree:Blocked 44/60 samples on DeepFool
2020-05-07 01:35:33,935:DEBUG:defend_tree:Load save/IrisNN_Iris_Carlini_adv.npy...
2020-05-07 01:35:33,935:INFO:defend_tree:Accuracy on Carlini set: 0.283333
2020-05-07 01:35:33,936:DEBUG:applicability_domain:Stage 1: blocked 0 inputs
2020-05-07 01:35:34,249:DEBUG:applicability_domain:Stage 2: blocked 38 inputs
2020-05-07 01:35:34,366:DEBUG:applicability_domain:Mean likelihood on adv: 0.578283
2020-05-07 01:35:34,367:DEBUG:applicability_domain:Stage 3: blocked 9 inputs
2020-05-07 01:35:34,367:INFO:defend_tree:Blocked 47/60 samples on Carlini
