2020-05-07 01:35:38,309:INFO:defend_tree:Start at    : 20200507013538
2020-05-07 01:35:38,309:INFO:defend_tree:RECEIVED PARAMETERS:
2020-05-07 01:35:38,309:INFO:defend_tree:model       :IrisNN
2020-05-07 01:35:38,309:INFO:defend_tree:dataset     :WheatSeed
2020-05-07 01:35:38,309:INFO:defend_tree:param file  :./cmd/AdParamsNumeral.json
2020-05-07 01:35:38,309:INFO:defend_tree:seed        :4096
2020-05-07 01:35:38,309:INFO:defend_tree:verbose     :True
2020-05-07 01:35:38,309:INFO:defend_tree:save_log    :True
2020-05-07 01:35:38,309:INFO:defend_tree:attacks     :clean, FGSM, BIM, DeepFool, Carlini
2020-05-07 01:35:38,309:DEBUG:defend_tree:params     : {'k2': 1, 'reliability': 1.0, 'sample_ratio': 1.0, 'kappa': 6, 'confidence': 0.8, 'disable_s2': False}
2020-05-07 01:35:38,309:DEBUG:utils:Setting random seed for PyTorch.
2020-05-07 01:35:38,333:DEBUG:utils:/home/lukec/workspace/aad/aad/../data
2020-05-07 01:35:38,333:DEBUG:data_container:Reading file /home/lukec/workspace/aad/aad/../data/seeds_dataset.txt
2020-05-07 01:35:38,345:INFO:data_container:Train size: 168 - Test size: 42
2020-05-07 01:35:38,345:INFO:data_container:Successfully load data. Time to complete: 0m 0.012s
2020-05-07 01:35:38,346:INFO:model_container_tree:Time to complete training: 0m 0.000s
2020-05-07 01:35:38,357:INFO:decision_tree_attack:Success rate of decision tree attack: 100.00%
2020-05-07 01:35:38,359:DEBUG:applicability_domain:Number of input attributes: 7
2020-05-07 01:35:38,359:DEBUG:detector_container:Time to complete [AD Stage 1]: 0m 0.000s
2020-05-07 01:35:38,675:DEBUG:detector_container:Time to complete [AD Stage 2]: 0m 0.316s
2020-05-07 01:35:38,676:DEBUG:applicability_domain:k for Stage 3: 18
2020-05-07 01:35:38,677:DEBUG:applicability_domain:[AD Stage 3]: Size of train set: 168
2020-05-07 01:35:38,801:DEBUG:applicability_domain:Train set likelihood: 0.897817
2020-05-07 01:35:38,801:DEBUG:detector_container:Time to complete [AD Stage 3]: 0m 0.126s
2020-05-07 01:35:38,804:INFO:defend_tree:Accuracy on DecisionTreeAttack set: 0.095238
2020-05-07 01:35:38,805:DEBUG:applicability_domain:Stage 1: blocked 0 inputs
2020-05-07 01:35:39,116:DEBUG:applicability_domain:Stage 2: blocked 34 inputs
2020-05-07 01:35:39,229:DEBUG:applicability_domain:Mean likelihood on adv: 0.701389
2020-05-07 01:35:39,230:DEBUG:applicability_domain:Stage 3: blocked 2 inputs
2020-05-07 01:35:39,230:INFO:defend_tree:Blocked 36/42 samples on DecisionTreeAttack
2020-05-07 01:35:39,230:DEBUG:defend_tree:Load save/IrisNN_WheatSeed_FGSM_x.npy...
2020-05-07 01:35:39,232:INFO:defend_tree:Accuracy on clean set: 0.904762
2020-05-07 01:35:39,235:DEBUG:applicability_domain:Stage 1: blocked 0 inputs
2020-05-07 01:35:39,551:DEBUG:applicability_domain:Stage 2: blocked 8 inputs
2020-05-07 01:35:39,665:DEBUG:applicability_domain:Mean likelihood on adv: 0.939542
2020-05-07 01:35:39,665:DEBUG:applicability_domain:Stage 3: blocked 0 inputs
2020-05-07 01:35:39,665:INFO:defend_tree:Blocked 8/42 samples on clean
2020-05-07 01:35:39,665:DEBUG:defend_tree:Load save/IrisNN_WheatSeed_FGSM_adv.npy...
2020-05-07 01:35:39,672:INFO:defend_tree:Accuracy on FGSM set: 0.380952
2020-05-07 01:35:39,673:DEBUG:applicability_domain:Stage 1: blocked 0 inputs
2020-05-07 01:35:39,986:DEBUG:applicability_domain:Stage 2: blocked 23 inputs
2020-05-07 01:35:40,105:DEBUG:applicability_domain:Mean likelihood on adv: 0.733918
2020-05-07 01:35:40,106:DEBUG:applicability_domain:Stage 3: blocked 5 inputs
2020-05-07 01:35:40,106:INFO:defend_tree:Blocked 28/42 samples on FGSM
2020-05-07 01:35:40,106:DEBUG:defend_tree:Load save/IrisNN_WheatSeed_BIM_adv.npy...
2020-05-07 01:35:40,110:INFO:defend_tree:Accuracy on BIM set: 0.071429
2020-05-07 01:35:40,111:DEBUG:applicability_domain:Stage 1: blocked 0 inputs
2020-05-07 01:35:40,422:DEBUG:applicability_domain:Stage 2: blocked 29 inputs
2020-05-07 01:35:40,535:DEBUG:applicability_domain:Mean likelihood on adv: 0.944445
2020-05-07 01:35:40,536:DEBUG:applicability_domain:Stage 3: blocked 0 inputs
2020-05-07 01:35:40,536:INFO:defend_tree:Blocked 29/42 samples on BIM
2020-05-07 01:35:40,536:DEBUG:defend_tree:Load save/IrisNN_WheatSeed_DeepFool_adv.npy...
2020-05-07 01:35:40,541:INFO:defend_tree:Accuracy on DeepFool set: 0.309524
2020-05-07 01:35:40,544:DEBUG:applicability_domain:Stage 1: blocked 0 inputs
2020-05-07 01:35:40,861:DEBUG:applicability_domain:Stage 2: blocked 28 inputs
2020-05-07 01:35:40,973:DEBUG:applicability_domain:Mean likelihood on adv: 0.738095
2020-05-07 01:35:40,974:DEBUG:applicability_domain:Stage 3: blocked 1 inputs
2020-05-07 01:35:40,974:INFO:defend_tree:Blocked 29/42 samples on DeepFool
2020-05-07 01:35:40,974:DEBUG:defend_tree:Load save/IrisNN_WheatSeed_Carlini_adv.npy...
2020-05-07 01:35:40,978:INFO:defend_tree:Accuracy on Carlini set: 0.404762
2020-05-07 01:35:40,982:DEBUG:applicability_domain:Stage 1: blocked 0 inputs
2020-05-07 01:35:41,299:DEBUG:applicability_domain:Stage 2: blocked 26 inputs
2020-05-07 01:35:41,411:DEBUG:applicability_domain:Mean likelihood on adv: 0.708333
2020-05-07 01:35:41,411:DEBUG:applicability_domain:Stage 3: blocked 5 inputs
2020-05-07 01:35:41,411:INFO:defend_tree:Blocked 31/42 samples on Carlini
