2020-05-07 01:35:35,127:INFO:defend_tree:Start at    : 20200507013535
2020-05-07 01:35:35,127:INFO:defend_tree:RECEIVED PARAMETERS:
2020-05-07 01:35:35,127:INFO:defend_tree:model       :IrisNN
2020-05-07 01:35:35,127:INFO:defend_tree:dataset     :BankNote
2020-05-07 01:35:35,127:INFO:defend_tree:param file  :./cmd/AdParamsNumeral.json
2020-05-07 01:35:35,127:INFO:defend_tree:seed        :4096
2020-05-07 01:35:35,127:INFO:defend_tree:verbose     :True
2020-05-07 01:35:35,127:INFO:defend_tree:save_log    :True
2020-05-07 01:35:35,127:INFO:defend_tree:attacks     :clean, FGSM, BIM, DeepFool, Carlini
2020-05-07 01:35:35,127:DEBUG:defend_tree:params     : {'k2': 1, 'reliability': 1.0, 'sample_ratio': 1.0, 'kappa': 6, 'confidence': 0.8, 'disable_s2': False}
2020-05-07 01:35:35,127:DEBUG:utils:Setting random seed for PyTorch.
2020-05-07 01:35:35,151:DEBUG:utils:/home/lukec/workspace/aad/aad/../data
2020-05-07 01:35:35,151:DEBUG:data_container:Reading file /home/lukec/workspace/aad/aad/../data/data_banknote_authentication.txt
2020-05-07 01:35:35,163:INFO:data_container:Train size: 1098 - Test size: 274
2020-05-07 01:35:35,163:INFO:data_container:Successfully load data. Time to complete: 0m 0.011s
2020-05-07 01:35:35,163:INFO:model_container_tree:Time to complete training: 0m 0.000s
2020-05-07 01:35:35,235:INFO:decision_tree_attack:Success rate of decision tree attack: 100.00%
2020-05-07 01:35:35,240:DEBUG:applicability_domain:Number of input attributes: 4
2020-05-07 01:35:35,240:DEBUG:detector_container:Time to complete [AD Stage 1]: 0m 0.000s
2020-05-07 01:35:35,451:DEBUG:detector_container:Time to complete [AD Stage 2]: 0m 0.211s
2020-05-07 01:35:35,451:DEBUG:applicability_domain:k for Stage 3: 12
2020-05-07 01:35:35,454:DEBUG:applicability_domain:[AD Stage 3]: Size of train set: 1098
2020-05-07 01:35:35,686:DEBUG:applicability_domain:Train set likelihood: 0.995219
2020-05-07 01:35:35,686:DEBUG:detector_container:Time to complete [AD Stage 3]: 0m 0.235s
2020-05-07 01:35:35,689:INFO:defend_tree:Accuracy on DecisionTreeAttack set: 0.018248
2020-05-07 01:35:35,690:DEBUG:applicability_domain:Stage 1: blocked 0 inputs
2020-05-07 01:35:35,897:DEBUG:applicability_domain:Stage 2: blocked 273 inputs
2020-05-07 01:35:36,003:DEBUG:applicability_domain:Mean likelihood on adv: 1.000000
2020-05-07 01:35:36,004:DEBUG:applicability_domain:Stage 3: blocked 0 inputs
2020-05-07 01:35:36,004:INFO:defend_tree:Blocked 273/274 samples on DecisionTreeAttack
2020-05-07 01:35:36,004:DEBUG:defend_tree:Load save/IrisNN_BankNote_FGSM_x.npy...
2020-05-07 01:35:36,006:INFO:defend_tree:Accuracy on clean set: 0.981752
2020-05-07 01:35:36,015:DEBUG:applicability_domain:Stage 1: blocked 0 inputs
2020-05-07 01:35:36,223:DEBUG:applicability_domain:Stage 2: blocked 49 inputs
2020-05-07 01:35:36,392:DEBUG:applicability_domain:Mean likelihood on adv: 0.994444
2020-05-07 01:35:36,392:DEBUG:applicability_domain:Stage 3: blocked 3 inputs
2020-05-07 01:35:36,393:INFO:defend_tree:Blocked 52/274 samples on clean
2020-05-07 01:35:36,393:DEBUG:defend_tree:Load save/IrisNN_BankNote_FGSM_adv.npy...
2020-05-07 01:35:36,400:INFO:defend_tree:Accuracy on FGSM set: 0.361314
2020-05-07 01:35:36,402:DEBUG:applicability_domain:Stage 1: blocked 0 inputs
2020-05-07 01:35:36,609:DEBUG:applicability_domain:Stage 2: blocked 264 inputs
2020-05-07 01:35:36,722:DEBUG:applicability_domain:Mean likelihood on adv: 1.000000
2020-05-07 01:35:36,723:DEBUG:applicability_domain:Stage 3: blocked 0 inputs
2020-05-07 01:35:36,723:INFO:defend_tree:Blocked 264/274 samples on FGSM
2020-05-07 01:35:36,723:DEBUG:defend_tree:Load save/IrisNN_BankNote_BIM_adv.npy...
2020-05-07 01:35:36,726:INFO:defend_tree:Accuracy on BIM set: 0.098540
2020-05-07 01:35:36,728:DEBUG:applicability_domain:Stage 1: blocked 0 inputs
2020-05-07 01:35:36,936:DEBUG:applicability_domain:Stage 2: blocked 274 inputs
2020-05-07 01:35:36,936:DEBUG:applicability_domain:Stage 3: blocked 0 inputs
2020-05-07 01:35:36,937:INFO:defend_tree:Blocked 274/274 samples on BIM
2020-05-07 01:35:36,937:DEBUG:defend_tree:Load save/IrisNN_BankNote_DeepFool_adv.npy...
2020-05-07 01:35:36,942:INFO:defend_tree:Accuracy on DeepFool set: 0.507299
2020-05-07 01:35:36,944:DEBUG:applicability_domain:Stage 1: blocked 0 inputs
2020-05-07 01:35:37,151:DEBUG:applicability_domain:Stage 2: blocked 262 inputs
2020-05-07 01:35:37,266:DEBUG:applicability_domain:Mean likelihood on adv: 0.937500
2020-05-07 01:35:37,266:DEBUG:applicability_domain:Stage 3: blocked 0 inputs
2020-05-07 01:35:37,266:INFO:defend_tree:Blocked 262/274 samples on DeepFool
2020-05-07 01:35:37,266:DEBUG:defend_tree:Load save/IrisNN_BankNote_Carlini_adv.npy...
2020-05-07 01:35:37,267:INFO:defend_tree:Accuracy on Carlini set: 0.467153
2020-05-07 01:35:37,269:DEBUG:applicability_domain:Stage 1: blocked 0 inputs
2020-05-07 01:35:37,477:DEBUG:applicability_domain:Stage 2: blocked 263 inputs
2020-05-07 01:35:37,591:DEBUG:applicability_domain:Mean likelihood on adv: 0.924242
2020-05-07 01:35:37,591:DEBUG:applicability_domain:Stage 3: blocked 0 inputs
2020-05-07 01:35:37,591:INFO:defend_tree:Blocked 263/274 samples on Carlini
