2020-05-07 01:35:42,121:INFO:defend_tree:Start at    : 20200507013542
2020-05-07 01:35:42,121:INFO:defend_tree:RECEIVED PARAMETERS:
2020-05-07 01:35:42,121:INFO:defend_tree:model       :IrisNN
2020-05-07 01:35:42,121:INFO:defend_tree:dataset     :HTRU2
2020-05-07 01:35:42,121:INFO:defend_tree:param file  :./cmd/AdParamsNumeral.json
2020-05-07 01:35:42,121:INFO:defend_tree:seed        :4096
2020-05-07 01:35:42,121:INFO:defend_tree:verbose     :True
2020-05-07 01:35:42,121:INFO:defend_tree:save_log    :True
2020-05-07 01:35:42,121:INFO:defend_tree:attacks     :clean, FGSM, BIM, DeepFool, Carlini
2020-05-07 01:35:42,122:DEBUG:defend_tree:params     : {'k2': 1, 'reliability': 1.0, 'sample_ratio': 1.0, 'kappa': 6, 'confidence': 0.8, 'disable_s2': False}
2020-05-07 01:35:42,122:DEBUG:utils:Setting random seed for PyTorch.
2020-05-07 01:35:42,145:DEBUG:utils:/home/lukec/workspace/aad/aad/../data
2020-05-07 01:35:42,145:DEBUG:data_container:Reading file /home/lukec/workspace/aad/aad/../data/HTRU2/HTRU_2.arff
2020-05-07 01:35:42,209:INFO:data_container:Train size: 14318 - Test size: 3580
2020-05-07 01:35:42,209:INFO:data_container:Successfully load data. Time to complete: 0m 0.063s
2020-05-07 01:35:42,212:INFO:model_container_tree:Time to complete training: 0m 0.003s
2020-05-07 01:35:42,697:INFO:decision_tree_attack:Success rate of decision tree attack: 100.00%
2020-05-07 01:35:42,740:DEBUG:applicability_domain:Number of input attributes: 8
2020-05-07 01:35:42,741:DEBUG:detector_container:Time to complete [AD Stage 1]: 0m 0.001s
2020-05-07 01:35:42,955:DEBUG:detector_container:Time to complete [AD Stage 2]: 0m 0.214s
2020-05-07 01:35:42,956:DEBUG:applicability_domain:k for Stage 3: 12
2020-05-07 01:35:42,997:DEBUG:applicability_domain:[AD Stage 3]: Size of train set: 14318
2020-05-07 01:35:44,149:DEBUG:applicability_domain:Train set likelihood: 0.980596
2020-05-07 01:35:44,149:DEBUG:detector_container:Time to complete [AD Stage 3]: 0m 1.194s
2020-05-07 01:35:44,156:INFO:defend_tree:Accuracy on DecisionTreeAttack set: 0.027000
2020-05-07 01:35:44,159:DEBUG:applicability_domain:Stage 1: blocked 0 inputs
2020-05-07 01:35:44,368:DEBUG:applicability_domain:Stage 2: blocked 581 inputs
2020-05-07 01:35:44,557:DEBUG:applicability_domain:Mean likelihood on adv: 0.981305
2020-05-07 01:35:44,557:DEBUG:applicability_domain:Stage 3: blocked 5 inputs
2020-05-07 01:35:44,557:INFO:defend_tree:Blocked 586/1000 samples on DecisionTreeAttack
2020-05-07 01:35:44,557:DEBUG:defend_tree:Load save/IrisNN_HTRU2_FGSM_x.npy...
2020-05-07 01:35:44,558:INFO:defend_tree:Accuracy on clean set: 0.973000
2020-05-07 01:35:44,562:DEBUG:applicability_domain:Stage 1: blocked 0 inputs
2020-05-07 01:35:44,770:DEBUG:applicability_domain:Stage 2: blocked 79 inputs
2020-05-07 01:35:44,994:DEBUG:applicability_domain:Mean likelihood on adv: 0.984256
2020-05-07 01:35:44,994:DEBUG:applicability_domain:Stage 3: blocked 13 inputs
2020-05-07 01:35:44,994:INFO:defend_tree:Blocked 92/1000 samples on clean
2020-05-07 01:35:44,994:DEBUG:defend_tree:Load save/IrisNN_HTRU2_FGSM_adv.npy...
2020-05-07 01:35:45,002:INFO:defend_tree:Accuracy on FGSM set: 0.725000
2020-05-07 01:35:45,005:DEBUG:applicability_domain:Stage 1: blocked 0 inputs
2020-05-07 01:35:45,212:DEBUG:applicability_domain:Stage 2: blocked 1000 inputs
2020-05-07 01:35:45,213:DEBUG:applicability_domain:Stage 3: blocked 0 inputs
2020-05-07 01:35:45,213:INFO:defend_tree:Blocked 1000/1000 samples on FGSM
2020-05-07 01:35:45,213:DEBUG:defend_tree:Load save/IrisNN_HTRU2_BIM_adv.npy...
2020-05-07 01:35:45,218:INFO:defend_tree:Accuracy on BIM set: 0.214000
2020-05-07 01:35:45,241:DEBUG:applicability_domain:Stage 1: blocked 0 inputs
2020-05-07 01:35:45,455:DEBUG:applicability_domain:Stage 2: blocked 1000 inputs
2020-05-07 01:35:45,456:DEBUG:applicability_domain:Stage 3: blocked 0 inputs
2020-05-07 01:35:45,456:INFO:defend_tree:Blocked 1000/1000 samples on BIM
2020-05-07 01:35:45,456:DEBUG:defend_tree:Load save/IrisNN_HTRU2_DeepFool_adv.npy...
2020-05-07 01:35:45,461:INFO:defend_tree:Accuracy on DeepFool set: 0.752000
2020-05-07 01:35:45,484:DEBUG:applicability_domain:Stage 1: blocked 0 inputs
2020-05-07 01:35:45,698:DEBUG:applicability_domain:Stage 2: blocked 850 inputs
2020-05-07 01:35:45,859:DEBUG:applicability_domain:Mean likelihood on adv: 0.857778
2020-05-07 01:35:45,859:DEBUG:applicability_domain:Stage 3: blocked 4 inputs
2020-05-07 01:35:45,859:INFO:defend_tree:Blocked 854/1000 samples on DeepFool
2020-05-07 01:35:45,860:DEBUG:defend_tree:Load save/IrisNN_HTRU2_Carlini_adv.npy...
2020-05-07 01:35:45,863:INFO:defend_tree:Accuracy on Carlini set: 0.687000
2020-05-07 01:35:45,870:DEBUG:applicability_domain:Stage 1: blocked 0 inputs
2020-05-07 01:35:46,078:DEBUG:applicability_domain:Stage 2: blocked 847 inputs
2020-05-07 01:35:46,235:DEBUG:applicability_domain:Mean likelihood on adv: 0.852397
2020-05-07 01:35:46,236:DEBUG:applicability_domain:Stage 3: blocked 5 inputs
2020-05-07 01:35:46,238:INFO:defend_tree:Blocked 852/1000 samples on Carlini
