2020-05-01 03:45:05,007:INFO:train:Start at      : 20200501034505
2020-05-01 03:45:05,008:INFO:train:RECEIVED PARAMETERS:
2020-05-01 03:45:05,008:INFO:train:dataset       :SVHN
2020-05-01 03:45:05,008:INFO:train:filename      :None
2020-05-01 03:45:05,008:INFO:train:max_epochs    :50
2020-05-01 03:45:05,008:INFO:train:batch_size    :128
2020-05-01 03:45:05,008:INFO:train:seed          :4096
2020-05-01 03:45:05,008:INFO:train:use_shuffle   :True
2020-05-01 03:45:05,008:INFO:train:use_normalize :True
2020-05-01 03:45:05,008:INFO:train:model_name    :CifarResnet50
2020-05-01 03:45:05,008:INFO:train:verbose       :True
2020-05-01 03:45:05,008:INFO:train:save_log      :True
2020-05-01 03:45:05,008:INFO:train:overwrite     :True
2020-05-01 03:45:05,008:DEBUG:utils:Setting random seed for PyTorch.
2020-05-01 03:45:05,034:DEBUG:utils:/home/lukec/workspace/aad/aad/../data
2020-05-01 03:45:14,836:INFO:data_container:Train size: 73257 - Test size: 26032
2020-05-01 03:45:14,836:INFO:data_container:Successfully load data. Time to complete: 0m 9.802s
2020-05-01 03:45:15,195:INFO:train:Selected CifarResnet50 model
2020-05-01 03:45:17,533:DEBUG:model_container_pt:Using device: cuda
2020-05-01 03:46:00,014:DEBUG:model_container_pt:[1/50]0m 42.465s: Train loss: 0.896136 acc: 0.698732 - Test loss: 0.427731 acc: 0.868738
2020-05-01 03:46:42,487:DEBUG:model_container_pt:[2/50]0m 42.458s: Train loss: 0.331057 acc: 0.897484 - Test loss: 0.300714 acc: 0.909304
2020-05-01 03:47:24,998:DEBUG:model_container_pt:[3/50]0m 42.497s: Train loss: 0.226280 acc: 0.931624 - Test loss: 0.279492 acc: 0.918485
2020-05-01 03:48:08,197:DEBUG:model_container_pt:[4/50]0m 43.184s: Train loss: 0.164097 acc: 0.949725 - Test loss: 0.282931 acc: 0.916910
2020-05-01 03:48:51,082:DEBUG:model_container_pt:[5/50]0m 42.886s: Train loss: 0.119232 acc: 0.963744 - Test loss: 0.293863 acc: 0.918139
2020-05-01 03:49:33,891:DEBUG:model_container_pt:[6/50]0m 42.809s: Train loss: 0.089575 acc: 0.973286 - Test loss: 0.329621 acc: 0.914067
2020-05-01 03:50:16,708:DEBUG:model_container_pt:[7/50]0m 42.817s: Train loss: 0.068259 acc: 0.979674 - Test loss: 0.324869 acc: 0.915681
2020-05-01 03:50:59,475:DEBUG:model_container_pt:[8/50]0m 42.767s: Train loss: 0.053091 acc: 0.982950 - Test loss: 0.356383 acc: 0.913875
2020-05-01 03:51:42,397:DEBUG:model_container_pt:[9/50]0m 42.922s: Train loss: 0.044547 acc: 0.986336 - Test loss: 0.368100 acc: 0.915834
2020-05-01 03:52:26,349:DEBUG:model_container_pt:[10/50]0m 43.952s: Train loss: 0.032633 acc: 0.989503 - Test loss: 0.391898 acc: 0.915796
2020-05-01 03:53:10,566:DEBUG:model_container_pt:[11/50]0m 44.217s: Train loss: 0.017300 acc: 0.994840 - Test loss: 0.372597 acc: 0.921443
2020-05-01 03:53:56,902:DEBUG:model_container_pt:[12/50]0m 46.321s: Train loss: 0.008852 acc: 0.997720 - Test loss: 0.380511 acc: 0.923210
2020-05-01 03:54:42,780:DEBUG:model_container_pt:[13/50]0m 45.863s: Train loss: 0.006907 acc: 0.998348 - Test loss: 0.380466 acc: 0.923594
2020-05-01 03:55:28,109:DEBUG:model_container_pt:[14/50]0m 45.315s: Train loss: 0.005378 acc: 0.998799 - Test loss: 0.387419 acc: 0.923440
2020-05-01 03:56:13,449:DEBUG:model_container_pt:[15/50]0m 45.339s: Train loss: 0.005543 acc: 0.998662 - Test loss: 0.390013 acc: 0.924285
2020-05-01 03:56:58,976:DEBUG:model_container_pt:[16/50]0m 45.513s: Train loss: 0.004444 acc: 0.998990 - Test loss: 0.397475 acc: 0.924055
2020-05-01 03:57:45,085:DEBUG:model_container_pt:[17/50]0m 46.109s: Train loss: 0.004001 acc: 0.999154 - Test loss: 0.397876 acc: 0.924708
2020-05-01 03:58:31,184:DEBUG:model_container_pt:[18/50]0m 46.084s: Train loss: 0.003242 acc: 0.999399 - Test loss: 0.402484 acc: 0.924670
2020-05-01 03:59:16,738:DEBUG:model_container_pt:[19/50]0m 45.553s: Train loss: 0.003089 acc: 0.999345 - Test loss: 0.401316 acc: 0.925131
2020-05-01 04:00:03,100:DEBUG:model_container_pt:[20/50]0m 46.348s: Train loss: 0.002984 acc: 0.999386 - Test loss: 0.403547 acc: 0.924785
2020-05-01 04:00:48,783:DEBUG:model_container_pt:[21/50]0m 45.683s: Train loss: 0.002217 acc: 0.999522 - Test loss: 0.394414 acc: 0.926321
2020-05-01 04:01:34,510:DEBUG:model_container_pt:[22/50]0m 45.712s: Train loss: 0.002030 acc: 0.999631 - Test loss: 0.405190 acc: 0.925400
2020-05-01 04:02:20,311:DEBUG:model_container_pt:[23/50]0m 45.801s: Train loss: 0.001970 acc: 0.999590 - Test loss: 0.404204 acc: 0.925745
2020-05-01 04:03:06,618:DEBUG:model_container_pt:[24/50]0m 46.307s: Train loss: 0.001736 acc: 0.999645 - Test loss: 0.404896 acc: 0.925515
2020-05-01 04:03:52,906:DEBUG:model_container_pt:[25/50]0m 46.288s: Train loss: 0.001538 acc: 0.999727 - Test loss: 0.408762 acc: 0.925284
2020-05-01 04:04:38,435:DEBUG:model_container_pt:[26/50]0m 45.529s: Train loss: 0.001799 acc: 0.999604 - Test loss: 0.410396 acc: 0.925207
2020-05-01 04:05:24,247:DEBUG:model_container_pt:[27/50]0m 45.812s: Train loss: 0.001761 acc: 0.999631 - Test loss: 0.411406 acc: 0.924746
2020-05-01 04:06:11,179:DEBUG:model_container_pt:[28/50]0m 46.932s: Train loss: 0.001726 acc: 0.999645 - Test loss: 0.407284 acc: 0.926321
2020-05-01 04:06:59,551:DEBUG:model_container_pt:[29/50]0m 48.357s: Train loss: 0.001186 acc: 0.999809 - Test loss: 0.414060 acc: 0.924900
2020-05-01 04:07:47,293:DEBUG:model_container_pt:[30/50]0m 47.742s: Train loss: 0.001401 acc: 0.999782 - Test loss: 0.416314 acc: 0.926014
2020-05-01 04:08:35,027:DEBUG:model_container_pt:[31/50]0m 47.733s: Train loss: 0.001153 acc: 0.999809 - Test loss: 0.407311 acc: 0.926206
2020-05-01 04:09:22,412:DEBUG:model_container_pt:[32/50]0m 47.385s: Train loss: 0.001424 acc: 0.999659 - Test loss: 0.411027 acc: 0.926821
2020-05-01 04:10:08,103:DEBUG:model_container_pt:[33/50]0m 45.676s: Train loss: 0.001227 acc: 0.999823 - Test loss: 0.420907 acc: 0.926014
2020-05-01 04:10:54,878:DEBUG:model_container_pt:[34/50]0m 46.775s: Train loss: 0.001076 acc: 0.999863 - Test loss: 0.420443 acc: 0.925438
2020-05-01 04:11:42,547:DEBUG:model_container_pt:[35/50]0m 47.668s: Train loss: 0.001045 acc: 0.999823 - Test loss: 0.416159 acc: 0.925553
2020-05-01 04:12:29,209:DEBUG:model_container_pt:[36/50]0m 46.662s: Train loss: 0.001092 acc: 0.999823 - Test loss: 0.421360 acc: 0.925822
2020-05-01 04:13:14,822:DEBUG:model_container_pt:[37/50]0m 45.613s: Train loss: 0.000837 acc: 0.999891 - Test loss: 0.411115 acc: 0.927359
2020-05-01 04:14:01,141:DEBUG:model_container_pt:[38/50]0m 46.304s: Train loss: 0.000903 acc: 0.999891 - Test loss: 0.422471 acc: 0.925707
2020-05-01 04:14:46,675:DEBUG:model_container_pt:[39/50]0m 45.534s: Train loss: 0.000993 acc: 0.999809 - Test loss: 0.428991 acc: 0.924478
2020-05-01 04:15:30,193:DEBUG:model_container_pt:[40/50]0m 43.518s: Train loss: 0.000962 acc: 0.999877 - Test loss: 0.418365 acc: 0.927282
2020-05-01 04:16:16,411:DEBUG:model_container_pt:[41/50]0m 46.217s: Train loss: 0.000921 acc: 0.999863 - Test loss: 0.426975 acc: 0.925323
2020-05-01 04:17:02,141:DEBUG:model_container_pt:[42/50]0m 45.730s: Train loss: 0.000855 acc: 0.999863 - Test loss: 0.422282 acc: 0.926014
2020-05-01 04:17:48,000:DEBUG:model_container_pt:[43/50]0m 45.858s: Train loss: 0.000881 acc: 0.999795 - Test loss: 0.420330 acc: 0.926590
2020-05-01 04:18:33,760:DEBUG:model_container_pt:[44/50]0m 45.761s: Train loss: 0.000933 acc: 0.999850 - Test loss: 0.421072 acc: 0.926245
2020-05-01 04:19:20,514:DEBUG:model_container_pt:[45/50]0m 46.753s: Train loss: 0.000986 acc: 0.999877 - Test loss: 0.420531 acc: 0.926821
2020-05-01 04:20:06,317:DEBUG:model_container_pt:[46/50]0m 45.803s: Train loss: 0.000838 acc: 0.999863 - Test loss: 0.420338 acc: 0.926821
2020-05-01 04:20:51,950:DEBUG:model_container_pt:[47/50]0m 45.633s: Train loss: 0.000806 acc: 0.999891 - Test loss: 0.425633 acc: 0.925630
2020-05-01 04:21:37,877:DEBUG:model_container_pt:[48/50]0m 45.927s: Train loss: 0.000794 acc: 0.999863 - Test loss: 0.423330 acc: 0.925515
2020-05-01 04:22:23,635:DEBUG:model_container_pt:[49/50]0m 45.758s: Train loss: 0.000834 acc: 0.999863 - Test loss: 0.429499 acc: 0.925207
2020-05-01 04:23:09,720:DEBUG:model_container_pt:[50/50]0m 46.085s: Train loss: 0.000786 acc: 0.999932 - Test loss: 0.421595 acc: 0.926283
2020-05-01 04:23:09,743:INFO:model_container_pt:Time to complete training: 37m 52.210s
2020-05-01 04:23:09,743:DEBUG:train:File name: CifarResnet50_SVHN_e50.pt
2020-05-01 04:23:09,804:INFO:model_container_pt:Saved model to save/CifarResnet50_SVHN_e50.pt
2020-05-01 04:23:09,804:DEBUG:train:Use saved parameters from CifarResnet50_SVHN_e50.pt
2020-05-01 04:23:09,859:INFO:model_container_pt:Loaded model from save/CifarResnet50_SVHN_e50.pt
2020-05-01 04:23:13,053:INFO:train:Accuracy on test set: 0.927359
