2020-05-01 04:25:00,287:INFO:train:Start at      : 20200501042500
2020-05-01 04:25:00,287:INFO:train:RECEIVED PARAMETERS:
2020-05-01 04:25:00,287:INFO:train:dataset       :BreastCancerWisconsin
2020-05-01 04:25:00,287:INFO:train:filename      :None
2020-05-01 04:25:00,287:INFO:train:max_epochs    :200
2020-05-01 04:25:00,287:INFO:train:batch_size    :128
2020-05-01 04:25:00,287:INFO:train:seed          :4096
2020-05-01 04:25:00,287:INFO:train:use_shuffle   :True
2020-05-01 04:25:00,287:INFO:train:use_normalize :True
2020-05-01 04:25:00,287:INFO:train:model_name    :None
2020-05-01 04:25:00,287:INFO:train:verbose       :True
2020-05-01 04:25:00,287:INFO:train:save_log      :True
2020-05-01 04:25:00,287:INFO:train:overwrite     :True
2020-05-01 04:25:00,288:DEBUG:utils:Setting random seed for PyTorch.
2020-05-01 04:25:00,313:DEBUG:utils:/home/lukec/workspace/aad/aad/../data
2020-05-01 04:25:00,313:DEBUG:data_container:Reading file /home/lukec/workspace/aad/aad/../data/BreastCancerWisconsin.csv
2020-05-01 04:25:00,327:INFO:data_container:Train size: 455 - Test size: 114
2020-05-01 04:25:00,327:INFO:data_container:Successfully load data. Time to complete: 0m 0.013s
2020-05-01 04:25:00,327:INFO:train:Selected BCNN model
2020-05-01 04:25:02,792:DEBUG:model_container_pt:Using device: cuda
2020-05-01 04:25:02,832:DEBUG:model_container_pt:[1/200]0m 0.039s: Train loss: 0.721674 acc: 0.373626 - Test loss: 0.711752 acc: 0.368421
2020-05-01 04:25:02,842:DEBUG:model_container_pt:[2/200]0m 0.010s: Train loss: 0.707035 acc: 0.373626 - Test loss: 0.699149 acc: 0.368421
2020-05-01 04:25:02,854:DEBUG:model_container_pt:[3/200]0m 0.012s: Train loss: 0.694028 acc: 0.373626 - Test loss: 0.685778 acc: 0.394737
2020-05-01 04:25:02,864:DEBUG:model_container_pt:[4/200]0m 0.010s: Train loss: 0.680555 acc: 0.727473 - Test loss: 0.669709 acc: 0.947368
2020-05-01 04:25:02,875:DEBUG:model_container_pt:[5/200]0m 0.010s: Train loss: 0.663372 acc: 0.927473 - Test loss: 0.648959 acc: 0.885965
2020-05-01 04:25:02,886:DEBUG:model_container_pt:[6/200]0m 0.011s: Train loss: 0.640244 acc: 0.901099 - Test loss: 0.620826 acc: 0.885965
2020-05-01 04:25:02,896:DEBUG:model_container_pt:[7/200]0m 0.010s: Train loss: 0.608821 acc: 0.914286 - Test loss: 0.581923 acc: 0.885965
2020-05-01 04:25:02,907:DEBUG:model_container_pt:[8/200]0m 0.010s: Train loss: 0.565294 acc: 0.914286 - Test loss: 0.530323 acc: 0.894737
2020-05-01 04:25:02,918:DEBUG:model_container_pt:[9/200]0m 0.012s: Train loss: 0.507965 acc: 0.920879 - Test loss: 0.464492 acc: 0.929825
2020-05-01 04:25:02,928:DEBUG:model_container_pt:[10/200]0m 0.009s: Train loss: 0.436838 acc: 0.931868 - Test loss: 0.390690 acc: 0.921053
2020-05-01 04:25:02,939:DEBUG:model_container_pt:[11/200]0m 0.011s: Train loss: 0.359565 acc: 0.934066 - Test loss: 0.315218 acc: 0.921053
2020-05-01 04:25:02,950:DEBUG:model_container_pt:[12/200]0m 0.011s: Train loss: 0.284624 acc: 0.942857 - Test loss: 0.251008 acc: 0.929825
2020-05-01 04:25:02,960:DEBUG:model_container_pt:[13/200]0m 0.009s: Train loss: 0.225794 acc: 0.940659 - Test loss: 0.206122 acc: 0.947368
2020-05-01 04:25:02,971:DEBUG:model_container_pt:[14/200]0m 0.011s: Train loss: 0.186678 acc: 0.951648 - Test loss: 0.174211 acc: 0.929825
2020-05-01 04:25:02,981:DEBUG:model_container_pt:[15/200]0m 0.010s: Train loss: 0.161461 acc: 0.942857 - Test loss: 0.166949 acc: 0.929825
2020-05-01 04:25:02,991:DEBUG:model_container_pt:[16/200]0m 0.010s: Train loss: 0.141334 acc: 0.960440 - Test loss: 0.143945 acc: 0.921053
2020-05-01 04:25:03,002:DEBUG:model_container_pt:[17/200]0m 0.011s: Train loss: 0.137387 acc: 0.953846 - Test loss: 0.142345 acc: 0.938596
2020-05-01 04:25:03,011:DEBUG:model_container_pt:[18/200]0m 0.009s: Train loss: 0.131240 acc: 0.947253 - Test loss: 0.129793 acc: 0.947368
2020-05-01 04:25:03,023:DEBUG:model_container_pt:[19/200]0m 0.010s: Train loss: 0.118824 acc: 0.962637 - Test loss: 0.120162 acc: 0.956140
2020-05-01 04:25:03,034:DEBUG:model_container_pt:[20/200]0m 0.011s: Train loss: 0.114066 acc: 0.964835 - Test loss: 0.121350 acc: 0.947368
2020-05-01 04:25:03,043:DEBUG:model_container_pt:[21/200]0m 0.009s: Train loss: 0.111021 acc: 0.969231 - Test loss: 0.109671 acc: 0.947368
2020-05-01 04:25:03,054:DEBUG:model_container_pt:[22/200]0m 0.011s: Train loss: 0.108014 acc: 0.971429 - Test loss: 0.109134 acc: 0.956140
2020-05-01 04:25:03,066:DEBUG:model_container_pt:[23/200]0m 0.011s: Train loss: 0.107330 acc: 0.973626 - Test loss: 0.112812 acc: 0.956140
2020-05-01 04:25:03,076:DEBUG:model_container_pt:[24/200]0m 0.009s: Train loss: 0.105654 acc: 0.980220 - Test loss: 0.100545 acc: 0.956140
2020-05-01 04:25:03,088:DEBUG:model_container_pt:[25/200]0m 0.011s: Train loss: 0.102180 acc: 0.978022 - Test loss: 0.104333 acc: 0.956140
2020-05-01 04:25:03,100:DEBUG:model_container_pt:[26/200]0m 0.011s: Train loss: 0.099854 acc: 0.980220 - Test loss: 0.096763 acc: 0.956140
2020-05-01 04:25:03,109:DEBUG:model_container_pt:[27/200]0m 0.009s: Train loss: 0.096995 acc: 0.982418 - Test loss: 0.092966 acc: 0.956140
2020-05-01 04:25:03,121:DEBUG:model_container_pt:[28/200]0m 0.011s: Train loss: 0.096870 acc: 0.978022 - Test loss: 0.090304 acc: 0.956140
2020-05-01 04:25:03,133:DEBUG:model_container_pt:[29/200]0m 0.011s: Train loss: 0.093887 acc: 0.982418 - Test loss: 0.093171 acc: 0.956140
2020-05-01 04:25:03,143:DEBUG:model_container_pt:[30/200]0m 0.009s: Train loss: 0.093041 acc: 0.980220 - Test loss: 0.086883 acc: 0.956140
2020-05-01 04:25:03,154:DEBUG:model_container_pt:[31/200]0m 0.011s: Train loss: 0.092595 acc: 0.980220 - Test loss: 0.086202 acc: 0.956140
2020-05-01 04:25:03,165:DEBUG:model_container_pt:[32/200]0m 0.010s: Train loss: 0.090075 acc: 0.982418 - Test loss: 0.086953 acc: 0.964912
2020-05-01 04:25:03,175:DEBUG:model_container_pt:[33/200]0m 0.010s: Train loss: 0.088855 acc: 0.982418 - Test loss: 0.082564 acc: 0.956140
2020-05-01 04:25:03,185:DEBUG:model_container_pt:[34/200]0m 0.011s: Train loss: 0.089325 acc: 0.973626 - Test loss: 0.085893 acc: 0.964912
2020-05-01 04:25:03,196:DEBUG:model_container_pt:[35/200]0m 0.011s: Train loss: 0.086868 acc: 0.980220 - Test loss: 0.080240 acc: 0.964912
2020-05-01 04:25:03,207:DEBUG:model_container_pt:[36/200]0m 0.010s: Train loss: 0.088853 acc: 0.975824 - Test loss: 0.083104 acc: 0.964912
2020-05-01 04:25:03,218:DEBUG:model_container_pt:[37/200]0m 0.011s: Train loss: 0.086539 acc: 0.984615 - Test loss: 0.078444 acc: 0.964912
2020-05-01 04:25:03,228:DEBUG:model_container_pt:[38/200]0m 0.009s: Train loss: 0.083921 acc: 0.984615 - Test loss: 0.084449 acc: 0.964912
2020-05-01 04:25:03,239:DEBUG:model_container_pt:[39/200]0m 0.011s: Train loss: 0.085660 acc: 0.980220 - Test loss: 0.080903 acc: 0.964912
2020-05-01 04:25:03,250:DEBUG:model_container_pt:[40/200]0m 0.011s: Train loss: 0.083018 acc: 0.984615 - Test loss: 0.076079 acc: 0.964912
2020-05-01 04:25:03,260:DEBUG:model_container_pt:[41/200]0m 0.009s: Train loss: 0.082649 acc: 0.982418 - Test loss: 0.079841 acc: 0.964912
2020-05-01 04:25:03,271:DEBUG:model_container_pt:[42/200]0m 0.011s: Train loss: 0.084538 acc: 0.980220 - Test loss: 0.076620 acc: 0.964912
2020-05-01 04:25:03,281:DEBUG:model_container_pt:[43/200]0m 0.010s: Train loss: 0.085861 acc: 0.978022 - Test loss: 0.075129 acc: 0.973684
2020-05-01 04:25:03,291:DEBUG:model_container_pt:[44/200]0m 0.010s: Train loss: 0.082730 acc: 0.984615 - Test loss: 0.086635 acc: 0.964912
2020-05-01 04:25:03,304:DEBUG:model_container_pt:[45/200]0m 0.012s: Train loss: 0.082768 acc: 0.980220 - Test loss: 0.073514 acc: 0.964912
2020-05-01 04:25:03,314:DEBUG:model_container_pt:[46/200]0m 0.010s: Train loss: 0.083128 acc: 0.980220 - Test loss: 0.074999 acc: 0.964912
2020-05-01 04:25:03,324:DEBUG:model_container_pt:[47/200]0m 0.010s: Train loss: 0.081490 acc: 0.982418 - Test loss: 0.075681 acc: 0.964912
2020-05-01 04:25:03,336:DEBUG:model_container_pt:[48/200]0m 0.011s: Train loss: 0.083383 acc: 0.980220 - Test loss: 0.072257 acc: 0.964912
2020-05-01 04:25:03,345:DEBUG:model_container_pt:[49/200]0m 0.009s: Train loss: 0.078422 acc: 0.982418 - Test loss: 0.076247 acc: 0.964912
2020-05-01 04:25:03,356:DEBUG:model_container_pt:[50/200]0m 0.011s: Train loss: 0.079881 acc: 0.980220 - Test loss: 0.072656 acc: 0.973684
2020-05-01 04:25:03,367:DEBUG:model_container_pt:[51/200]0m 0.011s: Train loss: 0.076682 acc: 0.982418 - Test loss: 0.071644 acc: 0.964912
2020-05-01 04:25:03,376:DEBUG:model_container_pt:[52/200]0m 0.009s: Train loss: 0.078994 acc: 0.982418 - Test loss: 0.074332 acc: 0.964912
2020-05-01 04:25:03,388:DEBUG:model_container_pt:[53/200]0m 0.011s: Train loss: 0.077290 acc: 0.982418 - Test loss: 0.072057 acc: 0.956140
2020-05-01 04:25:03,399:DEBUG:model_container_pt:[54/200]0m 0.011s: Train loss: 0.076428 acc: 0.984615 - Test loss: 0.071323 acc: 0.956140
2020-05-01 04:25:03,408:DEBUG:model_container_pt:[55/200]0m 0.009s: Train loss: 0.076371 acc: 0.984615 - Test loss: 0.072106 acc: 0.973684
2020-05-01 04:25:03,420:DEBUG:model_container_pt:[56/200]0m 0.011s: Train loss: 0.076557 acc: 0.982418 - Test loss: 0.072978 acc: 0.964912
2020-05-01 04:25:03,431:DEBUG:model_container_pt:[57/200]0m 0.011s: Train loss: 0.075185 acc: 0.984615 - Test loss: 0.069014 acc: 0.964912
2020-05-01 04:25:03,441:DEBUG:model_container_pt:[58/200]0m 0.010s: Train loss: 0.078864 acc: 0.980220 - Test loss: 0.070642 acc: 0.973684
2020-05-01 04:25:03,452:DEBUG:model_container_pt:[59/200]0m 0.011s: Train loss: 0.079763 acc: 0.982418 - Test loss: 0.073321 acc: 0.964912
2020-05-01 04:25:03,462:DEBUG:model_container_pt:[60/200]0m 0.009s: Train loss: 0.074370 acc: 0.984615 - Test loss: 0.068248 acc: 0.973684
2020-05-01 04:25:03,472:DEBUG:model_container_pt:[61/200]0m 0.010s: Train loss: 0.077371 acc: 0.980220 - Test loss: 0.069182 acc: 0.973684
2020-05-01 04:25:03,484:DEBUG:model_container_pt:[62/200]0m 0.011s: Train loss: 0.077246 acc: 0.978022 - Test loss: 0.070058 acc: 0.973684
2020-05-01 04:25:03,493:DEBUG:model_container_pt:[63/200]0m 0.009s: Train loss: 0.073901 acc: 0.984615 - Test loss: 0.068453 acc: 0.973684
2020-05-01 04:25:03,504:DEBUG:model_container_pt:[64/200]0m 0.010s: Train loss: 0.075926 acc: 0.984615 - Test loss: 0.071283 acc: 0.964912
2020-05-01 04:25:03,514:DEBUG:model_container_pt:[65/200]0m 0.010s: Train loss: 0.074560 acc: 0.982418 - Test loss: 0.069115 acc: 0.973684
2020-05-01 04:25:03,525:DEBUG:model_container_pt:[66/200]0m 0.009s: Train loss: 0.073896 acc: 0.984615 - Test loss: 0.068284 acc: 0.964912
2020-05-01 04:25:03,535:DEBUG:model_container_pt:[67/200]0m 0.011s: Train loss: 0.074131 acc: 0.984615 - Test loss: 0.069838 acc: 0.973684
2020-05-01 04:25:03,546:DEBUG:model_container_pt:[68/200]0m 0.010s: Train loss: 0.076063 acc: 0.980220 - Test loss: 0.072868 acc: 0.964912
2020-05-01 04:25:03,556:DEBUG:model_container_pt:[69/200]0m 0.010s: Train loss: 0.075139 acc: 0.982418 - Test loss: 0.068059 acc: 0.973684
2020-05-01 04:25:03,567:DEBUG:model_container_pt:[70/200]0m 0.010s: Train loss: 0.076851 acc: 0.984615 - Test loss: 0.070081 acc: 0.973684
2020-05-01 04:25:03,577:DEBUG:model_container_pt:[71/200]0m 0.009s: Train loss: 0.072072 acc: 0.984615 - Test loss: 0.067222 acc: 0.956140
2020-05-01 04:25:03,588:DEBUG:model_container_pt:[72/200]0m 0.011s: Train loss: 0.072993 acc: 0.984615 - Test loss: 0.068911 acc: 0.973684
2020-05-01 04:25:03,600:DEBUG:model_container_pt:[73/200]0m 0.011s: Train loss: 0.072187 acc: 0.982418 - Test loss: 0.068041 acc: 0.973684
2020-05-01 04:25:03,609:DEBUG:model_container_pt:[74/200]0m 0.009s: Train loss: 0.071679 acc: 0.984615 - Test loss: 0.066500 acc: 0.964912
2020-05-01 04:25:03,620:DEBUG:model_container_pt:[75/200]0m 0.011s: Train loss: 0.073631 acc: 0.984615 - Test loss: 0.067380 acc: 0.964912
2020-05-01 04:25:03,631:DEBUG:model_container_pt:[76/200]0m 0.011s: Train loss: 0.071193 acc: 0.984615 - Test loss: 0.071792 acc: 0.964912
2020-05-01 04:25:03,641:DEBUG:model_container_pt:[77/200]0m 0.010s: Train loss: 0.073577 acc: 0.982418 - Test loss: 0.066613 acc: 0.956140
2020-05-01 04:25:03,652:DEBUG:model_container_pt:[78/200]0m 0.011s: Train loss: 0.072837 acc: 0.980220 - Test loss: 0.066264 acc: 0.973684
2020-05-01 04:25:03,663:DEBUG:model_container_pt:[79/200]0m 0.010s: Train loss: 0.070634 acc: 0.984615 - Test loss: 0.072486 acc: 0.964912
2020-05-01 04:25:03,673:DEBUG:model_container_pt:[80/200]0m 0.010s: Train loss: 0.076259 acc: 0.980220 - Test loss: 0.067564 acc: 0.973684
2020-05-01 04:25:03,685:DEBUG:model_container_pt:[81/200]0m 0.011s: Train loss: 0.074759 acc: 0.984615 - Test loss: 0.067489 acc: 0.973684
2020-05-01 04:25:03,695:DEBUG:model_container_pt:[82/200]0m 0.009s: Train loss: 0.077338 acc: 0.980220 - Test loss: 0.076622 acc: 0.964912
2020-05-01 04:25:03,706:DEBUG:model_container_pt:[83/200]0m 0.011s: Train loss: 0.072894 acc: 0.982418 - Test loss: 0.067034 acc: 0.973684
2020-05-01 04:25:03,717:DEBUG:model_container_pt:[84/200]0m 0.011s: Train loss: 0.073861 acc: 0.980220 - Test loss: 0.066325 acc: 0.973684
2020-05-01 04:25:03,727:DEBUG:model_container_pt:[85/200]0m 0.010s: Train loss: 0.070676 acc: 0.986813 - Test loss: 0.070523 acc: 0.964912
2020-05-01 04:25:03,738:DEBUG:model_container_pt:[86/200]0m 0.011s: Train loss: 0.070679 acc: 0.982418 - Test loss: 0.065351 acc: 0.964912
2020-05-01 04:25:03,748:DEBUG:model_container_pt:[87/200]0m 0.010s: Train loss: 0.071072 acc: 0.984615 - Test loss: 0.064899 acc: 0.956140
2020-05-01 04:25:03,758:DEBUG:model_container_pt:[88/200]0m 0.010s: Train loss: 0.071524 acc: 0.986813 - Test loss: 0.064737 acc: 0.956140
2020-05-01 04:25:03,769:DEBUG:model_container_pt:[89/200]0m 0.010s: Train loss: 0.072209 acc: 0.984615 - Test loss: 0.064948 acc: 0.956140
2020-05-01 04:25:03,778:DEBUG:model_container_pt:[90/200]0m 0.009s: Train loss: 0.072605 acc: 0.982418 - Test loss: 0.068693 acc: 0.973684
2020-05-01 04:25:03,790:DEBUG:model_container_pt:[91/200]0m 0.011s: Train loss: 0.070464 acc: 0.982418 - Test loss: 0.065961 acc: 0.973684
2020-05-01 04:25:03,801:DEBUG:model_container_pt:[92/200]0m 0.011s: Train loss: 0.072577 acc: 0.984615 - Test loss: 0.067570 acc: 0.973684
2020-05-01 04:25:03,811:DEBUG:model_container_pt:[93/200]0m 0.009s: Train loss: 0.071675 acc: 0.986813 - Test loss: 0.065897 acc: 0.956140
2020-05-01 04:25:03,822:DEBUG:model_container_pt:[94/200]0m 0.011s: Train loss: 0.071933 acc: 0.980220 - Test loss: 0.067208 acc: 0.973684
2020-05-01 04:25:03,833:DEBUG:model_container_pt:[95/200]0m 0.010s: Train loss: 0.069401 acc: 0.986813 - Test loss: 0.065781 acc: 0.973684
2020-05-01 04:25:03,843:DEBUG:model_container_pt:[96/200]0m 0.009s: Train loss: 0.070848 acc: 0.986813 - Test loss: 0.067506 acc: 0.973684
2020-05-01 04:25:03,854:DEBUG:model_container_pt:[97/200]0m 0.011s: Train loss: 0.072642 acc: 0.984615 - Test loss: 0.067757 acc: 0.973684
2020-05-01 04:25:03,865:DEBUG:model_container_pt:[98/200]0m 0.010s: Train loss: 0.068478 acc: 0.984615 - Test loss: 0.066402 acc: 0.973684
2020-05-01 04:25:03,875:DEBUG:model_container_pt:[99/200]0m 0.010s: Train loss: 0.073385 acc: 0.980220 - Test loss: 0.066034 acc: 0.973684
2020-05-01 04:25:03,885:DEBUG:model_container_pt:[100/200]0m 0.010s: Train loss: 0.078823 acc: 0.978022 - Test loss: 0.069571 acc: 0.973684
2020-05-01 04:25:03,896:DEBUG:model_container_pt:[101/200]0m 0.011s: Train loss: 0.078490 acc: 0.980220 - Test loss: 0.067685 acc: 0.973684
2020-05-01 04:25:03,907:DEBUG:model_container_pt:[102/200]0m 0.010s: Train loss: 0.073739 acc: 0.980220 - Test loss: 0.081909 acc: 0.964912
2020-05-01 04:25:03,917:DEBUG:model_container_pt:[103/200]0m 0.010s: Train loss: 0.075756 acc: 0.978022 - Test loss: 0.065735 acc: 0.973684
2020-05-01 04:25:03,926:DEBUG:model_container_pt:[104/200]0m 0.009s: Train loss: 0.075726 acc: 0.980220 - Test loss: 0.065645 acc: 0.956140
2020-05-01 04:25:03,938:DEBUG:model_container_pt:[105/200]0m 0.011s: Train loss: 0.070382 acc: 0.984615 - Test loss: 0.066988 acc: 0.973684
2020-05-01 04:25:03,948:DEBUG:model_container_pt:[106/200]0m 0.010s: Train loss: 0.072043 acc: 0.984615 - Test loss: 0.066947 acc: 0.973684
2020-05-01 04:25:03,958:DEBUG:model_container_pt:[107/200]0m 0.010s: Train loss: 0.070093 acc: 0.986813 - Test loss: 0.065551 acc: 0.973684
2020-05-01 04:25:03,969:DEBUG:model_container_pt:[108/200]0m 0.010s: Train loss: 0.070570 acc: 0.986813 - Test loss: 0.066012 acc: 0.973684
2020-05-01 04:25:03,978:DEBUG:model_container_pt:[109/200]0m 0.009s: Train loss: 0.070562 acc: 0.984615 - Test loss: 0.065816 acc: 0.973684
2020-05-01 04:25:03,990:DEBUG:model_container_pt:[110/200]0m 0.011s: Train loss: 0.068697 acc: 0.986813 - Test loss: 0.064118 acc: 0.973684
2020-05-01 04:25:04,000:DEBUG:model_container_pt:[111/200]0m 0.010s: Train loss: 0.069458 acc: 0.984615 - Test loss: 0.064961 acc: 0.973684
2020-05-01 04:25:04,010:DEBUG:model_container_pt:[112/200]0m 0.009s: Train loss: 0.069095 acc: 0.982418 - Test loss: 0.066656 acc: 0.973684
2020-05-01 04:25:04,021:DEBUG:model_container_pt:[113/200]0m 0.011s: Train loss: 0.071192 acc: 0.982418 - Test loss: 0.062848 acc: 0.973684
2020-05-01 04:25:04,033:DEBUG:model_container_pt:[114/200]0m 0.011s: Train loss: 0.069572 acc: 0.984615 - Test loss: 0.066233 acc: 0.973684
2020-05-01 04:25:04,043:DEBUG:model_container_pt:[115/200]0m 0.010s: Train loss: 0.068458 acc: 0.984615 - Test loss: 0.062660 acc: 0.973684
2020-05-01 04:25:04,055:DEBUG:model_container_pt:[116/200]0m 0.011s: Train loss: 0.069256 acc: 0.984615 - Test loss: 0.063057 acc: 0.973684
2020-05-01 04:25:04,066:DEBUG:model_container_pt:[117/200]0m 0.011s: Train loss: 0.068453 acc: 0.984615 - Test loss: 0.064822 acc: 0.973684
2020-05-01 04:25:04,076:DEBUG:model_container_pt:[118/200]0m 0.009s: Train loss: 0.068796 acc: 0.986813 - Test loss: 0.066414 acc: 0.973684
2020-05-01 04:25:04,088:DEBUG:model_container_pt:[119/200]0m 0.011s: Train loss: 0.070198 acc: 0.982418 - Test loss: 0.064379 acc: 0.973684
2020-05-01 04:25:04,100:DEBUG:model_container_pt:[120/200]0m 0.012s: Train loss: 0.067887 acc: 0.986813 - Test loss: 0.064003 acc: 0.973684
2020-05-01 04:25:04,111:DEBUG:model_container_pt:[121/200]0m 0.010s: Train loss: 0.070754 acc: 0.989011 - Test loss: 0.064948 acc: 0.973684
2020-05-01 04:25:04,123:DEBUG:model_container_pt:[122/200]0m 0.012s: Train loss: 0.068365 acc: 0.984615 - Test loss: 0.064081 acc: 0.964912
2020-05-01 04:25:04,135:DEBUG:model_container_pt:[123/200]0m 0.012s: Train loss: 0.068111 acc: 0.984615 - Test loss: 0.065548 acc: 0.973684
2020-05-01 04:25:04,146:DEBUG:model_container_pt:[124/200]0m 0.011s: Train loss: 0.069626 acc: 0.982418 - Test loss: 0.064994 acc: 0.973684
2020-05-01 04:25:04,157:DEBUG:model_container_pt:[125/200]0m 0.010s: Train loss: 0.067835 acc: 0.986813 - Test loss: 0.063935 acc: 0.973684
2020-05-01 04:25:04,168:DEBUG:model_container_pt:[126/200]0m 0.011s: Train loss: 0.069942 acc: 0.986813 - Test loss: 0.063943 acc: 0.964912
2020-05-01 04:25:04,177:DEBUG:model_container_pt:[127/200]0m 0.009s: Train loss: 0.068741 acc: 0.986813 - Test loss: 0.067382 acc: 0.973684
2020-05-01 04:25:04,189:DEBUG:model_container_pt:[128/200]0m 0.011s: Train loss: 0.070446 acc: 0.982418 - Test loss: 0.063880 acc: 0.964912
2020-05-01 04:25:04,200:DEBUG:model_container_pt:[129/200]0m 0.011s: Train loss: 0.067906 acc: 0.984615 - Test loss: 0.064733 acc: 0.973684
2020-05-01 04:25:04,210:DEBUG:model_container_pt:[130/200]0m 0.009s: Train loss: 0.068203 acc: 0.984615 - Test loss: 0.063687 acc: 0.973684
2020-05-01 04:25:04,222:DEBUG:model_container_pt:[131/200]0m 0.012s: Train loss: 0.067716 acc: 0.984615 - Test loss: 0.063697 acc: 0.973684
2020-05-01 04:25:04,233:DEBUG:model_container_pt:[132/200]0m 0.011s: Train loss: 0.067172 acc: 0.986813 - Test loss: 0.064366 acc: 0.973684
2020-05-01 04:25:04,243:DEBUG:model_container_pt:[133/200]0m 0.010s: Train loss: 0.067705 acc: 0.986813 - Test loss: 0.062735 acc: 0.956140
2020-05-01 04:25:04,254:DEBUG:model_container_pt:[134/200]0m 0.011s: Train loss: 0.067376 acc: 0.984615 - Test loss: 0.063183 acc: 0.973684
2020-05-01 04:25:04,266:DEBUG:model_container_pt:[135/200]0m 0.011s: Train loss: 0.067315 acc: 0.986813 - Test loss: 0.063216 acc: 0.973684
2020-05-01 04:25:04,276:DEBUG:model_container_pt:[136/200]0m 0.009s: Train loss: 0.067392 acc: 0.984615 - Test loss: 0.062920 acc: 0.973684
2020-05-01 04:25:04,288:DEBUG:model_container_pt:[137/200]0m 0.011s: Train loss: 0.067338 acc: 0.984615 - Test loss: 0.064326 acc: 0.973684
2020-05-01 04:25:04,298:DEBUG:model_container_pt:[138/200]0m 0.010s: Train loss: 0.067295 acc: 0.986813 - Test loss: 0.062878 acc: 0.956140
2020-05-01 04:25:04,308:DEBUG:model_container_pt:[139/200]0m 0.009s: Train loss: 0.068410 acc: 0.986813 - Test loss: 0.063429 acc: 0.973684
2020-05-01 04:25:04,319:DEBUG:model_container_pt:[140/200]0m 0.010s: Train loss: 0.067472 acc: 0.986813 - Test loss: 0.066189 acc: 0.973684
2020-05-01 04:25:04,329:DEBUG:model_container_pt:[141/200]0m 0.010s: Train loss: 0.068191 acc: 0.984615 - Test loss: 0.063531 acc: 0.964912
2020-05-01 04:25:04,340:DEBUG:model_container_pt:[142/200]0m 0.010s: Train loss: 0.067875 acc: 0.984615 - Test loss: 0.064249 acc: 0.973684
2020-05-01 04:25:04,351:DEBUG:model_container_pt:[143/200]0m 0.011s: Train loss: 0.067554 acc: 0.984615 - Test loss: 0.065061 acc: 0.973684
2020-05-01 04:25:04,361:DEBUG:model_container_pt:[144/200]0m 0.009s: Train loss: 0.067802 acc: 0.986813 - Test loss: 0.065158 acc: 0.973684
2020-05-01 04:25:04,372:DEBUG:model_container_pt:[145/200]0m 0.010s: Train loss: 0.067060 acc: 0.986813 - Test loss: 0.063162 acc: 0.956140
2020-05-01 04:25:04,383:DEBUG:model_container_pt:[146/200]0m 0.011s: Train loss: 0.067496 acc: 0.984615 - Test loss: 0.063026 acc: 0.964912
2020-05-01 04:25:04,393:DEBUG:model_container_pt:[147/200]0m 0.010s: Train loss: 0.066814 acc: 0.984615 - Test loss: 0.063781 acc: 0.973684
2020-05-01 04:25:04,404:DEBUG:model_container_pt:[148/200]0m 0.011s: Train loss: 0.067991 acc: 0.984615 - Test loss: 0.063691 acc: 0.973684
2020-05-01 04:25:04,416:DEBUG:model_container_pt:[149/200]0m 0.011s: Train loss: 0.067191 acc: 0.986813 - Test loss: 0.062527 acc: 0.956140
2020-05-01 04:25:04,425:DEBUG:model_container_pt:[150/200]0m 0.009s: Train loss: 0.071153 acc: 0.982418 - Test loss: 0.062482 acc: 0.956140
2020-05-01 04:25:04,437:DEBUG:model_container_pt:[151/200]0m 0.011s: Train loss: 0.069289 acc: 0.984615 - Test loss: 0.066747 acc: 0.973684
2020-05-01 04:25:04,448:DEBUG:model_container_pt:[152/200]0m 0.011s: Train loss: 0.068482 acc: 0.986813 - Test loss: 0.062891 acc: 0.973684
2020-05-01 04:25:04,458:DEBUG:model_container_pt:[153/200]0m 0.009s: Train loss: 0.069433 acc: 0.984615 - Test loss: 0.064722 acc: 0.973684
2020-05-01 04:25:04,469:DEBUG:model_container_pt:[154/200]0m 0.011s: Train loss: 0.069370 acc: 0.980220 - Test loss: 0.067592 acc: 0.973684
2020-05-01 04:25:04,479:DEBUG:model_container_pt:[155/200]0m 0.010s: Train loss: 0.071684 acc: 0.986813 - Test loss: 0.063629 acc: 0.973684
2020-05-01 04:25:04,490:DEBUG:model_container_pt:[156/200]0m 0.010s: Train loss: 0.066333 acc: 0.986813 - Test loss: 0.070316 acc: 0.964912
2020-05-01 04:25:04,501:DEBUG:model_container_pt:[157/200]0m 0.011s: Train loss: 0.072723 acc: 0.978022 - Test loss: 0.063764 acc: 0.973684
2020-05-01 04:25:04,511:DEBUG:model_container_pt:[158/200]0m 0.009s: Train loss: 0.068055 acc: 0.986813 - Test loss: 0.063521 acc: 0.973684
2020-05-01 04:25:04,522:DEBUG:model_container_pt:[159/200]0m 0.011s: Train loss: 0.068220 acc: 0.986813 - Test loss: 0.065839 acc: 0.973684
2020-05-01 04:25:04,533:DEBUG:model_container_pt:[160/200]0m 0.010s: Train loss: 0.068976 acc: 0.980220 - Test loss: 0.063182 acc: 0.973684
2020-05-01 04:25:04,542:DEBUG:model_container_pt:[161/200]0m 0.009s: Train loss: 0.072701 acc: 0.984615 - Test loss: 0.062947 acc: 0.973684
2020-05-01 04:25:04,553:DEBUG:model_container_pt:[162/200]0m 0.011s: Train loss: 0.070061 acc: 0.982418 - Test loss: 0.073471 acc: 0.964912
2020-05-01 04:25:04,563:DEBUG:model_container_pt:[163/200]0m 0.009s: Train loss: 0.070384 acc: 0.984615 - Test loss: 0.062937 acc: 0.973684
2020-05-01 04:25:04,574:DEBUG:model_container_pt:[164/200]0m 0.010s: Train loss: 0.069175 acc: 0.986813 - Test loss: 0.063711 acc: 0.973684
2020-05-01 04:25:04,585:DEBUG:model_container_pt:[165/200]0m 0.011s: Train loss: 0.068839 acc: 0.980220 - Test loss: 0.067246 acc: 0.973684
2020-05-01 04:25:04,594:DEBUG:model_container_pt:[166/200]0m 0.009s: Train loss: 0.067643 acc: 0.984615 - Test loss: 0.063242 acc: 0.973684
2020-05-01 04:25:04,605:DEBUG:model_container_pt:[167/200]0m 0.011s: Train loss: 0.068641 acc: 0.986813 - Test loss: 0.063917 acc: 0.973684
2020-05-01 04:25:04,616:DEBUG:model_container_pt:[168/200]0m 0.010s: Train loss: 0.066982 acc: 0.986813 - Test loss: 0.065415 acc: 0.973684
2020-05-01 04:25:04,626:DEBUG:model_container_pt:[169/200]0m 0.010s: Train loss: 0.069891 acc: 0.984615 - Test loss: 0.065010 acc: 0.973684
2020-05-01 04:25:04,638:DEBUG:model_container_pt:[170/200]0m 0.011s: Train loss: 0.067187 acc: 0.986813 - Test loss: 0.065791 acc: 0.973684
2020-05-01 04:25:04,649:DEBUG:model_container_pt:[171/200]0m 0.011s: Train loss: 0.069360 acc: 0.982418 - Test loss: 0.064148 acc: 0.973684
2020-05-01 04:25:04,659:DEBUG:model_container_pt:[172/200]0m 0.009s: Train loss: 0.068709 acc: 0.986813 - Test loss: 0.063563 acc: 0.956140
2020-05-01 04:25:04,670:DEBUG:model_container_pt:[173/200]0m 0.011s: Train loss: 0.066460 acc: 0.984615 - Test loss: 0.067088 acc: 0.973684
2020-05-01 04:25:04,681:DEBUG:model_container_pt:[174/200]0m 0.010s: Train loss: 0.067902 acc: 0.984615 - Test loss: 0.064154 acc: 0.973684
2020-05-01 04:25:04,692:DEBUG:model_container_pt:[175/200]0m 0.011s: Train loss: 0.068019 acc: 0.984615 - Test loss: 0.063244 acc: 0.956140
2020-05-01 04:25:04,704:DEBUG:model_container_pt:[176/200]0m 0.011s: Train loss: 0.067210 acc: 0.982418 - Test loss: 0.066172 acc: 0.973684
2020-05-01 04:25:04,715:DEBUG:model_container_pt:[177/200]0m 0.011s: Train loss: 0.067274 acc: 0.984615 - Test loss: 0.062943 acc: 0.956140
2020-05-01 04:25:04,724:DEBUG:model_container_pt:[178/200]0m 0.010s: Train loss: 0.066782 acc: 0.984615 - Test loss: 0.063126 acc: 0.964912
2020-05-01 04:25:04,736:DEBUG:model_container_pt:[179/200]0m 0.011s: Train loss: 0.067078 acc: 0.986813 - Test loss: 0.064117 acc: 0.973684
2020-05-01 04:25:04,746:DEBUG:model_container_pt:[180/200]0m 0.010s: Train loss: 0.067119 acc: 0.984615 - Test loss: 0.063847 acc: 0.964912
2020-05-01 04:25:04,756:DEBUG:model_container_pt:[181/200]0m 0.010s: Train loss: 0.066854 acc: 0.989011 - Test loss: 0.064540 acc: 0.973684
2020-05-01 04:25:04,768:DEBUG:model_container_pt:[182/200]0m 0.011s: Train loss: 0.066710 acc: 0.986813 - Test loss: 0.065202 acc: 0.973684
2020-05-01 04:25:04,777:DEBUG:model_container_pt:[183/200]0m 0.009s: Train loss: 0.066981 acc: 0.986813 - Test loss: 0.064064 acc: 0.973684
2020-05-01 04:25:04,789:DEBUG:model_container_pt:[184/200]0m 0.011s: Train loss: 0.066581 acc: 0.986813 - Test loss: 0.063332 acc: 0.973684
2020-05-01 04:25:04,800:DEBUG:model_container_pt:[185/200]0m 0.011s: Train loss: 0.066903 acc: 0.984615 - Test loss: 0.063164 acc: 0.973684
2020-05-01 04:25:04,810:DEBUG:model_container_pt:[186/200]0m 0.009s: Train loss: 0.066055 acc: 0.986813 - Test loss: 0.065169 acc: 0.973684
2020-05-01 04:25:04,821:DEBUG:model_container_pt:[187/200]0m 0.011s: Train loss: 0.067185 acc: 0.984615 - Test loss: 0.062617 acc: 0.973684
2020-05-01 04:25:04,831:DEBUG:model_container_pt:[188/200]0m 0.010s: Train loss: 0.066341 acc: 0.986813 - Test loss: 0.062670 acc: 0.973684
2020-05-01 04:25:04,841:DEBUG:model_container_pt:[189/200]0m 0.010s: Train loss: 0.067151 acc: 0.982418 - Test loss: 0.063882 acc: 0.973684
2020-05-01 04:25:04,852:DEBUG:model_container_pt:[190/200]0m 0.010s: Train loss: 0.070416 acc: 0.984615 - Test loss: 0.062463 acc: 0.973684
2020-05-01 04:25:04,863:DEBUG:model_container_pt:[191/200]0m 0.010s: Train loss: 0.071111 acc: 0.982418 - Test loss: 0.066355 acc: 0.973684
2020-05-01 04:25:04,873:DEBUG:model_container_pt:[192/200]0m 0.010s: Train loss: 0.066530 acc: 0.989011 - Test loss: 0.064390 acc: 0.973684
2020-05-01 04:25:04,884:DEBUG:model_container_pt:[193/200]0m 0.010s: Train loss: 0.068718 acc: 0.984615 - Test loss: 0.068238 acc: 0.973684
2020-05-01 04:25:04,894:DEBUG:model_container_pt:[194/200]0m 0.009s: Train loss: 0.068393 acc: 0.984615 - Test loss: 0.064966 acc: 0.973684
2020-05-01 04:25:04,905:DEBUG:model_container_pt:[195/200]0m 0.010s: Train loss: 0.067328 acc: 0.984615 - Test loss: 0.064377 acc: 0.956140
2020-05-01 04:25:04,914:DEBUG:model_container_pt:[196/200]0m 0.010s: Train loss: 0.067983 acc: 0.989011 - Test loss: 0.065463 acc: 0.973684
2020-05-01 04:25:04,924:DEBUG:model_container_pt:[197/200]0m 0.009s: Train loss: 0.067057 acc: 0.989011 - Test loss: 0.065531 acc: 0.973684
2020-05-01 04:25:04,935:DEBUG:model_container_pt:[198/200]0m 0.011s: Train loss: 0.066923 acc: 0.989011 - Test loss: 0.064285 acc: 0.973684
2020-05-01 04:25:04,945:DEBUG:model_container_pt:[199/200]0m 0.009s: Train loss: 0.067712 acc: 0.986813 - Test loss: 0.063964 acc: 0.973684
2020-05-01 04:25:04,956:DEBUG:model_container_pt:[200/200]0m 0.010s: Train loss: 0.067523 acc: 0.986813 - Test loss: 0.063541 acc: 0.956140
2020-05-01 04:25:04,956:INFO:model_container_pt:Time to complete training: 0m 2.164s
2020-05-01 04:25:04,956:DEBUG:train:File name: BCNN_BreastCancerWisconsin_e200.pt
2020-05-01 04:25:04,957:INFO:model_container_pt:Saved model to save/BCNN_BreastCancerWisconsin_e200.pt
2020-05-01 04:25:04,957:DEBUG:train:Use saved parameters from BCNN_BreastCancerWisconsin_e200.pt
2020-05-01 04:25:04,957:INFO:model_container_pt:Loaded model from save/BCNN_BreastCancerWisconsin_e200.pt
2020-05-01 04:25:04,958:INFO:train:Accuracy on test set: 0.973684
