2020-05-01 04:25:53,534:INFO:train:Start at      : 20200501042553
2020-05-01 04:25:53,534:INFO:train:RECEIVED PARAMETERS:
2020-05-01 04:25:53,534:INFO:train:dataset       :Iris
2020-05-01 04:25:53,534:INFO:train:filename      :None
2020-05-01 04:25:53,534:INFO:train:max_epochs    :200
2020-05-01 04:25:53,534:INFO:train:batch_size    :128
2020-05-01 04:25:53,534:INFO:train:seed          :4096
2020-05-01 04:25:53,534:INFO:train:use_shuffle   :True
2020-05-01 04:25:53,535:INFO:train:use_normalize :True
2020-05-01 04:25:53,535:INFO:train:model_name    :None
2020-05-01 04:25:53,535:INFO:train:verbose       :True
2020-05-01 04:25:53,535:INFO:train:save_log      :True
2020-05-01 04:25:53,535:INFO:train:overwrite     :True
2020-05-01 04:25:53,535:DEBUG:utils:Setting random seed for PyTorch.
2020-05-01 04:25:53,556:DEBUG:utils:/home/lukec/workspace/aad/aad/../data
2020-05-01 04:25:53,556:DEBUG:data_container:Reading file /home/lukec/workspace/aad/aad/../data/iris.data
2020-05-01 04:25:53,569:INFO:data_container:Train size: 90 - Test size: 60
2020-05-01 04:25:53,569:INFO:data_container:Successfully load data. Time to complete: 0m 0.013s
2020-05-01 04:25:53,570:INFO:train:Selected IrisNN model
2020-05-01 04:25:56,016:DEBUG:model_container_pt:Using device: cuda
2020-05-01 04:25:56,050:DEBUG:model_container_pt:[1/200]0m 0.033s: Train loss: 1.127663 acc: 0.322222 - Test loss: 1.118185 acc: 0.350000
2020-05-01 04:25:56,053:DEBUG:model_container_pt:[2/200]0m 0.003s: Train loss: 1.126903 acc: 0.322222 - Test loss: 1.116786 acc: 0.350000
2020-05-01 04:25:56,055:DEBUG:model_container_pt:[3/200]0m 0.002s: Train loss: 1.125471 acc: 0.322222 - Test loss: 1.114814 acc: 0.350000
2020-05-01 04:25:56,058:DEBUG:model_container_pt:[4/200]0m 0.002s: Train loss: 1.123456 acc: 0.322222 - Test loss: 1.112361 acc: 0.350000
2020-05-01 04:25:56,060:DEBUG:model_container_pt:[5/200]0m 0.002s: Train loss: 1.120956 acc: 0.322222 - Test loss: 1.109526 acc: 0.350000
2020-05-01 04:25:56,062:DEBUG:model_container_pt:[6/200]0m 0.002s: Train loss: 1.118068 acc: 0.322222 - Test loss: 1.106412 acc: 0.350000
2020-05-01 04:25:56,066:DEBUG:model_container_pt:[7/200]0m 0.003s: Train loss: 1.114928 acc: 0.322222 - Test loss: 1.103143 acc: 0.350000
2020-05-01 04:25:56,069:DEBUG:model_container_pt:[8/200]0m 0.003s: Train loss: 1.111649 acc: 0.322222 - Test loss: 1.099859 acc: 0.350000
2020-05-01 04:25:56,071:DEBUG:model_container_pt:[9/200]0m 0.002s: Train loss: 1.108325 acc: 0.322222 - Test loss: 1.096529 acc: 0.350000
2020-05-01 04:25:56,074:DEBUG:model_container_pt:[10/200]0m 0.002s: Train loss: 1.105004 acc: 0.322222 - Test loss: 1.093208 acc: 0.350000
2020-05-01 04:25:56,076:DEBUG:model_container_pt:[11/200]0m 0.002s: Train loss: 1.101721 acc: 0.322222 - Test loss: 1.089967 acc: 0.350000
2020-05-01 04:25:56,078:DEBUG:model_container_pt:[12/200]0m 0.002s: Train loss: 1.098484 acc: 0.322222 - Test loss: 1.086822 acc: 0.350000
2020-05-01 04:25:56,081:DEBUG:model_container_pt:[13/200]0m 0.002s: Train loss: 1.095293 acc: 0.322222 - Test loss: 1.083742 acc: 0.350000
2020-05-01 04:25:56,085:DEBUG:model_container_pt:[14/200]0m 0.004s: Train loss: 1.092146 acc: 0.322222 - Test loss: 1.080713 acc: 0.350000
2020-05-01 04:25:56,088:DEBUG:model_container_pt:[15/200]0m 0.002s: Train loss: 1.089044 acc: 0.322222 - Test loss: 1.077701 acc: 0.350000
2020-05-01 04:25:56,090:DEBUG:model_container_pt:[16/200]0m 0.002s: Train loss: 1.085960 acc: 0.322222 - Test loss: 1.074722 acc: 0.350000
2020-05-01 04:25:56,092:DEBUG:model_container_pt:[17/200]0m 0.002s: Train loss: 1.082893 acc: 0.322222 - Test loss: 1.071803 acc: 0.350000
2020-05-01 04:25:56,095:DEBUG:model_container_pt:[18/200]0m 0.002s: Train loss: 1.079843 acc: 0.322222 - Test loss: 1.068923 acc: 0.350000
2020-05-01 04:25:56,097:DEBUG:model_container_pt:[19/200]0m 0.002s: Train loss: 1.076811 acc: 0.322222 - Test loss: 1.066064 acc: 0.350000
2020-05-01 04:25:56,100:DEBUG:model_container_pt:[20/200]0m 0.003s: Train loss: 1.073789 acc: 0.322222 - Test loss: 1.063212 acc: 0.350000
2020-05-01 04:25:56,103:DEBUG:model_container_pt:[21/200]0m 0.003s: Train loss: 1.070781 acc: 0.322222 - Test loss: 1.060356 acc: 0.350000
2020-05-01 04:25:56,106:DEBUG:model_container_pt:[22/200]0m 0.002s: Train loss: 1.067783 acc: 0.322222 - Test loss: 1.057484 acc: 0.350000
2020-05-01 04:25:56,108:DEBUG:model_container_pt:[23/200]0m 0.002s: Train loss: 1.064785 acc: 0.322222 - Test loss: 1.054596 acc: 0.350000
2020-05-01 04:25:56,110:DEBUG:model_container_pt:[24/200]0m 0.002s: Train loss: 1.061783 acc: 0.322222 - Test loss: 1.051689 acc: 0.350000
2020-05-01 04:25:56,113:DEBUG:model_container_pt:[25/200]0m 0.002s: Train loss: 1.058775 acc: 0.322222 - Test loss: 1.048754 acc: 0.350000
2020-05-01 04:25:56,116:DEBUG:model_container_pt:[26/200]0m 0.003s: Train loss: 1.055751 acc: 0.322222 - Test loss: 1.045789 acc: 0.350000
2020-05-01 04:25:56,119:DEBUG:model_container_pt:[27/200]0m 0.003s: Train loss: 1.052706 acc: 0.322222 - Test loss: 1.042783 acc: 0.350000
2020-05-01 04:25:56,122:DEBUG:model_container_pt:[28/200]0m 0.002s: Train loss: 1.049634 acc: 0.322222 - Test loss: 1.039728 acc: 0.383333
2020-05-01 04:25:56,124:DEBUG:model_container_pt:[29/200]0m 0.002s: Train loss: 1.046528 acc: 0.333333 - Test loss: 1.036618 acc: 0.416667
2020-05-01 04:25:56,127:DEBUG:model_container_pt:[30/200]0m 0.002s: Train loss: 1.043382 acc: 0.366667 - Test loss: 1.033444 acc: 0.466667
2020-05-01 04:25:56,129:DEBUG:model_container_pt:[31/200]0m 0.002s: Train loss: 1.040185 acc: 0.400000 - Test loss: 1.030199 acc: 0.566667
2020-05-01 04:25:56,133:DEBUG:model_container_pt:[32/200]0m 0.004s: Train loss: 1.036931 acc: 0.477778 - Test loss: 1.026877 acc: 0.583333
2020-05-01 04:25:56,136:DEBUG:model_container_pt:[33/200]0m 0.003s: Train loss: 1.033612 acc: 0.555556 - Test loss: 1.023469 acc: 0.633333
2020-05-01 04:25:56,139:DEBUG:model_container_pt:[34/200]0m 0.002s: Train loss: 1.030219 acc: 0.566667 - Test loss: 1.019966 acc: 0.666667
2020-05-01 04:25:56,141:DEBUG:model_container_pt:[35/200]0m 0.002s: Train loss: 1.026745 acc: 0.600000 - Test loss: 1.016360 acc: 0.666667
2020-05-01 04:25:56,144:DEBUG:model_container_pt:[36/200]0m 0.002s: Train loss: 1.023184 acc: 0.622222 - Test loss: 1.012646 acc: 0.666667
2020-05-01 04:25:56,146:DEBUG:model_container_pt:[37/200]0m 0.002s: Train loss: 1.019530 acc: 0.633333 - Test loss: 1.008817 acc: 0.666667
2020-05-01 04:25:56,150:DEBUG:model_container_pt:[38/200]0m 0.003s: Train loss: 1.015775 acc: 0.633333 - Test loss: 1.004870 acc: 0.666667
2020-05-01 04:25:56,153:DEBUG:model_container_pt:[39/200]0m 0.003s: Train loss: 1.011910 acc: 0.633333 - Test loss: 1.000793 acc: 0.683333
2020-05-01 04:25:56,155:DEBUG:model_container_pt:[40/200]0m 0.002s: Train loss: 1.007935 acc: 0.644444 - Test loss: 0.996587 acc: 0.683333
2020-05-01 04:25:56,157:DEBUG:model_container_pt:[41/200]0m 0.002s: Train loss: 1.003838 acc: 0.666667 - Test loss: 0.992245 acc: 0.683333
2020-05-01 04:25:56,160:DEBUG:model_container_pt:[42/200]0m 0.002s: Train loss: 0.999620 acc: 0.677778 - Test loss: 0.987765 acc: 0.700000
2020-05-01 04:25:56,162:DEBUG:model_container_pt:[43/200]0m 0.002s: Train loss: 0.995269 acc: 0.677778 - Test loss: 0.983132 acc: 0.700000
2020-05-01 04:25:56,164:DEBUG:model_container_pt:[44/200]0m 0.002s: Train loss: 0.990777 acc: 0.677778 - Test loss: 0.978341 acc: 0.700000
2020-05-01 04:25:56,168:DEBUG:model_container_pt:[45/200]0m 0.003s: Train loss: 0.986138 acc: 0.688889 - Test loss: 0.973406 acc: 0.700000
2020-05-01 04:25:56,171:DEBUG:model_container_pt:[46/200]0m 0.002s: Train loss: 0.981344 acc: 0.688889 - Test loss: 0.968310 acc: 0.700000
2020-05-01 04:25:56,173:DEBUG:model_container_pt:[47/200]0m 0.002s: Train loss: 0.976409 acc: 0.688889 - Test loss: 0.963068 acc: 0.700000
2020-05-01 04:25:56,175:DEBUG:model_container_pt:[48/200]0m 0.002s: Train loss: 0.971337 acc: 0.688889 - Test loss: 0.957650 acc: 0.700000
2020-05-01 04:25:56,178:DEBUG:model_container_pt:[49/200]0m 0.002s: Train loss: 0.966122 acc: 0.688889 - Test loss: 0.952092 acc: 0.700000
2020-05-01 04:25:56,180:DEBUG:model_container_pt:[50/200]0m 0.002s: Train loss: 0.960776 acc: 0.688889 - Test loss: 0.946405 acc: 0.700000
2020-05-01 04:25:56,184:DEBUG:model_container_pt:[51/200]0m 0.003s: Train loss: 0.955292 acc: 0.688889 - Test loss: 0.940571 acc: 0.700000
2020-05-01 04:25:56,186:DEBUG:model_container_pt:[52/200]0m 0.002s: Train loss: 0.949693 acc: 0.688889 - Test loss: 0.934594 acc: 0.700000
2020-05-01 04:25:56,189:DEBUG:model_container_pt:[53/200]0m 0.002s: Train loss: 0.943977 acc: 0.688889 - Test loss: 0.928454 acc: 0.700000
2020-05-01 04:25:56,191:DEBUG:model_container_pt:[54/200]0m 0.002s: Train loss: 0.938152 acc: 0.688889 - Test loss: 0.922146 acc: 0.700000
2020-05-01 04:25:56,193:DEBUG:model_container_pt:[55/200]0m 0.002s: Train loss: 0.932208 acc: 0.688889 - Test loss: 0.915657 acc: 0.700000
2020-05-01 04:25:56,196:DEBUG:model_container_pt:[56/200]0m 0.002s: Train loss: 0.926086 acc: 0.688889 - Test loss: 0.908981 acc: 0.700000
2020-05-01 04:25:56,198:DEBUG:model_container_pt:[57/200]0m 0.002s: Train loss: 0.919792 acc: 0.688889 - Test loss: 0.902131 acc: 0.700000
2020-05-01 04:25:56,201:DEBUG:model_container_pt:[58/200]0m 0.003s: Train loss: 0.913336 acc: 0.688889 - Test loss: 0.895115 acc: 0.700000
2020-05-01 04:25:56,204:DEBUG:model_container_pt:[59/200]0m 0.003s: Train loss: 0.906722 acc: 0.688889 - Test loss: 0.887946 acc: 0.700000
2020-05-01 04:25:56,207:DEBUG:model_container_pt:[60/200]0m 0.002s: Train loss: 0.899960 acc: 0.688889 - Test loss: 0.880638 acc: 0.700000
2020-05-01 04:25:56,209:DEBUG:model_container_pt:[61/200]0m 0.002s: Train loss: 0.893057 acc: 0.688889 - Test loss: 0.873206 acc: 0.700000
2020-05-01 04:25:56,211:DEBUG:model_container_pt:[62/200]0m 0.002s: Train loss: 0.886024 acc: 0.688889 - Test loss: 0.865657 acc: 0.700000
2020-05-01 04:25:56,214:DEBUG:model_container_pt:[63/200]0m 0.002s: Train loss: 0.878868 acc: 0.688889 - Test loss: 0.858001 acc: 0.700000
2020-05-01 04:25:56,218:DEBUG:model_container_pt:[64/200]0m 0.004s: Train loss: 0.871597 acc: 0.688889 - Test loss: 0.850262 acc: 0.700000
2020-05-01 04:25:56,221:DEBUG:model_container_pt:[65/200]0m 0.002s: Train loss: 0.864232 acc: 0.677778 - Test loss: 0.842441 acc: 0.700000
2020-05-01 04:25:56,223:DEBUG:model_container_pt:[66/200]0m 0.002s: Train loss: 0.856790 acc: 0.677778 - Test loss: 0.834564 acc: 0.700000
2020-05-01 04:25:56,225:DEBUG:model_container_pt:[67/200]0m 0.002s: Train loss: 0.849262 acc: 0.677778 - Test loss: 0.826757 acc: 0.700000
2020-05-01 04:25:56,228:DEBUG:model_container_pt:[68/200]0m 0.002s: Train loss: 0.841638 acc: 0.677778 - Test loss: 0.819032 acc: 0.700000
2020-05-01 04:25:56,230:DEBUG:model_container_pt:[69/200]0m 0.002s: Train loss: 0.834063 acc: 0.677778 - Test loss: 0.811403 acc: 0.700000
2020-05-01 04:25:56,234:DEBUG:model_container_pt:[70/200]0m 0.003s: Train loss: 0.826696 acc: 0.677778 - Test loss: 0.803922 acc: 0.700000
2020-05-01 04:25:56,237:DEBUG:model_container_pt:[71/200]0m 0.003s: Train loss: 0.819409 acc: 0.677778 - Test loss: 0.796508 acc: 0.700000
2020-05-01 04:25:56,239:DEBUG:model_container_pt:[72/200]0m 0.002s: Train loss: 0.812173 acc: 0.677778 - Test loss: 0.789289 acc: 0.700000
2020-05-01 04:25:56,241:DEBUG:model_container_pt:[73/200]0m 0.002s: Train loss: 0.805000 acc: 0.677778 - Test loss: 0.782089 acc: 0.700000
2020-05-01 04:25:56,244:DEBUG:model_container_pt:[74/200]0m 0.002s: Train loss: 0.797873 acc: 0.677778 - Test loss: 0.774876 acc: 0.700000
2020-05-01 04:25:56,246:DEBUG:model_container_pt:[75/200]0m 0.002s: Train loss: 0.790753 acc: 0.677778 - Test loss: 0.767669 acc: 0.700000
2020-05-01 04:25:56,250:DEBUG:model_container_pt:[76/200]0m 0.003s: Train loss: 0.783646 acc: 0.677778 - Test loss: 0.760477 acc: 0.700000
2020-05-01 04:25:56,253:DEBUG:model_container_pt:[77/200]0m 0.003s: Train loss: 0.776540 acc: 0.677778 - Test loss: 0.753318 acc: 0.700000
2020-05-01 04:25:56,255:DEBUG:model_container_pt:[78/200]0m 0.002s: Train loss: 0.769452 acc: 0.677778 - Test loss: 0.746193 acc: 0.700000
2020-05-01 04:25:56,258:DEBUG:model_container_pt:[79/200]0m 0.002s: Train loss: 0.762400 acc: 0.677778 - Test loss: 0.739134 acc: 0.700000
2020-05-01 04:25:56,260:DEBUG:model_container_pt:[80/200]0m 0.002s: Train loss: 0.755370 acc: 0.677778 - Test loss: 0.732122 acc: 0.700000
2020-05-01 04:25:56,262:DEBUG:model_container_pt:[81/200]0m 0.002s: Train loss: 0.748377 acc: 0.677778 - Test loss: 0.725161 acc: 0.700000
2020-05-01 04:25:56,266:DEBUG:model_container_pt:[82/200]0m 0.003s: Train loss: 0.741420 acc: 0.677778 - Test loss: 0.718262 acc: 0.700000
2020-05-01 04:25:56,269:DEBUG:model_container_pt:[83/200]0m 0.003s: Train loss: 0.734495 acc: 0.688889 - Test loss: 0.711435 acc: 0.700000
2020-05-01 04:25:56,271:DEBUG:model_container_pt:[84/200]0m 0.002s: Train loss: 0.727602 acc: 0.688889 - Test loss: 0.704673 acc: 0.700000
2020-05-01 04:25:56,274:DEBUG:model_container_pt:[85/200]0m 0.002s: Train loss: 0.720745 acc: 0.688889 - Test loss: 0.697984 acc: 0.700000
2020-05-01 04:25:56,276:DEBUG:model_container_pt:[86/200]0m 0.002s: Train loss: 0.713925 acc: 0.688889 - Test loss: 0.691362 acc: 0.700000
2020-05-01 04:25:56,278:DEBUG:model_container_pt:[87/200]0m 0.002s: Train loss: 0.707143 acc: 0.688889 - Test loss: 0.684802 acc: 0.700000
2020-05-01 04:25:56,281:DEBUG:model_container_pt:[88/200]0m 0.002s: Train loss: 0.700403 acc: 0.688889 - Test loss: 0.678316 acc: 0.700000
2020-05-01 04:25:56,285:DEBUG:model_container_pt:[89/200]0m 0.004s: Train loss: 0.693727 acc: 0.688889 - Test loss: 0.671908 acc: 0.700000
2020-05-01 04:25:56,287:DEBUG:model_container_pt:[90/200]0m 0.002s: Train loss: 0.687133 acc: 0.688889 - Test loss: 0.665586 acc: 0.700000
2020-05-01 04:25:56,290:DEBUG:model_container_pt:[91/200]0m 0.002s: Train loss: 0.680592 acc: 0.688889 - Test loss: 0.659332 acc: 0.700000
2020-05-01 04:25:56,292:DEBUG:model_container_pt:[92/200]0m 0.002s: Train loss: 0.674115 acc: 0.700000 - Test loss: 0.653149 acc: 0.700000
2020-05-01 04:25:56,294:DEBUG:model_container_pt:[93/200]0m 0.002s: Train loss: 0.667718 acc: 0.711111 - Test loss: 0.647049 acc: 0.700000
2020-05-01 04:25:56,296:DEBUG:model_container_pt:[94/200]0m 0.002s: Train loss: 0.661389 acc: 0.711111 - Test loss: 0.641022 acc: 0.700000
2020-05-01 04:25:56,300:DEBUG:model_container_pt:[95/200]0m 0.004s: Train loss: 0.655133 acc: 0.711111 - Test loss: 0.635068 acc: 0.700000
2020-05-01 04:25:56,303:DEBUG:model_container_pt:[96/200]0m 0.003s: Train loss: 0.648957 acc: 0.711111 - Test loss: 0.629184 acc: 0.700000
2020-05-01 04:25:56,306:DEBUG:model_container_pt:[97/200]0m 0.002s: Train loss: 0.642854 acc: 0.722222 - Test loss: 0.623371 acc: 0.700000
2020-05-01 04:25:56,308:DEBUG:model_container_pt:[98/200]0m 0.002s: Train loss: 0.636817 acc: 0.722222 - Test loss: 0.617631 acc: 0.700000
2020-05-01 04:25:56,311:DEBUG:model_container_pt:[99/200]0m 0.002s: Train loss: 0.630847 acc: 0.733333 - Test loss: 0.611965 acc: 0.716667
2020-05-01 04:25:56,313:DEBUG:model_container_pt:[100/200]0m 0.002s: Train loss: 0.624947 acc: 0.733333 - Test loss: 0.606368 acc: 0.716667
2020-05-01 04:25:56,317:DEBUG:model_container_pt:[101/200]0m 0.003s: Train loss: 0.619118 acc: 0.744444 - Test loss: 0.600837 acc: 0.716667
2020-05-01 04:25:56,320:DEBUG:model_container_pt:[102/200]0m 0.003s: Train loss: 0.613363 acc: 0.744444 - Test loss: 0.595375 acc: 0.716667
2020-05-01 04:25:56,322:DEBUG:model_container_pt:[103/200]0m 0.002s: Train loss: 0.607679 acc: 0.744444 - Test loss: 0.589984 acc: 0.733333
2020-05-01 04:25:56,324:DEBUG:model_container_pt:[104/200]0m 0.002s: Train loss: 0.602067 acc: 0.755556 - Test loss: 0.584660 acc: 0.733333
2020-05-01 04:25:56,327:DEBUG:model_container_pt:[105/200]0m 0.002s: Train loss: 0.596526 acc: 0.766667 - Test loss: 0.579400 acc: 0.733333
2020-05-01 04:25:56,329:DEBUG:model_container_pt:[106/200]0m 0.002s: Train loss: 0.591057 acc: 0.777778 - Test loss: 0.574206 acc: 0.766667
2020-05-01 04:25:56,331:DEBUG:model_container_pt:[107/200]0m 0.002s: Train loss: 0.585659 acc: 0.788889 - Test loss: 0.569073 acc: 0.766667
2020-05-01 04:25:56,335:DEBUG:model_container_pt:[108/200]0m 0.004s: Train loss: 0.580332 acc: 0.800000 - Test loss: 0.564006 acc: 0.766667
2020-05-01 04:25:56,338:DEBUG:model_container_pt:[109/200]0m 0.002s: Train loss: 0.575076 acc: 0.800000 - Test loss: 0.559004 acc: 0.800000
2020-05-01 04:25:56,340:DEBUG:model_container_pt:[110/200]0m 0.002s: Train loss: 0.569909 acc: 0.800000 - Test loss: 0.554062 acc: 0.800000
2020-05-01 04:25:56,342:DEBUG:model_container_pt:[111/200]0m 0.002s: Train loss: 0.564821 acc: 0.800000 - Test loss: 0.549184 acc: 0.816667
2020-05-01 04:25:56,344:DEBUG:model_container_pt:[112/200]0m 0.002s: Train loss: 0.559804 acc: 0.811111 - Test loss: 0.544367 acc: 0.816667
2020-05-01 04:25:56,347:DEBUG:model_container_pt:[113/200]0m 0.002s: Train loss: 0.554857 acc: 0.811111 - Test loss: 0.539611 acc: 0.816667
2020-05-01 04:25:56,350:DEBUG:model_container_pt:[114/200]0m 0.003s: Train loss: 0.549979 acc: 0.811111 - Test loss: 0.534916 acc: 0.816667
2020-05-01 04:25:56,353:DEBUG:model_container_pt:[115/200]0m 0.002s: Train loss: 0.545170 acc: 0.811111 - Test loss: 0.530288 acc: 0.816667
2020-05-01 04:25:56,356:DEBUG:model_container_pt:[116/200]0m 0.002s: Train loss: 0.540432 acc: 0.822222 - Test loss: 0.525725 acc: 0.816667
2020-05-01 04:25:56,358:DEBUG:model_container_pt:[117/200]0m 0.002s: Train loss: 0.535765 acc: 0.822222 - Test loss: 0.521226 acc: 0.816667
2020-05-01 04:25:56,360:DEBUG:model_container_pt:[118/200]0m 0.002s: Train loss: 0.531168 acc: 0.822222 - Test loss: 0.516792 acc: 0.816667
2020-05-01 04:25:56,363:DEBUG:model_container_pt:[119/200]0m 0.002s: Train loss: 0.526639 acc: 0.822222 - Test loss: 0.512422 acc: 0.816667
2020-05-01 04:25:56,366:DEBUG:model_container_pt:[120/200]0m 0.003s: Train loss: 0.522182 acc: 0.822222 - Test loss: 0.508122 acc: 0.816667
2020-05-01 04:25:56,370:DEBUG:model_container_pt:[121/200]0m 0.003s: Train loss: 0.517794 acc: 0.822222 - Test loss: 0.503887 acc: 0.816667
2020-05-01 04:25:56,372:DEBUG:model_container_pt:[122/200]0m 0.002s: Train loss: 0.513471 acc: 0.822222 - Test loss: 0.499715 acc: 0.816667
2020-05-01 04:25:56,374:DEBUG:model_container_pt:[123/200]0m 0.002s: Train loss: 0.509214 acc: 0.822222 - Test loss: 0.495609 acc: 0.816667
2020-05-01 04:25:56,377:DEBUG:model_container_pt:[124/200]0m 0.002s: Train loss: 0.505027 acc: 0.833333 - Test loss: 0.491566 acc: 0.816667
2020-05-01 04:25:56,379:DEBUG:model_container_pt:[125/200]0m 0.002s: Train loss: 0.500905 acc: 0.833333 - Test loss: 0.487587 acc: 0.816667
2020-05-01 04:25:56,383:DEBUG:model_container_pt:[126/200]0m 0.003s: Train loss: 0.496844 acc: 0.833333 - Test loss: 0.483672 acc: 0.816667
2020-05-01 04:25:56,386:DEBUG:model_container_pt:[127/200]0m 0.003s: Train loss: 0.492846 acc: 0.833333 - Test loss: 0.479820 acc: 0.816667
2020-05-01 04:25:56,388:DEBUG:model_container_pt:[128/200]0m 0.002s: Train loss: 0.488911 acc: 0.833333 - Test loss: 0.476027 acc: 0.816667
2020-05-01 04:25:56,390:DEBUG:model_container_pt:[129/200]0m 0.002s: Train loss: 0.485040 acc: 0.844444 - Test loss: 0.472294 acc: 0.816667
2020-05-01 04:25:56,393:DEBUG:model_container_pt:[130/200]0m 0.002s: Train loss: 0.481233 acc: 0.844444 - Test loss: 0.468621 acc: 0.833333
2020-05-01 04:25:56,395:DEBUG:model_container_pt:[131/200]0m 0.002s: Train loss: 0.477485 acc: 0.844444 - Test loss: 0.465007 acc: 0.833333
2020-05-01 04:25:56,397:DEBUG:model_container_pt:[132/200]0m 0.002s: Train loss: 0.473795 acc: 0.844444 - Test loss: 0.461449 acc: 0.850000
2020-05-01 04:25:56,401:DEBUG:model_container_pt:[133/200]0m 0.004s: Train loss: 0.470161 acc: 0.855556 - Test loss: 0.457949 acc: 0.866667
2020-05-01 04:25:56,404:DEBUG:model_container_pt:[134/200]0m 0.002s: Train loss: 0.466585 acc: 0.855556 - Test loss: 0.454502 acc: 0.866667
2020-05-01 04:25:56,406:DEBUG:model_container_pt:[135/200]0m 0.002s: Train loss: 0.463064 acc: 0.855556 - Test loss: 0.451109 acc: 0.866667
2020-05-01 04:25:56,408:DEBUG:model_container_pt:[136/200]0m 0.002s: Train loss: 0.459594 acc: 0.855556 - Test loss: 0.447766 acc: 0.883333
2020-05-01 04:25:56,411:DEBUG:model_container_pt:[137/200]0m 0.002s: Train loss: 0.456173 acc: 0.855556 - Test loss: 0.444473 acc: 0.883333
2020-05-01 04:25:56,413:DEBUG:model_container_pt:[138/200]0m 0.002s: Train loss: 0.452803 acc: 0.855556 - Test loss: 0.441229 acc: 0.883333
2020-05-01 04:25:56,417:DEBUG:model_container_pt:[139/200]0m 0.003s: Train loss: 0.449482 acc: 0.855556 - Test loss: 0.438032 acc: 0.883333
2020-05-01 04:25:56,420:DEBUG:model_container_pt:[140/200]0m 0.003s: Train loss: 0.446209 acc: 0.855556 - Test loss: 0.434880 acc: 0.883333
2020-05-01 04:25:56,422:DEBUG:model_container_pt:[141/200]0m 0.002s: Train loss: 0.442983 acc: 0.855556 - Test loss: 0.431774 acc: 0.883333
2020-05-01 04:25:56,424:DEBUG:model_container_pt:[142/200]0m 0.002s: Train loss: 0.439801 acc: 0.855556 - Test loss: 0.428713 acc: 0.883333
2020-05-01 04:25:56,427:DEBUG:model_container_pt:[143/200]0m 0.002s: Train loss: 0.436662 acc: 0.855556 - Test loss: 0.425692 acc: 0.883333
2020-05-01 04:25:56,429:DEBUG:model_container_pt:[144/200]0m 0.002s: Train loss: 0.433563 acc: 0.855556 - Test loss: 0.422712 acc: 0.883333
2020-05-01 04:25:56,433:DEBUG:model_container_pt:[145/200]0m 0.003s: Train loss: 0.430505 acc: 0.866667 - Test loss: 0.419772 acc: 0.883333
2020-05-01 04:25:56,436:DEBUG:model_container_pt:[146/200]0m 0.003s: Train loss: 0.427485 acc: 0.866667 - Test loss: 0.416869 acc: 0.883333
2020-05-01 04:25:56,438:DEBUG:model_container_pt:[147/200]0m 0.002s: Train loss: 0.424503 acc: 0.866667 - Test loss: 0.414003 acc: 0.883333
2020-05-01 04:25:56,441:DEBUG:model_container_pt:[148/200]0m 0.002s: Train loss: 0.421560 acc: 0.877778 - Test loss: 0.411171 acc: 0.883333
2020-05-01 04:25:56,443:DEBUG:model_container_pt:[149/200]0m 0.002s: Train loss: 0.418652 acc: 0.877778 - Test loss: 0.408373 acc: 0.916667
2020-05-01 04:25:56,445:DEBUG:model_container_pt:[150/200]0m 0.002s: Train loss: 0.415776 acc: 0.877778 - Test loss: 0.405605 acc: 0.916667
2020-05-01 04:25:56,448:DEBUG:model_container_pt:[151/200]0m 0.002s: Train loss: 0.412933 acc: 0.911111 - Test loss: 0.402867 acc: 0.933333
2020-05-01 04:25:56,452:DEBUG:model_container_pt:[152/200]0m 0.004s: Train loss: 0.410120 acc: 0.911111 - Test loss: 0.400157 acc: 0.916667
2020-05-01 04:25:56,454:DEBUG:model_container_pt:[153/200]0m 0.002s: Train loss: 0.407337 acc: 0.911111 - Test loss: 0.397474 acc: 0.916667
2020-05-01 04:25:56,456:DEBUG:model_container_pt:[154/200]0m 0.002s: Train loss: 0.404582 acc: 0.911111 - Test loss: 0.394817 acc: 0.916667
2020-05-01 04:25:56,458:DEBUG:model_container_pt:[155/200]0m 0.002s: Train loss: 0.401854 acc: 0.911111 - Test loss: 0.392185 acc: 0.916667
2020-05-01 04:25:56,460:DEBUG:model_container_pt:[156/200]0m 0.002s: Train loss: 0.399153 acc: 0.922222 - Test loss: 0.389578 acc: 0.916667
2020-05-01 04:25:56,462:DEBUG:model_container_pt:[157/200]0m 0.002s: Train loss: 0.396477 acc: 0.922222 - Test loss: 0.386995 acc: 0.916667
2020-05-01 04:25:56,464:DEBUG:model_container_pt:[158/200]0m 0.002s: Train loss: 0.393827 acc: 0.922222 - Test loss: 0.384434 acc: 0.916667
2020-05-01 04:25:56,468:DEBUG:model_container_pt:[159/200]0m 0.004s: Train loss: 0.391201 acc: 0.922222 - Test loss: 0.381897 acc: 0.916667
2020-05-01 04:25:56,470:DEBUG:model_container_pt:[160/200]0m 0.002s: Train loss: 0.388599 acc: 0.922222 - Test loss: 0.379384 acc: 0.916667
2020-05-01 04:25:56,472:DEBUG:model_container_pt:[161/200]0m 0.002s: Train loss: 0.386019 acc: 0.922222 - Test loss: 0.376892 acc: 0.916667
2020-05-01 04:25:56,474:DEBUG:model_container_pt:[162/200]0m 0.002s: Train loss: 0.383461 acc: 0.922222 - Test loss: 0.374419 acc: 0.916667
2020-05-01 04:25:56,477:DEBUG:model_container_pt:[163/200]0m 0.002s: Train loss: 0.380925 acc: 0.922222 - Test loss: 0.371966 acc: 0.916667
2020-05-01 04:25:56,479:DEBUG:model_container_pt:[164/200]0m 0.002s: Train loss: 0.378408 acc: 0.922222 - Test loss: 0.369530 acc: 0.916667
2020-05-01 04:25:56,481:DEBUG:model_container_pt:[165/200]0m 0.002s: Train loss: 0.375909 acc: 0.922222 - Test loss: 0.367111 acc: 0.916667
2020-05-01 04:25:56,484:DEBUG:model_container_pt:[166/200]0m 0.003s: Train loss: 0.373429 acc: 0.922222 - Test loss: 0.364711 acc: 0.916667
2020-05-01 04:25:56,486:DEBUG:model_container_pt:[167/200]0m 0.002s: Train loss: 0.370966 acc: 0.922222 - Test loss: 0.362326 acc: 0.916667
2020-05-01 04:25:56,488:DEBUG:model_container_pt:[168/200]0m 0.002s: Train loss: 0.368519 acc: 0.922222 - Test loss: 0.359957 acc: 0.916667
2020-05-01 04:25:56,490:DEBUG:model_container_pt:[169/200]0m 0.002s: Train loss: 0.366088 acc: 0.922222 - Test loss: 0.357603 acc: 0.916667
2020-05-01 04:25:56,492:DEBUG:model_container_pt:[170/200]0m 0.002s: Train loss: 0.363672 acc: 0.922222 - Test loss: 0.355263 acc: 0.916667
2020-05-01 04:25:56,494:DEBUG:model_container_pt:[171/200]0m 0.002s: Train loss: 0.361271 acc: 0.922222 - Test loss: 0.352937 acc: 0.916667
2020-05-01 04:25:56,496:DEBUG:model_container_pt:[172/200]0m 0.002s: Train loss: 0.358884 acc: 0.922222 - Test loss: 0.350625 acc: 0.933333
2020-05-01 04:25:56,500:DEBUG:model_container_pt:[173/200]0m 0.003s: Train loss: 0.356511 acc: 0.922222 - Test loss: 0.348325 acc: 0.933333
2020-05-01 04:25:56,504:DEBUG:model_container_pt:[174/200]0m 0.003s: Train loss: 0.354151 acc: 0.922222 - Test loss: 0.346037 acc: 0.933333
2020-05-01 04:25:56,506:DEBUG:model_container_pt:[175/200]0m 0.002s: Train loss: 0.351804 acc: 0.922222 - Test loss: 0.343760 acc: 0.933333
2020-05-01 04:25:56,508:DEBUG:model_container_pt:[176/200]0m 0.002s: Train loss: 0.349469 acc: 0.922222 - Test loss: 0.341495 acc: 0.933333
2020-05-01 04:25:56,510:DEBUG:model_container_pt:[177/200]0m 0.002s: Train loss: 0.347146 acc: 0.933333 - Test loss: 0.339239 acc: 0.933333
2020-05-01 04:25:56,513:DEBUG:model_container_pt:[178/200]0m 0.002s: Train loss: 0.344834 acc: 0.933333 - Test loss: 0.336994 acc: 0.933333
2020-05-01 04:25:56,516:DEBUG:model_container_pt:[179/200]0m 0.003s: Train loss: 0.342533 acc: 0.933333 - Test loss: 0.334759 acc: 0.933333
2020-05-01 04:25:56,519:DEBUG:model_container_pt:[180/200]0m 0.003s: Train loss: 0.340242 acc: 0.933333 - Test loss: 0.332533 acc: 0.933333
2020-05-01 04:25:56,522:DEBUG:model_container_pt:[181/200]0m 0.002s: Train loss: 0.337963 acc: 0.933333 - Test loss: 0.330315 acc: 0.933333
2020-05-01 04:25:56,525:DEBUG:model_container_pt:[182/200]0m 0.002s: Train loss: 0.335694 acc: 0.944444 - Test loss: 0.328107 acc: 0.933333
2020-05-01 04:25:56,527:DEBUG:model_container_pt:[183/200]0m 0.002s: Train loss: 0.333435 acc: 0.955556 - Test loss: 0.325907 acc: 0.933333
2020-05-01 04:25:56,529:DEBUG:model_container_pt:[184/200]0m 0.002s: Train loss: 0.331185 acc: 0.955556 - Test loss: 0.323715 acc: 0.933333
2020-05-01 04:25:56,533:DEBUG:model_container_pt:[185/200]0m 0.003s: Train loss: 0.328945 acc: 0.955556 - Test loss: 0.321532 acc: 0.933333
2020-05-01 04:25:56,536:DEBUG:model_container_pt:[186/200]0m 0.003s: Train loss: 0.326715 acc: 0.955556 - Test loss: 0.319357 acc: 0.933333
2020-05-01 04:25:56,539:DEBUG:model_container_pt:[187/200]0m 0.002s: Train loss: 0.324495 acc: 0.955556 - Test loss: 0.317194 acc: 0.933333
2020-05-01 04:25:56,541:DEBUG:model_container_pt:[188/200]0m 0.002s: Train loss: 0.322285 acc: 0.955556 - Test loss: 0.315041 acc: 0.933333
2020-05-01 04:25:56,544:DEBUG:model_container_pt:[189/200]0m 0.002s: Train loss: 0.320083 acc: 0.955556 - Test loss: 0.312896 acc: 0.933333
2020-05-01 04:25:56,546:DEBUG:model_container_pt:[190/200]0m 0.002s: Train loss: 0.317892 acc: 0.955556 - Test loss: 0.310761 acc: 0.933333
2020-05-01 04:25:56,550:DEBUG:model_container_pt:[191/200]0m 0.003s: Train loss: 0.315710 acc: 0.966667 - Test loss: 0.308636 acc: 0.933333
2020-05-01 04:25:56,553:DEBUG:model_container_pt:[192/200]0m 0.003s: Train loss: 0.313537 acc: 0.966667 - Test loss: 0.306521 acc: 0.933333
2020-05-01 04:25:56,555:DEBUG:model_container_pt:[193/200]0m 0.002s: Train loss: 0.311374 acc: 0.966667 - Test loss: 0.304417 acc: 0.933333
2020-05-01 04:25:56,558:DEBUG:model_container_pt:[194/200]0m 0.002s: Train loss: 0.309220 acc: 0.966667 - Test loss: 0.302324 acc: 0.933333
2020-05-01 04:25:56,560:DEBUG:model_container_pt:[195/200]0m 0.002s: Train loss: 0.307076 acc: 0.966667 - Test loss: 0.300241 acc: 0.933333
2020-05-01 04:25:56,563:DEBUG:model_container_pt:[196/200]0m 0.002s: Train loss: 0.304940 acc: 0.966667 - Test loss: 0.298167 acc: 0.933333
2020-05-01 04:25:56,567:DEBUG:model_container_pt:[197/200]0m 0.004s: Train loss: 0.302814 acc: 0.966667 - Test loss: 0.296103 acc: 0.933333
2020-05-01 04:25:56,570:DEBUG:model_container_pt:[198/200]0m 0.003s: Train loss: 0.300697 acc: 0.966667 - Test loss: 0.294048 acc: 0.933333
2020-05-01 04:25:56,573:DEBUG:model_container_pt:[199/200]0m 0.003s: Train loss: 0.298590 acc: 0.966667 - Test loss: 0.292004 acc: 0.933333
2020-05-01 04:25:56,576:DEBUG:model_container_pt:[200/200]0m 0.002s: Train loss: 0.296492 acc: 0.966667 - Test loss: 0.289968 acc: 0.933333
2020-05-01 04:25:56,576:INFO:model_container_pt:Time to complete training: 0m 0.560s
2020-05-01 04:25:56,576:DEBUG:train:File name: IrisNN_Iris_e200.pt
2020-05-01 04:25:56,577:INFO:model_container_pt:Saved model to save/IrisNN_Iris_e200.pt
2020-05-01 04:25:56,577:DEBUG:train:Use saved parameters from IrisNN_Iris_e200.pt
2020-05-01 04:25:56,577:INFO:model_container_pt:Loaded model from save/IrisNN_Iris_e200.pt
2020-05-01 04:25:56,578:INFO:train:Accuracy on test set: 0.933333
