2020-05-01 03:14:17,010:INFO:train:Start at      : 20200501031417
2020-05-01 03:14:17,010:INFO:train:RECEIVED PARAMETERS:
2020-05-01 03:14:17,010:INFO:train:dataset       :CIFAR10
2020-05-01 03:14:17,010:INFO:train:filename      :None
2020-05-01 03:14:17,010:INFO:train:max_epochs    :50
2020-05-01 03:14:17,010:INFO:train:batch_size    :128
2020-05-01 03:14:17,010:INFO:train:seed          :4096
2020-05-01 03:14:17,010:INFO:train:use_shuffle   :True
2020-05-01 03:14:17,011:INFO:train:use_normalize :True
2020-05-01 03:14:17,011:INFO:train:model_name    :CifarResnet50
2020-05-01 03:14:17,011:INFO:train:verbose       :True
2020-05-01 03:14:17,011:INFO:train:save_log      :True
2020-05-01 03:14:17,011:INFO:train:overwrite     :True
2020-05-01 03:14:17,011:DEBUG:utils:Setting random seed for PyTorch.
2020-05-01 03:14:17,033:DEBUG:utils:/home/lukec/workspace/aad/aad/../data
2020-05-01 03:14:22,559:INFO:data_container:Train size: 50000 - Test size: 10000
2020-05-01 03:14:22,559:INFO:data_container:Successfully load data. Time to complete: 0m 5.526s
2020-05-01 03:14:22,909:INFO:train:Selected CifarResnet50 model
2020-05-01 03:14:25,182:DEBUG:model_container_pt:Using device: cuda
2020-05-01 03:14:52,392:DEBUG:model_container_pt:[1/50]0m 27.194s: Train loss: 1.140439 acc: 0.605480 - Test loss: 0.730727 acc: 0.746200
2020-05-01 03:15:19,537:DEBUG:model_container_pt:[2/50]0m 27.131s: Train loss: 0.574134 acc: 0.802320 - Test loss: 0.627646 acc: 0.783800
2020-05-01 03:15:46,607:DEBUG:model_container_pt:[3/50]0m 27.055s: Train loss: 0.363311 acc: 0.875460 - Test loss: 0.623278 acc: 0.798900
2020-05-01 03:16:13,775:DEBUG:model_container_pt:[4/50]0m 27.153s: Train loss: 0.224512 acc: 0.924820 - Test loss: 0.674965 acc: 0.800400
2020-05-01 03:16:41,137:DEBUG:model_container_pt:[5/50]0m 27.348s: Train loss: 0.141602 acc: 0.954840 - Test loss: 0.762922 acc: 0.794800
2020-05-01 03:17:08,320:DEBUG:model_container_pt:[6/50]0m 27.183s: Train loss: 0.094348 acc: 0.968980 - Test loss: 0.802407 acc: 0.798400
2020-05-01 03:17:34,901:DEBUG:model_container_pt:[7/50]0m 26.580s: Train loss: 0.074056 acc: 0.975720 - Test loss: 0.839389 acc: 0.807200
2020-05-01 03:18:01,661:DEBUG:model_container_pt:[8/50]0m 26.747s: Train loss: 0.060777 acc: 0.979900 - Test loss: 0.831918 acc: 0.806500
2020-05-01 03:18:29,209:DEBUG:model_container_pt:[9/50]0m 27.547s: Train loss: 0.048291 acc: 0.984680 - Test loss: 0.896548 acc: 0.804900
2020-05-01 03:18:56,750:DEBUG:model_container_pt:[10/50]0m 27.542s: Train loss: 0.039725 acc: 0.987100 - Test loss: 0.888653 acc: 0.814000
2020-05-01 03:19:23,920:DEBUG:model_container_pt:[11/50]0m 27.156s: Train loss: 0.025683 acc: 0.992000 - Test loss: 0.868051 acc: 0.816000
2020-05-01 03:19:51,036:DEBUG:model_container_pt:[12/50]0m 27.101s: Train loss: 0.013936 acc: 0.995880 - Test loss: 0.879555 acc: 0.818800
2020-05-01 03:20:17,846:DEBUG:model_container_pt:[13/50]0m 26.795s: Train loss: 0.010235 acc: 0.997600 - Test loss: 0.898186 acc: 0.818400
2020-05-01 03:20:44,847:DEBUG:model_container_pt:[14/50]0m 27.001s: Train loss: 0.009013 acc: 0.997940 - Test loss: 0.900833 acc: 0.818600
2020-05-01 03:21:11,761:DEBUG:model_container_pt:[15/50]0m 26.914s: Train loss: 0.007734 acc: 0.998040 - Test loss: 0.907026 acc: 0.820000
2020-05-01 03:21:39,207:DEBUG:model_container_pt:[16/50]0m 27.432s: Train loss: 0.007024 acc: 0.998360 - Test loss: 0.925163 acc: 0.819700
2020-05-01 03:22:07,649:DEBUG:model_container_pt:[17/50]0m 28.442s: Train loss: 0.006138 acc: 0.998520 - Test loss: 0.933915 acc: 0.819100
2020-05-01 03:22:35,849:DEBUG:model_container_pt:[18/50]0m 28.200s: Train loss: 0.005973 acc: 0.998520 - Test loss: 0.947600 acc: 0.819600
2020-05-01 03:23:03,389:DEBUG:model_container_pt:[19/50]0m 27.540s: Train loss: 0.004828 acc: 0.998860 - Test loss: 0.937060 acc: 0.819700
2020-05-01 03:23:29,728:DEBUG:model_container_pt:[20/50]0m 26.339s: Train loss: 0.005254 acc: 0.998720 - Test loss: 0.952032 acc: 0.819000
2020-05-01 03:23:56,300:DEBUG:model_container_pt:[21/50]0m 26.572s: Train loss: 0.004434 acc: 0.999020 - Test loss: 0.968807 acc: 0.818900
2020-05-01 03:24:23,009:DEBUG:model_container_pt:[22/50]0m 26.709s: Train loss: 0.003582 acc: 0.999340 - Test loss: 0.952928 acc: 0.820200
2020-05-01 03:24:49,739:DEBUG:model_container_pt:[23/50]0m 26.716s: Train loss: 0.003389 acc: 0.999380 - Test loss: 0.956375 acc: 0.820700
2020-05-01 03:25:16,855:DEBUG:model_container_pt:[24/50]0m 27.102s: Train loss: 0.003693 acc: 0.999240 - Test loss: 0.957327 acc: 0.819900
2020-05-01 03:25:44,181:DEBUG:model_container_pt:[25/50]0m 27.326s: Train loss: 0.002821 acc: 0.999580 - Test loss: 0.956896 acc: 0.821400
2020-05-01 03:26:11,085:DEBUG:model_container_pt:[26/50]0m 26.889s: Train loss: 0.002871 acc: 0.999480 - Test loss: 0.957607 acc: 0.822300
2020-05-01 03:26:38,412:DEBUG:model_container_pt:[27/50]0m 27.313s: Train loss: 0.002984 acc: 0.999320 - Test loss: 0.964337 acc: 0.823300
2020-05-01 03:27:05,564:DEBUG:model_container_pt:[28/50]0m 27.137s: Train loss: 0.003165 acc: 0.999200 - Test loss: 0.973147 acc: 0.820800
2020-05-01 03:27:32,757:DEBUG:model_container_pt:[29/50]0m 27.194s: Train loss: 0.002330 acc: 0.999620 - Test loss: 0.980512 acc: 0.820600
2020-05-01 03:27:59,851:DEBUG:model_container_pt:[30/50]0m 27.094s: Train loss: 0.002560 acc: 0.999540 - Test loss: 0.962364 acc: 0.822700
2020-05-01 03:28:26,670:DEBUG:model_container_pt:[31/50]0m 26.819s: Train loss: 0.002508 acc: 0.999460 - Test loss: 0.967329 acc: 0.822300
2020-05-01 03:28:54,356:DEBUG:model_container_pt:[32/50]0m 27.686s: Train loss: 0.002331 acc: 0.999600 - Test loss: 0.974579 acc: 0.820600
2020-05-01 03:29:22,012:DEBUG:model_container_pt:[33/50]0m 27.656s: Train loss: 0.001976 acc: 0.999720 - Test loss: 0.979538 acc: 0.822100
2020-05-01 03:29:48,977:DEBUG:model_container_pt:[34/50]0m 26.965s: Train loss: 0.001804 acc: 0.999800 - Test loss: 0.978931 acc: 0.821200
2020-05-01 03:30:15,343:DEBUG:model_container_pt:[35/50]0m 26.367s: Train loss: 0.001789 acc: 0.999700 - Test loss: 0.982764 acc: 0.822000
2020-05-01 03:30:42,263:DEBUG:model_container_pt:[36/50]0m 26.920s: Train loss: 0.002189 acc: 0.999580 - Test loss: 0.972155 acc: 0.821600
2020-05-01 03:31:08,998:DEBUG:model_container_pt:[37/50]0m 26.735s: Train loss: 0.002005 acc: 0.999580 - Test loss: 0.981322 acc: 0.823300
2020-05-01 03:31:35,397:DEBUG:model_container_pt:[38/50]0m 26.384s: Train loss: 0.001753 acc: 0.999740 - Test loss: 0.983287 acc: 0.819800
2020-05-01 03:32:02,044:DEBUG:model_container_pt:[39/50]0m 26.647s: Train loss: 0.001495 acc: 0.999840 - Test loss: 0.985223 acc: 0.820300
2020-05-01 03:32:28,993:DEBUG:model_container_pt:[40/50]0m 26.949s: Train loss: 0.001673 acc: 0.999700 - Test loss: 0.985608 acc: 0.821300
2020-05-01 03:32:56,058:DEBUG:model_container_pt:[41/50]0m 27.065s: Train loss: 0.001744 acc: 0.999740 - Test loss: 0.975865 acc: 0.822600
2020-05-01 03:33:22,982:DEBUG:model_container_pt:[42/50]0m 26.925s: Train loss: 0.001963 acc: 0.999560 - Test loss: 0.987342 acc: 0.820500
2020-05-01 03:33:49,626:DEBUG:model_container_pt:[43/50]0m 26.644s: Train loss: 0.001713 acc: 0.999720 - Test loss: 0.980303 acc: 0.821900
2020-05-01 03:34:16,546:DEBUG:model_container_pt:[44/50]0m 26.920s: Train loss: 0.001606 acc: 0.999780 - Test loss: 0.984236 acc: 0.821600
2020-05-01 03:34:43,613:DEBUG:model_container_pt:[45/50]0m 27.067s: Train loss: 0.001558 acc: 0.999820 - Test loss: 0.990549 acc: 0.821200
2020-05-01 03:35:10,757:DEBUG:model_container_pt:[46/50]0m 27.144s: Train loss: 0.001851 acc: 0.999640 - Test loss: 0.988598 acc: 0.820500
2020-05-01 03:35:38,059:DEBUG:model_container_pt:[47/50]0m 27.302s: Train loss: 0.001630 acc: 0.999760 - Test loss: 0.975425 acc: 0.821700
2020-05-01 03:36:04,829:DEBUG:model_container_pt:[48/50]0m 26.763s: Train loss: 0.001672 acc: 0.999700 - Test loss: 0.977021 acc: 0.821300
2020-05-01 03:36:31,317:DEBUG:model_container_pt:[49/50]0m 26.481s: Train loss: 0.001892 acc: 0.999660 - Test loss: 0.983289 acc: 0.821700
2020-05-01 03:36:57,795:DEBUG:model_container_pt:[50/50]0m 26.478s: Train loss: 0.001486 acc: 0.999760 - Test loss: 0.986141 acc: 0.823500
2020-05-01 03:36:57,840:INFO:model_container_pt:Time to complete training: 22m 32.657s
2020-05-01 03:36:57,840:DEBUG:train:File name: CifarResnet50_CIFAR10_e50.pt
2020-05-01 03:36:57,922:INFO:model_container_pt:Saved model to save/CifarResnet50_CIFAR10_e50.pt
2020-05-01 03:36:57,922:DEBUG:train:Use saved parameters from CifarResnet50_CIFAR10_e50.pt
2020-05-01 03:36:57,976:INFO:model_container_pt:Loaded model from save/CifarResnet50_CIFAR10_e50.pt
2020-05-01 03:36:59,036:INFO:train:Accuracy on test set: 0.823500
