2020-05-01 03:36:59,920:INFO:train:Start at      : 20200501033659
2020-05-01 03:36:59,920:INFO:train:RECEIVED PARAMETERS:
2020-05-01 03:36:59,920:INFO:train:dataset       :SVHN
2020-05-01 03:36:59,920:INFO:train:filename      :None
2020-05-01 03:36:59,920:INFO:train:max_epochs    :50
2020-05-01 03:36:59,920:INFO:train:batch_size    :128
2020-05-01 03:36:59,920:INFO:train:seed          :4096
2020-05-01 03:36:59,920:INFO:train:use_shuffle   :True
2020-05-01 03:36:59,921:INFO:train:use_normalize :True
2020-05-01 03:36:59,921:INFO:train:model_name    :CifarCnn
2020-05-01 03:36:59,921:INFO:train:verbose       :True
2020-05-01 03:36:59,921:INFO:train:save_log      :True
2020-05-01 03:36:59,921:INFO:train:overwrite     :True
2020-05-01 03:36:59,921:DEBUG:utils:Setting random seed for PyTorch.
2020-05-01 03:36:59,945:DEBUG:utils:/home/lukec/workspace/aad/aad/../data
2020-05-01 03:37:09,836:INFO:data_container:Train size: 73257 - Test size: 26032
2020-05-01 03:37:09,836:INFO:data_container:Successfully load data. Time to complete: 0m 9.891s
2020-05-01 03:37:09,854:INFO:train:Selected CifarCnn model
2020-05-01 03:37:12,275:DEBUG:model_container_pt:Using device: cuda
2020-05-01 03:37:21,331:DEBUG:model_container_pt:[1/50]0m 9.054s: Train loss: 0.756054 acc: 0.749457 - Test loss: 0.425904 acc: 0.870467
2020-05-01 03:37:30,380:DEBUG:model_container_pt:[2/50]0m 9.047s: Train loss: 0.318152 acc: 0.903531 - Test loss: 0.351296 acc: 0.891941
2020-05-01 03:37:39,458:DEBUG:model_container_pt:[3/50]0m 9.067s: Train loss: 0.269500 acc: 0.918342 - Test loss: 0.358860 acc: 0.889751
2020-05-01 03:37:48,548:DEBUG:model_container_pt:[4/50]0m 9.090s: Train loss: 0.244284 acc: 0.927447 - Test loss: 0.311862 acc: 0.908612
2020-05-01 03:37:57,643:DEBUG:model_container_pt:[5/50]0m 9.086s: Train loss: 0.225213 acc: 0.933331 - Test loss: 0.267915 acc: 0.924247
2020-05-01 03:38:06,729:DEBUG:model_container_pt:[6/50]0m 9.085s: Train loss: 0.214550 acc: 0.935515 - Test loss: 0.309858 acc: 0.907691
2020-05-01 03:38:15,814:DEBUG:model_container_pt:[7/50]0m 9.082s: Train loss: 0.204516 acc: 0.940115 - Test loss: 0.249968 acc: 0.925553
2020-05-01 03:38:24,890:DEBUG:model_container_pt:[8/50]0m 9.074s: Train loss: 0.196114 acc: 0.943473 - Test loss: 0.255186 acc: 0.925246
2020-05-01 03:38:33,967:DEBUG:model_container_pt:[9/50]0m 9.070s: Train loss: 0.186621 acc: 0.946148 - Test loss: 0.279181 acc: 0.918216
2020-05-01 03:38:43,032:DEBUG:model_container_pt:[10/50]0m 9.066s: Train loss: 0.180170 acc: 0.947636 - Test loss: 0.274690 acc: 0.920060
2020-05-01 03:38:52,101:DEBUG:model_container_pt:[11/50]0m 9.062s: Train loss: 0.173448 acc: 0.949575 - Test loss: 0.250102 acc: 0.927743
2020-05-01 03:39:01,154:DEBUG:model_container_pt:[12/50]0m 9.052s: Train loss: 0.168001 acc: 0.951609 - Test loss: 0.292002 acc: 0.912569
2020-05-01 03:39:10,217:DEBUG:model_container_pt:[13/50]0m 9.055s: Train loss: 0.160930 acc: 0.953506 - Test loss: 0.233750 acc: 0.933082
2020-05-01 03:39:19,268:DEBUG:model_container_pt:[14/50]0m 9.050s: Train loss: 0.155263 acc: 0.955922 - Test loss: 0.260993 acc: 0.924593
2020-05-01 03:39:28,324:DEBUG:model_container_pt:[15/50]0m 9.049s: Train loss: 0.152897 acc: 0.955745 - Test loss: 0.239056 acc: 0.931546
2020-05-01 03:39:37,372:DEBUG:model_container_pt:[16/50]0m 9.048s: Train loss: 0.148155 acc: 0.957820 - Test loss: 0.238568 acc: 0.931930
2020-05-01 03:39:46,422:DEBUG:model_container_pt:[17/50]0m 9.047s: Train loss: 0.143533 acc: 0.958884 - Test loss: 0.287340 acc: 0.916449
2020-05-01 03:39:55,896:DEBUG:model_container_pt:[18/50]0m 9.474s: Train loss: 0.140614 acc: 0.958884 - Test loss: 0.248076 acc: 0.929164
2020-05-01 03:40:05,041:DEBUG:model_container_pt:[19/50]0m 9.138s: Train loss: 0.134568 acc: 0.961055 - Test loss: 0.265733 acc: 0.922864
2020-05-01 03:40:14,214:DEBUG:model_container_pt:[20/50]0m 9.173s: Train loss: 0.132831 acc: 0.962161 - Test loss: 0.235012 acc: 0.935310
2020-05-01 03:40:23,779:DEBUG:model_container_pt:[21/50]0m 9.561s: Train loss: 0.129915 acc: 0.962502 - Test loss: 0.253003 acc: 0.928857
2020-05-01 03:40:33,319:DEBUG:model_container_pt:[22/50]0m 9.541s: Train loss: 0.128038 acc: 0.962761 - Test loss: 0.256349 acc: 0.927781
2020-05-01 03:40:42,877:DEBUG:model_container_pt:[23/50]0m 9.555s: Train loss: 0.123701 acc: 0.964427 - Test loss: 0.294318 acc: 0.915028
2020-05-01 03:40:52,443:DEBUG:model_container_pt:[24/50]0m 9.566s: Train loss: 0.122928 acc: 0.964276 - Test loss: 0.291079 acc: 0.915489
2020-05-01 03:41:01,980:DEBUG:model_container_pt:[25/50]0m 9.530s: Train loss: 0.121526 acc: 0.964618 - Test loss: 0.244899 acc: 0.932890
2020-05-01 03:41:11,539:DEBUG:model_container_pt:[26/50]0m 9.558s: Train loss: 0.116754 acc: 0.966037 - Test loss: 0.252942 acc: 0.929164
2020-05-01 03:41:21,097:DEBUG:model_container_pt:[27/50]0m 9.556s: Train loss: 0.115398 acc: 0.966106 - Test loss: 0.253822 acc: 0.928319
2020-05-01 03:41:30,672:DEBUG:model_container_pt:[28/50]0m 9.574s: Train loss: 0.113445 acc: 0.967007 - Test loss: 0.245033 acc: 0.930201
2020-05-01 03:41:40,438:DEBUG:model_container_pt:[29/50]0m 9.766s: Train loss: 0.112751 acc: 0.966556 - Test loss: 0.262815 acc: 0.927666
2020-05-01 03:41:50,330:DEBUG:model_container_pt:[30/50]0m 9.891s: Train loss: 0.107843 acc: 0.968686 - Test loss: 0.234144 acc: 0.936501
2020-05-01 03:41:59,945:DEBUG:model_container_pt:[31/50]0m 9.611s: Train loss: 0.108104 acc: 0.968590 - Test loss: 0.291836 acc: 0.919061
2020-05-01 03:42:09,564:DEBUG:model_container_pt:[32/50]0m 9.619s: Train loss: 0.107635 acc: 0.968713 - Test loss: 0.242200 acc: 0.930624
2020-05-01 03:42:19,188:DEBUG:model_container_pt:[33/50]0m 9.617s: Train loss: 0.107560 acc: 0.968276 - Test loss: 0.255588 acc: 0.929279
2020-05-01 03:42:29,124:DEBUG:model_container_pt:[34/50]0m 9.936s: Train loss: 0.106722 acc: 0.968126 - Test loss: 0.264808 acc: 0.926168
2020-05-01 03:42:39,018:DEBUG:model_container_pt:[35/50]0m 9.887s: Train loss: 0.103057 acc: 0.969805 - Test loss: 0.278388 acc: 0.921481
2020-05-01 03:42:48,809:DEBUG:model_container_pt:[36/50]0m 9.791s: Train loss: 0.104243 acc: 0.968890 - Test loss: 0.255930 acc: 0.928818
2020-05-01 03:42:58,437:DEBUG:model_container_pt:[37/50]0m 9.627s: Train loss: 0.101030 acc: 0.970501 - Test loss: 0.283329 acc: 0.922672
2020-05-01 03:43:08,052:DEBUG:model_container_pt:[38/50]0m 9.615s: Train loss: 0.100863 acc: 0.970010 - Test loss: 0.300700 acc: 0.916910
2020-05-01 03:43:17,710:DEBUG:model_container_pt:[39/50]0m 9.651s: Train loss: 0.099458 acc: 0.970733 - Test loss: 0.288738 acc: 0.918447
2020-05-01 03:43:27,298:DEBUG:model_container_pt:[40/50]0m 9.588s: Train loss: 0.096685 acc: 0.971443 - Test loss: 0.254153 acc: 0.928626
2020-05-01 03:43:36,839:DEBUG:model_container_pt:[41/50]0m 9.541s: Train loss: 0.098492 acc: 0.970733 - Test loss: 0.287365 acc: 0.921981
2020-05-01 03:43:46,423:DEBUG:model_container_pt:[42/50]0m 9.584s: Train loss: 0.097111 acc: 0.971661 - Test loss: 0.290418 acc: 0.923479
2020-05-01 03:43:56,011:DEBUG:model_container_pt:[43/50]0m 9.588s: Train loss: 0.097842 acc: 0.971580 - Test loss: 0.272506 acc: 0.924093
2020-05-01 03:44:05,605:DEBUG:model_container_pt:[44/50]0m 9.594s: Train loss: 0.094573 acc: 0.971839 - Test loss: 0.313143 acc: 0.914067
2020-05-01 03:44:15,173:DEBUG:model_container_pt:[45/50]0m 9.567s: Train loss: 0.094705 acc: 0.972085 - Test loss: 0.293187 acc: 0.918869
2020-05-01 03:44:24,730:DEBUG:model_container_pt:[46/50]0m 9.557s: Train loss: 0.093773 acc: 0.972972 - Test loss: 0.269866 acc: 0.923248
2020-05-01 03:44:34,306:DEBUG:model_container_pt:[47/50]0m 9.576s: Train loss: 0.093887 acc: 0.972166 - Test loss: 0.270321 acc: 0.925630
2020-05-01 03:44:43,888:DEBUG:model_container_pt:[48/50]0m 9.582s: Train loss: 0.092027 acc: 0.972808 - Test loss: 0.252155 acc: 0.931162
2020-05-01 03:44:53,438:DEBUG:model_container_pt:[49/50]0m 9.550s: Train loss: 0.095044 acc: 0.971989 - Test loss: 0.258222 acc: 0.929894
2020-05-01 03:45:03,052:DEBUG:model_container_pt:[50/50]0m 9.613s: Train loss: 0.093022 acc: 0.973081 - Test loss: 0.294799 acc: 0.919100
2020-05-01 03:45:03,052:INFO:model_container_pt:Time to complete training: 7m 50.777s
2020-05-01 03:45:03,052:DEBUG:train:File name: CifarCnn_SVHN_e50.pt
2020-05-01 03:45:03,066:INFO:model_container_pt:Saved model to save/CifarCnn_SVHN_e50.pt
2020-05-01 03:45:03,066:DEBUG:train:Use saved parameters from CifarCnn_SVHN_e50.pt
2020-05-01 03:45:03,072:INFO:model_container_pt:Loaded model from save/CifarCnn_SVHN_e50.pt
2020-05-01 03:45:04,057:INFO:train:Accuracy on test set: 0.936501
