2020-05-01 04:25:57,505:INFO:train:Start at      : 20200501042557
2020-05-01 04:25:57,506:INFO:train:RECEIVED PARAMETERS:
2020-05-01 04:25:57,506:INFO:train:dataset       :BankNote
2020-05-01 04:25:57,506:INFO:train:filename      :None
2020-05-01 04:25:57,506:INFO:train:max_epochs    :200
2020-05-01 04:25:57,506:INFO:train:batch_size    :128
2020-05-01 04:25:57,506:INFO:train:seed          :4096
2020-05-01 04:25:57,506:INFO:train:use_shuffle   :True
2020-05-01 04:25:57,506:INFO:train:use_normalize :True
2020-05-01 04:25:57,506:INFO:train:model_name    :None
2020-05-01 04:25:57,506:INFO:train:verbose       :True
2020-05-01 04:25:57,506:INFO:train:save_log      :True
2020-05-01 04:25:57,506:INFO:train:overwrite     :True
2020-05-01 04:25:57,506:DEBUG:utils:Setting random seed for PyTorch.
2020-05-01 04:25:57,529:DEBUG:utils:/home/lukec/workspace/aad/aad/../data
2020-05-01 04:25:57,529:DEBUG:data_container:Reading file /home/lukec/workspace/aad/aad/../data/data_banknote_authentication.txt
2020-05-01 04:25:57,541:INFO:data_container:Train size: 1098 - Test size: 274
2020-05-01 04:25:57,541:INFO:data_container:Successfully load data. Time to complete: 0m 0.012s
2020-05-01 04:25:57,542:INFO:train:Selected IrisNN model
2020-05-01 04:25:59,949:DEBUG:model_container_pt:Using device: cuda
2020-05-01 04:25:59,989:DEBUG:model_container_pt:[1/200]0m 0.039s: Train loss: 0.700898 acc: 0.418033 - Test loss: 0.693991 acc: 0.485401
2020-05-01 04:26:00,007:DEBUG:model_container_pt:[2/200]0m 0.017s: Train loss: 0.688256 acc: 0.551913 - Test loss: 0.683490 acc: 0.562044
2020-05-01 04:26:00,025:DEBUG:model_container_pt:[3/200]0m 0.017s: Train loss: 0.682059 acc: 0.553734 - Test loss: 0.678412 acc: 0.562044
2020-05-01 04:26:00,042:DEBUG:model_container_pt:[4/200]0m 0.017s: Train loss: 0.678098 acc: 0.553734 - Test loss: 0.675037 acc: 0.562044
2020-05-01 04:26:00,059:DEBUG:model_container_pt:[5/200]0m 0.017s: Train loss: 0.674490 acc: 0.553734 - Test loss: 0.671279 acc: 0.562044
2020-05-01 04:26:00,076:DEBUG:model_container_pt:[6/200]0m 0.017s: Train loss: 0.670293 acc: 0.553734 - Test loss: 0.667142 acc: 0.562044
2020-05-01 04:26:00,094:DEBUG:model_container_pt:[7/200]0m 0.017s: Train loss: 0.666026 acc: 0.553734 - Test loss: 0.662742 acc: 0.562044
2020-05-01 04:26:00,112:DEBUG:model_container_pt:[8/200]0m 0.017s: Train loss: 0.660903 acc: 0.553734 - Test loss: 0.656897 acc: 0.562044
2020-05-01 04:26:00,129:DEBUG:model_container_pt:[9/200]0m 0.017s: Train loss: 0.654780 acc: 0.553734 - Test loss: 0.650761 acc: 0.562044
2020-05-01 04:26:00,147:DEBUG:model_container_pt:[10/200]0m 0.017s: Train loss: 0.647513 acc: 0.553734 - Test loss: 0.642862 acc: 0.562044
2020-05-01 04:26:00,164:DEBUG:model_container_pt:[11/200]0m 0.017s: Train loss: 0.639117 acc: 0.553734 - Test loss: 0.633581 acc: 0.562044
2020-05-01 04:26:00,183:DEBUG:model_container_pt:[12/200]0m 0.019s: Train loss: 0.628914 acc: 0.562842 - Test loss: 0.622607 acc: 0.594891
2020-05-01 04:26:00,202:DEBUG:model_container_pt:[13/200]0m 0.019s: Train loss: 0.616480 acc: 0.592896 - Test loss: 0.608999 acc: 0.627737
2020-05-01 04:26:00,220:DEBUG:model_container_pt:[14/200]0m 0.017s: Train loss: 0.601378 acc: 0.644809 - Test loss: 0.592877 acc: 0.722628
2020-05-01 04:26:00,237:DEBUG:model_container_pt:[15/200]0m 0.017s: Train loss: 0.583523 acc: 0.746812 - Test loss: 0.573672 acc: 0.773723
2020-05-01 04:26:00,255:DEBUG:model_container_pt:[16/200]0m 0.017s: Train loss: 0.562550 acc: 0.786885 - Test loss: 0.550895 acc: 0.795620
2020-05-01 04:26:00,272:DEBUG:model_container_pt:[17/200]0m 0.017s: Train loss: 0.538176 acc: 0.826047 - Test loss: 0.525711 acc: 0.839416
2020-05-01 04:26:00,289:DEBUG:model_container_pt:[18/200]0m 0.017s: Train loss: 0.510010 acc: 0.847905 - Test loss: 0.496557 acc: 0.846715
2020-05-01 04:26:00,306:DEBUG:model_container_pt:[19/200]0m 0.017s: Train loss: 0.478797 acc: 0.858834 - Test loss: 0.466832 acc: 0.861314
2020-05-01 04:26:00,324:DEBUG:model_container_pt:[20/200]0m 0.017s: Train loss: 0.446356 acc: 0.870674 - Test loss: 0.436536 acc: 0.857664
2020-05-01 04:26:00,342:DEBUG:model_container_pt:[21/200]0m 0.018s: Train loss: 0.413605 acc: 0.883424 - Test loss: 0.406027 acc: 0.864964
2020-05-01 04:26:00,359:DEBUG:model_container_pt:[22/200]0m 0.017s: Train loss: 0.381292 acc: 0.884335 - Test loss: 0.377750 acc: 0.864964
2020-05-01 04:26:00,377:DEBUG:model_container_pt:[23/200]0m 0.017s: Train loss: 0.351372 acc: 0.890710 - Test loss: 0.352758 acc: 0.872263
2020-05-01 04:26:00,395:DEBUG:model_container_pt:[24/200]0m 0.017s: Train loss: 0.323957 acc: 0.912568 - Test loss: 0.327151 acc: 0.872263
2020-05-01 04:26:00,413:DEBUG:model_container_pt:[25/200]0m 0.017s: Train loss: 0.298472 acc: 0.904372 - Test loss: 0.306234 acc: 0.883212
2020-05-01 04:26:00,434:DEBUG:model_container_pt:[26/200]0m 0.021s: Train loss: 0.273952 acc: 0.920765 - Test loss: 0.284035 acc: 0.879562
2020-05-01 04:26:00,451:DEBUG:model_container_pt:[27/200]0m 0.018s: Train loss: 0.252390 acc: 0.925319 - Test loss: 0.265223 acc: 0.894161
2020-05-01 04:26:00,469:DEBUG:model_container_pt:[28/200]0m 0.017s: Train loss: 0.233184 acc: 0.933515 - Test loss: 0.246154 acc: 0.901460
2020-05-01 04:26:00,487:DEBUG:model_container_pt:[29/200]0m 0.017s: Train loss: 0.214864 acc: 0.933515 - Test loss: 0.231103 acc: 0.905109
2020-05-01 04:26:00,504:DEBUG:model_container_pt:[30/200]0m 0.017s: Train loss: 0.200185 acc: 0.941712 - Test loss: 0.212858 acc: 0.908759
2020-05-01 04:26:00,521:DEBUG:model_container_pt:[31/200]0m 0.017s: Train loss: 0.183266 acc: 0.946266 - Test loss: 0.199095 acc: 0.923358
2020-05-01 04:26:00,539:DEBUG:model_container_pt:[32/200]0m 0.017s: Train loss: 0.168617 acc: 0.948087 - Test loss: 0.184007 acc: 0.934307
2020-05-01 04:26:00,556:DEBUG:model_container_pt:[33/200]0m 0.017s: Train loss: 0.155738 acc: 0.953552 - Test loss: 0.171327 acc: 0.952555
2020-05-01 04:26:00,574:DEBUG:model_container_pt:[34/200]0m 0.017s: Train loss: 0.144197 acc: 0.957195 - Test loss: 0.159645 acc: 0.956204
2020-05-01 04:26:00,591:DEBUG:model_container_pt:[35/200]0m 0.017s: Train loss: 0.133254 acc: 0.957195 - Test loss: 0.151112 acc: 0.959854
2020-05-01 04:26:00,608:DEBUG:model_container_pt:[36/200]0m 0.017s: Train loss: 0.123901 acc: 0.963570 - Test loss: 0.139633 acc: 0.959854
2020-05-01 04:26:00,625:DEBUG:model_container_pt:[37/200]0m 0.017s: Train loss: 0.115553 acc: 0.968124 - Test loss: 0.134965 acc: 0.967153
2020-05-01 04:26:00,642:DEBUG:model_container_pt:[38/200]0m 0.017s: Train loss: 0.109235 acc: 0.969945 - Test loss: 0.124705 acc: 0.967153
2020-05-01 04:26:00,660:DEBUG:model_container_pt:[39/200]0m 0.017s: Train loss: 0.100787 acc: 0.970856 - Test loss: 0.117318 acc: 0.967153
2020-05-01 04:26:00,677:DEBUG:model_container_pt:[40/200]0m 0.017s: Train loss: 0.094760 acc: 0.974499 - Test loss: 0.111481 acc: 0.967153
2020-05-01 04:26:00,695:DEBUG:model_container_pt:[41/200]0m 0.018s: Train loss: 0.090711 acc: 0.972678 - Test loss: 0.107354 acc: 0.970803
2020-05-01 04:26:00,713:DEBUG:model_container_pt:[42/200]0m 0.017s: Train loss: 0.086574 acc: 0.976321 - Test loss: 0.102546 acc: 0.970803
2020-05-01 04:26:00,730:DEBUG:model_container_pt:[43/200]0m 0.017s: Train loss: 0.081862 acc: 0.975410 - Test loss: 0.097949 acc: 0.970803
2020-05-01 04:26:00,747:DEBUG:model_container_pt:[44/200]0m 0.017s: Train loss: 0.077336 acc: 0.974499 - Test loss: 0.093976 acc: 0.970803
2020-05-01 04:26:00,765:DEBUG:model_container_pt:[45/200]0m 0.017s: Train loss: 0.074347 acc: 0.976321 - Test loss: 0.090235 acc: 0.970803
2020-05-01 04:26:00,781:DEBUG:model_container_pt:[46/200]0m 0.016s: Train loss: 0.072198 acc: 0.979964 - Test loss: 0.089343 acc: 0.970803
2020-05-01 04:26:00,801:DEBUG:model_container_pt:[47/200]0m 0.019s: Train loss: 0.068855 acc: 0.975410 - Test loss: 0.083688 acc: 0.970803
2020-05-01 04:26:00,820:DEBUG:model_container_pt:[48/200]0m 0.018s: Train loss: 0.066669 acc: 0.977231 - Test loss: 0.083965 acc: 0.970803
2020-05-01 04:26:00,838:DEBUG:model_container_pt:[49/200]0m 0.018s: Train loss: 0.063868 acc: 0.978142 - Test loss: 0.078171 acc: 0.974453
2020-05-01 04:26:00,855:DEBUG:model_container_pt:[50/200]0m 0.017s: Train loss: 0.062004 acc: 0.983607 - Test loss: 0.078981 acc: 0.970803
2020-05-01 04:26:00,873:DEBUG:model_container_pt:[51/200]0m 0.017s: Train loss: 0.061824 acc: 0.976321 - Test loss: 0.074373 acc: 0.970803
2020-05-01 04:26:00,890:DEBUG:model_container_pt:[52/200]0m 0.017s: Train loss: 0.058385 acc: 0.978142 - Test loss: 0.073578 acc: 0.970803
2020-05-01 04:26:00,907:DEBUG:model_container_pt:[53/200]0m 0.017s: Train loss: 0.058260 acc: 0.982696 - Test loss: 0.072739 acc: 0.970803
2020-05-01 04:26:00,925:DEBUG:model_container_pt:[54/200]0m 0.017s: Train loss: 0.057348 acc: 0.976321 - Test loss: 0.068704 acc: 0.978102
2020-05-01 04:26:00,941:DEBUG:model_container_pt:[55/200]0m 0.017s: Train loss: 0.054258 acc: 0.982696 - Test loss: 0.068879 acc: 0.970803
2020-05-01 04:26:00,958:DEBUG:model_container_pt:[56/200]0m 0.017s: Train loss: 0.053165 acc: 0.979964 - Test loss: 0.066844 acc: 0.978102
2020-05-01 04:26:00,976:DEBUG:model_container_pt:[57/200]0m 0.017s: Train loss: 0.052503 acc: 0.980874 - Test loss: 0.064570 acc: 0.978102
2020-05-01 04:26:00,993:DEBUG:model_container_pt:[58/200]0m 0.017s: Train loss: 0.052135 acc: 0.979964 - Test loss: 0.063035 acc: 0.978102
2020-05-01 04:26:01,010:DEBUG:model_container_pt:[59/200]0m 0.017s: Train loss: 0.050576 acc: 0.983607 - Test loss: 0.062999 acc: 0.978102
2020-05-01 04:26:01,028:DEBUG:model_container_pt:[60/200]0m 0.018s: Train loss: 0.049201 acc: 0.984517 - Test loss: 0.061201 acc: 0.978102
2020-05-01 04:26:01,046:DEBUG:model_container_pt:[61/200]0m 0.017s: Train loss: 0.047903 acc: 0.980874 - Test loss: 0.060311 acc: 0.978102
2020-05-01 04:26:01,063:DEBUG:model_container_pt:[62/200]0m 0.017s: Train loss: 0.047313 acc: 0.981785 - Test loss: 0.059402 acc: 0.978102
2020-05-01 04:26:01,080:DEBUG:model_container_pt:[63/200]0m 0.017s: Train loss: 0.047106 acc: 0.980874 - Test loss: 0.058272 acc: 0.978102
2020-05-01 04:26:01,099:DEBUG:model_container_pt:[64/200]0m 0.018s: Train loss: 0.045743 acc: 0.980874 - Test loss: 0.056749 acc: 0.978102
2020-05-01 04:26:01,118:DEBUG:model_container_pt:[65/200]0m 0.019s: Train loss: 0.047341 acc: 0.984517 - Test loss: 0.058794 acc: 0.978102
2020-05-01 04:26:01,136:DEBUG:model_container_pt:[66/200]0m 0.017s: Train loss: 0.044843 acc: 0.982696 - Test loss: 0.053864 acc: 0.978102
2020-05-01 04:26:01,154:DEBUG:model_container_pt:[67/200]0m 0.017s: Train loss: 0.045277 acc: 0.982696 - Test loss: 0.053615 acc: 0.978102
2020-05-01 04:26:01,171:DEBUG:model_container_pt:[68/200]0m 0.017s: Train loss: 0.043306 acc: 0.984517 - Test loss: 0.053838 acc: 0.978102
2020-05-01 04:26:01,189:DEBUG:model_container_pt:[69/200]0m 0.017s: Train loss: 0.042555 acc: 0.985428 - Test loss: 0.053488 acc: 0.978102
2020-05-01 04:26:01,206:DEBUG:model_container_pt:[70/200]0m 0.017s: Train loss: 0.041971 acc: 0.981785 - Test loss: 0.050839 acc: 0.978102
2020-05-01 04:26:01,223:DEBUG:model_container_pt:[71/200]0m 0.017s: Train loss: 0.041804 acc: 0.984517 - Test loss: 0.051582 acc: 0.978102
2020-05-01 04:26:01,240:DEBUG:model_container_pt:[72/200]0m 0.017s: Train loss: 0.041160 acc: 0.983607 - Test loss: 0.051351 acc: 0.978102
2020-05-01 04:26:01,257:DEBUG:model_container_pt:[73/200]0m 0.017s: Train loss: 0.040643 acc: 0.981785 - Test loss: 0.048903 acc: 0.978102
2020-05-01 04:26:01,275:DEBUG:model_container_pt:[74/200]0m 0.017s: Train loss: 0.039904 acc: 0.984517 - Test loss: 0.050359 acc: 0.978102
2020-05-01 04:26:01,292:DEBUG:model_container_pt:[75/200]0m 0.017s: Train loss: 0.040717 acc: 0.981785 - Test loss: 0.047869 acc: 0.978102
2020-05-01 04:26:01,310:DEBUG:model_container_pt:[76/200]0m 0.017s: Train loss: 0.040522 acc: 0.990893 - Test loss: 0.048505 acc: 0.978102
2020-05-01 04:26:01,328:DEBUG:model_container_pt:[77/200]0m 0.018s: Train loss: 0.038755 acc: 0.981785 - Test loss: 0.047053 acc: 0.978102
2020-05-01 04:26:01,346:DEBUG:model_container_pt:[78/200]0m 0.018s: Train loss: 0.038483 acc: 0.985428 - Test loss: 0.046575 acc: 0.978102
2020-05-01 04:26:01,364:DEBUG:model_container_pt:[79/200]0m 0.018s: Train loss: 0.038040 acc: 0.981785 - Test loss: 0.045359 acc: 0.978102
2020-05-01 04:26:01,381:DEBUG:model_container_pt:[80/200]0m 0.017s: Train loss: 0.037375 acc: 0.983607 - Test loss: 0.045635 acc: 0.978102
2020-05-01 04:26:01,400:DEBUG:model_container_pt:[81/200]0m 0.018s: Train loss: 0.037397 acc: 0.983607 - Test loss: 0.043575 acc: 0.978102
2020-05-01 04:26:01,420:DEBUG:model_container_pt:[82/200]0m 0.020s: Train loss: 0.037772 acc: 0.986339 - Test loss: 0.046286 acc: 0.978102
2020-05-01 04:26:01,438:DEBUG:model_container_pt:[83/200]0m 0.018s: Train loss: 0.036566 acc: 0.982696 - Test loss: 0.042833 acc: 0.981752
2020-05-01 04:26:01,457:DEBUG:model_container_pt:[84/200]0m 0.018s: Train loss: 0.039394 acc: 0.985428 - Test loss: 0.048423 acc: 0.978102
2020-05-01 04:26:01,473:DEBUG:model_container_pt:[85/200]0m 0.017s: Train loss: 0.036631 acc: 0.982696 - Test loss: 0.041320 acc: 0.985401
2020-05-01 04:26:01,492:DEBUG:model_container_pt:[86/200]0m 0.018s: Train loss: 0.036944 acc: 0.989071 - Test loss: 0.044591 acc: 0.978102
2020-05-01 04:26:01,509:DEBUG:model_container_pt:[87/200]0m 0.017s: Train loss: 0.035718 acc: 0.984517 - Test loss: 0.040450 acc: 0.985401
2020-05-01 04:26:01,527:DEBUG:model_container_pt:[88/200]0m 0.018s: Train loss: 0.035709 acc: 0.984517 - Test loss: 0.043404 acc: 0.978102
2020-05-01 04:26:01,545:DEBUG:model_container_pt:[89/200]0m 0.018s: Train loss: 0.034159 acc: 0.985428 - Test loss: 0.039705 acc: 0.981752
2020-05-01 04:26:01,562:DEBUG:model_container_pt:[90/200]0m 0.017s: Train loss: 0.034302 acc: 0.985428 - Test loss: 0.040764 acc: 0.981752
2020-05-01 04:26:01,579:DEBUG:model_container_pt:[91/200]0m 0.017s: Train loss: 0.033946 acc: 0.985428 - Test loss: 0.040470 acc: 0.981752
2020-05-01 04:26:01,596:DEBUG:model_container_pt:[92/200]0m 0.017s: Train loss: 0.033610 acc: 0.983607 - Test loss: 0.039445 acc: 0.981752
2020-05-01 04:26:01,614:DEBUG:model_container_pt:[93/200]0m 0.017s: Train loss: 0.033688 acc: 0.989982 - Test loss: 0.040441 acc: 0.981752
2020-05-01 04:26:01,630:DEBUG:model_container_pt:[94/200]0m 0.017s: Train loss: 0.034746 acc: 0.984517 - Test loss: 0.037929 acc: 0.985401
2020-05-01 04:26:01,649:DEBUG:model_container_pt:[95/200]0m 0.018s: Train loss: 0.033644 acc: 0.988160 - Test loss: 0.039924 acc: 0.981752
2020-05-01 04:26:01,668:DEBUG:model_container_pt:[96/200]0m 0.019s: Train loss: 0.033157 acc: 0.987250 - Test loss: 0.038935 acc: 0.981752
2020-05-01 04:26:01,686:DEBUG:model_container_pt:[97/200]0m 0.017s: Train loss: 0.032343 acc: 0.985428 - Test loss: 0.037500 acc: 0.981752
2020-05-01 04:26:01,703:DEBUG:model_container_pt:[98/200]0m 0.017s: Train loss: 0.032383 acc: 0.986339 - Test loss: 0.036329 acc: 0.985401
2020-05-01 04:26:01,721:DEBUG:model_container_pt:[99/200]0m 0.017s: Train loss: 0.031938 acc: 0.989982 - Test loss: 0.038947 acc: 0.981752
2020-05-01 04:26:01,739:DEBUG:model_container_pt:[100/200]0m 0.019s: Train loss: 0.032342 acc: 0.984517 - Test loss: 0.035553 acc: 0.985401
2020-05-01 04:26:01,758:DEBUG:model_container_pt:[101/200]0m 0.018s: Train loss: 0.032023 acc: 0.992714 - Test loss: 0.038630 acc: 0.981752
2020-05-01 04:26:01,777:DEBUG:model_container_pt:[102/200]0m 0.019s: Train loss: 0.032147 acc: 0.982696 - Test loss: 0.035970 acc: 0.981752
2020-05-01 04:26:01,794:DEBUG:model_container_pt:[103/200]0m 0.017s: Train loss: 0.032763 acc: 0.987250 - Test loss: 0.035944 acc: 0.981752
2020-05-01 04:26:01,812:DEBUG:model_container_pt:[104/200]0m 0.017s: Train loss: 0.030763 acc: 0.988160 - Test loss: 0.036647 acc: 0.981752
2020-05-01 04:26:01,829:DEBUG:model_container_pt:[105/200]0m 0.017s: Train loss: 0.031118 acc: 0.984517 - Test loss: 0.034002 acc: 0.985401
2020-05-01 04:26:01,846:DEBUG:model_container_pt:[106/200]0m 0.017s: Train loss: 0.030860 acc: 0.989071 - Test loss: 0.034933 acc: 0.981752
2020-05-01 04:26:01,863:DEBUG:model_container_pt:[107/200]0m 0.017s: Train loss: 0.030492 acc: 0.990893 - Test loss: 0.035456 acc: 0.981752
2020-05-01 04:26:01,881:DEBUG:model_container_pt:[108/200]0m 0.018s: Train loss: 0.029922 acc: 0.986339 - Test loss: 0.034223 acc: 0.981752
2020-05-01 04:26:01,898:DEBUG:model_container_pt:[109/200]0m 0.017s: Train loss: 0.029812 acc: 0.986339 - Test loss: 0.033206 acc: 0.985401
2020-05-01 04:26:01,915:DEBUG:model_container_pt:[110/200]0m 0.017s: Train loss: 0.029924 acc: 0.986339 - Test loss: 0.033862 acc: 0.981752
2020-05-01 04:26:01,933:DEBUG:model_container_pt:[111/200]0m 0.018s: Train loss: 0.029224 acc: 0.986339 - Test loss: 0.032973 acc: 0.985401
2020-05-01 04:26:01,951:DEBUG:model_container_pt:[112/200]0m 0.018s: Train loss: 0.030286 acc: 0.993625 - Test loss: 0.036093 acc: 0.981752
2020-05-01 04:26:01,969:DEBUG:model_container_pt:[113/200]0m 0.018s: Train loss: 0.033251 acc: 0.984517 - Test loss: 0.031955 acc: 0.985401
2020-05-01 04:26:01,987:DEBUG:model_container_pt:[114/200]0m 0.017s: Train loss: 0.038191 acc: 0.992714 - Test loss: 0.039743 acc: 0.981752
2020-05-01 04:26:02,004:DEBUG:model_container_pt:[115/200]0m 0.017s: Train loss: 0.034525 acc: 0.984517 - Test loss: 0.031273 acc: 0.985401
2020-05-01 04:26:02,022:DEBUG:model_container_pt:[116/200]0m 0.018s: Train loss: 0.032183 acc: 0.992714 - Test loss: 0.037180 acc: 0.981752
2020-05-01 04:26:02,041:DEBUG:model_container_pt:[117/200]0m 0.019s: Train loss: 0.029918 acc: 0.984517 - Test loss: 0.030699 acc: 0.985401
2020-05-01 04:26:02,058:DEBUG:model_container_pt:[118/200]0m 0.017s: Train loss: 0.028353 acc: 0.989982 - Test loss: 0.031614 acc: 0.985401
2020-05-01 04:26:02,076:DEBUG:model_container_pt:[119/200]0m 0.017s: Train loss: 0.027653 acc: 0.989071 - Test loss: 0.030415 acc: 0.985401
2020-05-01 04:26:02,093:DEBUG:model_container_pt:[120/200]0m 0.017s: Train loss: 0.027673 acc: 0.986339 - Test loss: 0.030877 acc: 0.985401
2020-05-01 04:26:02,111:DEBUG:model_container_pt:[121/200]0m 0.017s: Train loss: 0.028825 acc: 0.994536 - Test loss: 0.031417 acc: 0.981752
2020-05-01 04:26:02,128:DEBUG:model_container_pt:[122/200]0m 0.017s: Train loss: 0.031479 acc: 0.983607 - Test loss: 0.029484 acc: 0.985401
2020-05-01 04:26:02,146:DEBUG:model_container_pt:[123/200]0m 0.018s: Train loss: 0.027667 acc: 0.995446 - Test loss: 0.032307 acc: 0.981752
2020-05-01 04:26:02,163:DEBUG:model_container_pt:[124/200]0m 0.017s: Train loss: 0.027307 acc: 0.987250 - Test loss: 0.029821 acc: 0.985401
2020-05-01 04:26:02,181:DEBUG:model_container_pt:[125/200]0m 0.017s: Train loss: 0.026598 acc: 0.987250 - Test loss: 0.029835 acc: 0.985401
2020-05-01 04:26:02,198:DEBUG:model_container_pt:[126/200]0m 0.017s: Train loss: 0.026528 acc: 0.990893 - Test loss: 0.029531 acc: 0.985401
2020-05-01 04:26:02,216:DEBUG:model_container_pt:[127/200]0m 0.017s: Train loss: 0.026184 acc: 0.989071 - Test loss: 0.029924 acc: 0.985401
2020-05-01 04:26:02,234:DEBUG:model_container_pt:[128/200]0m 0.018s: Train loss: 0.026026 acc: 0.988160 - Test loss: 0.028907 acc: 0.985401
2020-05-01 04:26:02,253:DEBUG:model_container_pt:[129/200]0m 0.018s: Train loss: 0.026532 acc: 0.989982 - Test loss: 0.029376 acc: 0.985401
2020-05-01 04:26:02,271:DEBUG:model_container_pt:[130/200]0m 0.017s: Train loss: 0.026656 acc: 0.991803 - Test loss: 0.029113 acc: 0.985401
2020-05-01 04:26:02,288:DEBUG:model_container_pt:[131/200]0m 0.017s: Train loss: 0.027651 acc: 0.986339 - Test loss: 0.027754 acc: 0.985401
2020-05-01 04:26:02,306:DEBUG:model_container_pt:[132/200]0m 0.017s: Train loss: 0.026259 acc: 0.994536 - Test loss: 0.027981 acc: 0.985401
2020-05-01 04:26:02,323:DEBUG:model_container_pt:[133/200]0m 0.017s: Train loss: 0.026926 acc: 0.985428 - Test loss: 0.028258 acc: 0.985401
2020-05-01 04:26:02,340:DEBUG:model_container_pt:[134/200]0m 0.017s: Train loss: 0.025849 acc: 0.994536 - Test loss: 0.027197 acc: 0.985401
2020-05-01 04:26:02,357:DEBUG:model_container_pt:[135/200]0m 0.017s: Train loss: 0.025281 acc: 0.988160 - Test loss: 0.027957 acc: 0.985401
2020-05-01 04:26:02,375:DEBUG:model_container_pt:[136/200]0m 0.017s: Train loss: 0.026591 acc: 0.990893 - Test loss: 0.028132 acc: 0.985401
2020-05-01 04:26:02,392:DEBUG:model_container_pt:[137/200]0m 0.017s: Train loss: 0.024537 acc: 0.989982 - Test loss: 0.027093 acc: 0.985401
2020-05-01 04:26:02,410:DEBUG:model_container_pt:[138/200]0m 0.018s: Train loss: 0.025832 acc: 0.996357 - Test loss: 0.029099 acc: 0.981752
2020-05-01 04:26:02,427:DEBUG:model_container_pt:[139/200]0m 0.017s: Train loss: 0.026304 acc: 0.985428 - Test loss: 0.026441 acc: 0.985401
2020-05-01 04:26:02,444:DEBUG:model_container_pt:[140/200]0m 0.017s: Train loss: 0.024703 acc: 0.989982 - Test loss: 0.026145 acc: 0.985401
2020-05-01 04:26:02,462:DEBUG:model_container_pt:[141/200]0m 0.018s: Train loss: 0.024857 acc: 0.990893 - Test loss: 0.026689 acc: 0.985401
2020-05-01 04:26:02,480:DEBUG:model_container_pt:[142/200]0m 0.017s: Train loss: 0.024148 acc: 0.989982 - Test loss: 0.026484 acc: 0.985401
2020-05-01 04:26:02,497:DEBUG:model_container_pt:[143/200]0m 0.017s: Train loss: 0.024260 acc: 0.989071 - Test loss: 0.026132 acc: 0.985401
2020-05-01 04:26:02,514:DEBUG:model_container_pt:[144/200]0m 0.017s: Train loss: 0.023924 acc: 0.993625 - Test loss: 0.025660 acc: 0.985401
2020-05-01 04:26:02,533:DEBUG:model_container_pt:[145/200]0m 0.018s: Train loss: 0.023297 acc: 0.994536 - Test loss: 0.027693 acc: 0.981752
2020-05-01 04:26:02,552:DEBUG:model_container_pt:[146/200]0m 0.019s: Train loss: 0.023703 acc: 0.989071 - Test loss: 0.025193 acc: 0.985401
2020-05-01 04:26:02,569:DEBUG:model_container_pt:[147/200]0m 0.017s: Train loss: 0.023961 acc: 0.991803 - Test loss: 0.025649 acc: 0.985401
2020-05-01 04:26:02,587:DEBUG:model_container_pt:[148/200]0m 0.017s: Train loss: 0.023155 acc: 0.994536 - Test loss: 0.026534 acc: 0.985401
2020-05-01 04:26:02,605:DEBUG:model_container_pt:[149/200]0m 0.018s: Train loss: 0.023160 acc: 0.990893 - Test loss: 0.025807 acc: 0.985401
2020-05-01 04:26:02,623:DEBUG:model_container_pt:[150/200]0m 0.018s: Train loss: 0.023080 acc: 0.991803 - Test loss: 0.024580 acc: 0.985401
2020-05-01 04:26:02,640:DEBUG:model_container_pt:[151/200]0m 0.017s: Train loss: 0.023269 acc: 0.989982 - Test loss: 0.024536 acc: 0.985401
2020-05-01 04:26:02,657:DEBUG:model_container_pt:[152/200]0m 0.016s: Train loss: 0.024205 acc: 0.992714 - Test loss: 0.030643 acc: 0.981752
2020-05-01 04:26:02,674:DEBUG:model_container_pt:[153/200]0m 0.017s: Train loss: 0.024623 acc: 0.987250 - Test loss: 0.023916 acc: 1.000000
2020-05-01 04:26:02,691:DEBUG:model_container_pt:[154/200]0m 0.017s: Train loss: 0.023911 acc: 0.992714 - Test loss: 0.027103 acc: 0.981752
2020-05-01 04:26:02,708:DEBUG:model_container_pt:[155/200]0m 0.017s: Train loss: 0.021827 acc: 0.993625 - Test loss: 0.023408 acc: 1.000000
2020-05-01 04:26:02,725:DEBUG:model_container_pt:[156/200]0m 0.017s: Train loss: 0.022270 acc: 0.994536 - Test loss: 0.027054 acc: 0.981752
2020-05-01 04:26:02,742:DEBUG:model_container_pt:[157/200]0m 0.017s: Train loss: 0.021974 acc: 0.991803 - Test loss: 0.023222 acc: 0.992701
2020-05-01 04:26:02,759:DEBUG:model_container_pt:[158/200]0m 0.017s: Train loss: 0.021839 acc: 0.996357 - Test loss: 0.025312 acc: 0.985401
2020-05-01 04:26:02,776:DEBUG:model_container_pt:[159/200]0m 0.017s: Train loss: 0.021705 acc: 0.989071 - Test loss: 0.023367 acc: 0.992701
2020-05-01 04:26:02,793:DEBUG:model_container_pt:[160/200]0m 0.017s: Train loss: 0.022301 acc: 0.994536 - Test loss: 0.024596 acc: 0.985401
2020-05-01 04:26:02,811:DEBUG:model_container_pt:[161/200]0m 0.018s: Train loss: 0.021886 acc: 0.988160 - Test loss: 0.022483 acc: 0.992701
2020-05-01 04:26:02,829:DEBUG:model_container_pt:[162/200]0m 0.018s: Train loss: 0.023057 acc: 0.994536 - Test loss: 0.025604 acc: 0.985401
2020-05-01 04:26:02,848:DEBUG:model_container_pt:[163/200]0m 0.019s: Train loss: 0.021303 acc: 0.989982 - Test loss: 0.022259 acc: 1.000000
2020-05-01 04:26:02,868:DEBUG:model_container_pt:[164/200]0m 0.020s: Train loss: 0.021317 acc: 0.996357 - Test loss: 0.025965 acc: 0.981752
2020-05-01 04:26:02,887:DEBUG:model_container_pt:[165/200]0m 0.019s: Train loss: 0.022115 acc: 0.989982 - Test loss: 0.022643 acc: 0.992701
2020-05-01 04:26:02,905:DEBUG:model_container_pt:[166/200]0m 0.017s: Train loss: 0.022109 acc: 0.995446 - Test loss: 0.026137 acc: 0.981752
2020-05-01 04:26:02,923:DEBUG:model_container_pt:[167/200]0m 0.018s: Train loss: 0.021571 acc: 0.989982 - Test loss: 0.021916 acc: 1.000000
2020-05-01 04:26:02,940:DEBUG:model_container_pt:[168/200]0m 0.017s: Train loss: 0.020927 acc: 0.997268 - Test loss: 0.024889 acc: 0.985401
2020-05-01 04:26:02,960:DEBUG:model_container_pt:[169/200]0m 0.019s: Train loss: 0.021974 acc: 0.988160 - Test loss: 0.021366 acc: 1.000000
2020-05-01 04:26:02,977:DEBUG:model_container_pt:[170/200]0m 0.017s: Train loss: 0.020823 acc: 0.996357 - Test loss: 0.022797 acc: 0.985401
2020-05-01 04:26:02,995:DEBUG:model_container_pt:[171/200]0m 0.017s: Train loss: 0.020230 acc: 0.994536 - Test loss: 0.023332 acc: 0.985401
2020-05-01 04:26:03,011:DEBUG:model_container_pt:[172/200]0m 0.017s: Train loss: 0.020214 acc: 0.989982 - Test loss: 0.021579 acc: 0.992701
2020-05-01 04:26:03,028:DEBUG:model_container_pt:[173/200]0m 0.016s: Train loss: 0.020330 acc: 0.995446 - Test loss: 0.023111 acc: 0.985401
2020-05-01 04:26:03,045:DEBUG:model_container_pt:[174/200]0m 0.017s: Train loss: 0.019613 acc: 0.995446 - Test loss: 0.021626 acc: 0.985401
2020-05-01 04:26:03,062:DEBUG:model_container_pt:[175/200]0m 0.017s: Train loss: 0.019972 acc: 0.995446 - Test loss: 0.021714 acc: 0.985401
2020-05-01 04:26:03,079:DEBUG:model_container_pt:[176/200]0m 0.017s: Train loss: 0.019190 acc: 0.996357 - Test loss: 0.020695 acc: 1.000000
2020-05-01 04:26:03,096:DEBUG:model_container_pt:[177/200]0m 0.017s: Train loss: 0.020008 acc: 0.997268 - Test loss: 0.021860 acc: 0.985401
2020-05-01 04:26:03,113:DEBUG:model_container_pt:[178/200]0m 0.017s: Train loss: 0.019171 acc: 0.995446 - Test loss: 0.020719 acc: 0.992701
2020-05-01 04:26:03,130:DEBUG:model_container_pt:[179/200]0m 0.017s: Train loss: 0.018968 acc: 0.994536 - Test loss: 0.020648 acc: 0.992701
2020-05-01 04:26:03,147:DEBUG:model_container_pt:[180/200]0m 0.017s: Train loss: 0.019396 acc: 0.996357 - Test loss: 0.021182 acc: 0.985401
2020-05-01 04:26:03,164:DEBUG:model_container_pt:[181/200]0m 0.016s: Train loss: 0.018820 acc: 0.994536 - Test loss: 0.020793 acc: 0.985401
2020-05-01 04:26:03,181:DEBUG:model_container_pt:[182/200]0m 0.017s: Train loss: 0.018692 acc: 0.994536 - Test loss: 0.020741 acc: 0.992701
2020-05-01 04:26:03,198:DEBUG:model_container_pt:[183/200]0m 0.017s: Train loss: 0.018391 acc: 0.996357 - Test loss: 0.019954 acc: 1.000000
2020-05-01 04:26:03,217:DEBUG:model_container_pt:[184/200]0m 0.018s: Train loss: 0.018746 acc: 0.996357 - Test loss: 0.020136 acc: 0.992701
2020-05-01 04:26:03,235:DEBUG:model_container_pt:[185/200]0m 0.018s: Train loss: 0.018095 acc: 0.995446 - Test loss: 0.019969 acc: 0.992701
2020-05-01 04:26:03,253:DEBUG:model_container_pt:[186/200]0m 0.018s: Train loss: 0.018806 acc: 0.992714 - Test loss: 0.019656 acc: 1.000000
2020-05-01 04:26:03,270:DEBUG:model_container_pt:[187/200]0m 0.017s: Train loss: 0.020134 acc: 0.996357 - Test loss: 0.021333 acc: 0.985401
2020-05-01 04:26:03,287:DEBUG:model_container_pt:[188/200]0m 0.017s: Train loss: 0.018310 acc: 0.995446 - Test loss: 0.019177 acc: 1.000000
2020-05-01 04:26:03,306:DEBUG:model_container_pt:[189/200]0m 0.018s: Train loss: 0.017839 acc: 0.996357 - Test loss: 0.020278 acc: 0.985401
2020-05-01 04:26:03,323:DEBUG:model_container_pt:[190/200]0m 0.017s: Train loss: 0.017854 acc: 0.995446 - Test loss: 0.018943 acc: 1.000000
2020-05-01 04:26:03,341:DEBUG:model_container_pt:[191/200]0m 0.017s: Train loss: 0.018201 acc: 0.998179 - Test loss: 0.019854 acc: 0.985401
2020-05-01 04:26:03,358:DEBUG:model_container_pt:[192/200]0m 0.017s: Train loss: 0.017939 acc: 0.995446 - Test loss: 0.020286 acc: 0.985401
2020-05-01 04:26:03,375:DEBUG:model_container_pt:[193/200]0m 0.017s: Train loss: 0.017456 acc: 0.998179 - Test loss: 0.019206 acc: 1.000000
2020-05-01 04:26:03,392:DEBUG:model_container_pt:[194/200]0m 0.017s: Train loss: 0.017117 acc: 0.998179 - Test loss: 0.019947 acc: 0.985401
2020-05-01 04:26:03,409:DEBUG:model_container_pt:[195/200]0m 0.017s: Train loss: 0.017271 acc: 0.995446 - Test loss: 0.018307 acc: 1.000000
2020-05-01 04:26:03,428:DEBUG:model_container_pt:[196/200]0m 0.018s: Train loss: 0.017715 acc: 0.997268 - Test loss: 0.018606 acc: 1.000000
2020-05-01 04:26:03,445:DEBUG:model_container_pt:[197/200]0m 0.017s: Train loss: 0.017002 acc: 0.996357 - Test loss: 0.018284 acc: 1.000000
2020-05-01 04:26:03,462:DEBUG:model_container_pt:[198/200]0m 0.017s: Train loss: 0.018011 acc: 0.998179 - Test loss: 0.020211 acc: 0.985401
2020-05-01 04:26:03,479:DEBUG:model_container_pt:[199/200]0m 0.017s: Train loss: 0.019294 acc: 0.990893 - Test loss: 0.017696 acc: 1.000000
2020-05-01 04:26:03,497:DEBUG:model_container_pt:[200/200]0m 0.017s: Train loss: 0.017297 acc: 0.998179 - Test loss: 0.017864 acc: 1.000000
2020-05-01 04:26:03,497:INFO:model_container_pt:Time to complete training: 0m 3.548s
2020-05-01 04:26:03,497:DEBUG:train:File name: IrisNN_BankNote_e200.pt
2020-05-01 04:26:03,498:INFO:model_container_pt:Saved model to save/IrisNN_BankNote_e200.pt
2020-05-01 04:26:03,498:DEBUG:train:Use saved parameters from IrisNN_BankNote_e200.pt
2020-05-01 04:26:03,500:INFO:model_container_pt:Loaded model from save/IrisNN_BankNote_e200.pt
2020-05-01 04:26:03,503:INFO:train:Accuracy on test set: 1.000000
