2020-05-01 04:26:04,394:INFO:train:Start at      : 20200501042604
2020-05-01 04:26:04,395:INFO:train:RECEIVED PARAMETERS:
2020-05-01 04:26:04,395:INFO:train:dataset       :WheatSeed
2020-05-01 04:26:04,395:INFO:train:filename      :None
2020-05-01 04:26:04,395:INFO:train:max_epochs    :300
2020-05-01 04:26:04,395:INFO:train:batch_size    :128
2020-05-01 04:26:04,395:INFO:train:seed          :4096
2020-05-01 04:26:04,395:INFO:train:use_shuffle   :True
2020-05-01 04:26:04,395:INFO:train:use_normalize :True
2020-05-01 04:26:04,395:INFO:train:model_name    :None
2020-05-01 04:26:04,395:INFO:train:verbose       :True
2020-05-01 04:26:04,395:INFO:train:save_log      :True
2020-05-01 04:26:04,395:INFO:train:overwrite     :True
2020-05-01 04:26:04,395:DEBUG:utils:Setting random seed for PyTorch.
2020-05-01 04:26:04,419:DEBUG:utils:/home/lukec/workspace/aad/aad/../data
2020-05-01 04:26:04,419:DEBUG:data_container:Reading file /home/lukec/workspace/aad/aad/../data/seeds_dataset.txt
2020-05-01 04:26:04,428:INFO:data_container:Train size: 168 - Test size: 42
2020-05-01 04:26:04,428:INFO:data_container:Successfully load data. Time to complete: 0m 0.009s
2020-05-01 04:26:04,429:INFO:train:Selected IrisNN model
2020-05-01 04:26:06,870:DEBUG:model_container_pt:Using device: cuda
2020-05-01 04:26:06,914:DEBUG:model_container_pt:[1/300]0m 0.044s: Train loss: 1.091648 acc: 0.315476 - Test loss: 1.061130 acc: 0.404762
2020-05-01 04:26:06,936:DEBUG:model_container_pt:[2/300]0m 0.020s: Train loss: 1.089867 acc: 0.315476 - Test loss: 1.058668 acc: 0.404762
2020-05-01 04:26:06,956:DEBUG:model_container_pt:[3/300]0m 0.018s: Train loss: 1.086738 acc: 0.315476 - Test loss: 1.055105 acc: 0.404762
2020-05-01 04:26:06,971:DEBUG:model_container_pt:[4/300]0m 0.014s: Train loss: 1.081590 acc: 0.315476 - Test loss: 1.050313 acc: 0.404762
2020-05-01 04:26:06,981:DEBUG:model_container_pt:[5/300]0m 0.009s: Train loss: 1.075763 acc: 0.315476 - Test loss: 1.044816 acc: 0.404762
2020-05-01 04:26:06,989:DEBUG:model_container_pt:[6/300]0m 0.007s: Train loss: 1.069176 acc: 0.315476 - Test loss: 1.038877 acc: 0.404762
2020-05-01 04:26:06,995:DEBUG:model_container_pt:[7/300]0m 0.005s: Train loss: 1.061932 acc: 0.315476 - Test loss: 1.032186 acc: 0.404762
2020-05-01 04:26:07,001:DEBUG:model_container_pt:[8/300]0m 0.006s: Train loss: 1.054120 acc: 0.315476 - Test loss: 1.024933 acc: 0.547619
2020-05-01 04:26:07,007:DEBUG:model_container_pt:[9/300]0m 0.005s: Train loss: 1.046404 acc: 0.440476 - Test loss: 1.017521 acc: 0.619048
2020-05-01 04:26:07,012:DEBUG:model_container_pt:[10/300]0m 0.005s: Train loss: 1.038567 acc: 0.541667 - Test loss: 1.009849 acc: 0.666667
2020-05-01 04:26:07,019:DEBUG:model_container_pt:[11/300]0m 0.006s: Train loss: 1.030654 acc: 0.625000 - Test loss: 1.001515 acc: 0.666667
2020-05-01 04:26:07,024:DEBUG:model_container_pt:[12/300]0m 0.004s: Train loss: 1.022740 acc: 0.642857 - Test loss: 0.992255 acc: 0.666667
2020-05-01 04:26:07,029:DEBUG:model_container_pt:[13/300]0m 0.004s: Train loss: 1.014338 acc: 0.642857 - Test loss: 0.982349 acc: 0.666667
2020-05-01 04:26:07,036:DEBUG:model_container_pt:[14/300]0m 0.006s: Train loss: 1.005829 acc: 0.648810 - Test loss: 0.971674 acc: 0.666667
2020-05-01 04:26:07,041:DEBUG:model_container_pt:[15/300]0m 0.005s: Train loss: 0.996813 acc: 0.660714 - Test loss: 0.960480 acc: 0.666667
2020-05-01 04:26:07,046:DEBUG:model_container_pt:[16/300]0m 0.004s: Train loss: 0.987162 acc: 0.660714 - Test loss: 0.949028 acc: 0.666667
2020-05-01 04:26:07,053:DEBUG:model_container_pt:[17/300]0m 0.006s: Train loss: 0.977038 acc: 0.660714 - Test loss: 0.937053 acc: 0.666667
2020-05-01 04:26:07,058:DEBUG:model_container_pt:[18/300]0m 0.005s: Train loss: 0.966175 acc: 0.660714 - Test loss: 0.923974 acc: 0.666667
2020-05-01 04:26:07,063:DEBUG:model_container_pt:[19/300]0m 0.005s: Train loss: 0.954674 acc: 0.666667 - Test loss: 0.909654 acc: 0.666667
2020-05-01 04:26:07,069:DEBUG:model_container_pt:[20/300]0m 0.006s: Train loss: 0.942646 acc: 0.666667 - Test loss: 0.894923 acc: 0.666667
2020-05-01 04:26:07,073:DEBUG:model_container_pt:[21/300]0m 0.004s: Train loss: 0.930021 acc: 0.666667 - Test loss: 0.879811 acc: 0.666667
2020-05-01 04:26:07,077:DEBUG:model_container_pt:[22/300]0m 0.003s: Train loss: 0.916468 acc: 0.666667 - Test loss: 0.864772 acc: 0.666667
2020-05-01 04:26:07,080:DEBUG:model_container_pt:[23/300]0m 0.003s: Train loss: 0.902478 acc: 0.666667 - Test loss: 0.849547 acc: 0.666667
2020-05-01 04:26:07,085:DEBUG:model_container_pt:[24/300]0m 0.005s: Train loss: 0.887859 acc: 0.666667 - Test loss: 0.834034 acc: 0.666667
2020-05-01 04:26:07,089:DEBUG:model_container_pt:[25/300]0m 0.003s: Train loss: 0.872990 acc: 0.666667 - Test loss: 0.818009 acc: 0.666667
2020-05-01 04:26:07,093:DEBUG:model_container_pt:[26/300]0m 0.003s: Train loss: 0.857685 acc: 0.666667 - Test loss: 0.801948 acc: 0.666667
2020-05-01 04:26:07,096:DEBUG:model_container_pt:[27/300]0m 0.003s: Train loss: 0.841813 acc: 0.666667 - Test loss: 0.785296 acc: 0.666667
2020-05-01 04:26:07,101:DEBUG:model_container_pt:[28/300]0m 0.005s: Train loss: 0.825594 acc: 0.666667 - Test loss: 0.768450 acc: 0.714286
2020-05-01 04:26:07,105:DEBUG:model_container_pt:[29/300]0m 0.004s: Train loss: 0.809257 acc: 0.672619 - Test loss: 0.751549 acc: 0.714286
2020-05-01 04:26:07,108:DEBUG:model_container_pt:[30/300]0m 0.003s: Train loss: 0.792831 acc: 0.684524 - Test loss: 0.733921 acc: 0.738095
2020-05-01 04:26:07,112:DEBUG:model_container_pt:[31/300]0m 0.003s: Train loss: 0.776553 acc: 0.696429 - Test loss: 0.716586 acc: 0.738095
2020-05-01 04:26:07,117:DEBUG:model_container_pt:[32/300]0m 0.004s: Train loss: 0.759723 acc: 0.702381 - Test loss: 0.700187 acc: 0.738095
2020-05-01 04:26:07,121:DEBUG:model_container_pt:[33/300]0m 0.004s: Train loss: 0.743661 acc: 0.708333 - Test loss: 0.684275 acc: 0.738095
2020-05-01 04:26:07,124:DEBUG:model_container_pt:[34/300]0m 0.003s: Train loss: 0.727527 acc: 0.720238 - Test loss: 0.669109 acc: 0.738095
2020-05-01 04:26:07,128:DEBUG:model_container_pt:[35/300]0m 0.003s: Train loss: 0.711723 acc: 0.738095 - Test loss: 0.654154 acc: 0.714286
2020-05-01 04:26:07,131:DEBUG:model_container_pt:[36/300]0m 0.003s: Train loss: 0.696506 acc: 0.750000 - Test loss: 0.640249 acc: 0.714286
2020-05-01 04:26:07,136:DEBUG:model_container_pt:[37/300]0m 0.005s: Train loss: 0.681492 acc: 0.755952 - Test loss: 0.627256 acc: 0.738095
2020-05-01 04:26:07,140:DEBUG:model_container_pt:[38/300]0m 0.003s: Train loss: 0.666905 acc: 0.755952 - Test loss: 0.615245 acc: 0.738095
2020-05-01 04:26:07,143:DEBUG:model_container_pt:[39/300]0m 0.003s: Train loss: 0.652793 acc: 0.755952 - Test loss: 0.604190 acc: 0.738095
2020-05-01 04:26:07,146:DEBUG:model_container_pt:[40/300]0m 0.003s: Train loss: 0.639009 acc: 0.773810 - Test loss: 0.594184 acc: 0.738095
2020-05-01 04:26:07,152:DEBUG:model_container_pt:[41/300]0m 0.005s: Train loss: 0.626112 acc: 0.785714 - Test loss: 0.584466 acc: 0.738095
2020-05-01 04:26:07,155:DEBUG:model_container_pt:[42/300]0m 0.003s: Train loss: 0.613561 acc: 0.785714 - Test loss: 0.574990 acc: 0.738095
2020-05-01 04:26:07,159:DEBUG:model_container_pt:[43/300]0m 0.003s: Train loss: 0.601223 acc: 0.809524 - Test loss: 0.565734 acc: 0.738095
2020-05-01 04:26:07,162:DEBUG:model_container_pt:[44/300]0m 0.003s: Train loss: 0.589669 acc: 0.815476 - Test loss: 0.557059 acc: 0.738095
2020-05-01 04:26:07,167:DEBUG:model_container_pt:[45/300]0m 0.004s: Train loss: 0.578364 acc: 0.827381 - Test loss: 0.547134 acc: 0.738095
2020-05-01 04:26:07,171:DEBUG:model_container_pt:[46/300]0m 0.004s: Train loss: 0.567088 acc: 0.833333 - Test loss: 0.535545 acc: 0.738095
2020-05-01 04:26:07,175:DEBUG:model_container_pt:[47/300]0m 0.003s: Train loss: 0.556448 acc: 0.827381 - Test loss: 0.523939 acc: 0.738095
2020-05-01 04:26:07,178:DEBUG:model_container_pt:[48/300]0m 0.003s: Train loss: 0.546518 acc: 0.827381 - Test loss: 0.514080 acc: 0.738095
2020-05-01 04:26:07,181:DEBUG:model_container_pt:[49/300]0m 0.003s: Train loss: 0.537042 acc: 0.833333 - Test loss: 0.505847 acc: 0.761905
2020-05-01 04:26:07,187:DEBUG:model_container_pt:[50/300]0m 0.005s: Train loss: 0.527514 acc: 0.833333 - Test loss: 0.498613 acc: 0.761905
2020-05-01 04:26:07,190:DEBUG:model_container_pt:[51/300]0m 0.003s: Train loss: 0.518648 acc: 0.839286 - Test loss: 0.492833 acc: 0.785714
2020-05-01 04:26:07,194:DEBUG:model_container_pt:[52/300]0m 0.003s: Train loss: 0.509285 acc: 0.863095 - Test loss: 0.487384 acc: 0.785714
2020-05-01 04:26:07,197:DEBUG:model_container_pt:[53/300]0m 0.003s: Train loss: 0.500153 acc: 0.869048 - Test loss: 0.482990 acc: 0.809524
2020-05-01 04:26:07,202:DEBUG:model_container_pt:[54/300]0m 0.005s: Train loss: 0.491846 acc: 0.869048 - Test loss: 0.479864 acc: 0.809524
2020-05-01 04:26:07,206:DEBUG:model_container_pt:[55/300]0m 0.003s: Train loss: 0.483273 acc: 0.869048 - Test loss: 0.476685 acc: 0.833333
2020-05-01 04:26:07,209:DEBUG:model_container_pt:[56/300]0m 0.003s: Train loss: 0.476044 acc: 0.869048 - Test loss: 0.473140 acc: 0.833333
2020-05-01 04:26:07,212:DEBUG:model_container_pt:[57/300]0m 0.003s: Train loss: 0.468548 acc: 0.869048 - Test loss: 0.467041 acc: 0.857143
2020-05-01 04:26:07,217:DEBUG:model_container_pt:[58/300]0m 0.005s: Train loss: 0.460784 acc: 0.880952 - Test loss: 0.458345 acc: 0.857143
2020-05-01 04:26:07,221:DEBUG:model_container_pt:[59/300]0m 0.004s: Train loss: 0.453557 acc: 0.875000 - Test loss: 0.449016 acc: 0.857143
2020-05-01 04:26:07,225:DEBUG:model_container_pt:[60/300]0m 0.003s: Train loss: 0.446268 acc: 0.880952 - Test loss: 0.441418 acc: 0.857143
2020-05-01 04:26:07,228:DEBUG:model_container_pt:[61/300]0m 0.003s: Train loss: 0.439674 acc: 0.880952 - Test loss: 0.435298 acc: 0.857143
2020-05-01 04:26:07,232:DEBUG:model_container_pt:[62/300]0m 0.003s: Train loss: 0.433209 acc: 0.880952 - Test loss: 0.429538 acc: 0.857143
2020-05-01 04:26:07,237:DEBUG:model_container_pt:[63/300]0m 0.005s: Train loss: 0.427198 acc: 0.880952 - Test loss: 0.424023 acc: 0.857143
2020-05-01 04:26:07,241:DEBUG:model_container_pt:[64/300]0m 0.003s: Train loss: 0.421275 acc: 0.875000 - Test loss: 0.420542 acc: 0.857143
2020-05-01 04:26:07,244:DEBUG:model_container_pt:[65/300]0m 0.003s: Train loss: 0.415027 acc: 0.880952 - Test loss: 0.420101 acc: 0.857143
2020-05-01 04:26:07,248:DEBUG:model_container_pt:[66/300]0m 0.003s: Train loss: 0.408613 acc: 0.886905 - Test loss: 0.422388 acc: 0.857143
2020-05-01 04:26:07,253:DEBUG:model_container_pt:[67/300]0m 0.005s: Train loss: 0.402990 acc: 0.898810 - Test loss: 0.426013 acc: 0.857143
2020-05-01 04:26:07,257:DEBUG:model_container_pt:[68/300]0m 0.003s: Train loss: 0.399919 acc: 0.898810 - Test loss: 0.426417 acc: 0.857143
2020-05-01 04:26:07,260:DEBUG:model_container_pt:[69/300]0m 0.003s: Train loss: 0.394176 acc: 0.898810 - Test loss: 0.418712 acc: 0.857143
2020-05-01 04:26:07,264:DEBUG:model_container_pt:[70/300]0m 0.003s: Train loss: 0.388500 acc: 0.898810 - Test loss: 0.408425 acc: 0.857143
2020-05-01 04:26:07,270:DEBUG:model_container_pt:[71/300]0m 0.005s: Train loss: 0.383267 acc: 0.886905 - Test loss: 0.400491 acc: 0.857143
2020-05-01 04:26:07,273:DEBUG:model_container_pt:[72/300]0m 0.003s: Train loss: 0.378869 acc: 0.880952 - Test loss: 0.394682 acc: 0.857143
2020-05-01 04:26:07,277:DEBUG:model_container_pt:[73/300]0m 0.003s: Train loss: 0.374720 acc: 0.880952 - Test loss: 0.388751 acc: 0.857143
2020-05-01 04:26:07,280:DEBUG:model_container_pt:[74/300]0m 0.003s: Train loss: 0.371281 acc: 0.875000 - Test loss: 0.383272 acc: 0.857143
2020-05-01 04:26:07,286:DEBUG:model_container_pt:[75/300]0m 0.005s: Train loss: 0.367776 acc: 0.880952 - Test loss: 0.381122 acc: 0.857143
2020-05-01 04:26:07,289:DEBUG:model_container_pt:[76/300]0m 0.003s: Train loss: 0.363405 acc: 0.880952 - Test loss: 0.382541 acc: 0.857143
2020-05-01 04:26:07,293:DEBUG:model_container_pt:[77/300]0m 0.003s: Train loss: 0.358495 acc: 0.875000 - Test loss: 0.385014 acc: 0.857143
2020-05-01 04:26:07,296:DEBUG:model_container_pt:[78/300]0m 0.003s: Train loss: 0.354595 acc: 0.892857 - Test loss: 0.386826 acc: 0.857143
2020-05-01 04:26:07,301:DEBUG:model_container_pt:[79/300]0m 0.004s: Train loss: 0.350869 acc: 0.886905 - Test loss: 0.386450 acc: 0.857143
2020-05-01 04:26:07,305:DEBUG:model_container_pt:[80/300]0m 0.003s: Train loss: 0.347658 acc: 0.875000 - Test loss: 0.385108 acc: 0.857143
2020-05-01 04:26:07,308:DEBUG:model_container_pt:[81/300]0m 0.003s: Train loss: 0.344802 acc: 0.875000 - Test loss: 0.382847 acc: 0.857143
2020-05-01 04:26:07,312:DEBUG:model_container_pt:[82/300]0m 0.003s: Train loss: 0.341347 acc: 0.880952 - Test loss: 0.378103 acc: 0.857143
2020-05-01 04:26:07,315:DEBUG:model_container_pt:[83/300]0m 0.003s: Train loss: 0.338104 acc: 0.880952 - Test loss: 0.372764 acc: 0.857143
2020-05-01 04:26:07,320:DEBUG:model_container_pt:[84/300]0m 0.004s: Train loss: 0.335576 acc: 0.892857 - Test loss: 0.366986 acc: 0.857143
2020-05-01 04:26:07,323:DEBUG:model_container_pt:[85/300]0m 0.003s: Train loss: 0.333342 acc: 0.886905 - Test loss: 0.363691 acc: 0.857143
2020-05-01 04:26:07,327:DEBUG:model_container_pt:[86/300]0m 0.003s: Train loss: 0.331159 acc: 0.886905 - Test loss: 0.364116 acc: 0.857143
2020-05-01 04:26:07,330:DEBUG:model_container_pt:[87/300]0m 0.003s: Train loss: 0.328268 acc: 0.880952 - Test loss: 0.367244 acc: 0.857143
2020-05-01 04:26:07,336:DEBUG:model_container_pt:[88/300]0m 0.005s: Train loss: 0.326709 acc: 0.875000 - Test loss: 0.369236 acc: 0.857143
2020-05-01 04:26:07,339:DEBUG:model_container_pt:[89/300]0m 0.003s: Train loss: 0.323052 acc: 0.886905 - Test loss: 0.366585 acc: 0.857143
2020-05-01 04:26:07,343:DEBUG:model_container_pt:[90/300]0m 0.003s: Train loss: 0.321204 acc: 0.886905 - Test loss: 0.362380 acc: 0.857143
2020-05-01 04:26:07,346:DEBUG:model_container_pt:[91/300]0m 0.003s: Train loss: 0.318564 acc: 0.898810 - Test loss: 0.356802 acc: 0.857143
2020-05-01 04:26:07,351:DEBUG:model_container_pt:[92/300]0m 0.004s: Train loss: 0.316937 acc: 0.898810 - Test loss: 0.353254 acc: 0.857143
2020-05-01 04:26:07,355:DEBUG:model_container_pt:[93/300]0m 0.004s: Train loss: 0.315083 acc: 0.886905 - Test loss: 0.351812 acc: 0.857143
2020-05-01 04:26:07,358:DEBUG:model_container_pt:[94/300]0m 0.003s: Train loss: 0.313119 acc: 0.880952 - Test loss: 0.351003 acc: 0.857143
2020-05-01 04:26:07,362:DEBUG:model_container_pt:[95/300]0m 0.003s: Train loss: 0.310703 acc: 0.880952 - Test loss: 0.352023 acc: 0.857143
2020-05-01 04:26:07,365:DEBUG:model_container_pt:[96/300]0m 0.003s: Train loss: 0.309022 acc: 0.886905 - Test loss: 0.353368 acc: 0.857143
2020-05-01 04:26:07,370:DEBUG:model_container_pt:[97/300]0m 0.005s: Train loss: 0.306774 acc: 0.886905 - Test loss: 0.352931 acc: 0.857143
2020-05-01 04:26:07,374:DEBUG:model_container_pt:[98/300]0m 0.003s: Train loss: 0.305031 acc: 0.886905 - Test loss: 0.353511 acc: 0.857143
2020-05-01 04:26:07,377:DEBUG:model_container_pt:[99/300]0m 0.003s: Train loss: 0.303561 acc: 0.886905 - Test loss: 0.354801 acc: 0.857143
2020-05-01 04:26:07,381:DEBUG:model_container_pt:[100/300]0m 0.003s: Train loss: 0.301808 acc: 0.886905 - Test loss: 0.355611 acc: 0.857143
2020-05-01 04:26:07,387:DEBUG:model_container_pt:[101/300]0m 0.006s: Train loss: 0.301028 acc: 0.875000 - Test loss: 0.353111 acc: 0.857143
2020-05-01 04:26:07,391:DEBUG:model_container_pt:[102/300]0m 0.003s: Train loss: 0.298332 acc: 0.886905 - Test loss: 0.345435 acc: 0.857143
2020-05-01 04:26:07,394:DEBUG:model_container_pt:[103/300]0m 0.003s: Train loss: 0.298114 acc: 0.886905 - Test loss: 0.340442 acc: 0.857143
2020-05-01 04:26:07,398:DEBUG:model_container_pt:[104/300]0m 0.003s: Train loss: 0.296612 acc: 0.880952 - Test loss: 0.341808 acc: 0.857143
2020-05-01 04:26:07,403:DEBUG:model_container_pt:[105/300]0m 0.005s: Train loss: 0.295031 acc: 0.898810 - Test loss: 0.345575 acc: 0.857143
2020-05-01 04:26:07,407:DEBUG:model_container_pt:[106/300]0m 0.003s: Train loss: 0.292877 acc: 0.898810 - Test loss: 0.347635 acc: 0.857143
2020-05-01 04:26:07,411:DEBUG:model_container_pt:[107/300]0m 0.003s: Train loss: 0.292294 acc: 0.880952 - Test loss: 0.348856 acc: 0.857143
2020-05-01 04:26:07,414:DEBUG:model_container_pt:[108/300]0m 0.003s: Train loss: 0.291055 acc: 0.875000 - Test loss: 0.346868 acc: 0.857143
2020-05-01 04:26:07,420:DEBUG:model_container_pt:[109/300]0m 0.005s: Train loss: 0.289287 acc: 0.880952 - Test loss: 0.340898 acc: 0.857143
2020-05-01 04:26:07,424:DEBUG:model_container_pt:[110/300]0m 0.003s: Train loss: 0.287959 acc: 0.892857 - Test loss: 0.331720 acc: 0.880952
2020-05-01 04:26:07,427:DEBUG:model_container_pt:[111/300]0m 0.003s: Train loss: 0.286839 acc: 0.880952 - Test loss: 0.326254 acc: 0.880952
2020-05-01 04:26:07,431:DEBUG:model_container_pt:[112/300]0m 0.003s: Train loss: 0.286611 acc: 0.886905 - Test loss: 0.323927 acc: 0.880952
2020-05-01 04:26:07,437:DEBUG:model_container_pt:[113/300]0m 0.006s: Train loss: 0.285420 acc: 0.880952 - Test loss: 0.325567 acc: 0.880952
2020-05-01 04:26:07,441:DEBUG:model_container_pt:[114/300]0m 0.003s: Train loss: 0.283455 acc: 0.880952 - Test loss: 0.330827 acc: 0.880952
2020-05-01 04:26:07,444:DEBUG:model_container_pt:[115/300]0m 0.003s: Train loss: 0.281441 acc: 0.886905 - Test loss: 0.338218 acc: 0.857143
2020-05-01 04:26:07,448:DEBUG:model_container_pt:[116/300]0m 0.003s: Train loss: 0.281084 acc: 0.869048 - Test loss: 0.347652 acc: 0.857143
2020-05-01 04:26:07,454:DEBUG:model_container_pt:[117/300]0m 0.006s: Train loss: 0.282030 acc: 0.869048 - Test loss: 0.353185 acc: 0.857143
2020-05-01 04:26:07,457:DEBUG:model_container_pt:[118/300]0m 0.003s: Train loss: 0.282721 acc: 0.875000 - Test loss: 0.352388 acc: 0.857143
2020-05-01 04:26:07,461:DEBUG:model_container_pt:[119/300]0m 0.003s: Train loss: 0.282189 acc: 0.875000 - Test loss: 0.347078 acc: 0.857143
2020-05-01 04:26:07,464:DEBUG:model_container_pt:[120/300]0m 0.003s: Train loss: 0.279619 acc: 0.875000 - Test loss: 0.342268 acc: 0.857143
2020-05-01 04:26:07,470:DEBUG:model_container_pt:[121/300]0m 0.005s: Train loss: 0.277542 acc: 0.875000 - Test loss: 0.336927 acc: 0.880952
2020-05-01 04:26:07,473:DEBUG:model_container_pt:[122/300]0m 0.003s: Train loss: 0.275712 acc: 0.886905 - Test loss: 0.332509 acc: 0.880952
2020-05-01 04:26:07,477:DEBUG:model_container_pt:[123/300]0m 0.003s: Train loss: 0.274993 acc: 0.886905 - Test loss: 0.329959 acc: 0.880952
2020-05-01 04:26:07,480:DEBUG:model_container_pt:[124/300]0m 0.003s: Train loss: 0.273509 acc: 0.892857 - Test loss: 0.329538 acc: 0.880952
2020-05-01 04:26:07,486:DEBUG:model_container_pt:[125/300]0m 0.005s: Train loss: 0.272688 acc: 0.892857 - Test loss: 0.326777 acc: 0.880952
2020-05-01 04:26:07,490:DEBUG:model_container_pt:[126/300]0m 0.003s: Train loss: 0.271670 acc: 0.886905 - Test loss: 0.319706 acc: 0.904762
2020-05-01 04:26:07,493:DEBUG:model_container_pt:[127/300]0m 0.003s: Train loss: 0.270377 acc: 0.892857 - Test loss: 0.311717 acc: 0.904762
2020-05-01 04:26:07,497:DEBUG:model_container_pt:[128/300]0m 0.003s: Train loss: 0.270556 acc: 0.886905 - Test loss: 0.305005 acc: 0.904762
2020-05-01 04:26:07,502:DEBUG:model_container_pt:[129/300]0m 0.005s: Train loss: 0.271185 acc: 0.886905 - Test loss: 0.300444 acc: 0.904762
2020-05-01 04:26:07,506:DEBUG:model_container_pt:[130/300]0m 0.003s: Train loss: 0.271840 acc: 0.875000 - Test loss: 0.300734 acc: 0.904762
2020-05-01 04:26:07,509:DEBUG:model_container_pt:[131/300]0m 0.003s: Train loss: 0.270673 acc: 0.880952 - Test loss: 0.304548 acc: 0.904762
2020-05-01 04:26:07,513:DEBUG:model_container_pt:[132/300]0m 0.003s: Train loss: 0.268009 acc: 0.886905 - Test loss: 0.310021 acc: 0.904762
2020-05-01 04:26:07,519:DEBUG:model_container_pt:[133/300]0m 0.006s: Train loss: 0.267046 acc: 0.892857 - Test loss: 0.316256 acc: 0.904762
2020-05-01 04:26:07,523:DEBUG:model_container_pt:[134/300]0m 0.003s: Train loss: 0.264982 acc: 0.886905 - Test loss: 0.317377 acc: 0.904762
2020-05-01 04:26:07,526:DEBUG:model_container_pt:[135/300]0m 0.003s: Train loss: 0.263871 acc: 0.880952 - Test loss: 0.315400 acc: 0.904762
2020-05-01 04:26:07,530:DEBUG:model_container_pt:[136/300]0m 0.003s: Train loss: 0.263505 acc: 0.880952 - Test loss: 0.313687 acc: 0.904762
2020-05-01 04:26:07,536:DEBUG:model_container_pt:[137/300]0m 0.006s: Train loss: 0.262527 acc: 0.880952 - Test loss: 0.314826 acc: 0.904762
2020-05-01 04:26:07,540:DEBUG:model_container_pt:[138/300]0m 0.003s: Train loss: 0.262472 acc: 0.875000 - Test loss: 0.314128 acc: 0.904762
2020-05-01 04:26:07,543:DEBUG:model_container_pt:[139/300]0m 0.003s: Train loss: 0.261031 acc: 0.880952 - Test loss: 0.309956 acc: 0.904762
2020-05-01 04:26:07,546:DEBUG:model_container_pt:[140/300]0m 0.003s: Train loss: 0.259987 acc: 0.880952 - Test loss: 0.308890 acc: 0.904762
2020-05-01 04:26:07,552:DEBUG:model_container_pt:[141/300]0m 0.006s: Train loss: 0.259416 acc: 0.892857 - Test loss: 0.309449 acc: 0.904762
2020-05-01 04:26:07,556:DEBUG:model_container_pt:[142/300]0m 0.003s: Train loss: 0.259328 acc: 0.898810 - Test loss: 0.311943 acc: 0.904762
2020-05-01 04:26:07,560:DEBUG:model_container_pt:[143/300]0m 0.003s: Train loss: 0.258785 acc: 0.898810 - Test loss: 0.313974 acc: 0.904762
2020-05-01 04:26:07,563:DEBUG:model_container_pt:[144/300]0m 0.003s: Train loss: 0.257953 acc: 0.898810 - Test loss: 0.314486 acc: 0.904762
2020-05-01 04:26:07,570:DEBUG:model_container_pt:[145/300]0m 0.006s: Train loss: 0.257136 acc: 0.898810 - Test loss: 0.314854 acc: 0.904762
2020-05-01 04:26:07,573:DEBUG:model_container_pt:[146/300]0m 0.003s: Train loss: 0.256247 acc: 0.892857 - Test loss: 0.314928 acc: 0.904762
2020-05-01 04:26:07,577:DEBUG:model_container_pt:[147/300]0m 0.003s: Train loss: 0.255292 acc: 0.880952 - Test loss: 0.314799 acc: 0.904762
2020-05-01 04:26:07,581:DEBUG:model_container_pt:[148/300]0m 0.003s: Train loss: 0.254449 acc: 0.880952 - Test loss: 0.315621 acc: 0.904762
2020-05-01 04:26:07,586:DEBUG:model_container_pt:[149/300]0m 0.006s: Train loss: 0.254747 acc: 0.880952 - Test loss: 0.314267 acc: 0.904762
2020-05-01 04:26:07,590:DEBUG:model_container_pt:[150/300]0m 0.003s: Train loss: 0.253389 acc: 0.875000 - Test loss: 0.306848 acc: 0.904762
2020-05-01 04:26:07,594:DEBUG:model_container_pt:[151/300]0m 0.003s: Train loss: 0.252294 acc: 0.880952 - Test loss: 0.300350 acc: 0.904762
2020-05-01 04:26:07,598:DEBUG:model_container_pt:[152/300]0m 0.003s: Train loss: 0.251278 acc: 0.880952 - Test loss: 0.297614 acc: 0.904762
2020-05-01 04:26:07,604:DEBUG:model_container_pt:[153/300]0m 0.006s: Train loss: 0.250599 acc: 0.898810 - Test loss: 0.297989 acc: 0.904762
2020-05-01 04:26:07,608:DEBUG:model_container_pt:[154/300]0m 0.004s: Train loss: 0.249628 acc: 0.898810 - Test loss: 0.300425 acc: 0.904762
2020-05-01 04:26:07,612:DEBUG:model_container_pt:[155/300]0m 0.003s: Train loss: 0.248910 acc: 0.880952 - Test loss: 0.303030 acc: 0.904762
2020-05-01 04:26:07,618:DEBUG:model_container_pt:[156/300]0m 0.005s: Train loss: 0.248237 acc: 0.880952 - Test loss: 0.302889 acc: 0.904762
2020-05-01 04:26:07,622:DEBUG:model_container_pt:[157/300]0m 0.004s: Train loss: 0.247533 acc: 0.880952 - Test loss: 0.298879 acc: 0.904762
2020-05-01 04:26:07,626:DEBUG:model_container_pt:[158/300]0m 0.003s: Train loss: 0.246795 acc: 0.886905 - Test loss: 0.293764 acc: 0.904762
2020-05-01 04:26:07,629:DEBUG:model_container_pt:[159/300]0m 0.003s: Train loss: 0.246823 acc: 0.886905 - Test loss: 0.290646 acc: 0.904762
2020-05-01 04:26:07,635:DEBUG:model_container_pt:[160/300]0m 0.006s: Train loss: 0.245533 acc: 0.886905 - Test loss: 0.291729 acc: 0.904762
2020-05-01 04:26:07,639:DEBUG:model_container_pt:[161/300]0m 0.004s: Train loss: 0.244494 acc: 0.886905 - Test loss: 0.291104 acc: 0.904762
2020-05-01 04:26:07,643:DEBUG:model_container_pt:[162/300]0m 0.003s: Train loss: 0.243509 acc: 0.886905 - Test loss: 0.287826 acc: 0.904762
2020-05-01 04:26:07,647:DEBUG:model_container_pt:[163/300]0m 0.003s: Train loss: 0.242523 acc: 0.904762 - Test loss: 0.282380 acc: 0.904762
2020-05-01 04:26:07,654:DEBUG:model_container_pt:[164/300]0m 0.007s: Train loss: 0.242732 acc: 0.904762 - Test loss: 0.281448 acc: 0.904762
2020-05-01 04:26:07,657:DEBUG:model_container_pt:[165/300]0m 0.003s: Train loss: 0.242074 acc: 0.904762 - Test loss: 0.285457 acc: 0.904762
2020-05-01 04:26:07,661:DEBUG:model_container_pt:[166/300]0m 0.003s: Train loss: 0.240962 acc: 0.898810 - Test loss: 0.289630 acc: 0.904762
2020-05-01 04:26:07,665:DEBUG:model_container_pt:[167/300]0m 0.003s: Train loss: 0.240644 acc: 0.898810 - Test loss: 0.292908 acc: 0.904762
2020-05-01 04:26:07,671:DEBUG:model_container_pt:[168/300]0m 0.006s: Train loss: 0.239838 acc: 0.898810 - Test loss: 0.292434 acc: 0.904762
2020-05-01 04:26:07,675:DEBUG:model_container_pt:[169/300]0m 0.003s: Train loss: 0.239134 acc: 0.898810 - Test loss: 0.289101 acc: 0.904762
2020-05-01 04:26:07,678:DEBUG:model_container_pt:[170/300]0m 0.003s: Train loss: 0.237680 acc: 0.898810 - Test loss: 0.281962 acc: 0.904762
2020-05-01 04:26:07,683:DEBUG:model_container_pt:[171/300]0m 0.004s: Train loss: 0.237125 acc: 0.898810 - Test loss: 0.275866 acc: 0.904762
2020-05-01 04:26:07,689:DEBUG:model_container_pt:[172/300]0m 0.005s: Train loss: 0.235835 acc: 0.904762 - Test loss: 0.274573 acc: 0.904762
2020-05-01 04:26:07,692:DEBUG:model_container_pt:[173/300]0m 0.003s: Train loss: 0.234290 acc: 0.904762 - Test loss: 0.277063 acc: 0.904762
2020-05-01 04:26:07,696:DEBUG:model_container_pt:[174/300]0m 0.003s: Train loss: 0.232951 acc: 0.892857 - Test loss: 0.282524 acc: 0.904762
2020-05-01 04:26:07,702:DEBUG:model_container_pt:[175/300]0m 0.006s: Train loss: 0.233182 acc: 0.892857 - Test loss: 0.288370 acc: 0.904762
2020-05-01 04:26:07,706:DEBUG:model_container_pt:[176/300]0m 0.004s: Train loss: 0.234610 acc: 0.886905 - Test loss: 0.289596 acc: 0.904762
2020-05-01 04:26:07,710:DEBUG:model_container_pt:[177/300]0m 0.003s: Train loss: 0.234678 acc: 0.886905 - Test loss: 0.282075 acc: 0.904762
2020-05-01 04:26:07,713:DEBUG:model_container_pt:[178/300]0m 0.003s: Train loss: 0.234215 acc: 0.892857 - Test loss: 0.272904 acc: 0.904762
2020-05-01 04:26:07,721:DEBUG:model_container_pt:[179/300]0m 0.007s: Train loss: 0.229785 acc: 0.898810 - Test loss: 0.270081 acc: 0.904762
2020-05-01 04:26:07,725:DEBUG:model_container_pt:[180/300]0m 0.003s: Train loss: 0.228304 acc: 0.904762 - Test loss: 0.266910 acc: 0.904762
2020-05-01 04:26:07,728:DEBUG:model_container_pt:[181/300]0m 0.003s: Train loss: 0.228154 acc: 0.910714 - Test loss: 0.263699 acc: 0.904762
2020-05-01 04:26:07,732:DEBUG:model_container_pt:[182/300]0m 0.003s: Train loss: 0.227317 acc: 0.910714 - Test loss: 0.262889 acc: 0.904762
2020-05-01 04:26:07,737:DEBUG:model_container_pt:[183/300]0m 0.005s: Train loss: 0.226416 acc: 0.910714 - Test loss: 0.264622 acc: 0.904762
2020-05-01 04:26:07,741:DEBUG:model_container_pt:[184/300]0m 0.003s: Train loss: 0.225236 acc: 0.916667 - Test loss: 0.265384 acc: 0.904762
2020-05-01 04:26:07,744:DEBUG:model_container_pt:[185/300]0m 0.003s: Train loss: 0.224153 acc: 0.916667 - Test loss: 0.267277 acc: 0.904762
2020-05-01 04:26:07,748:DEBUG:model_container_pt:[186/300]0m 0.003s: Train loss: 0.223704 acc: 0.916667 - Test loss: 0.269081 acc: 0.904762
2020-05-01 04:26:07,753:DEBUG:model_container_pt:[187/300]0m 0.005s: Train loss: 0.222858 acc: 0.910714 - Test loss: 0.271959 acc: 0.904762
2020-05-01 04:26:07,757:DEBUG:model_container_pt:[188/300]0m 0.003s: Train loss: 0.222209 acc: 0.904762 - Test loss: 0.276739 acc: 0.904762
2020-05-01 04:26:07,760:DEBUG:model_container_pt:[189/300]0m 0.003s: Train loss: 0.223467 acc: 0.892857 - Test loss: 0.277540 acc: 0.904762
2020-05-01 04:26:07,764:DEBUG:model_container_pt:[190/300]0m 0.003s: Train loss: 0.221610 acc: 0.892857 - Test loss: 0.267593 acc: 0.904762
2020-05-01 04:26:07,770:DEBUG:model_container_pt:[191/300]0m 0.005s: Train loss: 0.219464 acc: 0.910714 - Test loss: 0.255998 acc: 0.904762
2020-05-01 04:26:07,773:DEBUG:model_container_pt:[192/300]0m 0.003s: Train loss: 0.218193 acc: 0.922619 - Test loss: 0.247689 acc: 0.904762
2020-05-01 04:26:07,777:DEBUG:model_container_pt:[193/300]0m 0.003s: Train loss: 0.218372 acc: 0.922619 - Test loss: 0.242125 acc: 0.904762
2020-05-01 04:26:07,780:DEBUG:model_container_pt:[194/300]0m 0.003s: Train loss: 0.218639 acc: 0.916667 - Test loss: 0.238561 acc: 0.904762
2020-05-01 04:26:07,786:DEBUG:model_container_pt:[195/300]0m 0.006s: Train loss: 0.219056 acc: 0.916667 - Test loss: 0.238399 acc: 0.904762
2020-05-01 04:26:07,790:DEBUG:model_container_pt:[196/300]0m 0.003s: Train loss: 0.216760 acc: 0.916667 - Test loss: 0.244792 acc: 0.904762
2020-05-01 04:26:07,793:DEBUG:model_container_pt:[197/300]0m 0.003s: Train loss: 0.215411 acc: 0.922619 - Test loss: 0.255006 acc: 0.904762
2020-05-01 04:26:07,797:DEBUG:model_container_pt:[198/300]0m 0.003s: Train loss: 0.212807 acc: 0.916667 - Test loss: 0.261435 acc: 0.904762
2020-05-01 04:26:07,803:DEBUG:model_container_pt:[199/300]0m 0.006s: Train loss: 0.213033 acc: 0.910714 - Test loss: 0.264932 acc: 0.904762
2020-05-01 04:26:07,807:DEBUG:model_container_pt:[200/300]0m 0.003s: Train loss: 0.212837 acc: 0.910714 - Test loss: 0.265275 acc: 0.904762
2020-05-01 04:26:07,811:DEBUG:model_container_pt:[201/300]0m 0.003s: Train loss: 0.212219 acc: 0.910714 - Test loss: 0.263829 acc: 0.904762
2020-05-01 04:26:07,814:DEBUG:model_container_pt:[202/300]0m 0.003s: Train loss: 0.211613 acc: 0.910714 - Test loss: 0.259430 acc: 0.904762
2020-05-01 04:26:07,820:DEBUG:model_container_pt:[203/300]0m 0.005s: Train loss: 0.209258 acc: 0.916667 - Test loss: 0.254434 acc: 0.904762
2020-05-01 04:26:07,823:DEBUG:model_container_pt:[204/300]0m 0.003s: Train loss: 0.207957 acc: 0.916667 - Test loss: 0.245860 acc: 0.904762
2020-05-01 04:26:07,827:DEBUG:model_container_pt:[205/300]0m 0.003s: Train loss: 0.207238 acc: 0.916667 - Test loss: 0.239592 acc: 0.904762
2020-05-01 04:26:07,831:DEBUG:model_container_pt:[206/300]0m 0.003s: Train loss: 0.206781 acc: 0.916667 - Test loss: 0.236509 acc: 0.904762
2020-05-01 04:26:07,837:DEBUG:model_container_pt:[207/300]0m 0.006s: Train loss: 0.206003 acc: 0.916667 - Test loss: 0.235370 acc: 0.904762
2020-05-01 04:26:07,840:DEBUG:model_container_pt:[208/300]0m 0.003s: Train loss: 0.205004 acc: 0.916667 - Test loss: 0.235089 acc: 0.904762
2020-05-01 04:26:07,844:DEBUG:model_container_pt:[209/300]0m 0.003s: Train loss: 0.203641 acc: 0.916667 - Test loss: 0.238940 acc: 0.904762
2020-05-01 04:26:07,848:DEBUG:model_container_pt:[210/300]0m 0.003s: Train loss: 0.202445 acc: 0.916667 - Test loss: 0.245380 acc: 0.904762
2020-05-01 04:26:07,854:DEBUG:model_container_pt:[211/300]0m 0.006s: Train loss: 0.201511 acc: 0.922619 - Test loss: 0.249433 acc: 0.904762
2020-05-01 04:26:07,857:DEBUG:model_container_pt:[212/300]0m 0.003s: Train loss: 0.201853 acc: 0.916667 - Test loss: 0.250883 acc: 0.904762
2020-05-01 04:26:07,861:DEBUG:model_container_pt:[213/300]0m 0.003s: Train loss: 0.200987 acc: 0.916667 - Test loss: 0.247671 acc: 0.904762
2020-05-01 04:26:07,865:DEBUG:model_container_pt:[214/300]0m 0.003s: Train loss: 0.200721 acc: 0.916667 - Test loss: 0.243300 acc: 0.904762
2020-05-01 04:26:07,870:DEBUG:model_container_pt:[215/300]0m 0.005s: Train loss: 0.198723 acc: 0.916667 - Test loss: 0.241226 acc: 0.904762
2020-05-01 04:26:07,874:DEBUG:model_container_pt:[216/300]0m 0.003s: Train loss: 0.197725 acc: 0.922619 - Test loss: 0.238478 acc: 0.904762
2020-05-01 04:26:07,877:DEBUG:model_container_pt:[217/300]0m 0.003s: Train loss: 0.196290 acc: 0.922619 - Test loss: 0.234305 acc: 0.904762
2020-05-01 04:26:07,881:DEBUG:model_container_pt:[218/300]0m 0.003s: Train loss: 0.195288 acc: 0.916667 - Test loss: 0.230285 acc: 0.904762
2020-05-01 04:26:07,887:DEBUG:model_container_pt:[219/300]0m 0.006s: Train loss: 0.194499 acc: 0.916667 - Test loss: 0.227039 acc: 0.880952
2020-05-01 04:26:07,890:DEBUG:model_container_pt:[220/300]0m 0.003s: Train loss: 0.194848 acc: 0.916667 - Test loss: 0.225124 acc: 0.880952
2020-05-01 04:26:07,894:DEBUG:model_container_pt:[221/300]0m 0.003s: Train loss: 0.193416 acc: 0.916667 - Test loss: 0.225538 acc: 0.880952
2020-05-01 04:26:07,897:DEBUG:model_container_pt:[222/300]0m 0.003s: Train loss: 0.192350 acc: 0.922619 - Test loss: 0.228384 acc: 0.904762
2020-05-01 04:26:07,903:DEBUG:model_container_pt:[223/300]0m 0.006s: Train loss: 0.190944 acc: 0.916667 - Test loss: 0.230017 acc: 0.904762
2020-05-01 04:26:07,907:DEBUG:model_container_pt:[224/300]0m 0.003s: Train loss: 0.190024 acc: 0.916667 - Test loss: 0.233615 acc: 0.904762
2020-05-01 04:26:07,910:DEBUG:model_container_pt:[225/300]0m 0.003s: Train loss: 0.190371 acc: 0.922619 - Test loss: 0.238500 acc: 0.904762
2020-05-01 04:26:07,914:DEBUG:model_container_pt:[226/300]0m 0.003s: Train loss: 0.190444 acc: 0.922619 - Test loss: 0.238673 acc: 0.880952
2020-05-01 04:26:07,921:DEBUG:model_container_pt:[227/300]0m 0.007s: Train loss: 0.190167 acc: 0.922619 - Test loss: 0.238034 acc: 0.880952
2020-05-01 04:26:07,924:DEBUG:model_container_pt:[228/300]0m 0.003s: Train loss: 0.189058 acc: 0.922619 - Test loss: 0.236426 acc: 0.880952
2020-05-01 04:26:07,927:DEBUG:model_container_pt:[229/300]0m 0.003s: Train loss: 0.187697 acc: 0.922619 - Test loss: 0.232493 acc: 0.880952
2020-05-01 04:26:07,931:DEBUG:model_container_pt:[230/300]0m 0.003s: Train loss: 0.185570 acc: 0.922619 - Test loss: 0.228313 acc: 0.880952
2020-05-01 04:26:07,937:DEBUG:model_container_pt:[231/300]0m 0.006s: Train loss: 0.184256 acc: 0.916667 - Test loss: 0.223688 acc: 0.880952
2020-05-01 04:26:07,941:DEBUG:model_container_pt:[232/300]0m 0.003s: Train loss: 0.183972 acc: 0.922619 - Test loss: 0.220342 acc: 0.880952
2020-05-01 04:26:07,945:DEBUG:model_container_pt:[233/300]0m 0.004s: Train loss: 0.183204 acc: 0.922619 - Test loss: 0.219575 acc: 0.880952
2020-05-01 04:26:07,948:DEBUG:model_container_pt:[234/300]0m 0.003s: Train loss: 0.181767 acc: 0.922619 - Test loss: 0.219158 acc: 0.880952
2020-05-01 04:26:07,955:DEBUG:model_container_pt:[235/300]0m 0.006s: Train loss: 0.180907 acc: 0.922619 - Test loss: 0.218033 acc: 0.880952
2020-05-01 04:26:07,958:DEBUG:model_container_pt:[236/300]0m 0.003s: Train loss: 0.180120 acc: 0.922619 - Test loss: 0.216656 acc: 0.880952
2020-05-01 04:26:07,962:DEBUG:model_container_pt:[237/300]0m 0.003s: Train loss: 0.179637 acc: 0.928571 - Test loss: 0.215955 acc: 0.880952
2020-05-01 04:26:07,965:DEBUG:model_container_pt:[238/300]0m 0.003s: Train loss: 0.178856 acc: 0.928571 - Test loss: 0.217020 acc: 0.880952
2020-05-01 04:26:07,972:DEBUG:model_container_pt:[239/300]0m 0.007s: Train loss: 0.177712 acc: 0.928571 - Test loss: 0.220704 acc: 0.880952
2020-05-01 04:26:07,975:DEBUG:model_container_pt:[240/300]0m 0.003s: Train loss: 0.176877 acc: 0.922619 - Test loss: 0.226690 acc: 0.880952
2020-05-01 04:26:07,978:DEBUG:model_container_pt:[241/300]0m 0.003s: Train loss: 0.177362 acc: 0.922619 - Test loss: 0.229397 acc: 0.880952
2020-05-01 04:26:07,982:DEBUG:model_container_pt:[242/300]0m 0.003s: Train loss: 0.177010 acc: 0.928571 - Test loss: 0.226725 acc: 0.880952
2020-05-01 04:26:07,988:DEBUG:model_container_pt:[243/300]0m 0.006s: Train loss: 0.175528 acc: 0.922619 - Test loss: 0.220510 acc: 0.880952
2020-05-01 04:26:07,992:DEBUG:model_container_pt:[244/300]0m 0.004s: Train loss: 0.174080 acc: 0.922619 - Test loss: 0.214873 acc: 0.880952
2020-05-01 04:26:07,995:DEBUG:model_container_pt:[245/300]0m 0.003s: Train loss: 0.173535 acc: 0.928571 - Test loss: 0.211135 acc: 0.880952
2020-05-01 04:26:07,998:DEBUG:model_container_pt:[246/300]0m 0.003s: Train loss: 0.173522 acc: 0.928571 - Test loss: 0.208329 acc: 0.880952
2020-05-01 04:26:08,004:DEBUG:model_container_pt:[247/300]0m 0.006s: Train loss: 0.172828 acc: 0.940476 - Test loss: 0.205682 acc: 0.880952
2020-05-01 04:26:08,008:DEBUG:model_container_pt:[248/300]0m 0.003s: Train loss: 0.172848 acc: 0.940476 - Test loss: 0.206890 acc: 0.880952
2020-05-01 04:26:08,011:DEBUG:model_container_pt:[249/300]0m 0.003s: Train loss: 0.170605 acc: 0.940476 - Test loss: 0.213201 acc: 0.880952
2020-05-01 04:26:08,014:DEBUG:model_container_pt:[250/300]0m 0.003s: Train loss: 0.169462 acc: 0.940476 - Test loss: 0.218832 acc: 0.880952
2020-05-01 04:26:08,020:DEBUG:model_container_pt:[251/300]0m 0.006s: Train loss: 0.169115 acc: 0.940476 - Test loss: 0.222724 acc: 0.880952
2020-05-01 04:26:08,024:DEBUG:model_container_pt:[252/300]0m 0.003s: Train loss: 0.169155 acc: 0.934524 - Test loss: 0.225260 acc: 0.880952
2020-05-01 04:26:08,027:DEBUG:model_container_pt:[253/300]0m 0.003s: Train loss: 0.169346 acc: 0.928571 - Test loss: 0.225937 acc: 0.880952
2020-05-01 04:26:08,030:DEBUG:model_container_pt:[254/300]0m 0.003s: Train loss: 0.169000 acc: 0.934524 - Test loss: 0.222447 acc: 0.880952
2020-05-01 04:26:08,036:DEBUG:model_container_pt:[255/300]0m 0.006s: Train loss: 0.167184 acc: 0.940476 - Test loss: 0.215171 acc: 0.880952
2020-05-01 04:26:08,040:DEBUG:model_container_pt:[256/300]0m 0.004s: Train loss: 0.165515 acc: 0.946429 - Test loss: 0.207878 acc: 0.880952
2020-05-01 04:26:08,044:DEBUG:model_container_pt:[257/300]0m 0.003s: Train loss: 0.165794 acc: 0.940476 - Test loss: 0.202319 acc: 0.880952
2020-05-01 04:26:08,047:DEBUG:model_container_pt:[258/300]0m 0.003s: Train loss: 0.165623 acc: 0.940476 - Test loss: 0.200741 acc: 0.880952
2020-05-01 04:26:08,054:DEBUG:model_container_pt:[259/300]0m 0.007s: Train loss: 0.164560 acc: 0.940476 - Test loss: 0.202100 acc: 0.880952
2020-05-01 04:26:08,057:DEBUG:model_container_pt:[260/300]0m 0.003s: Train loss: 0.163891 acc: 0.946429 - Test loss: 0.204027 acc: 0.880952
2020-05-01 04:26:08,060:DEBUG:model_container_pt:[261/300]0m 0.003s: Train loss: 0.162264 acc: 0.946429 - Test loss: 0.204856 acc: 0.880952
2020-05-01 04:26:08,063:DEBUG:model_container_pt:[262/300]0m 0.003s: Train loss: 0.161738 acc: 0.946429 - Test loss: 0.204985 acc: 0.880952
2020-05-01 04:26:08,070:DEBUG:model_container_pt:[263/300]0m 0.006s: Train loss: 0.161118 acc: 0.946429 - Test loss: 0.205970 acc: 0.880952
2020-05-01 04:26:08,074:DEBUG:model_container_pt:[264/300]0m 0.004s: Train loss: 0.161320 acc: 0.946429 - Test loss: 0.206610 acc: 0.880952
2020-05-01 04:26:08,077:DEBUG:model_container_pt:[265/300]0m 0.003s: Train loss: 0.159934 acc: 0.946429 - Test loss: 0.204948 acc: 0.880952
2020-05-01 04:26:08,080:DEBUG:model_container_pt:[266/300]0m 0.003s: Train loss: 0.159120 acc: 0.946429 - Test loss: 0.205957 acc: 0.880952
2020-05-01 04:26:08,087:DEBUG:model_container_pt:[267/300]0m 0.006s: Train loss: 0.158653 acc: 0.946429 - Test loss: 0.207080 acc: 0.880952
2020-05-01 04:26:08,090:DEBUG:model_container_pt:[268/300]0m 0.003s: Train loss: 0.158273 acc: 0.958333 - Test loss: 0.208926 acc: 0.880952
2020-05-01 04:26:08,093:DEBUG:model_container_pt:[269/300]0m 0.003s: Train loss: 0.158377 acc: 0.952381 - Test loss: 0.210180 acc: 0.880952
2020-05-01 04:26:08,096:DEBUG:model_container_pt:[270/300]0m 0.003s: Train loss: 0.157384 acc: 0.952381 - Test loss: 0.207651 acc: 0.880952
2020-05-01 04:26:08,102:DEBUG:model_container_pt:[271/300]0m 0.005s: Train loss: 0.155782 acc: 0.952381 - Test loss: 0.203870 acc: 0.880952
2020-05-01 04:26:08,106:DEBUG:model_container_pt:[272/300]0m 0.004s: Train loss: 0.156525 acc: 0.946429 - Test loss: 0.200816 acc: 0.880952
2020-05-01 04:26:08,109:DEBUG:model_container_pt:[273/300]0m 0.003s: Train loss: 0.156475 acc: 0.946429 - Test loss: 0.201313 acc: 0.880952
2020-05-01 04:26:08,112:DEBUG:model_container_pt:[274/300]0m 0.003s: Train loss: 0.157153 acc: 0.940476 - Test loss: 0.202290 acc: 0.880952
2020-05-01 04:26:08,117:DEBUG:model_container_pt:[275/300]0m 0.005s: Train loss: 0.156285 acc: 0.946429 - Test loss: 0.205213 acc: 0.880952
2020-05-01 04:26:08,122:DEBUG:model_container_pt:[276/300]0m 0.005s: Train loss: 0.155195 acc: 0.946429 - Test loss: 0.209723 acc: 0.880952
2020-05-01 04:26:08,126:DEBUG:model_container_pt:[277/300]0m 0.003s: Train loss: 0.154149 acc: 0.952381 - Test loss: 0.212004 acc: 0.880952
2020-05-01 04:26:08,129:DEBUG:model_container_pt:[278/300]0m 0.003s: Train loss: 0.153170 acc: 0.958333 - Test loss: 0.212725 acc: 0.880952
2020-05-01 04:26:08,133:DEBUG:model_container_pt:[279/300]0m 0.004s: Train loss: 0.152843 acc: 0.958333 - Test loss: 0.211608 acc: 0.880952
2020-05-01 04:26:08,139:DEBUG:model_container_pt:[280/300]0m 0.005s: Train loss: 0.152319 acc: 0.958333 - Test loss: 0.208632 acc: 0.880952
2020-05-01 04:26:08,142:DEBUG:model_container_pt:[281/300]0m 0.003s: Train loss: 0.151203 acc: 0.958333 - Test loss: 0.207256 acc: 0.880952
2020-05-01 04:26:08,145:DEBUG:model_container_pt:[282/300]0m 0.003s: Train loss: 0.150742 acc: 0.958333 - Test loss: 0.206950 acc: 0.880952
2020-05-01 04:26:08,148:DEBUG:model_container_pt:[283/300]0m 0.003s: Train loss: 0.150713 acc: 0.958333 - Test loss: 0.206897 acc: 0.880952
2020-05-01 04:26:08,154:DEBUG:model_container_pt:[284/300]0m 0.006s: Train loss: 0.150355 acc: 0.958333 - Test loss: 0.206706 acc: 0.880952
2020-05-01 04:26:08,158:DEBUG:model_container_pt:[285/300]0m 0.003s: Train loss: 0.150111 acc: 0.958333 - Test loss: 0.205730 acc: 0.880952
2020-05-01 04:26:08,161:DEBUG:model_container_pt:[286/300]0m 0.003s: Train loss: 0.149151 acc: 0.958333 - Test loss: 0.207009 acc: 0.880952
2020-05-01 04:26:08,164:DEBUG:model_container_pt:[287/300]0m 0.003s: Train loss: 0.148390 acc: 0.958333 - Test loss: 0.210512 acc: 0.880952
2020-05-01 04:26:08,170:DEBUG:model_container_pt:[288/300]0m 0.006s: Train loss: 0.148671 acc: 0.958333 - Test loss: 0.213312 acc: 0.880952
2020-05-01 04:26:08,173:DEBUG:model_container_pt:[289/300]0m 0.003s: Train loss: 0.148759 acc: 0.952381 - Test loss: 0.212850 acc: 0.880952
2020-05-01 04:26:08,176:DEBUG:model_container_pt:[290/300]0m 0.003s: Train loss: 0.147845 acc: 0.958333 - Test loss: 0.208878 acc: 0.880952
2020-05-01 04:26:08,180:DEBUG:model_container_pt:[291/300]0m 0.003s: Train loss: 0.147275 acc: 0.952381 - Test loss: 0.203921 acc: 0.880952
2020-05-01 04:26:08,186:DEBUG:model_container_pt:[292/300]0m 0.006s: Train loss: 0.146248 acc: 0.952381 - Test loss: 0.201961 acc: 0.880952
2020-05-01 04:26:08,189:DEBUG:model_container_pt:[293/300]0m 0.003s: Train loss: 0.147322 acc: 0.940476 - Test loss: 0.203053 acc: 0.880952
2020-05-01 04:26:08,193:DEBUG:model_container_pt:[294/300]0m 0.003s: Train loss: 0.146156 acc: 0.940476 - Test loss: 0.207512 acc: 0.880952
2020-05-01 04:26:08,196:DEBUG:model_container_pt:[295/300]0m 0.003s: Train loss: 0.145934 acc: 0.952381 - Test loss: 0.211387 acc: 0.880952
2020-05-01 04:26:08,200:DEBUG:model_container_pt:[296/300]0m 0.004s: Train loss: 0.145632 acc: 0.958333 - Test loss: 0.213349 acc: 0.880952
2020-05-01 04:26:08,205:DEBUG:model_container_pt:[297/300]0m 0.005s: Train loss: 0.145005 acc: 0.958333 - Test loss: 0.217675 acc: 0.880952
2020-05-01 04:26:08,208:DEBUG:model_container_pt:[298/300]0m 0.003s: Train loss: 0.145800 acc: 0.952381 - Test loss: 0.220287 acc: 0.880952
2020-05-01 04:26:08,212:DEBUG:model_container_pt:[299/300]0m 0.003s: Train loss: 0.146645 acc: 0.952381 - Test loss: 0.220788 acc: 0.880952
2020-05-01 04:26:08,215:DEBUG:model_container_pt:[300/300]0m 0.003s: Train loss: 0.146196 acc: 0.952381 - Test loss: 0.218721 acc: 0.880952
2020-05-01 04:26:08,215:INFO:model_container_pt:Time to complete training: 0m 1.345s
2020-05-01 04:26:08,215:DEBUG:train:File name: IrisNN_WheatSeed_e300.pt
2020-05-01 04:26:08,216:INFO:model_container_pt:Saved model to save/IrisNN_WheatSeed_e300.pt
2020-05-01 04:26:08,216:DEBUG:train:Use saved parameters from IrisNN_WheatSeed_e300.pt
2020-05-01 04:26:08,217:INFO:model_container_pt:Loaded model from save/IrisNN_WheatSeed_e300.pt
2020-05-01 04:26:08,218:INFO:train:Accuracy on test set: 0.904762
