2020-05-01 04:25:05,772:INFO:train:Start at      : 20200501042505
2020-05-01 04:25:05,772:INFO:train:RECEIVED PARAMETERS:
2020-05-01 04:25:05,773:INFO:train:dataset       :HTRU2
2020-05-01 04:25:05,773:INFO:train:filename      :None
2020-05-01 04:25:05,773:INFO:train:max_epochs    :200
2020-05-01 04:25:05,773:INFO:train:batch_size    :128
2020-05-01 04:25:05,773:INFO:train:seed          :4096
2020-05-01 04:25:05,773:INFO:train:use_shuffle   :True
2020-05-01 04:25:05,773:INFO:train:use_normalize :True
2020-05-01 04:25:05,773:INFO:train:model_name    :None
2020-05-01 04:25:05,773:INFO:train:verbose       :True
2020-05-01 04:25:05,773:INFO:train:save_log      :True
2020-05-01 04:25:05,773:INFO:train:overwrite     :True
2020-05-01 04:25:05,773:DEBUG:utils:Setting random seed for PyTorch.
2020-05-01 04:25:05,796:DEBUG:utils:/home/lukec/workspace/aad/aad/../data
2020-05-01 04:25:05,796:DEBUG:data_container:Reading file /home/lukec/workspace/aad/aad/../data/HTRU2/HTRU_2.arff
2020-05-01 04:25:05,868:INFO:data_container:Train size: 14318 - Test size: 3580
2020-05-01 04:25:05,868:INFO:data_container:Successfully load data. Time to complete: 0m 0.071s
2020-05-01 04:25:05,868:INFO:train:Selected IrisNN model
2020-05-01 04:25:08,394:DEBUG:model_container_pt:Using device: cuda
2020-05-01 04:25:08,677:DEBUG:model_container_pt:[1/200]0m 0.283s: Train loss: 0.343054 acc: 0.879732 - Test loss: 0.270228 acc: 0.909218
2020-05-01 04:25:08,908:DEBUG:model_container_pt:[2/200]0m 0.230s: Train loss: 0.225738 acc: 0.908367 - Test loss: 0.171983 acc: 0.912011
2020-05-01 04:25:09,157:DEBUG:model_container_pt:[3/200]0m 0.249s: Train loss: 0.133600 acc: 0.954882 - Test loss: 0.108828 acc: 0.964525
2020-05-01 04:25:09,409:DEBUG:model_container_pt:[4/200]0m 0.251s: Train loss: 0.101105 acc: 0.968850 - Test loss: 0.095652 acc: 0.971508
2020-05-01 04:25:09,661:DEBUG:model_container_pt:[5/200]0m 0.252s: Train loss: 0.093253 acc: 0.971365 - Test loss: 0.091393 acc: 0.972905
2020-05-01 04:25:09,915:DEBUG:model_container_pt:[6/200]0m 0.254s: Train loss: 0.090176 acc: 0.972482 - Test loss: 0.089487 acc: 0.973184
2020-05-01 04:25:10,135:DEBUG:model_container_pt:[7/200]0m 0.219s: Train loss: 0.088324 acc: 0.973250 - Test loss: 0.089081 acc: 0.974022
2020-05-01 04:25:10,360:DEBUG:model_container_pt:[8/200]0m 0.225s: Train loss: 0.086960 acc: 0.973390 - Test loss: 0.089218 acc: 0.975419
2020-05-01 04:25:10,575:DEBUG:model_container_pt:[9/200]0m 0.215s: Train loss: 0.086584 acc: 0.974647 - Test loss: 0.086639 acc: 0.974581
2020-05-01 04:25:10,792:DEBUG:model_container_pt:[10/200]0m 0.216s: Train loss: 0.085466 acc: 0.974368 - Test loss: 0.086956 acc: 0.974302
2020-05-01 04:25:11,019:DEBUG:model_container_pt:[11/200]0m 0.227s: Train loss: 0.084616 acc: 0.974787 - Test loss: 0.085466 acc: 0.975419
2020-05-01 04:25:11,253:DEBUG:model_container_pt:[12/200]0m 0.234s: Train loss: 0.083881 acc: 0.974927 - Test loss: 0.084878 acc: 0.974302
2020-05-01 04:25:11,465:DEBUG:model_container_pt:[13/200]0m 0.212s: Train loss: 0.083098 acc: 0.975346 - Test loss: 0.084180 acc: 0.975698
2020-05-01 04:25:11,684:DEBUG:model_container_pt:[14/200]0m 0.219s: Train loss: 0.082674 acc: 0.975904 - Test loss: 0.083602 acc: 0.975698
2020-05-01 04:25:11,897:DEBUG:model_container_pt:[15/200]0m 0.213s: Train loss: 0.082892 acc: 0.975625 - Test loss: 0.083217 acc: 0.975698
2020-05-01 04:25:12,112:DEBUG:model_container_pt:[16/200]0m 0.214s: Train loss: 0.081890 acc: 0.975835 - Test loss: 0.084644 acc: 0.974022
2020-05-01 04:25:12,333:DEBUG:model_container_pt:[17/200]0m 0.222s: Train loss: 0.081851 acc: 0.976324 - Test loss: 0.083400 acc: 0.974581
2020-05-01 04:25:12,549:DEBUG:model_container_pt:[18/200]0m 0.216s: Train loss: 0.081075 acc: 0.975835 - Test loss: 0.082190 acc: 0.975978
2020-05-01 04:25:12,770:DEBUG:model_container_pt:[19/200]0m 0.220s: Train loss: 0.080568 acc: 0.976114 - Test loss: 0.081951 acc: 0.976257
2020-05-01 04:25:12,987:DEBUG:model_container_pt:[20/200]0m 0.216s: Train loss: 0.080098 acc: 0.976463 - Test loss: 0.081765 acc: 0.976816
2020-05-01 04:25:13,206:DEBUG:model_container_pt:[21/200]0m 0.219s: Train loss: 0.080597 acc: 0.976254 - Test loss: 0.081611 acc: 0.977095
2020-05-01 04:25:13,424:DEBUG:model_container_pt:[22/200]0m 0.218s: Train loss: 0.079930 acc: 0.976114 - Test loss: 0.081006 acc: 0.975978
2020-05-01 04:25:13,639:DEBUG:model_container_pt:[23/200]0m 0.215s: Train loss: 0.079620 acc: 0.976882 - Test loss: 0.081158 acc: 0.977374
2020-05-01 04:25:13,855:DEBUG:model_container_pt:[24/200]0m 0.216s: Train loss: 0.079499 acc: 0.976184 - Test loss: 0.080761 acc: 0.975140
2020-05-01 04:25:14,076:DEBUG:model_container_pt:[25/200]0m 0.221s: Train loss: 0.078964 acc: 0.976952 - Test loss: 0.080576 acc: 0.975419
2020-05-01 04:25:14,292:DEBUG:model_container_pt:[26/200]0m 0.216s: Train loss: 0.078730 acc: 0.976952 - Test loss: 0.080438 acc: 0.977095
2020-05-01 04:25:14,520:DEBUG:model_container_pt:[27/200]0m 0.228s: Train loss: 0.078232 acc: 0.977162 - Test loss: 0.079961 acc: 0.976536
2020-05-01 04:25:14,742:DEBUG:model_container_pt:[28/200]0m 0.221s: Train loss: 0.078264 acc: 0.977301 - Test loss: 0.080263 acc: 0.974860
2020-05-01 04:25:14,958:DEBUG:model_container_pt:[29/200]0m 0.216s: Train loss: 0.078111 acc: 0.976673 - Test loss: 0.079517 acc: 0.977374
2020-05-01 04:25:15,175:DEBUG:model_container_pt:[30/200]0m 0.217s: Train loss: 0.077655 acc: 0.977441 - Test loss: 0.079455 acc: 0.976257
2020-05-01 04:25:15,402:DEBUG:model_container_pt:[31/200]0m 0.227s: Train loss: 0.077830 acc: 0.977162 - Test loss: 0.080958 acc: 0.974860
2020-05-01 04:25:15,619:DEBUG:model_container_pt:[32/200]0m 0.217s: Train loss: 0.077650 acc: 0.976533 - Test loss: 0.080995 acc: 0.974581
2020-05-01 04:25:15,834:DEBUG:model_container_pt:[33/200]0m 0.214s: Train loss: 0.077065 acc: 0.977651 - Test loss: 0.078914 acc: 0.977654
2020-05-01 04:25:16,053:DEBUG:model_container_pt:[34/200]0m 0.219s: Train loss: 0.076844 acc: 0.977371 - Test loss: 0.079086 acc: 0.975698
2020-05-01 04:25:16,267:DEBUG:model_container_pt:[35/200]0m 0.214s: Train loss: 0.076692 acc: 0.977860 - Test loss: 0.079039 acc: 0.975698
2020-05-01 04:25:16,484:DEBUG:model_container_pt:[36/200]0m 0.216s: Train loss: 0.077030 acc: 0.977441 - Test loss: 0.078285 acc: 0.977933
2020-05-01 04:25:16,700:DEBUG:model_container_pt:[37/200]0m 0.216s: Train loss: 0.076300 acc: 0.977651 - Test loss: 0.079985 acc: 0.977095
2020-05-01 04:25:16,915:DEBUG:model_container_pt:[38/200]0m 0.215s: Train loss: 0.076694 acc: 0.977511 - Test loss: 0.077866 acc: 0.977654
2020-05-01 04:25:17,145:DEBUG:model_container_pt:[39/200]0m 0.229s: Train loss: 0.076171 acc: 0.977301 - Test loss: 0.079231 acc: 0.975140
2020-05-01 04:25:17,362:DEBUG:model_container_pt:[40/200]0m 0.217s: Train loss: 0.075918 acc: 0.977651 - Test loss: 0.077483 acc: 0.977654
2020-05-01 04:25:17,579:DEBUG:model_container_pt:[41/200]0m 0.217s: Train loss: 0.076173 acc: 0.977790 - Test loss: 0.079036 acc: 0.975419
2020-05-01 04:25:17,793:DEBUG:model_container_pt:[42/200]0m 0.214s: Train loss: 0.075512 acc: 0.977720 - Test loss: 0.077061 acc: 0.977654
2020-05-01 04:25:18,008:DEBUG:model_container_pt:[43/200]0m 0.215s: Train loss: 0.075767 acc: 0.978139 - Test loss: 0.076899 acc: 0.977654
2020-05-01 04:25:18,225:DEBUG:model_container_pt:[44/200]0m 0.217s: Train loss: 0.075192 acc: 0.978628 - Test loss: 0.077371 acc: 0.976257
2020-05-01 04:25:18,450:DEBUG:model_container_pt:[45/200]0m 0.225s: Train loss: 0.075121 acc: 0.977581 - Test loss: 0.076750 acc: 0.977654
2020-05-01 04:25:18,688:DEBUG:model_container_pt:[46/200]0m 0.238s: Train loss: 0.075196 acc: 0.978349 - Test loss: 0.076417 acc: 0.977654
2020-05-01 04:25:18,911:DEBUG:model_container_pt:[47/200]0m 0.224s: Train loss: 0.075181 acc: 0.978000 - Test loss: 0.076378 acc: 0.977095
2020-05-01 04:25:19,140:DEBUG:model_container_pt:[48/200]0m 0.228s: Train loss: 0.074527 acc: 0.977930 - Test loss: 0.076855 acc: 0.977933
2020-05-01 04:25:19,366:DEBUG:model_container_pt:[49/200]0m 0.226s: Train loss: 0.075044 acc: 0.978279 - Test loss: 0.075837 acc: 0.977654
2020-05-01 04:25:19,582:DEBUG:model_container_pt:[50/200]0m 0.216s: Train loss: 0.075195 acc: 0.978070 - Test loss: 0.077185 acc: 0.978771
2020-05-01 04:25:19,798:DEBUG:model_container_pt:[51/200]0m 0.215s: Train loss: 0.074663 acc: 0.978070 - Test loss: 0.075727 acc: 0.977654
2020-05-01 04:25:20,020:DEBUG:model_container_pt:[52/200]0m 0.222s: Train loss: 0.073874 acc: 0.978139 - Test loss: 0.076444 acc: 0.978492
2020-05-01 04:25:20,236:DEBUG:model_container_pt:[53/200]0m 0.216s: Train loss: 0.073736 acc: 0.978279 - Test loss: 0.075884 acc: 0.977933
2020-05-01 04:25:20,451:DEBUG:model_container_pt:[54/200]0m 0.215s: Train loss: 0.073974 acc: 0.978279 - Test loss: 0.075668 acc: 0.976536
2020-05-01 04:25:20,671:DEBUG:model_container_pt:[55/200]0m 0.220s: Train loss: 0.073789 acc: 0.978349 - Test loss: 0.075743 acc: 0.976257
2020-05-01 04:25:20,892:DEBUG:model_container_pt:[56/200]0m 0.221s: Train loss: 0.073575 acc: 0.978628 - Test loss: 0.075699 acc: 0.978492
2020-05-01 04:25:21,110:DEBUG:model_container_pt:[57/200]0m 0.217s: Train loss: 0.074451 acc: 0.978489 - Test loss: 0.075844 acc: 0.976816
2020-05-01 04:25:21,336:DEBUG:model_container_pt:[58/200]0m 0.226s: Train loss: 0.074254 acc: 0.978139 - Test loss: 0.074779 acc: 0.978212
2020-05-01 04:25:21,554:DEBUG:model_container_pt:[59/200]0m 0.218s: Train loss: 0.073741 acc: 0.978349 - Test loss: 0.074761 acc: 0.977654
2020-05-01 04:25:21,769:DEBUG:model_container_pt:[60/200]0m 0.215s: Train loss: 0.073409 acc: 0.978838 - Test loss: 0.074989 acc: 0.977095
2020-05-01 04:25:21,990:DEBUG:model_container_pt:[61/200]0m 0.221s: Train loss: 0.073081 acc: 0.979606 - Test loss: 0.078592 acc: 0.976536
2020-05-01 04:25:22,206:DEBUG:model_container_pt:[62/200]0m 0.215s: Train loss: 0.073194 acc: 0.978558 - Test loss: 0.074263 acc: 0.977374
2020-05-01 04:25:22,422:DEBUG:model_container_pt:[63/200]0m 0.216s: Train loss: 0.073211 acc: 0.978698 - Test loss: 0.073909 acc: 0.978212
2020-05-01 04:25:22,639:DEBUG:model_container_pt:[64/200]0m 0.216s: Train loss: 0.073009 acc: 0.978558 - Test loss: 0.073646 acc: 0.978212
2020-05-01 04:25:22,857:DEBUG:model_container_pt:[65/200]0m 0.218s: Train loss: 0.073198 acc: 0.978558 - Test loss: 0.075880 acc: 0.979330
2020-05-01 04:25:23,078:DEBUG:model_container_pt:[66/200]0m 0.221s: Train loss: 0.072731 acc: 0.978908 - Test loss: 0.074586 acc: 0.976816
2020-05-01 04:25:23,294:DEBUG:model_container_pt:[67/200]0m 0.215s: Train loss: 0.072558 acc: 0.978698 - Test loss: 0.073433 acc: 0.978212
2020-05-01 04:25:23,512:DEBUG:model_container_pt:[68/200]0m 0.218s: Train loss: 0.072469 acc: 0.979047 - Test loss: 0.073164 acc: 0.978212
2020-05-01 04:25:23,739:DEBUG:model_container_pt:[69/200]0m 0.227s: Train loss: 0.071744 acc: 0.979885 - Test loss: 0.074888 acc: 0.975978
2020-05-01 04:25:23,956:DEBUG:model_container_pt:[70/200]0m 0.217s: Train loss: 0.071899 acc: 0.979536 - Test loss: 0.073093 acc: 0.978492
2020-05-01 04:25:24,184:DEBUG:model_container_pt:[71/200]0m 0.227s: Train loss: 0.071641 acc: 0.978349 - Test loss: 0.073300 acc: 0.977933
2020-05-01 04:25:24,398:DEBUG:model_container_pt:[72/200]0m 0.214s: Train loss: 0.072003 acc: 0.978978 - Test loss: 0.073141 acc: 0.977933
2020-05-01 04:25:24,618:DEBUG:model_container_pt:[73/200]0m 0.220s: Train loss: 0.071607 acc: 0.978978 - Test loss: 0.073735 acc: 0.977654
2020-05-01 04:25:24,838:DEBUG:model_container_pt:[74/200]0m 0.220s: Train loss: 0.071552 acc: 0.979257 - Test loss: 0.072719 acc: 0.978492
2020-05-01 04:25:25,060:DEBUG:model_container_pt:[75/200]0m 0.222s: Train loss: 0.072514 acc: 0.979816 - Test loss: 0.073692 acc: 0.979888
2020-05-01 04:25:25,276:DEBUG:model_container_pt:[76/200]0m 0.216s: Train loss: 0.071720 acc: 0.979047 - Test loss: 0.074313 acc: 0.976816
2020-05-01 04:25:25,506:DEBUG:model_container_pt:[77/200]0m 0.229s: Train loss: 0.071752 acc: 0.979327 - Test loss: 0.076139 acc: 0.976536
2020-05-01 04:25:25,725:DEBUG:model_container_pt:[78/200]0m 0.219s: Train loss: 0.071860 acc: 0.978908 - Test loss: 0.073676 acc: 0.977654
2020-05-01 04:25:25,941:DEBUG:model_container_pt:[79/200]0m 0.216s: Train loss: 0.072990 acc: 0.978768 - Test loss: 0.072191 acc: 0.978771
2020-05-01 04:25:26,157:DEBUG:model_container_pt:[80/200]0m 0.216s: Train loss: 0.071221 acc: 0.979606 - Test loss: 0.072523 acc: 0.977654
2020-05-01 04:25:26,373:DEBUG:model_container_pt:[81/200]0m 0.216s: Train loss: 0.071249 acc: 0.978838 - Test loss: 0.075028 acc: 0.979888
2020-05-01 04:25:26,616:DEBUG:model_container_pt:[82/200]0m 0.243s: Train loss: 0.071647 acc: 0.979327 - Test loss: 0.072065 acc: 0.978771
2020-05-01 04:25:26,833:DEBUG:model_container_pt:[83/200]0m 0.216s: Train loss: 0.070816 acc: 0.979885 - Test loss: 0.072010 acc: 0.977933
2020-05-01 04:25:27,056:DEBUG:model_container_pt:[84/200]0m 0.223s: Train loss: 0.071462 acc: 0.979047 - Test loss: 0.073840 acc: 0.976816
2020-05-01 04:25:27,270:DEBUG:model_container_pt:[85/200]0m 0.214s: Train loss: 0.070802 acc: 0.979327 - Test loss: 0.071809 acc: 0.978492
2020-05-01 04:25:27,485:DEBUG:model_container_pt:[86/200]0m 0.215s: Train loss: 0.071158 acc: 0.979536 - Test loss: 0.072523 acc: 0.979888
2020-05-01 04:25:27,703:DEBUG:model_container_pt:[87/200]0m 0.217s: Train loss: 0.071532 acc: 0.979117 - Test loss: 0.072505 acc: 0.977095
2020-05-01 04:25:27,917:DEBUG:model_container_pt:[88/200]0m 0.214s: Train loss: 0.071105 acc: 0.979187 - Test loss: 0.071563 acc: 0.978492
2020-05-01 04:25:28,134:DEBUG:model_container_pt:[89/200]0m 0.217s: Train loss: 0.071098 acc: 0.979466 - Test loss: 0.071568 acc: 0.979050
2020-05-01 04:25:28,349:DEBUG:model_container_pt:[90/200]0m 0.215s: Train loss: 0.070830 acc: 0.979466 - Test loss: 0.071579 acc: 0.978771
2020-05-01 04:25:28,566:DEBUG:model_container_pt:[91/200]0m 0.217s: Train loss: 0.070661 acc: 0.979187 - Test loss: 0.072342 acc: 0.977654
2020-05-01 04:25:28,817:DEBUG:model_container_pt:[92/200]0m 0.251s: Train loss: 0.070443 acc: 0.978908 - Test loss: 0.073997 acc: 0.977654
2020-05-01 04:25:29,037:DEBUG:model_container_pt:[93/200]0m 0.220s: Train loss: 0.070819 acc: 0.979257 - Test loss: 0.071806 acc: 0.977654
2020-05-01 04:25:29,257:DEBUG:model_container_pt:[94/200]0m 0.220s: Train loss: 0.070980 acc: 0.978978 - Test loss: 0.072184 acc: 0.980168
2020-05-01 04:25:29,492:DEBUG:model_container_pt:[95/200]0m 0.235s: Train loss: 0.070883 acc: 0.979327 - Test loss: 0.071192 acc: 0.978771
2020-05-01 04:25:29,726:DEBUG:model_container_pt:[96/200]0m 0.234s: Train loss: 0.070562 acc: 0.979187 - Test loss: 0.071224 acc: 0.979050
2020-05-01 04:25:29,953:DEBUG:model_container_pt:[97/200]0m 0.228s: Train loss: 0.070611 acc: 0.979676 - Test loss: 0.071924 acc: 0.977933
2020-05-01 04:25:30,182:DEBUG:model_container_pt:[98/200]0m 0.228s: Train loss: 0.070876 acc: 0.979606 - Test loss: 0.071240 acc: 0.978492
2020-05-01 04:25:30,401:DEBUG:model_container_pt:[99/200]0m 0.219s: Train loss: 0.070693 acc: 0.979327 - Test loss: 0.071773 acc: 0.977654
2020-05-01 04:25:30,620:DEBUG:model_container_pt:[100/200]0m 0.219s: Train loss: 0.071275 acc: 0.980025 - Test loss: 0.074641 acc: 0.977654
2020-05-01 04:25:30,838:DEBUG:model_container_pt:[101/200]0m 0.217s: Train loss: 0.070245 acc: 0.979606 - Test loss: 0.072040 acc: 0.977374
2020-05-01 04:25:31,058:DEBUG:model_container_pt:[102/200]0m 0.220s: Train loss: 0.070907 acc: 0.979047 - Test loss: 0.070848 acc: 0.978771
2020-05-01 04:25:31,275:DEBUG:model_container_pt:[103/200]0m 0.217s: Train loss: 0.070345 acc: 0.979536 - Test loss: 0.072130 acc: 0.977374
2020-05-01 04:25:31,492:DEBUG:model_container_pt:[104/200]0m 0.217s: Train loss: 0.071213 acc: 0.979257 - Test loss: 0.070870 acc: 0.978771
2020-05-01 04:25:31,722:DEBUG:model_container_pt:[105/200]0m 0.230s: Train loss: 0.070036 acc: 0.980025 - Test loss: 0.072257 acc: 0.977095
2020-05-01 04:25:31,945:DEBUG:model_container_pt:[106/200]0m 0.223s: Train loss: 0.070414 acc: 0.979606 - Test loss: 0.072456 acc: 0.977374
2020-05-01 04:25:32,165:DEBUG:model_container_pt:[107/200]0m 0.220s: Train loss: 0.070104 acc: 0.978908 - Test loss: 0.070933 acc: 0.978212
2020-05-01 04:25:32,379:DEBUG:model_container_pt:[108/200]0m 0.214s: Train loss: 0.069609 acc: 0.979885 - Test loss: 0.070777 acc: 0.979888
2020-05-01 04:25:32,599:DEBUG:model_container_pt:[109/200]0m 0.220s: Train loss: 0.070925 acc: 0.979816 - Test loss: 0.076911 acc: 0.977095
2020-05-01 04:25:32,816:DEBUG:model_container_pt:[110/200]0m 0.217s: Train loss: 0.070981 acc: 0.979466 - Test loss: 0.070713 acc: 0.979050
2020-05-01 04:25:33,030:DEBUG:model_container_pt:[111/200]0m 0.214s: Train loss: 0.069720 acc: 0.979746 - Test loss: 0.076319 acc: 0.979888
2020-05-01 04:25:33,249:DEBUG:model_container_pt:[112/200]0m 0.220s: Train loss: 0.070418 acc: 0.979397 - Test loss: 0.071813 acc: 0.980447
2020-05-01 04:25:33,472:DEBUG:model_container_pt:[113/200]0m 0.222s: Train loss: 0.070183 acc: 0.979955 - Test loss: 0.070502 acc: 0.978771
2020-05-01 04:25:33,695:DEBUG:model_container_pt:[114/200]0m 0.224s: Train loss: 0.069669 acc: 0.979187 - Test loss: 0.071711 acc: 0.977374
2020-05-01 04:25:33,913:DEBUG:model_container_pt:[115/200]0m 0.218s: Train loss: 0.069648 acc: 0.979816 - Test loss: 0.070823 acc: 0.979888
2020-05-01 04:25:34,131:DEBUG:model_container_pt:[116/200]0m 0.218s: Train loss: 0.070387 acc: 0.979257 - Test loss: 0.075282 acc: 0.977095
2020-05-01 04:25:34,350:DEBUG:model_container_pt:[117/200]0m 0.218s: Train loss: 0.069747 acc: 0.979606 - Test loss: 0.071997 acc: 0.980447
2020-05-01 04:25:34,569:DEBUG:model_container_pt:[118/200]0m 0.218s: Train loss: 0.069739 acc: 0.979397 - Test loss: 0.074737 acc: 0.979888
2020-05-01 04:25:34,788:DEBUG:model_container_pt:[119/200]0m 0.219s: Train loss: 0.070074 acc: 0.979536 - Test loss: 0.070348 acc: 0.978771
2020-05-01 04:25:35,005:DEBUG:model_container_pt:[120/200]0m 0.217s: Train loss: 0.070223 acc: 0.979327 - Test loss: 0.071125 acc: 0.980168
2020-05-01 04:25:35,223:DEBUG:model_container_pt:[121/200]0m 0.218s: Train loss: 0.070090 acc: 0.979955 - Test loss: 0.070215 acc: 0.978771
2020-05-01 04:25:35,439:DEBUG:model_container_pt:[122/200]0m 0.216s: Train loss: 0.069697 acc: 0.979536 - Test loss: 0.070654 acc: 0.978212
2020-05-01 04:25:35,661:DEBUG:model_container_pt:[123/200]0m 0.221s: Train loss: 0.070313 acc: 0.979955 - Test loss: 0.072107 acc: 0.977374
2020-05-01 04:25:35,880:DEBUG:model_container_pt:[124/200]0m 0.219s: Train loss: 0.069772 acc: 0.979816 - Test loss: 0.070362 acc: 0.979888
2020-05-01 04:25:36,100:DEBUG:model_container_pt:[125/200]0m 0.220s: Train loss: 0.070644 acc: 0.979536 - Test loss: 0.071292 acc: 0.979888
2020-05-01 04:25:36,318:DEBUG:model_container_pt:[126/200]0m 0.218s: Train loss: 0.069572 acc: 0.979466 - Test loss: 0.069920 acc: 0.979330
2020-05-01 04:25:36,540:DEBUG:model_container_pt:[127/200]0m 0.221s: Train loss: 0.069931 acc: 0.979466 - Test loss: 0.070567 acc: 0.978492
2020-05-01 04:25:36,755:DEBUG:model_container_pt:[128/200]0m 0.216s: Train loss: 0.069747 acc: 0.979257 - Test loss: 0.070003 acc: 0.980168
2020-05-01 04:25:36,971:DEBUG:model_container_pt:[129/200]0m 0.216s: Train loss: 0.069476 acc: 0.979397 - Test loss: 0.070156 acc: 0.978771
2020-05-01 04:25:37,187:DEBUG:model_container_pt:[130/200]0m 0.216s: Train loss: 0.070833 acc: 0.979327 - Test loss: 0.070016 acc: 0.979330
2020-05-01 04:25:37,406:DEBUG:model_container_pt:[131/200]0m 0.219s: Train loss: 0.069338 acc: 0.979676 - Test loss: 0.070666 acc: 0.978212
2020-05-01 04:25:37,624:DEBUG:model_container_pt:[132/200]0m 0.218s: Train loss: 0.069840 acc: 0.979536 - Test loss: 0.069808 acc: 0.979888
2020-05-01 04:25:37,846:DEBUG:model_container_pt:[133/200]0m 0.223s: Train loss: 0.069978 acc: 0.979885 - Test loss: 0.070243 acc: 0.979888
2020-05-01 04:25:38,068:DEBUG:model_container_pt:[134/200]0m 0.221s: Train loss: 0.069909 acc: 0.979187 - Test loss: 0.069942 acc: 0.979609
2020-05-01 04:25:38,286:DEBUG:model_container_pt:[135/200]0m 0.218s: Train loss: 0.070421 acc: 0.979257 - Test loss: 0.070145 acc: 0.979050
2020-05-01 04:25:38,503:DEBUG:model_container_pt:[136/200]0m 0.217s: Train loss: 0.069839 acc: 0.979746 - Test loss: 0.072172 acc: 0.977374
2020-05-01 04:25:38,734:DEBUG:model_container_pt:[137/200]0m 0.231s: Train loss: 0.070081 acc: 0.979536 - Test loss: 0.071186 acc: 0.981006
2020-05-01 04:25:38,960:DEBUG:model_container_pt:[138/200]0m 0.226s: Train loss: 0.070451 acc: 0.979187 - Test loss: 0.073739 acc: 0.977933
2020-05-01 04:25:39,176:DEBUG:model_container_pt:[139/200]0m 0.216s: Train loss: 0.069861 acc: 0.979955 - Test loss: 0.072689 acc: 0.980447
2020-05-01 04:25:39,393:DEBUG:model_container_pt:[140/200]0m 0.216s: Train loss: 0.068722 acc: 0.979955 - Test loss: 0.069644 acc: 0.979330
2020-05-01 04:25:39,610:DEBUG:model_container_pt:[141/200]0m 0.217s: Train loss: 0.069656 acc: 0.979536 - Test loss: 0.071945 acc: 0.980726
2020-05-01 04:25:39,827:DEBUG:model_container_pt:[142/200]0m 0.217s: Train loss: 0.070173 acc: 0.979536 - Test loss: 0.069848 acc: 0.978771
2020-05-01 04:25:40,058:DEBUG:model_container_pt:[143/200]0m 0.231s: Train loss: 0.069782 acc: 0.980095 - Test loss: 0.069704 acc: 0.979050
2020-05-01 04:25:40,284:DEBUG:model_container_pt:[144/200]0m 0.226s: Train loss: 0.069061 acc: 0.980165 - Test loss: 0.071392 acc: 0.977654
2020-05-01 04:25:40,507:DEBUG:model_container_pt:[145/200]0m 0.223s: Train loss: 0.070129 acc: 0.979606 - Test loss: 0.072425 acc: 0.978212
2020-05-01 04:25:40,731:DEBUG:model_container_pt:[146/200]0m 0.224s: Train loss: 0.069823 acc: 0.979885 - Test loss: 0.077051 acc: 0.977654
2020-05-01 04:25:40,961:DEBUG:model_container_pt:[147/200]0m 0.229s: Train loss: 0.069511 acc: 0.980025 - Test loss: 0.069451 acc: 0.979888
2020-05-01 04:25:41,190:DEBUG:model_container_pt:[148/200]0m 0.229s: Train loss: 0.069708 acc: 0.979816 - Test loss: 0.072748 acc: 0.978212
2020-05-01 04:25:41,423:DEBUG:model_container_pt:[149/200]0m 0.233s: Train loss: 0.070262 acc: 0.979606 - Test loss: 0.079166 acc: 0.977654
2020-05-01 04:25:41,645:DEBUG:model_container_pt:[150/200]0m 0.222s: Train loss: 0.071197 acc: 0.979047 - Test loss: 0.071221 acc: 0.977933
2020-05-01 04:25:41,863:DEBUG:model_container_pt:[151/200]0m 0.218s: Train loss: 0.070172 acc: 0.979816 - Test loss: 0.074275 acc: 0.977654
2020-05-01 04:25:42,105:DEBUG:model_container_pt:[152/200]0m 0.242s: Train loss: 0.069912 acc: 0.979746 - Test loss: 0.069341 acc: 0.979330
2020-05-01 04:25:42,332:DEBUG:model_container_pt:[153/200]0m 0.227s: Train loss: 0.071006 acc: 0.979606 - Test loss: 0.070509 acc: 0.980726
2020-05-01 04:25:42,562:DEBUG:model_container_pt:[154/200]0m 0.230s: Train loss: 0.069520 acc: 0.979397 - Test loss: 0.069808 acc: 0.978771
2020-05-01 04:25:42,793:DEBUG:model_container_pt:[155/200]0m 0.231s: Train loss: 0.069784 acc: 0.979327 - Test loss: 0.072221 acc: 0.978212
2020-05-01 04:25:43,024:DEBUG:model_container_pt:[156/200]0m 0.231s: Train loss: 0.069287 acc: 0.979885 - Test loss: 0.069698 acc: 0.979609
2020-05-01 04:25:43,246:DEBUG:model_container_pt:[157/200]0m 0.222s: Train loss: 0.068943 acc: 0.980165 - Test loss: 0.069144 acc: 0.979330
2020-05-01 04:25:43,467:DEBUG:model_container_pt:[158/200]0m 0.221s: Train loss: 0.069043 acc: 0.979327 - Test loss: 0.070637 acc: 0.978492
2020-05-01 04:25:43,679:DEBUG:model_container_pt:[159/200]0m 0.212s: Train loss: 0.069839 acc: 0.979536 - Test loss: 0.071796 acc: 0.980726
2020-05-01 04:25:43,894:DEBUG:model_container_pt:[160/200]0m 0.215s: Train loss: 0.069405 acc: 0.979606 - Test loss: 0.069073 acc: 0.979888
2020-05-01 04:25:44,111:DEBUG:model_container_pt:[161/200]0m 0.216s: Train loss: 0.069195 acc: 0.980025 - Test loss: 0.069033 acc: 0.979609
2020-05-01 04:25:44,327:DEBUG:model_container_pt:[162/200]0m 0.216s: Train loss: 0.068927 acc: 0.979746 - Test loss: 0.069523 acc: 0.980168
2020-05-01 04:25:44,543:DEBUG:model_container_pt:[163/200]0m 0.216s: Train loss: 0.068749 acc: 0.979885 - Test loss: 0.069555 acc: 0.980447
2020-05-01 04:25:44,759:DEBUG:model_container_pt:[164/200]0m 0.216s: Train loss: 0.068884 acc: 0.979885 - Test loss: 0.069001 acc: 0.979888
2020-05-01 04:25:44,975:DEBUG:model_container_pt:[165/200]0m 0.216s: Train loss: 0.068818 acc: 0.979746 - Test loss: 0.071268 acc: 0.978212
2020-05-01 04:25:45,190:DEBUG:model_container_pt:[166/200]0m 0.215s: Train loss: 0.068917 acc: 0.979885 - Test loss: 0.069661 acc: 0.978771
2020-05-01 04:25:45,404:DEBUG:model_container_pt:[167/200]0m 0.214s: Train loss: 0.069442 acc: 0.979885 - Test loss: 0.069372 acc: 0.979050
2020-05-01 04:25:45,619:DEBUG:model_container_pt:[168/200]0m 0.215s: Train loss: 0.068572 acc: 0.979955 - Test loss: 0.070112 acc: 0.979050
2020-05-01 04:25:45,835:DEBUG:model_container_pt:[169/200]0m 0.215s: Train loss: 0.069469 acc: 0.980235 - Test loss: 0.070126 acc: 0.980447
2020-05-01 04:25:46,053:DEBUG:model_container_pt:[170/200]0m 0.219s: Train loss: 0.068821 acc: 0.980095 - Test loss: 0.071324 acc: 0.977654
2020-05-01 04:25:46,270:DEBUG:model_container_pt:[171/200]0m 0.216s: Train loss: 0.068323 acc: 0.979885 - Test loss: 0.071379 acc: 0.980726
2020-05-01 04:25:46,487:DEBUG:model_container_pt:[172/200]0m 0.217s: Train loss: 0.068835 acc: 0.980374 - Test loss: 0.068960 acc: 0.979888
2020-05-01 04:25:46,705:DEBUG:model_container_pt:[173/200]0m 0.218s: Train loss: 0.068379 acc: 0.979466 - Test loss: 0.069405 acc: 0.979050
2020-05-01 04:25:46,923:DEBUG:model_container_pt:[174/200]0m 0.218s: Train loss: 0.069683 acc: 0.979606 - Test loss: 0.071731 acc: 0.979888
2020-05-01 04:25:47,142:DEBUG:model_container_pt:[175/200]0m 0.219s: Train loss: 0.068280 acc: 0.979327 - Test loss: 0.068838 acc: 0.979888
2020-05-01 04:25:47,358:DEBUG:model_container_pt:[176/200]0m 0.216s: Train loss: 0.068408 acc: 0.979816 - Test loss: 0.069000 acc: 0.979050
2020-05-01 04:25:47,576:DEBUG:model_container_pt:[177/200]0m 0.218s: Train loss: 0.068727 acc: 0.979466 - Test loss: 0.069269 acc: 0.979050
2020-05-01 04:25:47,802:DEBUG:model_container_pt:[178/200]0m 0.226s: Train loss: 0.068774 acc: 0.980444 - Test loss: 0.069428 acc: 0.980726
2020-05-01 04:25:48,022:DEBUG:model_container_pt:[179/200]0m 0.220s: Train loss: 0.069026 acc: 0.980165 - Test loss: 0.069020 acc: 0.978771
2020-05-01 04:25:48,238:DEBUG:model_container_pt:[180/200]0m 0.216s: Train loss: 0.068359 acc: 0.980025 - Test loss: 0.069398 acc: 0.979050
2020-05-01 04:25:48,453:DEBUG:model_container_pt:[181/200]0m 0.215s: Train loss: 0.068035 acc: 0.980374 - Test loss: 0.070147 acc: 0.981564
2020-05-01 04:25:48,670:DEBUG:model_container_pt:[182/200]0m 0.217s: Train loss: 0.068166 acc: 0.979676 - Test loss: 0.068769 acc: 0.978771
2020-05-01 04:25:48,890:DEBUG:model_container_pt:[183/200]0m 0.220s: Train loss: 0.068094 acc: 0.979816 - Test loss: 0.074376 acc: 0.978212
2020-05-01 04:25:49,116:DEBUG:model_container_pt:[184/200]0m 0.225s: Train loss: 0.068379 acc: 0.980095 - Test loss: 0.068738 acc: 0.979050
2020-05-01 04:25:49,344:DEBUG:model_container_pt:[185/200]0m 0.228s: Train loss: 0.069365 acc: 0.979536 - Test loss: 0.068773 acc: 0.978771
2020-05-01 04:25:49,567:DEBUG:model_container_pt:[186/200]0m 0.223s: Train loss: 0.068356 acc: 0.979606 - Test loss: 0.068940 acc: 0.980447
2020-05-01 04:25:49,787:DEBUG:model_container_pt:[187/200]0m 0.220s: Train loss: 0.068391 acc: 0.980235 - Test loss: 0.070647 acc: 0.978492
2020-05-01 04:25:50,002:DEBUG:model_container_pt:[188/200]0m 0.215s: Train loss: 0.068380 acc: 0.979606 - Test loss: 0.068737 acc: 0.979888
2020-05-01 04:25:50,219:DEBUG:model_container_pt:[189/200]0m 0.216s: Train loss: 0.067767 acc: 0.980584 - Test loss: 0.072602 acc: 0.979888
2020-05-01 04:25:50,435:DEBUG:model_container_pt:[190/200]0m 0.216s: Train loss: 0.068593 acc: 0.979816 - Test loss: 0.068485 acc: 0.979888
2020-05-01 04:25:50,671:DEBUG:model_container_pt:[191/200]0m 0.235s: Train loss: 0.069922 acc: 0.979536 - Test loss: 0.068747 acc: 0.979050
2020-05-01 04:25:50,889:DEBUG:model_container_pt:[192/200]0m 0.219s: Train loss: 0.067976 acc: 0.980305 - Test loss: 0.070598 acc: 0.978771
2020-05-01 04:25:51,109:DEBUG:model_container_pt:[193/200]0m 0.219s: Train loss: 0.068494 acc: 0.980235 - Test loss: 0.073360 acc: 0.979888
2020-05-01 04:25:51,324:DEBUG:model_container_pt:[194/200]0m 0.215s: Train loss: 0.069401 acc: 0.980654 - Test loss: 0.071972 acc: 0.979609
2020-05-01 04:25:51,546:DEBUG:model_container_pt:[195/200]0m 0.222s: Train loss: 0.068818 acc: 0.979536 - Test loss: 0.068275 acc: 0.979888
2020-05-01 04:25:51,767:DEBUG:model_container_pt:[196/200]0m 0.221s: Train loss: 0.068884 acc: 0.979536 - Test loss: 0.069200 acc: 0.979330
2020-05-01 04:25:51,988:DEBUG:model_container_pt:[197/200]0m 0.221s: Train loss: 0.068490 acc: 0.980374 - Test loss: 0.069933 acc: 0.979050
2020-05-01 04:25:52,207:DEBUG:model_container_pt:[198/200]0m 0.219s: Train loss: 0.068895 acc: 0.979816 - Test loss: 0.070599 acc: 0.978771
2020-05-01 04:25:52,425:DEBUG:model_container_pt:[199/200]0m 0.218s: Train loss: 0.068886 acc: 0.980165 - Test loss: 0.068980 acc: 0.979330
2020-05-01 04:25:52,642:DEBUG:model_container_pt:[200/200]0m 0.218s: Train loss: 0.067996 acc: 0.980165 - Test loss: 0.068339 acc: 0.979609
2020-05-01 04:25:52,643:INFO:model_container_pt:Time to complete training: 0m 44.249s
2020-05-01 04:25:52,643:DEBUG:train:File name: IrisNN_HTRU2_e200.pt
2020-05-01 04:25:52,643:INFO:model_container_pt:Saved model to save/IrisNN_HTRU2_e200.pt
2020-05-01 04:25:52,643:DEBUG:train:Use saved parameters from IrisNN_HTRU2_e200.pt
2020-05-01 04:25:52,644:INFO:model_container_pt:Loaded model from save/IrisNN_HTRU2_e200.pt
2020-05-01 04:25:52,664:INFO:train:Accuracy on test set: 0.981564
